[ 2016-12-13T19:43:33+08:00 ] ::1 /0610/shop/index.php/Admin/Goods/showlist
ERR: Syntax Error in template "D:/SERVER/AppServ/www/0610/shop/Admin/View\Goods\showlist.html"  on line 61 "{æ§åˆ¶å™¨ç›¸åŒ}"  - Unexpected "æ"

[ 2016-12-13T19:43:53+08:00 ] ::1 /0610/shop/index.php/Admin/Goods/%7B%20$smarty.const.ADMIN_CSS_URL%20%7Dmine.css
ERR: éæ³•æ“ä½œ:{ $smarty.const.ADMIN_CSS_URL }mine.css

[ 2016-12-13T19:44:09+08:00 ] ::1 /0610/shop/index.php/Admin/Goods/%7B%20$smarty.const.ADMIN_CSS_URL%20%7Dmine.css
ERR: éæ³•æ“ä½œ:{ $smarty.const.ADMIN_CSS_URL }mine.css

[ 2016-12-13T19:44:21+08:00 ] ::1 /0610/shop/index.php/Admin/Goods/%7B%20$smarty.const.ADMIN_CSS_URL%20%7Dmine.css
ERR: éæ³•æ“ä½œ:{ $smarty.const.ADMIN_CSS_URL }mine.css

[ 2016-12-13T19:44:39+08:00 ] ::1 /0610/shop/index.php/Admin/Goods/%7B%20$smarty.const.__CONTROLLER__%20%7D/xiugai/goods_id/
ERR: éæ³•æ“ä½œ:{ $smarty.const.__CONTROLLER__ }

[ 2016-12-13T19:45:38+08:00 ] ::1 /0610/shop/index.php/Admin/Goods/%7B%20$smarty.const.ADMIN_CSS_URL%20%7Dmine.css
ERR: éæ³•æ“ä½œ:{ $smarty.const.ADMIN_CSS_URL }mine.css

[ 2016-12-13T19:45:39+08:00 ] ::1 /0610/shop/index.php/Admin/Goods/%7B%20$smarty.const.__CONTROLLER__%20%7D/xiugai/goods_id/
ERR: éæ³•æ“ä½œ:{ $smarty.const.__CONTROLLER__ }

[ 2016-12-13T19:45:42+08:00 ] ::1 /0610/shop/index.php/Admin/Goods/%7B%20$smarty.const.ADMIN_CSS_URL%20%7Dmine.css
ERR: éæ³•æ“ä½œ:{ $smarty.const.ADMIN_CSS_URL }mine.css

[ 2016-12-13T19:45:49+08:00 ] ::1 /0610/shop/index.php/Admin/Goods/%7B%20$smarty.const.ADMIN_CSS_URL%20%7Dmine.css
ERR: éæ³•æ“ä½œ:{ $smarty.const.ADMIN_CSS_URL }mine.css

[ 2016-12-13T19:45:50+08:00 ] ::1 /0610/shop/index.php/Admin/Goods/%7B%20$smarty.const.__CONTROLLER__%20%7D/xiugai/goods_id/
ERR: éæ³•æ“ä½œ:{ $smarty.const.__CONTROLLER__ }

[ 2016-12-13T19:46:45+08:00 ] ::1 /0610/shop/index.php/Admin/Goods/%7B%20$smarty.const.__CONTROLLER__%20%7D/xiugai/goods_id/
ERR: éæ³•æ“ä½œ:{ $smarty.const.__CONTROLLER__ }

[ 2016-12-13T19:46:46+08:00 ] ::1 /0610/shop/index.php/Admin/Goods/%7B%20$smarty.const.ADMIN_CSS_URL%20%7Dmine.css
ERR: éæ³•æ“ä½œ:{ $smarty.const.ADMIN_CSS_URL }mine.css

[ 2016-12-13T19:46:48+08:00 ] ::1 /0610/shop/index.php/Admin/Goods/%7B%20$smarty.const.__CONTROLLER__%20%7D/xiugai/goods_id/
ERR: éæ³•æ“ä½œ:{ $smarty.const.__CONTROLLER__ }

[ 2016-12-13T19:47:38+08:00 ] ::1 /0610/shop/index.php/Admin/Goods/%7B%20$smarty.const.ADMIN_CSS_URL%20%7Dmine.css
ERR: éæ³•æ“ä½œ:{ $smarty.const.ADMIN_CSS_URL }mine.css

[ 2016-12-13T19:47:39+08:00 ] ::1 /0610/shop/index.php/Admin/Goods/%7B%20$smarty.const.__CONTROLLER__%20%7D/xiugai/goods_id/
ERR: éæ³•æ“ä½œ:{ $smarty.const.__CONTROLLER__ }

[ 2016-12-13T19:48:18+08:00 ] ::1 /0610/shop/index.php/Admin/Goods/%7B%20$smarty.const.ADMIN_CSS_URL%20%7Dmine.css
ERR: éæ³•æ“ä½œ:{ $smarty.const.ADMIN_CSS_URL }mine.css

[ 2016-12-13T19:48:23+08:00 ] ::1 /0610/shop/index.php/Admin/Goods/%7B%20$smarty.const.ADMIN_CSS_URL%20%7Dmine.css
ERR: éæ³•æ“ä½œ:{ $smarty.const.ADMIN_CSS_URL }mine.css

[ 2016-12-13T19:48:28+08:00 ] ::1 /0610/shop/index.php/Admin/Goods/%7B%20$smarty.const.ADMIN_CSS_URL%20%7Dmine.css
ERR: éæ³•æ“ä½œ:{ $smarty.const.ADMIN_CSS_URL }mine.css

[ 2016-12-13T19:48:29+08:00 ] ::1 /0610/shop/index.php/Admin/Goods/%7B%20$smarty.const.ADMIN_CSS_URL%20%7Dmine.css
ERR: éæ³•æ“ä½œ:{ $smarty.const.ADMIN_CSS_URL }mine.css

[ 2016-12-13T19:48:56+08:00 ] ::1 /0610/shop/index.php/Admin/Goods/index
ERR: éæ³•æ“ä½œ:index

[ 2016-12-13T19:50:25+08:00 ] ::1 /0610/shop/index.php/Admin/Goods/%7B%20$smarty.const.ADMIN_CSS_URL%20%7Dmine.css
ERR: éæ³•æ“ä½œ:{ $smarty.const.ADMIN_CSS_URL }mine.css

[ 2016-12-13T19:50:27+08:00 ] ::1 /0610/shop/index.php/Admin/Goods/xiugai/goods_id/
ERR: å‚æ•°é”™è¯¯æˆ–è€…æœªå®šä¹‰:goods_id

[ 2016-12-13T19:50:46+08:00 ] ::1 /0610/shop/index.php/Admin/Goods/xiugai/goods_id/
ERR: å‚æ•°é”™è¯¯æˆ–è€…æœªå®šä¹‰:goods_id

[ 2016-12-13T19:50:49+08:00 ] ::1 /0610/shop/index.php/Admin/Goods/%7B%20$smarty.const.ADMIN_CSS_URL%20%7Dmine.css
ERR: éæ³•æ“ä½œ:{ $smarty.const.ADMIN_CSS_URL }mine.css

[ 2016-12-13T19:50:50+08:00 ] ::1 /0610/shop/index.php/Admin/Goods/xiugai/goods_id/
ERR: å‚æ•°é”™è¯¯æˆ–è€…æœªå®šä¹‰:goods_id

[ 2016-12-13T19:52:41+08:00 ] ::1 /0610/shop/index.php/Admin/Goods/xiugai/goods_id/
ERR: å‚æ•°é”™è¯¯æˆ–è€…æœªå®šä¹‰:goods_id

[ 2016-12-13T19:52:43+08:00 ] ::1 /0610/shop/index.php/Admin/Goods/%7B%20$smarty.const.ADMIN_CSS_URL%20%7Dmine.css
ERR: éæ³•æ“ä½œ:{ $smarty.const.ADMIN_CSS_URL }mine.css

[ 2016-12-13T19:52:44+08:00 ] ::1 /0610/shop/index.php/Admin/Goods/xiugai/goods_id/
ERR: å‚æ•°é”™è¯¯æˆ–è€…æœªå®šä¹‰:goods_id

[ 2016-12-13T19:53:00+08:00 ] ::1 /0610/shop/index.php/Admin/Goods/xiugai/goods_id/
ERR: å‚æ•°é”™è¯¯æˆ–è€…æœªå®šä¹‰:goods_id

[ 2016-12-13T19:54:27+08:00 ] ::1 /0610/shop/index.php/Admin/Goods/xiugai/goods_id/
ERR: å‚æ•°é”™è¯¯æˆ–è€…æœªå®šä¹‰:goods_id

[ 2016-12-13T19:54:28+08:00 ] ::1 /0610/shop/index.php/Admin/Goods/%7B%20$smarty.const.ADMIN_CSS_URL%20%7Dmine.css
ERR: éæ³•æ“ä½œ:{ $smarty.const.ADMIN_CSS_URL }mine.css

[ 2016-12-13T19:54:30+08:00 ] ::1 /0610/shop/index.php/Admin/Goods/xiugai/goods_id/
ERR: å‚æ•°é”™è¯¯æˆ–è€…æœªå®šä¹‰:goods_id

[ 2016-12-13T19:54:40+08:00 ] ::1 /0610/shop/index.php/Admin/Goods/xiugai/goods_id/
ERR: å‚æ•°é”™è¯¯æˆ–è€…æœªå®šä¹‰:goods_id

[ 2016-12-13T19:56:03+08:00 ] ::1 /0610/shop/index.php/Admin/Goods/%7B%20$smarty.const.ADMIN_CSS_URL%20%7Dmine.css
ERR: éæ³•æ“ä½œ:{ $smarty.const.ADMIN_CSS_URL }mine.css

[ 2016-12-13T19:56:07+08:00 ] ::1 /0610/shop/index.php/Admin/Goods/%7B%20$smarty.const.ADMIN_CSS_URL%20%7Dmine.css
ERR: éæ³•æ“ä½œ:{ $smarty.const.ADMIN_CSS_URL }mine.css

[ 2016-12-13T19:59:08+08:00 ] ::1 /0610/shop/index.php/Admin/Goods/%7B%20$smarty.const.ADMIN_CSS_URL%20%7Dmine.css
ERR: éæ³•æ“ä½œ:{ $smarty.const.ADMIN_CSS_URL }mine.css

[ 2016-12-13T19:59:10+08:00 ] ::1 /0610/shop/index.php/Admin/Goods/xiugai/goods_id/
ERR: å‚æ•°é”™è¯¯æˆ–è€…æœªå®šä¹‰:goods_id

[ 2016-12-13T19:59:15+08:00 ] ::1 /0610/shop/index.php/Admin/Goods/%7B%20$smarty.const.ADMIN_CSS_URL%20%7Dmine.css
ERR: éæ³•æ“ä½œ:{ $smarty.const.ADMIN_CSS_URL }mine.css

[ 2016-12-13T20:00:00+08:00 ] ::1 /0610/shop/index.php/Admin/Goods/xiugai/
ERR: å‚æ•°é”™è¯¯æˆ–è€…æœªå®šä¹‰:goods_id

[ 2016-12-13T20:04:55+08:00 ] ::1 /0610/shop/index.php/Admin/Goods/xiugai/
ERR: å‚æ•°é”™è¯¯æˆ–è€…æœªå®šä¹‰:goods_id

[ 2016-12-13T20:05:03+08:00 ] ::1 /0610/shop/index.php/Admin/Goods/xiugai/goods_id/
ERR: å‚æ•°é”™è¯¯æˆ–è€…æœªå®šä¹‰:goods_id

[ 2016-12-13T20:05:04+08:00 ] ::1 /0610/shop/index.php/Admin/Goods/%7B%20$smarty.const.ADMIN_CSS_URL%20%7Dmine.css
ERR: éæ³•æ“ä½œ:{ $smarty.const.ADMIN_CSS_URL }mine.css

[ 2016-12-13T20:05:06+08:00 ] ::1 /0610/shop/index.php/Admin/Goods/xiugai/goods_id/
ERR: å‚æ•°é”™è¯¯æˆ–è€…æœªå®šä¹‰:goods_id

[ 2016-12-13T20:05:40+08:00 ] ::1 /0610/shop/index.php/Admin/Goods/xiugai/goods_id/
ERR: å‚æ•°é”™è¯¯æˆ–è€…æœªå®šä¹‰:goods_id

[ 2016-12-13T20:05:44+08:00 ] ::1 /0610/shop/index.php/Admin/Goods/%7B%20$smarty.const.ADMIN_CSS_URL%20%7Dmine.css
ERR: éæ³•æ“ä½œ:{ $smarty.const.ADMIN_CSS_URL }mine.css

[ 2016-12-13T20:05:45+08:00 ] ::1 /0610/shop/index.php/Admin/Goods/xiugai/goods_id/
ERR: å‚æ•°é”™è¯¯æˆ–è€…æœªå®šä¹‰:goods_id

[ 2016-12-13T20:05:49+08:00 ] ::1 /0610/shop/index.php/Admin/Goods/%7B%20$smarty.const.ADMIN_CSS_URL%20%7Dmine.css
ERR: éæ³•æ“ä½œ:{ $smarty.const.ADMIN_CSS_URL }mine.css

[ 2016-12-13T20:05:54+08:00 ] ::1 /0610/shop/index.php/Admin/Goods/%7B%20$smarty.const.ADMIN_CSS_URL%20%7Dmine.css
ERR: éæ³•æ“ä½œ:{ $smarty.const.ADMIN_CSS_URL }mine.css

[ 2016-12-13T20:05:55+08:00 ] ::1 /0610/shop/index.php/Admin/Goods/xiugai/goods_id/
ERR: å‚æ•°é”™è¯¯æˆ–è€…æœªå®šä¹‰:goods_id

[ 2016-12-13T20:11:42+08:00 ] ::1 /0610/shop/index.php/Admin/Goods/xiugai/goods_id/
ERR: å‚æ•°é”™è¯¯æˆ–è€…æœªå®šä¹‰:goods_id

[ 2016-12-13T20:11:47+08:00 ] ::1 /0610/shop/index.php/Admin/Goods/xiugai/goods_id/
ERR: å‚æ•°é”™è¯¯æˆ–è€…æœªå®šä¹‰:goods_id

[ 2016-12-13T20:14:31+08:00 ] ::1 /0610/shop/index.php/Admin/Goods/xiugai/goods_id/
ERR: å‚æ•°é”™è¯¯æˆ–è€…æœªå®šä¹‰:goods_id

[ 2016-12-13T20:14:35+08:00 ] ::1 /0610/shop/index.php/Admin/Goods/%7B%20$smarty.const.ADMIN_CSS_URL%20%7Dmine.css
ERR: éæ³•æ“ä½œ:{ $smarty.const.ADMIN_CSS_URL }mine.css

[ 2016-12-13T20:14:36+08:00 ] ::1 /0610/shop/index.php/Admin/Goods/xiugai/goods_id/
ERR: å‚æ•°é”™è¯¯æˆ–è€…æœªå®šä¹‰:goods_id

[ 2016-12-13T20:17:08+08:00 ] ::1 /0610/shop/index.php/Admin/Goods/%7B%20$smarty.const.ADMIN_CSS_URL%20%7Dmine.css
ERR: éæ³•æ“ä½œ:{ $smarty.const.ADMIN_CSS_URL }mine.css

[ 2016-12-13T20:17:10+08:00 ] ::1 /0610/shop/index.php/Admin/Goods/%7B%20$smarty.const.ADMIN_CSS_URL%20%7Dmine.css
ERR: éæ³•æ“ä½œ:{ $smarty.const.ADMIN_CSS_URL }mine.css

[ 2016-12-13T20:24:41+08:00 ] ::1 /0610/shop/index.php/Admin/Goods/%7B%20$smarty.const.ADMIN_CSS_URL%20%7Dmine.css
ERR: éæ³•æ“ä½œ:{ $smarty.const.ADMIN_CSS_URL }mine.css

[ 2016-12-13T20:24:43+08:00 ] ::1 /0610/shop/index.php/Admin/Goods/xiugai/goods_id/
ERR: å‚æ•°é”™è¯¯æˆ–è€…æœªå®šä¹‰:goods_id

