[ 2016-12-18T09:39:09+08:00 ] ::1 /0610/shop/index.php/Admin/Goods/%7B%20$smarty.const.ADMIN_CSS_URL%20%7Dmine.css
ERR: 非法操作:{ $smarty.const.ADMIN_CSS_URL }mine.css

[ 2016-12-18T09:41:05+08:00 ] ::1 /0610/shop/index.php/Admin/Goods/%7B%20$smarty.const.ADMIN_CSS_URL%20%7Dmine.css
ERR: 非法操作:{ $smarty.const.ADMIN_CSS_URL }mine.css

[ 2016-12-18T09:41:07+08:00 ] ::1 /0610/shop/index.php/Admin/Manager/verify
ERR: 非法操作:verify

[ 2016-12-18T09:41:08+08:00 ] ::1 /0610/shop/index.php/Admin/Manager/verify
ERR: 非法操作:verify

[ 2016-12-18T09:42:25+08:00 ] ::1 /0610/shop/index.php/Admin/Manager/verify
ERR: 非法操作:verify

[ 2016-12-18T09:43:19+08:00 ] ::1 /0610/shop/index.php/Admin/Manager/verify
ERR: 非法操作:verify

[ 2016-12-18T09:45:18+08:00 ] ::1 /0610/shop/index.php/Admin/Manager/verify
ERR: 非法操作:verify

[ 2016-12-18T09:53:57+08:00 ] ::1 /0610/shop/index.php/Admin/Manager/%3C?php%20echo%20ADMIN_CSS_URL;?%3EUser_Login.css
ERR: 非法操作:

[ 2016-12-18T09:53:57+08:00 ] ::1 /0610/shop/index.php/Admin/Manager/__CONTROLLER__/verifyImg
ERR: 非法操作:__CONTROLLER__

[ 2016-12-18T09:54:03+08:00 ] ::1 /0610/shop/index.php/Admin/Manager/__CONTROLLER__/verifyImg/0.765905466943622
ERR: 非法操作:__CONTROLLER__

[ 2016-12-18T09:54:03+08:00 ] ::1 /0610/shop/index.php/Admin/Manager/__CONTROLLER__/verifyImg/0.48249486986197576
ERR: 非法操作:__CONTROLLER__

[ 2016-12-18T09:54:03+08:00 ] ::1 /0610/shop/index.php/Admin/Manager/__CONTROLLER__/verifyImg/0.9065998571111606
ERR: 非法操作:__CONTROLLER__

[ 2016-12-18T09:54:03+08:00 ] ::1 /0610/shop/index.php/Admin/Manager/__CONTROLLER__/verifyImg/0.22114656325502424
ERR: 非法操作:__CONTROLLER__

[ 2016-12-18T09:54:03+08:00 ] ::1 /0610/shop/index.php/Admin/Manager/__CONTROLLER__/verifyImg/0.8588970238580373
ERR: 非法操作:__CONTROLLER__

[ 2016-12-18T09:54:04+08:00 ] ::1 /0610/shop/index.php/Admin/Manager/__CONTROLLER__/verifyImg/0.5789987227876965
ERR: 非法操作:__CONTROLLER__

[ 2016-12-18T09:54:04+08:00 ] ::1 /0610/shop/index.php/Admin/Manager/__CONTROLLER__/verifyImg/0.19914418551049207
ERR: 非法操作:__CONTROLLER__

[ 2016-12-18T09:54:05+08:00 ] ::1 /0610/shop/index.php/Admin/Manager/%3C?php%20echo%20ADMIN_CSS_URL;?%3EUser_Login.css
ERR: 非法操作:

[ 2016-12-18T09:54:05+08:00 ] ::1 /0610/shop/index.php/Admin/Manager/__CONTROLLER__/verifyImg
ERR: 非法操作:__CONTROLLER__

[ 2016-12-18T09:56:02+08:00 ] ::1 /0610/shop/index.php/Admin/Manager/verify
ERR: 非法操作:verify

[ 2016-12-18T10:04:58+08:00 ] ::1 /0610/shop/index.php/Admin/Manager/verify
ERR: 非法操作:verify

[ 2016-12-18T10:05:00+08:00 ] ::1 /0610/shop/index.php/Admin/Manager/verify
ERR: 非法操作:verify

[ 2016-12-18T11:31:29+08:00 ] ::1 /0610/shop/index.php/Admin/Manager/%3C?php%20echo%20ADMIN_CSS_URL;?%3EUser_Login.css
ERR: 非法操作:

[ 2016-12-18T11:31:29+08:00 ] ::1 /0610/shop/index.php/Admin/Manager/__CONTROLLER__/verifyImg
ERR: 非法操作:__CONTROLLER__

[ 2016-12-18T11:39:54+08:00 ] ::1 /0610/shop/index.php/Admin/Manager/%7B%20$smarty.const.ADMIN_CSS_URL%20%7DUser_Login.css
ERR: 非法操作:{ $smarty.const.ADMIN_CSS_URL }User_Login.css

[ 2016-12-18T11:39:54+08:00 ] ::1 /0610/shop/index.php/Admin/Manager/__CONTROLLER__/verifyImg
ERR: 非法操作:__CONTROLLER__

[ 2016-12-18T11:39:57+08:00 ] ::1 /0610/shop/index.php/Admin/Manager/__CONTROLLER__/verifyImg
ERR: 非法操作:__CONTROLLER__

[ 2016-12-18T11:39:57+08:00 ] ::1 /0610/shop/index.php/Admin/Manager/%7B%20$smarty.const.ADMIN_CSS_URL%20%7DUser_Login.css
ERR: 非法操作:{ $smarty.const.ADMIN_CSS_URL }User_Login.css

[ 2016-12-18T11:48:42+08:00 ] ::1 /0610/shop/index.php/Admin/Manager/%7B%20$smarty.const.ADMIN_CSS_URL%20%7DUser_Login.css
ERR: 非法操作:{ $smarty.const.ADMIN_CSS_URL }User_Login.css

[ 2016-12-18T11:48:42+08:00 ] ::1 /0610/shop/index.php/Admin/Manager/__CONTROLLER__/verifyImg
ERR: 非法操作:__CONTROLLER__

[ 2016-12-18T11:51:34+08:00 ] ::1 /0610/shop/index.php/Admin/Manager/%7B%20$smarty.const.ADMIN_CSS_URL%20%7DUser_Login.css
ERR: 非法操作:{ $smarty.const.ADMIN_CSS_URL }User_Login.css

[ 2016-12-18T11:51:34+08:00 ] ::1 /0610/shop/index.php/Admin/Manager/__CONTROLLER__/verifyImg
ERR: 非法操作:__CONTROLLER__

[ 2016-12-18T11:57:47+08:00 ] ::1 /0610/shop/index.php/Admin/index/%7B%20$smarty.const.ADMIN_CSS_URL%20%7Dadmin.css
ERR: 非法操作:{ $smarty.const.ADMIN_CSS_URL }admin.css

[ 2016-12-18T11:58:06+08:00 ] ::1 /0610/shop/index.php/Admin/index/%7B%20$smarty.const.ADMIN_CSS_URL%20%7Dadmin.css
ERR: 非法操作:{ $smarty.const.ADMIN_CSS_URL }admin.css

[ 2016-12-18T11:58:06+08:00 ] ::1 /0610/shop/index.php/Admin/index/%7B
ERR: 非法操作:{

[ 2016-12-18T11:59:19+08:00 ] ::1 /0610/shop/index.php/Admin/Index/%7B%20$smarty.const.ADMIN_CSS_URL%20%7Dadmin.css
ERR: 非法操作:{ $smarty.const.ADMIN_CSS_URL }admin.css

[ 2016-12-18T11:59:19+08:00 ] ::1 /0610/shop/index.php/Admin/Index/%7B%20$smarty.const.ADMIN_CSS_URL%20%7Dadmin.css
ERR: 非法操作:{ $smarty.const.ADMIN_CSS_URL }admin.css

[ 2016-12-18T11:59:19+08:00 ] ::1 /0610/shop/index.php/Admin/Index/%7B
ERR: 非法操作:{

[ 2016-12-18T12:15:58+08:00 ] ::1 /0610/shop/index.php/Admin/Manager/%7B%20$smarty.const.ADMIN_CSS_URL%20%7DUser_Login.css
ERR: 非法操作:{ $smarty.const.ADMIN_CSS_URL }User_Login.css

[ 2016-12-18T12:15:58+08:00 ] ::1 /0610/shop/index.php/Admin/Manager/__CONTROLLER__/verifyImg
ERR: 非法操作:__CONTROLLER__

[ 2016-12-18T12:25:06+08:00 ] ::1 /0610/shop/index.php/Admin/Index/%7B%20$smarty.const.ADMIN_CSS_URL%20%7Dadmin.css
ERR: 非法操作:{ $smarty.const.ADMIN_CSS_URL }admin.css

[ 2016-12-18T12:25:07+08:00 ] ::1 /0610/shop/index.php/Admin/Index/%7B%20$smarty.const.ADMIN_CSS_URL%20%7Dadmin.css
ERR: 非法操作:{ $smarty.const.ADMIN_CSS_URL }admin.css

[ 2016-12-18T12:25:07+08:00 ] ::1 /0610/shop/index.php/Admin/Index/%7B
ERR: 非法操作:{

[ 2016-12-18T12:26:55+08:00 ] ::1 /0610/shop/index.php/Admin/Index/%7B%20$smarty.const.ADMIN_CSS_URL%20%7Dadmin.css
ERR: _ERROR_ACTION_:{ $smarty.const.ADMIN_CSS_URL }admin.css

[ 2016-12-18T12:26:55+08:00 ] ::1 /0610/shop/index.php/Admin/Index/%7B%20$smarty.const.ADMIN_CSS_URL%20%7Dadmin.css
ERR: _ERROR_ACTION_:{ $smarty.const.ADMIN_CSS_URL }admin.css

[ 2016-12-18T12:26:55+08:00 ] ::1 /0610/shop/index.php/Admin/Index/%7B
ERR: _ERROR_ACTION_:{

[ 2016-12-18T12:27:17+08:00 ] ::1 /0610/shop/index.php/Admin/index/%7B%20$smarty.const.ADMIN_CSS_URL%20%7Dadmin.css
ERR: _ERROR_ACTION_:{ $smarty.const.ADMIN_CSS_URL }admin.css

[ 2016-12-18T12:51:37+08:00 ] ::1 /0610/shop/index.php/Admin/Index/%7B%20$smarty.const.ADMIN_CSS_URL%20%7Dadmin.css
ERR: _ERROR_ACTION_:{ $smarty.const.ADMIN_CSS_URL }admin.css

[ 2016-12-18T12:51:37+08:00 ] ::1 /0610/shop/index.php/Admin/Index/%7B
ERR: _ERROR_ACTION_:{

[ 2016-12-18T13:08:03+08:00 ] ::1 /0610/shop/index.php/Admin/Manager/%7B%20$smarty.const.ADMIN_CSS_URL%20%7DUser_Login.css
ERR: _ERROR_ACTION_:{ $smarty.const.ADMIN_CSS_URL }User_Login.css

[ 2016-12-18T13:08:03+08:00 ] ::1 /0610/shop/index.php/Admin/Manager/__CONTROLLER__/verifyImg
ERR: _ERROR_ACTION_:__CONTROLLER__

