[ 2016-12-11T09:44:55+08:00 ] ::1 /0610/shop/index.php/Admin/Manager/login
INFO: [ app_init ] --START--
INFO: Run Behavior\BuildLiteBehavior [ RunTime:0.000000s ]
INFO: [ app_init ] --END-- [ RunTime:0.001000s ]
INFO: [ app_begin ] --START--
INFO: Run Behavior\ReadHtmlCacheBehavior [ RunTime:0.001001s ]
INFO: [ app_begin ] --END-- [ RunTime:0.001001s ]
INFO: [ view_parse ] --START--
INFO: [ template_filter ] --START--
INFO: Run Behavior\ContentReplaceBehavior [ RunTime:0.001000s ]
INFO: [ template_filter ] --END-- [ RunTime:0.001000s ]
INFO: Run Behavior\ParseTemplateBehavior [ RunTime:0.010000s ]
INFO: [ view_parse ] --END-- [ RunTime:0.010000s ]
INFO: [ view_filter ] --START--
INFO: Run Behavior\WriteHtmlCacheBehavior [ RunTime:0.001000s ]
INFO: [ view_filter ] --END-- [ RunTime:0.001000s ]
INFO: [ app_end ] --START--
INFO: Run Behavior\ShowPageTraceBehavior [ RunTime:0.001000s ]
INFO: [ app_end ] --END-- [ RunTime:0.001000s ]

[ 2016-12-11T09:44:56+08:00 ] ::1 /0610/shop/index.php/Admin/Manager/verifyImg
INFO: [ app_init ] --START--
INFO: Run Behavior\BuildLiteBehavior [ RunTime:0.000000s ]
INFO: [ app_init ] --END-- [ RunTime:0.001000s ]
INFO: [ app_begin ] --START--
INFO: Run Behavior\ReadHtmlCacheBehavior [ RunTime:0.001000s ]
INFO: [ app_begin ] --END-- [ RunTime:0.001000s ]
ERR: 非法操作:verifyImg

[ 2016-12-11T09:45:07+08:00 ] ::1 /0610/shop/index.php/Admin/Manager/login
INFO: [ app_init ] --START--
INFO: Run Behavior\BuildLiteBehavior [ RunTime:0.000000s ]
INFO: [ app_init ] --END-- [ RunTime:0.001000s ]
INFO: [ app_begin ] --START--
INFO: Run Behavior\ReadHtmlCacheBehavior [ RunTime:0.001000s ]
INFO: [ app_begin ] --END-- [ RunTime:0.001000s ]
INFO: [ view_parse ] --START--
INFO: [ template_filter ] --START--
INFO: Run Behavior\ContentReplaceBehavior [ RunTime:0.000000s ]
INFO: [ template_filter ] --END-- [ RunTime:0.000000s ]
INFO: Run Behavior\ParseTemplateBehavior [ RunTime:0.010001s ]
INFO: [ view_parse ] --END-- [ RunTime:0.010001s ]
INFO: [ view_filter ] --START--
INFO: Run Behavior\WriteHtmlCacheBehavior [ RunTime:0.001000s ]
INFO: [ view_filter ] --END-- [ RunTime:0.001000s ]
INFO: [ app_end ] --START--
INFO: Run Behavior\ShowPageTraceBehavior [ RunTime:0.001000s ]
INFO: [ app_end ] --END-- [ RunTime:0.001000s ]

[ 2016-12-11T09:45:07+08:00 ] ::1 /0610/shop/index.php/Admin/Manager/verifyImg
INFO: [ app_init ] --START--
INFO: Run Behavior\BuildLiteBehavior [ RunTime:0.000000s ]
INFO: [ app_init ] --END-- [ RunTime:0.001000s ]
INFO: [ app_begin ] --START--
INFO: Run Behavior\ReadHtmlCacheBehavior [ RunTime:0.000000s ]
INFO: [ app_begin ] --END-- [ RunTime:0.000000s ]
ERR: 非法操作:verifyImg

[ 2016-12-11T09:45:38+08:00 ] ::1 /0610/shop/index.php/Admin/Manager/index
INFO: [ app_init ] --START--
INFO: Run Behavior\BuildLiteBehavior [ RunTime:0.000000s ]
INFO: [ app_init ] --END-- [ RunTime:0.000000s ]
INFO: [ app_begin ] --START--
INFO: Run Behavior\ReadHtmlCacheBehavior [ RunTime:0.000000s ]
INFO: [ app_begin ] --END-- [ RunTime:0.000000s ]
ERR: 非法操作:index

[ 2016-12-11T09:47:31+08:00 ] ::1 /0610/shop/index.php/Admin/Manager/goodscontrol
INFO: [ app_init ] --START--
INFO: Run Behavior\BuildLiteBehavior [ RunTime:0.000000s ]
INFO: [ app_init ] --END-- [ RunTime:0.000000s ]
INFO: [ app_begin ] --START--
INFO: Run Behavior\ReadHtmlCacheBehavior [ RunTime:0.016600s ]
INFO: [ app_begin ] --END-- [ RunTime:0.016600s ]
ERR: 非法操作:goodscontrol

[ 2016-12-11T09:47:37+08:00 ] ::1 /0610/shop/index.php/Admin/Manager/index
INFO: [ app_init ] --START--
INFO: Run Behavior\BuildLiteBehavior [ RunTime:0.000000s ]
INFO: [ app_init ] --END-- [ RunTime:0.000000s ]
INFO: [ app_begin ] --START--
INFO: Run Behavior\ReadHtmlCacheBehavior [ RunTime:0.000000s ]
INFO: [ app_begin ] --END-- [ RunTime:0.000000s ]
ERR: 非法操作:index

[ 2016-12-11T09:49:44+08:00 ] ::1 /0610/shop/index.php/Admin/Manager/login
INFO: [ app_init ] --START--
INFO: Run Behavior\BuildLiteBehavior [ RunTime:0.000000s ]
INFO: [ app_init ] --END-- [ RunTime:0.001000s ]
INFO: [ app_begin ] --START--
INFO: Run Behavior\ReadHtmlCacheBehavior [ RunTime:0.001000s ]
INFO: [ app_begin ] --END-- [ RunTime:0.001000s ]
INFO: [ view_parse ] --START--
INFO: [ template_filter ] --START--
INFO: Run Behavior\ContentReplaceBehavior [ RunTime:0.000000s ]
INFO: [ template_filter ] --END-- [ RunTime:0.000000s ]
INFO: Run Behavior\ParseTemplateBehavior [ RunTime:0.010001s ]
INFO: [ view_parse ] --END-- [ RunTime:0.010001s ]
INFO: [ view_filter ] --START--
INFO: Run Behavior\WriteHtmlCacheBehavior [ RunTime:0.002000s ]
INFO: [ view_filter ] --END-- [ RunTime:0.002000s ]
INFO: [ app_end ] --START--
INFO: Run Behavior\ShowPageTraceBehavior [ RunTime:0.001000s ]
INFO: [ app_end ] --END-- [ RunTime:0.002000s ]

[ 2016-12-11T09:49:44+08:00 ] ::1 /0610/shop/index.php/Admin/Manager/verifyImg
INFO: [ app_init ] --START--
INFO: Run Behavior\BuildLiteBehavior [ RunTime:0.000000s ]
INFO: [ app_init ] --END-- [ RunTime:0.001000s ]
INFO: [ app_begin ] --START--
INFO: Run Behavior\ReadHtmlCacheBehavior [ RunTime:0.001000s ]
INFO: [ app_begin ] --END-- [ RunTime:0.001000s ]
ERR: 非法操作:verifyImg

[ 2016-12-11T09:49:58+08:00 ] ::1 /0610/shop/index.php/Admin/Manager/index
INFO: [ app_init ] --START--
INFO: Run Behavior\BuildLiteBehavior [ RunTime:0.000000s ]
INFO: [ app_init ] --END-- [ RunTime:0.015600s ]
INFO: [ app_begin ] --START--
INFO: Run Behavior\ReadHtmlCacheBehavior [ RunTime:0.002000s ]
INFO: [ app_begin ] --END-- [ RunTime:0.002000s ]
ERR: 非法操作:index

[ 2016-12-11T09:50:15+08:00 ] ::1 /0610/shop/index.php/Admin/Manager/GoodsController
INFO: [ app_init ] --START--
INFO: Run Behavior\BuildLiteBehavior [ RunTime:0.000000s ]
INFO: [ app_init ] --END-- [ RunTime:0.001000s ]
INFO: [ app_begin ] --START--
INFO: Run Behavior\ReadHtmlCacheBehavior [ RunTime:0.001000s ]
INFO: [ app_begin ] --END-- [ RunTime:0.001000s ]
ERR: 非法操作:GoodsController

[ 2016-12-11T09:51:12+08:00 ] ::1 /0610/shop/index.php/Admin/Manager/login
INFO: [ app_init ] --START--
INFO: Run Behavior\BuildLiteBehavior [ RunTime:0.000000s ]
INFO: [ app_init ] --END-- [ RunTime:0.000000s ]
INFO: [ app_begin ] --START--
INFO: Run Behavior\ReadHtmlCacheBehavior [ RunTime:0.000000s ]
INFO: [ app_begin ] --END-- [ RunTime:0.000000s ]
INFO: [ view_parse ] --START--
INFO: [ template_filter ] --START--
INFO: Run Behavior\ContentReplaceBehavior [ RunTime:0.000000s ]
INFO: [ template_filter ] --END-- [ RunTime:0.000000s ]
INFO: Run Behavior\ParseTemplateBehavior [ RunTime:0.022600s ]
INFO: [ view_parse ] --END-- [ RunTime:0.022600s ]
INFO: [ view_filter ] --START--
INFO: Run Behavior\WriteHtmlCacheBehavior [ RunTime:0.000000s ]
INFO: [ view_filter ] --END-- [ RunTime:0.000000s ]
INFO: [ app_end ] --START--
INFO: Run Behavior\ShowPageTraceBehavior [ RunTime:0.001000s ]
INFO: [ app_end ] --END-- [ RunTime:0.001000s ]

[ 2016-12-11T09:51:12+08:00 ] ::1 /0610/shop/index.php/Admin/Manager/verifyImg
INFO: [ app_init ] --START--
INFO: Run Behavior\BuildLiteBehavior [ RunTime:0.000000s ]
INFO: [ app_init ] --END-- [ RunTime:0.001000s ]
INFO: [ app_begin ] --START--
INFO: Run Behavior\ReadHtmlCacheBehavior [ RunTime:0.000000s ]
INFO: [ app_begin ] --END-- [ RunTime:0.000000s ]
ERR: 非法操作:verifyImg

[ 2016-12-11T09:52:55+08:00 ] ::1 /0610/shop/index.php/Admin/Manager/index
INFO: [ app_init ] --START--
INFO: Run Behavior\BuildLiteBehavior [ RunTime:0.000000s ]
INFO: [ app_init ] --END-- [ RunTime:0.001000s ]
INFO: [ app_begin ] --START--
INFO: Run Behavior\ReadHtmlCacheBehavior [ RunTime:0.001000s ]
INFO: [ app_begin ] --END-- [ RunTime:0.001000s ]
ERR: 非法操作:index

[ 2016-12-11T09:53:22+08:00 ] ::1 /0610/shop/index.php/Admin/Manager/tianjia
INFO: [ app_init ] --START--
INFO: Run Behavior\BuildLiteBehavior [ RunTime:0.000000s ]
INFO: [ app_init ] --END-- [ RunTime:0.001000s ]
INFO: [ app_begin ] --START--
INFO: Run Behavior\ReadHtmlCacheBehavior [ RunTime:0.000000s ]
INFO: [ app_begin ] --END-- [ RunTime:0.000000s ]
ERR: 非法操作:tianjia

[ 2016-12-11T09:57:15+08:00 ] ::1 /0610/shop/index.php/Admin/Manager/login
INFO: [ app_init ] --START--
INFO: Run Behavior\BuildLiteBehavior [ RunTime:0.000000s ]
INFO: [ app_init ] --END-- [ RunTime:0.000000s ]
INFO: [ app_begin ] --START--
INFO: Run Behavior\ReadHtmlCacheBehavior [ RunTime:0.001000s ]
INFO: [ app_begin ] --END-- [ RunTime:0.001000s ]
INFO: [ view_parse ] --START--
INFO: [ template_filter ] --START--
INFO: Run Behavior\ContentReplaceBehavior [ RunTime:0.000000s ]
INFO: [ template_filter ] --END-- [ RunTime:0.000000s ]
INFO: Run Behavior\ParseTemplateBehavior [ RunTime:0.009000s ]
INFO: [ view_parse ] --END-- [ RunTime:0.009000s ]
INFO: [ view_filter ] --START--
INFO: Run Behavior\WriteHtmlCacheBehavior [ RunTime:0.001001s ]
INFO: [ view_filter ] --END-- [ RunTime:0.001001s ]
INFO: [ app_end ] --START--
INFO: Run Behavior\ShowPageTraceBehavior [ RunTime:0.001000s ]
INFO: [ app_end ] --END-- [ RunTime:0.001000s ]

[ 2016-12-11T09:57:15+08:00 ] ::1 /0610/shop/index.php/Admin/Manager/verifyImg
INFO: [ app_init ] --START--
INFO: Run Behavior\BuildLiteBehavior [ RunTime:0.000000s ]
INFO: [ app_init ] --END-- [ RunTime:0.001000s ]
INFO: [ app_begin ] --START--
INFO: Run Behavior\ReadHtmlCacheBehavior [ RunTime:0.001000s ]
INFO: [ app_begin ] --END-- [ RunTime:0.001000s ]
ERR: 非法操作:verifyImg

[ 2016-12-11T09:57:20+08:00 ] ::1 /0610/shop/index.php/Admin/Manager/verifyImg/0.3754505950545113
INFO: [ app_init ] --START--
INFO: Run Behavior\BuildLiteBehavior [ RunTime:0.000000s ]
INFO: [ app_init ] --END-- [ RunTime:0.001000s ]
INFO: [ app_begin ] --START--
INFO: Run Behavior\ReadHtmlCacheBehavior [ RunTime:0.001000s ]
INFO: [ app_begin ] --END-- [ RunTime:0.001000s ]
ERR: 非法操作:verifyImg

[ 2016-12-11T09:57:20+08:00 ] ::1 /0610/shop/index.php/Admin/Manager/login
INFO: [ app_init ] --START--
INFO: Run Behavior\BuildLiteBehavior [ RunTime:0.000000s ]
INFO: [ app_init ] --END-- [ RunTime:0.015600s ]
INFO: [ app_begin ] --START--
INFO: Run Behavior\ReadHtmlCacheBehavior [ RunTime:0.001000s ]
INFO: [ app_begin ] --END-- [ RunTime:0.001000s ]
INFO: [ view_parse ] --START--
INFO: [ template_filter ] --START--
INFO: Run Behavior\ContentReplaceBehavior [ RunTime:0.001000s ]
INFO: [ template_filter ] --END-- [ RunTime:0.001000s ]
INFO: Run Behavior\ParseTemplateBehavior [ RunTime:0.008001s ]
INFO: [ view_parse ] --END-- [ RunTime:0.009001s ]
INFO: [ view_filter ] --START--
INFO: Run Behavior\WriteHtmlCacheBehavior [ RunTime:0.001000s ]
INFO: [ view_filter ] --END-- [ RunTime:0.001000s ]
INFO: [ app_end ] --START--
INFO: Run Behavior\ShowPageTraceBehavior [ RunTime:0.001000s ]
INFO: [ app_end ] --END-- [ RunTime:0.001000s ]

[ 2016-12-11T09:57:21+08:00 ] ::1 /0610/shop/index.php/Admin/Manager/verifyImg
INFO: [ app_init ] --START--
INFO: Run Behavior\BuildLiteBehavior [ RunTime:0.000000s ]
INFO: [ app_init ] --END-- [ RunTime:0.001000s ]
INFO: [ app_begin ] --START--
INFO: Run Behavior\ReadHtmlCacheBehavior [ RunTime:0.001000s ]
INFO: [ app_begin ] --END-- [ RunTime:0.001000s ]
ERR: 非法操作:verifyImg

[ 2016-12-11T10:01:34+08:00 ] ::1 /0610/shop/index.php/Admin/Manager/verifyImg/0.6151475164198674
INFO: [ app_init ] --START--
INFO: Run Behavior\BuildLiteBehavior [ RunTime:0.000000s ]
INFO: [ app_init ] --END-- [ RunTime:0.001000s ]
INFO: [ app_begin ] --START--
INFO: Run Behavior\ReadHtmlCacheBehavior [ RunTime:0.001000s ]
INFO: [ app_begin ] --END-- [ RunTime:0.001000s ]
ERR: 非法操作:verifyImg

[ 2016-12-11T10:01:35+08:00 ] ::1 /0610/shop/index.php/Admin/Manager/verifyImg/0.7379846592059727
INFO: [ app_init ] --START--
INFO: Run Behavior\BuildLiteBehavior [ RunTime:0.000000s ]
INFO: [ app_init ] --END-- [ RunTime:0.000000s ]
INFO: [ app_begin ] --START--
INFO: Run Behavior\ReadHtmlCacheBehavior [ RunTime:0.001001s ]
INFO: [ app_begin ] --END-- [ RunTime:0.001001s ]
ERR: 非法操作:verifyImg

[ 2016-12-11T10:01:35+08:00 ] ::1 /0610/shop/index.php/Admin/Manager/verifyImg/0.633642732633692
INFO: [ app_init ] --START--
INFO: Run Behavior\BuildLiteBehavior [ RunTime:0.000000s ]
INFO: [ app_init ] --END-- [ RunTime:0.001000s ]
INFO: [ app_begin ] --START--
INFO: Run Behavior\ReadHtmlCacheBehavior [ RunTime:0.000000s ]
INFO: [ app_begin ] --END-- [ RunTime:0.000000s ]
ERR: 非法操作:verifyImg

[ 2016-12-11T10:06:38+08:00 ] ::1 /0610/shop/index.php/Admin/index/head
INFO: [ app_init ] --START--
INFO: Run Behavior\BuildLiteBehavior [ RunTime:0.000000s ]
INFO: [ app_init ] --END-- [ RunTime:0.001000s ]
INFO: [ app_begin ] --START--
INFO: Run Behavior\ReadHtmlCacheBehavior [ RunTime:0.001000s ]
INFO: [ app_begin ] --END-- [ RunTime:0.001000s ]
INFO: [ view_parse ] --START--
INFO: [ template_filter ] --START--
INFO: Run Behavior\ContentReplaceBehavior [ RunTime:0.000000s ]
INFO: [ template_filter ] --END-- [ RunTime:0.000000s ]
INFO: Run Behavior\ParseTemplateBehavior [ RunTime:0.091005s ]
INFO: [ view_parse ] --END-- [ RunTime:0.091005s ]
INFO: [ view_filter ] --START--
INFO: Run Behavior\WriteHtmlCacheBehavior [ RunTime:0.000000s ]
INFO: [ view_filter ] --END-- [ RunTime:0.000000s ]
INFO: [ app_end ] --START--
INFO: Run Behavior\ShowPageTraceBehavior [ RunTime:0.001000s ]
INFO: [ app_end ] --END-- [ RunTime:0.001000s ]

[ 2016-12-11T10:06:45+08:00 ] ::1 /0610/shop/index.php/Admin/index/left
INFO: [ app_init ] --START--
INFO: Run Behavior\BuildLiteBehavior [ RunTime:0.000000s ]
INFO: [ app_init ] --END-- [ RunTime:0.001000s ]
INFO: [ app_begin ] --START--
INFO: Run Behavior\ReadHtmlCacheBehavior [ RunTime:0.001000s ]
INFO: [ app_begin ] --END-- [ RunTime:0.001000s ]
INFO: [ view_parse ] --START--
INFO: [ template_filter ] --START--
INFO: Run Behavior\ContentReplaceBehavior [ RunTime:0.000000s ]
INFO: [ template_filter ] --END-- [ RunTime:0.000000s ]
NOTIC: [8] Undefined variable: auth_infoA D:\SERVER\AppServ\www\0610\shop\Runtime\Cache\Admin\e032df95de787d265775d4402b8b9f85.php 第 32 行.
INFO: Run Behavior\ParseTemplateBehavior [ RunTime:0.586033s ]
INFO: [ view_parse ] --END-- [ RunTime:0.586033s ]
INFO: [ view_filter ] --START--
INFO: Run Behavior\WriteHtmlCacheBehavior [ RunTime:0.000000s ]
INFO: [ view_filter ] --END-- [ RunTime:0.000000s ]
INFO: [ app_end ] --START--
INFO: Run Behavior\ShowPageTraceBehavior [ RunTime:0.001000s ]
INFO: [ app_end ] --END-- [ RunTime:0.001000s ]

[ 2016-12-11T10:07:17+08:00 ] ::1 /0610/shop/index.php/Admin/index/index
INFO: [ app_init ] --START--
INFO: Run Behavior\BuildLiteBehavior [ RunTime:0.000000s ]
INFO: [ app_init ] --END-- [ RunTime:0.000000s ]
INFO: [ app_begin ] --START--
INFO: Run Behavior\ReadHtmlCacheBehavior [ RunTime:0.000000s ]
INFO: [ app_begin ] --END-- [ RunTime:0.000000s ]
INFO: [ view_parse ] --START--
INFO: [ template_filter ] --START--
INFO: Run Behavior\ContentReplaceBehavior [ RunTime:0.000000s ]
INFO: [ template_filter ] --END-- [ RunTime:0.000000s ]
INFO: Run Behavior\ParseTemplateBehavior [ RunTime:0.019600s ]
INFO: [ view_parse ] --END-- [ RunTime:0.019600s ]
INFO: [ view_filter ] --START--
INFO: Run Behavior\WriteHtmlCacheBehavior [ RunTime:0.001000s ]
INFO: [ view_filter ] --END-- [ RunTime:0.001000s ]
INFO: [ app_end ] --START--
INFO: Run Behavior\ShowPageTraceBehavior [ RunTime:0.001000s ]
INFO: [ app_end ] --END-- [ RunTime:0.001000s ]

[ 2016-12-11T10:07:17+08:00 ] ::1 /0610/shop/index.php/Admin/Index/head.html
INFO: [ app_init ] --START--
INFO: Run Behavior\BuildLiteBehavior [ RunTime:0.000000s ]
INFO: [ app_init ] --END-- [ RunTime:0.000000s ]
INFO: [ app_begin ] --START--
INFO: Run Behavior\ReadHtmlCacheBehavior [ RunTime:0.001000s ]
INFO: [ app_begin ] --END-- [ RunTime:0.001000s ]
INFO: [ view_parse ] --START--
INFO: [ template_filter ] --START--
INFO: Run Behavior\ContentReplaceBehavior [ RunTime:0.000000s ]
INFO: [ template_filter ] --END-- [ RunTime:0.000000s ]
INFO: Run Behavior\ParseTemplateBehavior [ RunTime:0.008001s ]
INFO: [ view_parse ] --END-- [ RunTime:0.008001s ]
INFO: [ view_filter ] --START--
INFO: Run Behavior\WriteHtmlCacheBehavior [ RunTime:0.000000s ]
INFO: [ view_filter ] --END-- [ RunTime:0.000000s ]
INFO: [ app_end ] --START--
INFO: Run Behavior\ShowPageTraceBehavior [ RunTime:0.000000s ]
INFO: [ app_end ] --END-- [ RunTime:0.000000s ]

[ 2016-12-11T10:07:17+08:00 ] ::1 /0610/shop/index.php/Admin/Index/right.html
INFO: [ app_init ] --START--
INFO: Run Behavior\BuildLiteBehavior [ RunTime:0.000000s ]
INFO: [ app_init ] --END-- [ RunTime:0.001000s ]
INFO: [ app_begin ] --START--
INFO: Run Behavior\ReadHtmlCacheBehavior [ RunTime:0.001000s ]
INFO: [ app_begin ] --END-- [ RunTime:0.001000s ]
INFO: [ view_parse ] --START--
INFO: [ template_filter ] --START--
INFO: Run Behavior\ContentReplaceBehavior [ RunTime:0.000000s ]
INFO: [ template_filter ] --END-- [ RunTime:0.000000s ]
INFO: Run Behavior\ParseTemplateBehavior [ RunTime:0.100006s ]
INFO: [ view_parse ] --END-- [ RunTime:0.100006s ]
INFO: [ view_filter ] --START--
INFO: Run Behavior\WriteHtmlCacheBehavior [ RunTime:0.001000s ]
INFO: [ view_filter ] --END-- [ RunTime:0.001000s ]
INFO: [ app_end ] --START--
INFO: Run Behavior\ShowPageTraceBehavior [ RunTime:0.001000s ]
INFO: [ app_end ] --END-- [ RunTime:0.001000s ]

[ 2016-12-11T10:07:17+08:00 ] ::1 /0610/shop/index.php/Admin/Index/left.html
INFO: [ app_init ] --START--
INFO: Run Behavior\BuildLiteBehavior [ RunTime:0.000000s ]
INFO: [ app_init ] --END-- [ RunTime:0.001000s ]
INFO: [ app_begin ] --START--
INFO: Run Behavior\ReadHtmlCacheBehavior [ RunTime:0.001000s ]
INFO: [ app_begin ] --END-- [ RunTime:0.001000s ]
INFO: [ view_parse ] --START--
INFO: [ template_filter ] --START--
INFO: Run Behavior\ContentReplaceBehavior [ RunTime:0.000000s ]
INFO: [ template_filter ] --END-- [ RunTime:0.001001s ]
NOTIC: [8] Undefined variable: auth_infoA D:\SERVER\AppServ\www\0610\shop\Runtime\Cache\Admin\e032df95de787d265775d4402b8b9f85.php 第 32 行.
INFO: Run Behavior\ParseTemplateBehavior [ RunTime:0.019001s ]
INFO: [ view_parse ] --END-- [ RunTime:0.019001s ]
INFO: [ view_filter ] --START--
INFO: Run Behavior\WriteHtmlCacheBehavior [ RunTime:0.001000s ]
INFO: [ view_filter ] --END-- [ RunTime:0.001000s ]
INFO: [ app_end ] --START--
INFO: Run Behavior\ShowPageTraceBehavior [ RunTime:0.001000s ]
INFO: [ app_end ] --END-- [ RunTime:0.001000s ]

[ 2016-12-11T10:10:32+08:00 ] ::1 /0610/shop/index.php/Admin/index/left
INFO: [ app_init ] --START--
INFO: Run Behavior\BuildLiteBehavior [ RunTime:0.000000s ]
INFO: [ app_init ] --END-- [ RunTime:0.001000s ]
INFO: [ app_begin ] --START--
INFO: Run Behavior\ReadHtmlCacheBehavior [ RunTime:0.001000s ]
INFO: [ app_begin ] --END-- [ RunTime:0.002001s ]
INFO: [ view_parse ] --START--
INFO: [ template_filter ] --START--
INFO: Run Behavior\ContentReplaceBehavior [ RunTime:0.000000s ]
INFO: [ template_filter ] --END-- [ RunTime:0.000000s ]
NOTIC: [8] Undefined variable: auth_infoA D:\SERVER\AppServ\www\0610\shop\Runtime\Cache\Admin\e032df95de787d265775d4402b8b9f85.php 第 32 行.
INFO: Run Behavior\ParseTemplateBehavior [ RunTime:0.012000s ]
INFO: [ view_parse ] --END-- [ RunTime:0.012000s ]
INFO: [ view_filter ] --START--
INFO: Run Behavior\WriteHtmlCacheBehavior [ RunTime:0.001000s ]
INFO: [ view_filter ] --END-- [ RunTime:0.001000s ]
INFO: [ app_end ] --START--
INFO: Run Behavior\ShowPageTraceBehavior [ RunTime:0.001000s ]
INFO: [ app_end ] --END-- [ RunTime:0.001000s ]

[ 2016-12-11T10:18:40+08:00 ] ::1 /0610/shop/index.php/Admin/index/left
INFO: [ app_init ] --START--
INFO: Run Behavior\BuildLiteBehavior [ RunTime:0.000000s ]
INFO: [ app_init ] --END-- [ RunTime:0.000000s ]
INFO: [ app_begin ] --START--
INFO: Run Behavior\ReadHtmlCacheBehavior [ RunTime:0.001000s ]
INFO: [ app_begin ] --END-- [ RunTime:0.001000s ]
INFO: [ view_parse ] --START--
INFO: [ template_filter ] --START--
INFO: Run Behavior\ContentReplaceBehavior [ RunTime:0.001000s ]
INFO: [ template_filter ] --END-- [ RunTime:0.001000s ]
NOTIC: [8] Undefined variable: auth_infoA D:\SERVER\AppServ\www\0610\shop\Runtime\Cache\Admin\e032df95de787d265775d4402b8b9f85.php 第 32 行.
INFO: Run Behavior\ParseTemplateBehavior [ RunTime:0.012001s ]
INFO: [ view_parse ] --END-- [ RunTime:0.012001s ]
INFO: [ view_filter ] --START--
INFO: Run Behavior\WriteHtmlCacheBehavior [ RunTime:0.001000s ]
INFO: [ view_filter ] --END-- [ RunTime:0.001000s ]
INFO: [ app_end ] --START--
INFO: Run Behavior\ShowPageTraceBehavior [ RunTime:0.001000s ]
INFO: [ app_end ] --END-- [ RunTime:0.001000s ]

[ 2016-12-11T10:18:41+08:00 ] ::1 /0610/shop/index.php/Admin/index/left
INFO: [ app_init ] --START--
INFO: Run Behavior\BuildLiteBehavior [ RunTime:0.000000s ]
INFO: [ app_init ] --END-- [ RunTime:0.000000s ]
INFO: [ app_begin ] --START--
INFO: Run Behavior\ReadHtmlCacheBehavior [ RunTime:0.001000s ]
INFO: [ app_begin ] --END-- [ RunTime:0.001000s ]
INFO: [ view_parse ] --START--
INFO: [ template_filter ] --START--
INFO: Run Behavior\ContentReplaceBehavior [ RunTime:0.000000s ]
INFO: [ template_filter ] --END-- [ RunTime:0.000000s ]
NOTIC: [8] Undefined variable: auth_infoA D:\SERVER\AppServ\www\0610\shop\Runtime\Cache\Admin\e032df95de787d265775d4402b8b9f85.php 第 32 行.
INFO: Run Behavior\ParseTemplateBehavior [ RunTime:0.012001s ]
INFO: [ view_parse ] --END-- [ RunTime:0.012001s ]
INFO: [ view_filter ] --START--
INFO: Run Behavior\WriteHtmlCacheBehavior [ RunTime:0.001000s ]
INFO: [ view_filter ] --END-- [ RunTime:0.001000s ]
INFO: [ app_end ] --START--
INFO: Run Behavior\ShowPageTraceBehavior [ RunTime:0.000000s ]
INFO: [ app_end ] --END-- [ RunTime:0.001000s ]

[ 2016-12-11T10:19:11+08:00 ] ::1 /0610/shop/index.php/Admin/index/head
INFO: [ app_init ] --START--
INFO: Run Behavior\BuildLiteBehavior [ RunTime:0.000000s ]
INFO: [ app_init ] --END-- [ RunTime:0.001000s ]
INFO: [ app_begin ] --START--
INFO: Run Behavior\ReadHtmlCacheBehavior [ RunTime:0.001001s ]
INFO: [ app_begin ] --END-- [ RunTime:0.001001s ]
INFO: [ view_parse ] --START--
INFO: [ template_filter ] --START--
INFO: Run Behavior\ContentReplaceBehavior [ RunTime:0.000000s ]
INFO: [ template_filter ] --END-- [ RunTime:0.000000s ]
INFO: Run Behavior\ParseTemplateBehavior [ RunTime:0.009000s ]
INFO: [ view_parse ] --END-- [ RunTime:0.009000s ]
INFO: [ view_filter ] --START--
INFO: Run Behavior\WriteHtmlCacheBehavior [ RunTime:0.001000s ]
INFO: [ view_filter ] --END-- [ RunTime:0.001000s ]
INFO: [ app_end ] --START--
INFO: Run Behavior\ShowPageTraceBehavior [ RunTime:0.001000s ]
INFO: [ app_end ] --END-- [ RunTime:0.001000s ]

[ 2016-12-11T10:19:21+08:00 ] ::1 /0610/shop/index.php/Admin/index/right
INFO: [ app_init ] --START--
INFO: Run Behavior\BuildLiteBehavior [ RunTime:0.000000s ]
INFO: [ app_init ] --END-- [ RunTime:0.001000s ]
INFO: [ app_begin ] --START--
INFO: Run Behavior\ReadHtmlCacheBehavior [ RunTime:0.001000s ]
INFO: [ app_begin ] --END-- [ RunTime:0.001000s ]
INFO: [ view_parse ] --START--
INFO: [ template_filter ] --START--
INFO: Run Behavior\ContentReplaceBehavior [ RunTime:0.000000s ]
INFO: [ template_filter ] --END-- [ RunTime:0.000000s ]
INFO: Run Behavior\ParseTemplateBehavior [ RunTime:0.008001s ]
INFO: [ view_parse ] --END-- [ RunTime:0.009001s ]
INFO: [ view_filter ] --START--
INFO: Run Behavior\WriteHtmlCacheBehavior [ RunTime:0.001000s ]
INFO: [ view_filter ] --END-- [ RunTime:0.001000s ]
INFO: [ app_end ] --START--
INFO: Run Behavior\ShowPageTraceBehavior [ RunTime:0.001000s ]
INFO: [ app_end ] --END-- [ RunTime:0.001000s ]

[ 2016-12-11T10:19:28+08:00 ] ::1 /0610/shop/index.php/Admin/index/left
INFO: [ app_init ] --START--
INFO: Run Behavior\BuildLiteBehavior [ RunTime:0.000000s ]
INFO: [ app_init ] --END-- [ RunTime:0.001000s ]
INFO: [ app_begin ] --START--
INFO: Run Behavior\ReadHtmlCacheBehavior [ RunTime:0.001000s ]
INFO: [ app_begin ] --END-- [ RunTime:0.001000s ]
INFO: [ view_parse ] --START--
INFO: [ template_filter ] --START--
INFO: Run Behavior\ContentReplaceBehavior [ RunTime:0.000000s ]
INFO: [ template_filter ] --END-- [ RunTime:0.000000s ]
NOTIC: [8] Undefined variable: auth_infoA D:\SERVER\AppServ\www\0610\shop\Runtime\Cache\Admin\e032df95de787d265775d4402b8b9f85.php 第 32 行.
INFO: Run Behavior\ParseTemplateBehavior [ RunTime:0.011000s ]
INFO: [ view_parse ] --END-- [ RunTime:0.011000s ]
INFO: [ view_filter ] --START--
INFO: Run Behavior\WriteHtmlCacheBehavior [ RunTime:0.001001s ]
INFO: [ view_filter ] --END-- [ RunTime:0.001001s ]
INFO: [ app_end ] --START--
INFO: Run Behavior\ShowPageTraceBehavior [ RunTime:0.001000s ]
INFO: [ app_end ] --END-- [ RunTime:0.001000s ]

[ 2016-12-11T11:10:42+08:00 ] ::1 /0610/shop/index.php/Admin/index/right
INFO: [ app_init ] --START--
INFO: Run Behavior\BuildLiteBehavior [ RunTime:0.000000s ]
INFO: [ app_init ] --END-- [ RunTime:0.001000s ]
INFO: [ app_begin ] --START--
INFO: Run Behavior\ReadHtmlCacheBehavior [ RunTime:0.001000s ]
INFO: [ app_begin ] --END-- [ RunTime:0.001000s ]
INFO: [ view_parse ] --START--
INFO: [ template_filter ] --START--
INFO: Run Behavior\ContentReplaceBehavior [ RunTime:0.000000s ]
INFO: [ template_filter ] --END-- [ RunTime:0.000000s ]
INFO: Run Behavior\ParseTemplateBehavior [ RunTime:0.009000s ]
INFO: [ view_parse ] --END-- [ RunTime:0.009000s ]
INFO: [ view_filter ] --START--
INFO: Run Behavior\WriteHtmlCacheBehavior [ RunTime:0.001000s ]
INFO: [ view_filter ] --END-- [ RunTime:0.001000s ]
INFO: [ app_end ] --START--
INFO: Run Behavior\ShowPageTraceBehavior [ RunTime:0.001000s ]
INFO: [ app_end ] --END-- [ RunTime:0.001000s ]

[ 2016-12-11T11:10:48+08:00 ] ::1 /0610/shop/index.php/Admin/index/head
INFO: [ app_init ] --START--
INFO: Run Behavior\BuildLiteBehavior [ RunTime:0.000000s ]
INFO: [ app_init ] --END-- [ RunTime:0.001000s ]
INFO: [ app_begin ] --START--
INFO: Run Behavior\ReadHtmlCacheBehavior [ RunTime:0.001000s ]
INFO: [ app_begin ] --END-- [ RunTime:0.001000s ]
INFO: [ view_parse ] --START--
INFO: [ template_filter ] --START--
INFO: Run Behavior\ContentReplaceBehavior [ RunTime:0.000000s ]
INFO: [ template_filter ] --END-- [ RunTime:0.000000s ]
INFO: Run Behavior\ParseTemplateBehavior [ RunTime:0.009000s ]
INFO: [ view_parse ] --END-- [ RunTime:0.009000s ]
INFO: [ view_filter ] --START--
INFO: Run Behavior\WriteHtmlCacheBehavior [ RunTime:0.000000s ]
INFO: [ view_filter ] --END-- [ RunTime:0.000000s ]
INFO: [ app_end ] --START--
INFO: Run Behavior\ShowPageTraceBehavior [ RunTime:0.000000s ]
INFO: [ app_end ] --END-- [ RunTime:0.000000s ]

[ 2016-12-11T11:10:57+08:00 ] ::1 /0610/shop/index.php/Admin/index/login
INFO: [ app_init ] --START--
INFO: Run Behavior\BuildLiteBehavior [ RunTime:0.000000s ]
INFO: [ app_init ] --END-- [ RunTime:0.000000s ]
INFO: [ app_begin ] --START--
INFO: Run Behavior\ReadHtmlCacheBehavior [ RunTime:0.000000s ]
INFO: [ app_begin ] --END-- [ RunTime:0.000000s ]
ERR: 非法操作:login

[ 2016-12-11T11:11:10+08:00 ] ::1 /0610/shop/index.php/Admin/index/index
INFO: [ app_init ] --START--
INFO: Run Behavior\BuildLiteBehavior [ RunTime:0.000000s ]
INFO: [ app_init ] --END-- [ RunTime:0.001000s ]
INFO: [ app_begin ] --START--
INFO: Run Behavior\ReadHtmlCacheBehavior [ RunTime:0.001000s ]
INFO: [ app_begin ] --END-- [ RunTime:0.001000s ]
INFO: [ view_parse ] --START--
INFO: [ template_filter ] --START--
INFO: Run Behavior\ContentReplaceBehavior [ RunTime:0.000000s ]
INFO: [ template_filter ] --END-- [ RunTime:0.000000s ]

[ 2016-12-11T11:11:47+08:00 ] ::1 /0610/shop/index.php/Admin/index/index
INFO: [ app_init ] --START--
INFO: Run Behavior\BuildLiteBehavior [ RunTime:0.000000s ]
INFO: [ app_init ] --END-- [ RunTime:0.001000s ]
INFO: [ app_begin ] --START--
INFO: Run Behavior\ReadHtmlCacheBehavior [ RunTime:0.000000s ]
INFO: [ app_begin ] --END-- [ RunTime:0.000000s ]
INFO: [ view_parse ] --START--
INFO: [ template_filter ] --START--
INFO: Run Behavior\ContentReplaceBehavior [ RunTime:0.000000s ]
INFO: [ template_filter ] --END-- [ RunTime:0.000000s ]

[ 2016-12-11T11:11:50+08:00 ] ::1 /0610/shop/index.php/Admin/index/index
INFO: [ app_init ] --START--
INFO: Run Behavior\BuildLiteBehavior [ RunTime:0.000000s ]
INFO: [ app_init ] --END-- [ RunTime:0.000000s ]
INFO: [ app_begin ] --START--
INFO: Run Behavior\ReadHtmlCacheBehavior [ RunTime:0.000000s ]
INFO: [ app_begin ] --END-- [ RunTime:0.000000s ]
INFO: [ view_parse ] --START--
INFO: [ template_filter ] --START--
INFO: Run Behavior\ContentReplaceBehavior [ RunTime:0.000000s ]
INFO: [ template_filter ] --END-- [ RunTime:0.000000s ]

[ 2016-12-11T11:12:18+08:00 ] ::1 /0610/shop/index.php/Admin/index/index
INFO: [ app_init ] --START--
INFO: Run Behavior\BuildLiteBehavior [ RunTime:0.000000s ]
INFO: [ app_init ] --END-- [ RunTime:0.000000s ]
INFO: [ app_begin ] --START--
INFO: Run Behavior\ReadHtmlCacheBehavior [ RunTime:0.001000s ]
INFO: [ app_begin ] --END-- [ RunTime:0.001000s ]
INFO: [ view_parse ] --START--
INFO: [ template_filter ] --START--
INFO: Run Behavior\ContentReplaceBehavior [ RunTime:0.001000s ]
INFO: [ template_filter ] --END-- [ RunTime:0.001000s ]
INFO: Run Behavior\ParseTemplateBehavior [ RunTime:0.008000s ]
INFO: [ view_parse ] --END-- [ RunTime:0.008000s ]
INFO: [ view_filter ] --START--
INFO: Run Behavior\WriteHtmlCacheBehavior [ RunTime:0.000000s ]
INFO: [ view_filter ] --END-- [ RunTime:0.000000s ]
INFO: [ app_end ] --START--
INFO: Run Behavior\ShowPageTraceBehavior [ RunTime:0.000000s ]
INFO: [ app_end ] --END-- [ RunTime:0.000000s ]

[ 2016-12-11T11:12:18+08:00 ] ::1 /0610/shop/index.php/Admin/Index/head.html
INFO: [ app_init ] --START--
INFO: Run Behavior\BuildLiteBehavior [ RunTime:0.000000s ]
INFO: [ app_init ] --END-- [ RunTime:0.001000s ]
INFO: [ app_begin ] --START--
INFO: Run Behavior\ReadHtmlCacheBehavior [ RunTime:0.001000s ]
INFO: [ app_begin ] --END-- [ RunTime:0.001000s ]
INFO: [ view_parse ] --START--
INFO: [ template_filter ] --START--
INFO: Run Behavior\ContentReplaceBehavior [ RunTime:0.000000s ]
INFO: [ template_filter ] --END-- [ RunTime:0.000000s ]
INFO: Run Behavior\ParseTemplateBehavior [ RunTime:0.009001s ]
INFO: [ view_parse ] --END-- [ RunTime:0.009001s ]
INFO: [ view_filter ] --START--
INFO: Run Behavior\WriteHtmlCacheBehavior [ RunTime:0.001000s ]
INFO: [ view_filter ] --END-- [ RunTime:0.001000s ]
INFO: [ app_end ] --START--
INFO: Run Behavior\ShowPageTraceBehavior [ RunTime:0.001000s ]
INFO: [ app_end ] --END-- [ RunTime:0.001000s ]

[ 2016-12-11T11:12:18+08:00 ] ::1 /0610/shop/index.php/Admin/Index/left.html
INFO: [ app_init ] --START--
INFO: Run Behavior\BuildLiteBehavior [ RunTime:0.000000s ]
INFO: [ app_init ] --END-- [ RunTime:0.000000s ]
INFO: [ app_begin ] --START--
INFO: Run Behavior\ReadHtmlCacheBehavior [ RunTime:0.001000s ]
INFO: [ app_begin ] --END-- [ RunTime:0.001000s ]
INFO: [ view_parse ] --START--
INFO: [ template_filter ] --START--
INFO: Run Behavior\ContentReplaceBehavior [ RunTime:0.000000s ]
INFO: [ template_filter ] --END-- [ RunTime:0.000000s ]
NOTIC: [8] Undefined variable: auth_infoA D:\SERVER\AppServ\www\0610\shop\Runtime\Cache\Admin\e032df95de787d265775d4402b8b9f85.php 第 32 行.
INFO: Run Behavior\ParseTemplateBehavior [ RunTime:0.012001s ]
INFO: [ view_parse ] --END-- [ RunTime:0.012001s ]
INFO: [ view_filter ] --START--
INFO: Run Behavior\WriteHtmlCacheBehavior [ RunTime:0.000000s ]
INFO: [ view_filter ] --END-- [ RunTime:0.000000s ]
INFO: [ app_end ] --START--
INFO: Run Behavior\ShowPageTraceBehavior [ RunTime:0.003000s ]
INFO: [ app_end ] --END-- [ RunTime:0.003000s ]

[ 2016-12-11T11:12:18+08:00 ] ::1 /0610/shop/index.php/Admin/Index/right.html
INFO: [ app_init ] --START--
INFO: Run Behavior\BuildLiteBehavior [ RunTime:0.000000s ]
INFO: [ app_init ] --END-- [ RunTime:0.001000s ]
INFO: [ app_begin ] --START--
INFO: Run Behavior\ReadHtmlCacheBehavior [ RunTime:0.001000s ]
INFO: [ app_begin ] --END-- [ RunTime:0.001000s ]
INFO: [ view_parse ] --START--
INFO: [ template_filter ] --START--
INFO: Run Behavior\ContentReplaceBehavior [ RunTime:0.000000s ]
INFO: [ template_filter ] --END-- [ RunTime:0.000000s ]
INFO: Run Behavior\ParseTemplateBehavior [ RunTime:0.013001s ]
INFO: [ view_parse ] --END-- [ RunTime:0.013001s ]
INFO: [ view_filter ] --START--
INFO: Run Behavior\WriteHtmlCacheBehavior [ RunTime:0.001000s ]
INFO: [ view_filter ] --END-- [ RunTime:0.001000s ]
INFO: [ app_end ] --START--
INFO: Run Behavior\ShowPageTraceBehavior [ RunTime:0.001000s ]
INFO: [ app_end ] --END-- [ RunTime:0.001000s ]

[ 2016-12-11T13:06:50+08:00 ] ::1 /0610/shop/index.php/Admin/Goods/showlist
INFO: [ app_init ] --START--
INFO: Run Behavior\BuildLiteBehavior [ RunTime:0.000000s ]
INFO: [ app_init ] --END-- [ RunTime:0.000000s ]
INFO: [ app_begin ] --START--
INFO: Run Behavior\ReadHtmlCacheBehavior [ RunTime:0.001000s ]
INFO: [ app_begin ] --END-- [ RunTime:0.001000s ]
INFO: [ view_parse ] --START--
INFO: [ template_filter ] --START--
INFO: Run Behavior\ContentReplaceBehavior [ RunTime:0.000000s ]
INFO: [ template_filter ] --END-- [ RunTime:0.000000s ]
NOTIC: [8] Undefined variable: info D:\SERVER\AppServ\www\0610\shop\Runtime\Cache\Admin\123bd89df858e0f2abbd9c843f0eba75.php 第 47 行.
NOTIC: [8] Undefined variable: pagelist D:\SERVER\AppServ\www\0610\shop\Runtime\Cache\Admin\123bd89df858e0f2abbd9c843f0eba75.php 第 62 行.
INFO: Run Behavior\ParseTemplateBehavior [ RunTime:0.011001s ]
INFO: [ view_parse ] --END-- [ RunTime:0.012001s ]
INFO: [ view_filter ] --START--
INFO: Run Behavior\WriteHtmlCacheBehavior [ RunTime:0.001000s ]
INFO: [ view_filter ] --END-- [ RunTime:0.001000s ]
INFO: [ app_end ] --START--
INFO: Run Behavior\ShowPageTraceBehavior [ RunTime:0.001000s ]
INFO: [ app_end ] --END-- [ RunTime:0.001000s ]

[ 2016-12-11T13:06:57+08:00 ] ::1 /0610/shop/index.php/Admin/Goods/tianjia
INFO: [ app_init ] --START--
INFO: Run Behavior\BuildLiteBehavior [ RunTime:0.000000s ]
INFO: [ app_init ] --END-- [ RunTime:0.000000s ]
INFO: [ app_begin ] --START--
INFO: Run Behavior\ReadHtmlCacheBehavior [ RunTime:0.000000s ]
INFO: [ app_begin ] --END-- [ RunTime:0.000000s ]
SQL: SHOW COLUMNS FROM `sw_goods` [ RunTime:0.2660s ]
INFO: [ view_parse ] --START--
INFO: [ template_filter ] --START--
INFO: Run Behavior\ContentReplaceBehavior [ RunTime:0.000000s ]
INFO: [ template_filter ] --END-- [ RunTime:0.000000s ]
INFO: Run Behavior\ParseTemplateBehavior [ RunTime:0.009000s ]
INFO: [ view_parse ] --END-- [ RunTime:0.009000s ]
INFO: [ view_filter ] --START--
INFO: Run Behavior\WriteHtmlCacheBehavior [ RunTime:0.000000s ]
INFO: [ view_filter ] --END-- [ RunTime:0.000000s ]
INFO: [ app_end ] --START--
INFO: Run Behavior\ShowPageTraceBehavior [ RunTime:0.001000s ]
INFO: [ app_end ] --END-- [ RunTime:0.001000s ]

[ 2016-12-11T13:07:09+08:00 ] ::1 /0610/shop/index.php/Admin/Goods/xiugai
INFO: [ app_init ] --START--
INFO: Run Behavior\BuildLiteBehavior [ RunTime:0.000000s ]
INFO: [ app_init ] --END-- [ RunTime:0.001000s ]
INFO: [ app_begin ] --START--
INFO: Run Behavior\ReadHtmlCacheBehavior [ RunTime:0.001000s ]
INFO: [ app_begin ] --END-- [ RunTime:0.001000s ]
SQL: SHOW COLUMNS FROM `sw_goods` [ RunTime:0.0030s ]
SQL: UPDATE `sw_goods` SET `goods_name`='huawei111',`goods_price`='1700',`goods_number`='21' WHERE `goods_id` = 108 [ RunTime:0.4840s ]
INFO: [ view_parse ] --START--
INFO: [ template_filter ] --START--
INFO: Run Behavior\ContentReplaceBehavior [ RunTime:0.000000s ]
INFO: [ template_filter ] --END-- [ RunTime:0.000000s ]
NOTIC: [8] Undefined variable: info D:\SERVER\AppServ\www\0610\shop\Runtime\Cache\Admin\026ccc0ab9fddeecde448105305a0a0e.php 第 23 行.
NOTIC: [8] Undefined variable: info D:\SERVER\AppServ\www\0610\shop\Runtime\Cache\Admin\026ccc0ab9fddeecde448105305a0a0e.php 第 27 行.
NOTIC: [8] Undefined variable: info D:\SERVER\AppServ\www\0610\shop\Runtime\Cache\Admin\026ccc0ab9fddeecde448105305a0a0e.php 第 31 行.
NOTIC: [8] Undefined variable: info D:\SERVER\AppServ\www\0610\shop\Runtime\Cache\Admin\026ccc0ab9fddeecde448105305a0a0e.php 第 35 行.
NOTIC: [8] Undefined variable: info D:\SERVER\AppServ\www\0610\shop\Runtime\Cache\Admin\026ccc0ab9fddeecde448105305a0a0e.php 第 39 行.
NOTIC: [8] Undefined variable: info D:\SERVER\AppServ\www\0610\shop\Runtime\Cache\Admin\026ccc0ab9fddeecde448105305a0a0e.php 第 44 行.
INFO: Run Behavior\ParseTemplateBehavior [ RunTime:0.010001s ]
INFO: [ view_parse ] --END-- [ RunTime:0.010001s ]
INFO: [ view_filter ] --START--
INFO: Run Behavior\WriteHtmlCacheBehavior [ RunTime:0.001000s ]
INFO: [ view_filter ] --END-- [ RunTime:0.001000s ]
INFO: [ app_end ] --START--
INFO: Run Behavior\ShowPageTraceBehavior [ RunTime:0.001000s ]
INFO: [ app_end ] --END-- [ RunTime:0.001000s ]

[ 2016-12-11T13:22:21+08:00 ] ::1 /0610/shop/index.php/Admin/Goods/showlist
INFO: [ app_init ] --START--
INFO: Run Behavior\BuildLiteBehavior [ RunTime:0.000000s ]
INFO: [ app_init ] --END-- [ RunTime:0.001000s ]
INFO: [ app_begin ] --START--
INFO: Run Behavior\ReadHtmlCacheBehavior [ RunTime:0.002000s ]
INFO: [ app_begin ] --END-- [ RunTime:0.002000s ]
INFO: [ view_parse ] --START--
INFO: [ template_filter ] --START--
INFO: Run Behavior\ContentReplaceBehavior [ RunTime:0.001000s ]
INFO: [ template_filter ] --END-- [ RunTime:0.001000s ]
NOTIC: [8] Undefined variable: info D:\SERVER\AppServ\www\0610\shop\Runtime\Cache\Admin\123bd89df858e0f2abbd9c843f0eba75.php 第 47 行.
NOTIC: [8] Undefined variable: pagelist D:\SERVER\AppServ\www\0610\shop\Runtime\Cache\Admin\123bd89df858e0f2abbd9c843f0eba75.php 第 62 行.
INFO: Run Behavior\ParseTemplateBehavior [ RunTime:0.013001s ]
INFO: [ view_parse ] --END-- [ RunTime:0.014001s ]
INFO: [ view_filter ] --START--
INFO: Run Behavior\WriteHtmlCacheBehavior [ RunTime:0.001000s ]
INFO: [ view_filter ] --END-- [ RunTime:0.001000s ]
INFO: [ app_end ] --START--
INFO: Run Behavior\ShowPageTraceBehavior [ RunTime:0.001000s ]
INFO: [ app_end ] --END-- [ RunTime:0.001000s ]

[ 2016-12-11T13:23:51+08:00 ] ::1 /0610/shop/index.php/Admin/Goods/tianjia
INFO: [ app_init ] --START--
INFO: Run Behavior\BuildLiteBehavior [ RunTime:0.000000s ]
INFO: [ app_init ] --END-- [ RunTime:0.001000s ]
INFO: [ app_begin ] --START--
INFO: Run Behavior\ReadHtmlCacheBehavior [ RunTime:0.001000s ]
INFO: [ app_begin ] --END-- [ RunTime:0.001000s ]
SQL: SHOW COLUMNS FROM `sw_goods` [ RunTime:0.0030s ]
INFO: [ view_parse ] --START--
INFO: [ template_filter ] --START--
INFO: Run Behavior\ContentReplaceBehavior [ RunTime:0.000000s ]
INFO: [ template_filter ] --END-- [ RunTime:0.000000s ]
INFO: Run Behavior\ParseTemplateBehavior [ RunTime:0.009001s ]
INFO: [ view_parse ] --END-- [ RunTime:0.009001s ]
INFO: [ view_filter ] --START--
INFO: Run Behavior\WriteHtmlCacheBehavior [ RunTime:0.001000s ]
INFO: [ view_filter ] --END-- [ RunTime:0.001000s ]
INFO: [ app_end ] --START--
INFO: Run Behavior\ShowPageTraceBehavior [ RunTime:0.001000s ]
INFO: [ app_end ] --END-- [ RunTime:0.001000s ]

[ 2016-12-11T13:24:15+08:00 ] ::1 /0610/shop/index.php/Admin/Goods/tianjia
INFO: [ app_init ] --START--
INFO: Run Behavior\BuildLiteBehavior [ RunTime:0.000000s ]
INFO: [ app_init ] --END-- [ RunTime:0.000000s ]
INFO: [ app_begin ] --START--
INFO: Run Behavior\ReadHtmlCacheBehavior [ RunTime:0.001001s ]
INFO: [ app_begin ] --END-- [ RunTime:0.001001s ]
SQL: SHOW COLUMNS FROM `sw_goods` [ RunTime:0.0030s ]
INFO: [ view_parse ] --START--
INFO: [ template_filter ] --START--
INFO: Run Behavior\ContentReplaceBehavior [ RunTime:0.000000s ]
INFO: [ template_filter ] --END-- [ RunTime:0.000000s ]
INFO: Run Behavior\ParseTemplateBehavior [ RunTime:0.008000s ]
INFO: [ view_parse ] --END-- [ RunTime:0.008000s ]
INFO: [ view_filter ] --START--
INFO: Run Behavior\WriteHtmlCacheBehavior [ RunTime:0.000000s ]
INFO: [ view_filter ] --END-- [ RunTime:0.000000s ]
INFO: [ app_end ] --START--
INFO: Run Behavior\ShowPageTraceBehavior [ RunTime:0.001000s ]
INFO: [ app_end ] --END-- [ RunTime:0.001000s ]

[ 2016-12-11T13:24:16+08:00 ] ::1 /0610/shop/index.php/Admin/Goods/showlist
INFO: [ app_init ] --START--
INFO: Run Behavior\BuildLiteBehavior [ RunTime:0.000000s ]
INFO: [ app_init ] --END-- [ RunTime:0.001000s ]
INFO: [ app_begin ] --START--
INFO: Run Behavior\ReadHtmlCacheBehavior [ RunTime:0.000000s ]
INFO: [ app_begin ] --END-- [ RunTime:0.000000s ]
INFO: [ view_parse ] --START--
INFO: [ template_filter ] --START--
INFO: Run Behavior\ContentReplaceBehavior [ RunTime:0.000000s ]
INFO: [ template_filter ] --END-- [ RunTime:0.000000s ]
NOTIC: [8] Undefined variable: info D:\SERVER\AppServ\www\0610\shop\Runtime\Cache\Admin\123bd89df858e0f2abbd9c843f0eba75.php 第 48 行.
NOTIC: [8] Undefined variable: pagelist D:\SERVER\AppServ\www\0610\shop\Runtime\Cache\Admin\123bd89df858e0f2abbd9c843f0eba75.php 第 63 行.
INFO: Run Behavior\ParseTemplateBehavior [ RunTime:0.012001s ]
INFO: [ view_parse ] --END-- [ RunTime:0.012001s ]
INFO: [ view_filter ] --START--
INFO: Run Behavior\WriteHtmlCacheBehavior [ RunTime:0.001000s ]
INFO: [ view_filter ] --END-- [ RunTime:0.001000s ]
INFO: [ app_end ] --START--
INFO: Run Behavior\ShowPageTraceBehavior [ RunTime:0.001000s ]
INFO: [ app_end ] --END-- [ RunTime:0.001000s ]

[ 2016-12-11T13:24:20+08:00 ] ::1 /0610/shop/index.php/Admin/Goods/tianjia
INFO: [ app_init ] --START--
INFO: Run Behavior\BuildLiteBehavior [ RunTime:0.000000s ]
INFO: [ app_init ] --END-- [ RunTime:0.016601s ]
INFO: [ app_begin ] --START--
INFO: Run Behavior\ReadHtmlCacheBehavior [ RunTime:0.001000s ]
INFO: [ app_begin ] --END-- [ RunTime:0.001000s ]
SQL: SHOW COLUMNS FROM `sw_goods` [ RunTime:0.0040s ]
INFO: [ view_parse ] --START--
INFO: [ template_filter ] --START--
INFO: Run Behavior\ContentReplaceBehavior [ RunTime:0.000000s ]
INFO: [ template_filter ] --END-- [ RunTime:0.000000s ]
INFO: Run Behavior\ParseTemplateBehavior [ RunTime:0.008000s ]
INFO: [ view_parse ] --END-- [ RunTime:0.009000s ]
INFO: [ view_filter ] --START--
INFO: Run Behavior\WriteHtmlCacheBehavior [ RunTime:0.000000s ]
INFO: [ view_filter ] --END-- [ RunTime:0.000000s ]
INFO: [ app_end ] --START--
INFO: Run Behavior\ShowPageTraceBehavior [ RunTime:0.001000s ]
INFO: [ app_end ] --END-- [ RunTime:0.001000s ]

[ 2016-12-11T14:19:27+08:00 ] ::1 /0610/shop/index.php/Admin/Manager/login
INFO: [ app_init ] --START--
INFO: Run Behavior\BuildLiteBehavior [ RunTime:0.000000s ]
INFO: [ app_init ] --END-- [ RunTime:0.001000s ]
INFO: [ app_begin ] --START--
INFO: Run Behavior\ReadHtmlCacheBehavior [ RunTime:0.001000s ]
INFO: [ app_begin ] --END-- [ RunTime:0.001000s ]
INFO: [ view_parse ] --START--
INFO: [ template_filter ] --START--
INFO: Run Behavior\ContentReplaceBehavior [ RunTime:0.001000s ]
INFO: [ template_filter ] --END-- [ RunTime:0.001000s ]
INFO: Run Behavior\ParseTemplateBehavior [ RunTime:0.010001s ]
INFO: [ view_parse ] --END-- [ RunTime:0.010001s ]
INFO: [ view_filter ] --START--
INFO: Run Behavior\WriteHtmlCacheBehavior [ RunTime:0.001000s ]
INFO: [ view_filter ] --END-- [ RunTime:0.001000s ]
INFO: [ app_end ] --START--
INFO: Run Behavior\ShowPageTraceBehavior [ RunTime:0.001000s ]
INFO: [ app_end ] --END-- [ RunTime:0.001000s ]

[ 2016-12-11T14:19:27+08:00 ] ::1 /0610/shop/index.php/Admin/Manager/verifyImg
INFO: [ app_init ] --START--
INFO: Run Behavior\BuildLiteBehavior [ RunTime:0.000000s ]
INFO: [ app_init ] --END-- [ RunTime:0.000000s ]
INFO: [ app_begin ] --START--
INFO: Run Behavior\ReadHtmlCacheBehavior [ RunTime:0.001001s ]
INFO: [ app_begin ] --END-- [ RunTime:0.001001s ]
ERR: 非法操作:verifyImg

[ 2016-12-11T14:29:28+08:00 ] ::1 /0610/shop/index.php/Admin/Manager/verifyImg
ERR: 非法操作:verifyImg

[ 2016-12-11T15:46:04+08:00 ] ::1 /0610/shop/index.php/Admin/Goods/showlist
ERR: Syntax Error in template "D:/SERVER/AppServ/www/0610/shop/Admin/View\Goods\showlist.html"  on line 12 ".tr_color{background-color: #9F88FF}"  - Unexpected ": ", expected one of: "}" , " "

[ 2016-12-11T15:46:34+08:00 ] ::1 /0610/shop/index.php/Admin/index/__CONTROLLER__/head.html
ERR: 非法操作:__CONTROLLER__

[ 2016-12-11T15:46:34+08:00 ] ::1 /0610/shop/index.php/Admin/index/__CONTROLLER__/left.html
ERR: 非法操作:__CONTROLLER__

[ 2016-12-11T15:46:34+08:00 ] ::1 /0610/shop/index.php/Admin/index/__CONTROLLER__/right.html
ERR: 非法操作:__CONTROLLER__

[ 2016-12-11T15:46:38+08:00 ] ::1 /0610/shop/index.php/Admin/index/__CONTROLLER__/left.html
ERR: 非法操作:__CONTROLLER__

[ 2016-12-11T15:46:38+08:00 ] ::1 /0610/shop/index.php/Admin/index/__CONTROLLER__/right.html
ERR: 非法操作:__CONTROLLER__

[ 2016-12-11T15:46:38+08:00 ] ::1 /0610/shop/index.php/Admin/index/__CONTROLLER__/head.html
ERR: 非法操作:__CONTROLLER__

[ 2016-12-11T15:47:06+08:00 ] ::1 /0610/shop/index.php/Admin/index/index.html
ERR: 非法操作:index.html

[ 2016-12-11T15:47:24+08:00 ] ::1 /0610/shop/index.php/Admin/index/login
ERR: 非法操作:login

[ 2016-12-11T15:48:14+08:00 ] ::1 /0610/shop/index.php/Admin/indexControl
ERR: 无法加载控制器:IndexControl

[ 2016-12-11T15:48:32+08:00 ] ::1 /0610/shop/index.php/Admin/Manager/__CONTROLLER__/verifyImg
ERR: 非法操作:__CONTROLLER__

[ 2016-12-11T15:48:32+08:00 ] ::1 /0610/shop/index.php/Admin/Manager/%3C?php%20echo%20ADMIN_CSS_URL;?%3EUser_Login.css
ERR: 非法操作:

[ 2016-12-11T15:48:33+08:00 ] ::1 /0610/shop/index.php/Admin/Manager/%3C?php%20echo%20ADMIN_IMG_URL?%3Euser_botton.gif
ERR: 非法操作:

[ 2016-12-11T15:48:47+08:00 ] ::1 /0610/shop/index.php/Admin/Manager/%3C?php%20echo%20ADMIN_CSS_URL;?%3EUser_Login.css
ERR: 非法操作:

[ 2016-12-11T15:48:47+08:00 ] ::1 /0610/shop/index.php/Admin/Manager/__CONTROLLER__/verifyImg
ERR: 非法操作:__CONTROLLER__

[ 2016-12-11T15:48:47+08:00 ] ::1 /0610/shop/index.php/Admin/Manager/%3C?php%20echo%20ADMIN_IMG_URL?%3Euser_botton.gif
ERR: 非法操作:

[ 2016-12-11T15:55:31+08:00 ] ::1 /0610/shop/index.php/Admin/Manager/%3C?php%20echo%20ADMIN_CSS_URL;?%3EUser_Login.css
ERR: 非法操作:

[ 2016-12-11T15:55:31+08:00 ] ::1 /0610/shop/index.php/Admin/Manager/__CONTROLLER__/verifyImg
ERR: 非法操作:__CONTROLLER__

[ 2016-12-11T15:55:31+08:00 ] ::1 /0610/shop/index.php/Admin/Manager/%3C?php%20echo%20ADMIN_IMG_URL?%3Euser_botton.gif
ERR: 非法操作:

[ 2016-12-11T15:55:41+08:00 ] ::1 /0610/shop/index.php/Admin/Manager/__CONTROLLER__/verifyImg
ERR: 非法操作:__CONTROLLER__

[ 2016-12-11T15:55:41+08:00 ] ::1 /0610/shop/index.php/Admin/Manager/%3C?php%20echo%20ADMIN_CSS_URL;?%3EUser_Login.css
ERR: 非法操作:

[ 2016-12-11T15:55:41+08:00 ] ::1 /0610/shop/index.php/Admin/Manager/%3C?php%20echo%20ADMIN_IMG_URL?%3Euser_botton.gif
ERR: 非法操作:

[ 2016-12-11T16:05:56+08:00 ] ::1 /0610/shop/index.php/Admin/Manager/%3C?php%20echo%20ADMIN_CSS_URL;?%3EUser_Login.css
ERR: 非法操作:

[ 2016-12-11T16:05:56+08:00 ] ::1 /0610/shop/index.php/Admin/Manager/__CONTROLLER__/verifyImg
ERR: 非法操作:__CONTROLLER__

[ 2016-12-11T16:05:56+08:00 ] ::1 /0610/shop/index.php/Admin/Manager/%3C?php%20echo%20ADMIN_IMG_URL?%3Euser_botton.gif
ERR: 非法操作:

[ 2016-12-11T17:10:59+08:00 ] ::1 /0610/shop/index.php/Admin/Manager/%3C?php%20echo%20ADMIN_CSS_URL;?%3EUser_Login.css
ERR: 非法操作:

[ 2016-12-11T17:10:59+08:00 ] ::1 /0610/shop/index.php/Admin/Manager/__CONTROLLER__/verifyImg
ERR: 非法操作:__CONTROLLER__

[ 2016-12-11T17:10:59+08:00 ] ::1 /0610/shop/index.php/Admin/Manager/%3C?php%20echo%20ADMIN_IMG_URL?%3Euser_botton.gif
ERR: 非法操作:

[ 2016-12-11T17:13:31+08:00 ] ::1 /0610/shop/index.php/Admin/Manager/%3C?php%20echo%20ADMIN_IMG_URL?%3Euser_botton.gif
ERR: 非法操作:

[ 2016-12-11T17:13:31+08:00 ] ::1 /0610/shop/index.php/Admin/Manager/__CONTROLLER__/verifyImg
ERR: 非法操作:__CONTROLLER__

[ 2016-12-11T17:13:33+08:00 ] ::1 /0610/shop/index.php/Admin/Manager/__CONTROLLER__/verifyImg
ERR: 非法操作:__CONTROLLER__

[ 2016-12-11T17:13:33+08:00 ] ::1 /0610/shop/index.php/Admin/Manager/%3C?php%20echo%20ADMIN_IMG_URL?%3Euser_botton.gif
ERR: 非法操作:

[ 2016-12-11T17:15:03+08:00 ] ::1 /0610/shop/index.php/Admin/Manager/__CONTROLLER__/verifyImg
ERR: 非法操作:__CONTROLLER__

[ 2016-12-11T17:15:03+08:00 ] ::1 /0610/shop/index.php/Admin/Manager/%3C?php%20echo%20ADMIN_IMG_URL?%3Euser_botton.gif
ERR: 非法操作:

[ 2016-12-11T17:15:05+08:00 ] ::1 /0610/shop/index.php/Admin/Manager/__CONTROLLER__/verifyImg
ERR: 非法操作:__CONTROLLER__

[ 2016-12-11T17:15:05+08:00 ] ::1 /0610/shop/index.php/Admin/Manager/%3C?php%20echo%20ADMIN_IMG_URL?%3Euser_botton.gif
ERR: 非法操作:

[ 2016-12-11T17:15:07+08:00 ] ::1 /0610/shop/index.php/Admin/Manager/__CONTROLLER__/verifyImg
ERR: 非法操作:__CONTROLLER__

[ 2016-12-11T17:15:07+08:00 ] ::1 /0610/shop/index.php/Admin/Manager/%3C?php%20echo%20ADMIN_IMG_URL?%3Euser_botton.gif
ERR: 非法操作:

[ 2016-12-11T17:18:29+08:00 ] ::1 /0610/shop/index.php/Admin/index/__CONTROLLER__/head.html
ERR: 非法操作:__CONTROLLER__

[ 2016-12-11T17:18:29+08:00 ] ::1 /0610/shop/index.php/Admin/index/__CONTROLLER__/left.html
ERR: 非法操作:__CONTROLLER__

[ 2016-12-11T17:18:29+08:00 ] ::1 /0610/shop/index.php/Admin/index/__CONTROLLER__/right.html
ERR: 非法操作:__CONTROLLER__

[ 2016-12-11T17:18:36+08:00 ] ::1 /0610/shop/index.php/Admin/index/%3C?php%20echo%20ADMIN_IMG_URL?%3Eadmin_p.gif
ERR: 非法操作:

[ 2016-12-11T17:18:36+08:00 ] ::1 /0610/shop/index.php/Admin/index/%3C?php%20echo%20ADMIN_CSS_URL?%3Eadmin.css
ERR: 非法操作:

[ 2016-12-11T17:18:36+08:00 ] ::1 /0610/shop/index.php/Admin/index/%3C?php
ERR: 非法操作:

[ 2016-12-11T17:20:17+08:00 ] ::1 /0610/shop/index.php/Admin/index/%3C?php%20echo%20ADMIN_IMG_URL?%3Eadmin_p.gif
ERR: 非法操作:

[ 2016-12-11T17:20:17+08:00 ] ::1 /0610/shop/index.php/Admin/index/%3C?php%20echo%20ADMIN_CSS_URL?%3Eadmin.css
ERR: 非法操作:

[ 2016-12-11T17:20:19+08:00 ] ::1 /0610/shop/index.php/Admin/index/%3C?php%20echo%20ADMIN_CSS_URL?%3Eadmin.css
ERR: 非法操作:

[ 2016-12-11T17:20:19+08:00 ] ::1 /0610/shop/index.php/Admin/index/%3C?php%20echo%20ADMIN_IMG_URL?%3Eadmin_p.gif
ERR: 非法操作:

[ 2016-12-11T17:21:22+08:00 ] ::1 /0610/shop/index.php/Admin/index/%3C?php%20echo%20ADMIN_CSS_URL?%3Eadmin.css
ERR: 非法操作:

[ 2016-12-11T17:21:45+08:00 ] ::1 /0610/shop/index.php/Admin/index/%3C?php%20echo%20ADMIN_IMG_URL?%3Eadmin_p.gif
ERR: 非法操作:

[ 2016-12-11T17:21:45+08:00 ] ::1 /0610/shop/index.php/Admin/index/%3C?php%20echo%20ADMIN_CSS_URL?%3Eadmin.css
ERR: 非法操作:

[ 2016-12-11T17:21:45+08:00 ] ::1 /0610/shop/index.php/Admin/index/%3C?php
ERR: 非法操作:

[ 2016-12-11T17:24:30+08:00 ] ::1 /0610/shop/index.php/Admin/index/%3C?php%20echo%20ADMIN_CSS_URL?%3Eadmin.css
ERR: 非法操作:

[ 2016-12-11T17:24:30+08:00 ] ::1 /0610/shop/index.php/Admin/index/%3C?php%20echo%20ADMIN_IMG_URL?%3Eheader_left.jpg
ERR: 非法操作:

[ 2016-12-11T17:24:30+08:00 ] ::1 /0610/shop/index.php/Admin/index/%3C?php%20echo%20ADMIN_IMG_URL?%3Eheader_right.jpg
ERR: 非法操作:

[ 2016-12-11T17:24:30+08:00 ] ::1 /0610/shop/index.php/Admin/index/%3C?php%20echo%20ADMIN_IMG_URL?%3Eheader_bg.jpg
ERR: 非法操作:

[ 2016-12-11T17:47:38+08:00 ] ::1 /0610/shop/index.php/Admin/Goods/showlist
ERR: Syntax Error in template "D:/SERVER/AppServ/www/0610/shop/Admin/View\Goods\showlist.html"  on line 12 ".tr_color{background-color: #9F88FF}"  - Unexpected ": ", expected one of: "}" , " "

[ 2016-12-11T17:48:40+08:00 ] ::1 /0610/shop/index.php/Admin/Goods/showlist
ERR: Syntax Error in template "D:/SERVER/AppServ/www/0610/shop/Admin/View\Goods\showlist.html"  on line 12 ".tr_color{background-color: #9F88FF}"  - Unexpected ": ", expected one of: "}" , " "

[ 2016-12-11T17:49:24+08:00 ] ::1 /0610/shop/index.php/Admin/Goods/showlist
ERR: Syntax Error in template "D:/SERVER/AppServ/www/0610/shop/Admin/View\Goods\showlist.html"  on line 59 "&lt;td&gt;{$arr.goods_create_time|date=&quot;Y-m-d H:i:s&quot;,###}&lt;/td&gt;"  - Unexpected "=", expected one of: "}" , " "

[ 2016-12-11T17:49:45+08:00 ] ::1 /0610/shop/index.php/Admin/Goods/%3C?php%20echo%20ADMIN_CSS_URL?%3Emine.css
ERR: 非法操作:

[ 2016-12-11T17:49:45+08:00 ] ::1 /0610/shop/index.php/Admin/Goods/%3C?php%20echo%20SILE_URL%20?%3E.
ERR: 非法操作:

[ 2016-12-11T17:50:31+08:00 ] ::1 /0610/shop/index.php/Admin/Goods/%3C?php%20echo%20ADMIN_CSS_URL?%3Emine.css
ERR: 非法操作:

[ 2016-12-11T17:50:31+08:00 ] ::1 /0610/shop/index.php/Admin/Goods/%3C?php%20echo%20SILE_URL%20?%3E.
ERR: 非法操作:

[ 2016-12-11T17:52:16+08:00 ] ::1 /0610/shop/index.php/Admin/Goods/%3C?php%20echo%20ADMIN_CSS_URL?%3Emine.css
ERR: 非法操作:

[ 2016-12-11T17:52:16+08:00 ] ::1 /0610/shop/index.php/Admin/Goods/%3C?php%20echo%20SILE_URL%20?%3E.
ERR: 非法操作:

[ 2016-12-11T17:52:17+08:00 ] ::1 /0610/shop/index.php/Admin/Goods/%3C?php%20echo%20ADMIN_CSS_URL?%3Emine.css
ERR: 非法操作:

[ 2016-12-11T17:52:17+08:00 ] ::1 /0610/shop/index.php/Admin/Goods/%3C?php%20echo%20SILE_URL%20?%3E.
ERR: 非法操作:

[ 2016-12-11T19:01:53+08:00 ] ::1 /0610/shop/index.php/Admin/Goods/%3C?php%20echo%20SILE_URL%20?%3E.
ERR: 非法操作:

[ 2016-12-11T19:01:56+08:00 ] ::1 /0610/shop/index.php/Admin/Goods/%3C?php%20echo%20SILE_URL%20?%3E.
ERR: 非法操作:

[ 2016-12-11T20:15:21+08:00 ] ::1 /0610/shop/index.php/Admin/Goods/%3C?php%20echo%20ADMIN_CSS_URL?%3Emine.css
ERR: 非法操作:

[ 2016-12-11T20:15:21+08:00 ] ::1 /0610/shop/index.php/Admin/Goods/%3C?php%20echo%20SILE_URL%20?%3E.
ERR: 非法操作:

[ 2016-12-11T20:15:32+08:00 ] ::1 /0610/shop/index.php/Admin/Goods/%3C?php%20echo%20ADMIN_CSS_URL?%3Emine.css
ERR: 非法操作:

[ 2016-12-11T20:15:32+08:00 ] ::1 /0610/shop/index.php/Admin/Goods/%3C?php%20echo%20SILE_URL%20?%3E.
ERR: 非法操作:

[ 2016-12-11T20:15:57+08:00 ] ::1 /0610/shop/index.php/Admin/Goods/%3C?php%20echo%20ADMIN_CSS_URL?%3Emine.css
ERR: 非法操作:

[ 2016-12-11T20:15:57+08:00 ] ::1 /0610/shop/index.php/Admin/Goods/%3C?php%20echo%20SILE_URL%20?%3E.
ERR: 非法操作:

[ 2016-12-11T20:18:12+08:00 ] ::1 /0610/shop/index.php/Admin/Goods/%3C?php%20echo%20ADMIN_CSS_URL?%3Emine.css
ERR: 非法操作:

[ 2016-12-11T20:18:12+08:00 ] ::1 /0610/shop/index.php/Admin/Goods/%3C?php%20echo%20SILE_URL%20?%3E.
ERR: 非法操作:

[ 2016-12-11T20:41:23+08:00 ] ::1 /0610/shop/index.php/Admin/Goods/%7B%20$smarty.const.ADMIN_CSS_URL%7Dmine.css
ERR: 非法操作:{ $smarty.const.ADMIN_CSS_URL}mine.css

[ 2016-12-11T20:41:23+08:00 ] ::1 /0610/shop/index.php/Admin/Goods/%3C?php%20echo%20SILE_URL%20?%3E.
ERR: 非法操作:

[ 2016-12-11T20:44:30+08:00 ] ::1 /0610/shop/index.php/Admin/Goods/%3C?php%20echo%20SILE_URL%20?%3E.{%20$arr.goods_big_img%20}
ERR: 非法操作:

[ 2016-12-11T20:44:30+08:00 ] ::1 /0610/shop/index.php/Admin/Goods/%7B%20$smarty.const.ADMIN_CSS_URL%7Dmine.css
ERR: 非法操作:{ $smarty.const.ADMIN_CSS_URL}mine.css

[ 2016-12-11T20:44:30+08:00 ] ::1 /0610/shop/index.php/Admin/Goods/%3C?php%20echo%20SILE_URL%20?%3E.{%20$arr.goods_small_img%20}
ERR: 非法操作:

[ 2016-12-11T20:45:19+08:00 ] ::1 /0610/shop/index.php/Admin/Goods/showlist
ERR: Syntax Error in template "D:/SERVER/AppServ/www/0610/shop/Admin/View\Goods\showlist.html"  on line 59 "&lt;td&gt;{$arr.goods_create_time|date=&quot;Y-m-d H:i:s&quot;,###}&lt;/td&gt;"  - Unexpected "=", expected one of: "}" , " "

[ 2016-12-11T20:45:37+08:00 ] ::1 /0610/shop/index.php/Admin/Goods/%3C?php%20echo%20SILE_URL%20?%3E.{%20$arr.goods_big_img%20}
ERR: 非法操作:

[ 2016-12-11T20:45:37+08:00 ] ::1 /0610/shop/index.php/Admin/Goods/%7B%20$smarty.const.ADMIN_CSS_URL%7Dmine.css
ERR: 非法操作:{ $smarty.const.ADMIN_CSS_URL}mine.css

[ 2016-12-11T20:45:37+08:00 ] ::1 /0610/shop/index.php/Admin/Goods/%3C?php%20echo%20SILE_URL%20?%3E.{%20$arr.goods_small_img%20}
ERR: 非法操作:

[ 2016-12-11T20:47:23+08:00 ] ::1 /0610/shop/index.php/Admin/Goods/%7B%20$smarty.const.ADMIN_CSS_URL%7Dmine.css
ERR: 非法操作:{ $smarty.const.ADMIN_CSS_URL}mine.css

[ 2016-12-11T20:47:23+08:00 ] ::1 /0610/shop/index.php/Admin/Goods/%3C?php%20echo%20SILE_URL%20?%3E.{%20$arr.goods_big_img%20}
ERR: 非法操作:

[ 2016-12-11T20:47:23+08:00 ] ::1 /0610/shop/index.php/Admin/Goods/%3C?php%20echo%20SILE_URL%20?%3E.{%20$arr.goods_small_img%20}
ERR: 非法操作:

[ 2016-12-11T20:47:45+08:00 ] ::1 /0610/shop/index.php/Admin/Goods/%7B%20$smarty.const.ADMIN_CSS_URL%7Dmine.css
ERR: 非法操作:{ $smarty.const.ADMIN_CSS_URL}mine.css

[ 2016-12-11T20:47:45+08:00 ] ::1 /0610/shop/index.php/Admin/Goods/%3C?php%20echo%20SILE_URL%20?%3E.{%20$arr.goods_small_img%20}
ERR: 非法操作:

[ 2016-12-11T20:47:45+08:00 ] ::1 /0610/shop/index.php/Admin/Goods/%3C?php%20echo%20SILE_URL%20?%3E.{%20$arr.goods_big_img%20}
ERR: 非法操作:

[ 2016-12-11T20:54:06+08:00 ] ::1 /0610/shop/index.php/Admin/Goods/%7B%20$smarty.const.ADMIN_CSS_URL%7Dmine.css
ERR: 非法操作:{ $smarty.const.ADMIN_CSS_URL}mine.css

[ 2016-12-11T20:54:06+08:00 ] ::1 /0610/shop/index.php/Admin/Goods/%3C?php%20echo%20SILE_URL%20?%3E.{%20$arr.goods_big_img%20}
ERR: 非法操作:

[ 2016-12-11T20:54:06+08:00 ] ::1 /0610/shop/index.php/Admin/Goods/%3C?php%20echo%20SILE_URL%20?%3E.{%20$arr.goods_small_img%20}
ERR: 非法操作:

[ 2016-12-11T20:54:15+08:00 ] ::1 /0610/shop/index.php/Admin/Goods/%7B%20$smarty.const.ADMIN_CSS_URL%7Dmine.css
ERR: 非法操作:{ $smarty.const.ADMIN_CSS_URL}mine.css

[ 2016-12-11T20:54:15+08:00 ] ::1 /0610/shop/index.php/Admin/Goods/%3C?php%20echo%20SILE_URL%20?%3E.{%20$arr.goods_big_img%20}
ERR: 非法操作:

[ 2016-12-11T20:54:15+08:00 ] ::1 /0610/shop/index.php/Admin/Goods/%3C?php%20echo%20SILE_URL%20?%3E.{%20$arr.goods_small_img%20}
ERR: 非法操作:

[ 2016-12-11T20:54:20+08:00 ] ::1 /0610/shop/index.php/Admin/Goods/%7B%20$smarty.const.ADMIN_CSS_URL%7Dmine.css
ERR: 非法操作:{ $smarty.const.ADMIN_CSS_URL}mine.css

[ 2016-12-11T20:54:20+08:00 ] ::1 /0610/shop/index.php/Admin/Goods/%3C?php%20echo%20SILE_URL%20?%3E.{%20$arr.goods_big_img%20}
ERR: 非法操作:

[ 2016-12-11T20:54:20+08:00 ] ::1 /0610/shop/index.php/Admin/Goods/%3C?php%20echo%20SILE_URL%20?%3E.{%20$arr.goods_small_img%20}
ERR: 非法操作:

[ 2016-12-11T20:58:35+08:00 ] ::1 /0610/shop/index.php/Admin/Goods/showlist
ERR: Syntax Error in template "D:/SERVER/AppServ/www/0610/shop/Admin/View\Goods\showlist.html"  on line 50 "{foreach name='info' item='arr' key='k'}" missing "from" attribute

[ 2016-12-11T20:58:53+08:00 ] ::1 /0610/shop/index.php/Admin/Goods/%3C?php%20echo%20SILE_URL%20?%3E.{%20$arr.goods_big_img%20}
ERR: 非法操作:

[ 2016-12-11T20:58:53+08:00 ] ::1 /0610/shop/index.php/Admin/Goods/%7B%20$smarty.const.ADMIN_CSS_URL%7Dmine.css
ERR: 非法操作:{ $smarty.const.ADMIN_CSS_URL}mine.css

[ 2016-12-11T20:58:53+08:00 ] ::1 /0610/shop/index.php/Admin/Goods/%3C?php%20echo%20SILE_URL%20?%3E.{%20$arr.goods_small_img%20}
ERR: 非法操作:

[ 2016-12-11T20:59:02+08:00 ] ::1 /0610/shop/index.php/Admin/Goods/%7B%20$smarty.const.ADMIN_CSS_URL%7Dmine.css
ERR: 非法操作:{ $smarty.const.ADMIN_CSS_URL}mine.css

[ 2016-12-11T20:59:02+08:00 ] ::1 /0610/shop/index.php/Admin/Goods/%3C?php%20echo%20SILE_URL%20?%3E.{%20$arr.goods_big_img%20}
ERR: 非法操作:

[ 2016-12-11T20:59:02+08:00 ] ::1 /0610/shop/index.php/Admin/Goods/%3C?php%20echo%20SILE_URL%20?%3E.{%20$arr.goods_small_img%20}
ERR: 非法操作:

[ 2016-12-11T20:59:44+08:00 ] ::1 /0610/shop/index.php/Admin/Goods/showlist
ERR: Syntax Error in template "D:/SERVER/AppServ/www/0610/shop/Admin/View\Goods\showlist.html"  on line 59 "&lt;td&gt;{$arr.goods_create_time|date=&quot;Y-m-d H:i:s&quot;,###}&lt;/td&gt;"  - Unexpected "=", expected one of: "}" , " "

[ 2016-12-11T21:00:01+08:00 ] ::1 /0610/shop/index.php/Admin/Goods/showlist
ERR: Syntax Error in template "D:/SERVER/AppServ/www/0610/shop/Admin/View\Goods\showlist.html"  on line 59 "&lt;td&gt;{$arr.goods_create_time|date=&quot;Y-m-d H:i:s&quot;,###}&lt;/td&gt;"  - Unexpected "=", expected one of: "}" , " "

[ 2016-12-11T21:00:19+08:00 ] ::1 /0610/shop/index.php/Admin/Goods/showlist
ERR: Syntax Error in template "D:/SERVER/AppServ/www/0610/shop/Admin/View\Goods\showlist.html"  on line 59 "&lt;td&gt;{$arr.goods_create_time|date=&quot;Y-m-d H:i:s&quot;,###}&lt;/td&gt;"  - Unexpected "=", expected one of: "}" , " "

[ 2016-12-11T21:00:39+08:00 ] ::1 /0610/shop/index.php/Admin/Goods/%7B%20$smarty.const.ADMIN_CSS_URL%7Dmine.css
ERR: 非法操作:{ $smarty.const.ADMIN_CSS_URL}mine.css

[ 2016-12-11T21:00:39+08:00 ] ::1 /0610/shop/index.php/Admin/Goods/%3C?php%20echo%20SILE_URL%20?%3E.{%20$arr.goods_big_img%20}
ERR: 非法操作:

[ 2016-12-11T21:00:39+08:00 ] ::1 /0610/shop/index.php/Admin/Goods/%3C?php%20echo%20SILE_URL%20?%3E.{%20$arr.goods_small_img%20}
ERR: 非法操作:

[ 2016-12-11T21:29:39+08:00 ] ::1 /0610/shop/index.php/Admin/Goods/%3C?php%20echo%20SILE_URL%20?%3E.{%20$arr.goods_big_img%20}
ERR: 非法操作:

[ 2016-12-11T21:29:39+08:00 ] ::1 /0610/shop/index.php/Admin/Goods/%7B%20$smarty.const.ADMIN_CSS_URL%7Dmine.css
ERR: 非法操作:{ $smarty.const.ADMIN_CSS_URL}mine.css

[ 2016-12-11T21:29:39+08:00 ] ::1 /0610/shop/index.php/Admin/Goods/%3C?php%20echo%20SILE_URL%20?%3E.{%20$arr.goods_small_img%20}
ERR: 非法操作:

[ 2016-12-11T21:29:42+08:00 ] ::1 /0610/shop/index.php/Admin/Goods/%3C?php%20echo%20SILE_URL%20?%3E.{%20$arr.goods_big_img%20}
ERR: 非法操作:

[ 2016-12-11T21:29:42+08:00 ] ::1 /0610/shop/index.php/Admin/Goods/%7B%20$smarty.const.ADMIN_CSS_URL%7Dmine.css
ERR: 非法操作:{ $smarty.const.ADMIN_CSS_URL}mine.css

[ 2016-12-11T21:29:42+08:00 ] ::1 /0610/shop/index.php/Admin/Goods/%3C?php%20echo%20SILE_URL%20?%3E.{%20$arr.goods_small_img%20}
ERR: 非法操作:

