[ 2016-12-25T21:10:43+08:00 ] ::1 /0610/shop/index.php/Admin/Goods/showlist
INFO: [ app_begin ] --START--
INFO: Run Behavior\ReadHtmlCache [ RunTime:0.017001s ]
INFO: [ app_begin ] --END-- [ RunTime:0.018001s ]
NOTIC: [8192] mysql_connect(): The mysql extension is deprecated and will be removed in the future: use mysqli or PDO instead D:\SERVER\AppServ\www\0610\ThinkPHP\Library\Think\Db\Driver\Mysql.class.php 第 52 行.
SQL: SHOW COLUMNS FROM `sw_goods` [ RunTime:0.704040s ]
SQL: SELECT * FROM `sw_goods`  [ RunTime:0.020001s ]
INFO: [ view_parse ] --START--
ERR: Syntax Error in template "D:/SERVER/AppServ/www/0610/shop/Admin/View\Goods\showlist.html"  on line 57 "&lt;td&gt;{$arr.goods_create_time|data_format:&quot;%Y-%m-%d %T&quot;}&lt;/td&gt;" unknown modifier "data_format"

[ 2016-12-25T21:18:05+08:00 ] ::1 /0610/shop/index.php/Admin/Goods/showlist
INFO: [ app_begin ] --START--
INFO: Run Behavior\ReadHtmlCache [ RunTime:0.000000s ]
INFO: [ app_begin ] --END-- [ RunTime:0.000000s ]
NOTIC: [8192] mysql_connect(): The mysql extension is deprecated and will be removed in the future: use mysqli or PDO instead D:\SERVER\AppServ\www\0610\ThinkPHP\Library\Think\Db\Driver\Mysql.class.php 第 52 行.
SQL: SHOW COLUMNS FROM `sw_goods` [ RunTime:0.018001s ]
SQL: SELECT * FROM `sw_goods`  [ RunTime:0.026002s ]
INFO: [ view_parse ] --START--
ERR: Syntax Error in template "D:/SERVER/AppServ/www/0610/shop/Admin/View\Goods\showlist.html"  on line 57 "&lt;td&gt;{$arr.goods_create_time|data_format:&quot;%Y-%m-%d %T&quot;}&lt;/td&gt;" unknown modifier "data_format"

[ 2016-12-25T21:18:24+08:00 ] ::1 /0610/shop/index.php/Admin/
INFO: [ app_begin ] --START--
INFO: Run Behavior\ReadHtmlCache [ RunTime:0.001001s ]
INFO: [ app_begin ] --END-- [ RunTime:0.002001s ]
INFO: [ view_parse ] --START--
INFO: Run Behavior\ParseTemplate [ RunTime:0.026001s ]
INFO: [ view_parse ] --END-- [ RunTime:0.027001s ]
INFO: [ view_filter ] --START--
INFO: Run Behavior\WriteHtmlCache [ RunTime:0.001000s ]
INFO: [ view_filter ] --END-- [ RunTime:0.001000s ]
INFO: [ app_end ] --START--
INFO: Run Behavior\ShowPageTrace [ RunTime:0.001000s ]
INFO: [ app_end ] --END-- [ RunTime:0.001000s ]

[ 2016-12-25T21:18:24+08:00 ] ::1 /0610/shop/index.php/Admin/Index/head
INFO: [ app_begin ] --START--
INFO: Run Behavior\ReadHtmlCache [ RunTime:0.001000s ]
INFO: [ app_begin ] --END-- [ RunTime:0.002000s ]
INFO: [ view_parse ] --START--
NOTIC: [8] Undefined index: Think D:\SERVER\AppServ\www\0610\shop\Runtime\Cache\71be5df2cddb1caee729179a47e4cab0579a9010.file.head.html.php 第 42 行.
NOTIC: [8] Trying to get property of non-object D:\SERVER\AppServ\www\0610\shop\Runtime\Cache\71be5df2cddb1caee729179a47e4cab0579a9010.file.head.html.php 第 42 行.
INFO: Run Behavior\ParseTemplate [ RunTime:0.029001s ]
INFO: [ view_parse ] --END-- [ RunTime:0.030001s ]
INFO: [ view_filter ] --START--
INFO: Run Behavior\WriteHtmlCache [ RunTime:0.001001s ]
INFO: [ view_filter ] --END-- [ RunTime:0.001001s ]
INFO: [ app_end ] --START--
INFO: Run Behavior\ShowPageTrace [ RunTime:0.001000s ]
INFO: [ app_end ] --END-- [ RunTime:0.001000s ]

[ 2016-12-25T21:18:24+08:00 ] ::1 /0610/shop/index.php/Admin/Index/left
INFO: [ app_begin ] --START--
INFO: Run Behavior\ReadHtmlCache [ RunTime:0.001000s ]
INFO: [ app_begin ] --END-- [ RunTime:0.002000s ]
INFO: [ view_parse ] --START--
NOTIC: [8] Undefined index: arr D:\SERVER\AppServ\www\0610\shop\Runtime\Cache\920718c8608b372f806d07c2318b9a63fb16e45c.file.left.html.php 第 65 行.
NOTIC: [8] Trying to get property of non-object D:\SERVER\AppServ\www\0610\shop\Runtime\Cache\920718c8608b372f806d07c2318b9a63fb16e45c.file.left.html.php 第 65 行.
NOTIC: [8] Undefined index: arr D:\SERVER\AppServ\www\0610\shop\Runtime\Cache\920718c8608b372f806d07c2318b9a63fb16e45c.file.left.html.php 第 67 行.
NOTIC: [8] Trying to get property of non-object D:\SERVER\AppServ\www\0610\shop\Runtime\Cache\920718c8608b372f806d07c2318b9a63fb16e45c.file.left.html.php 第 67 行.
NOTIC: [8] Undefined index: arr D:\SERVER\AppServ\www\0610\shop\Runtime\Cache\920718c8608b372f806d07c2318b9a63fb16e45c.file.left.html.php 第 71 行.
NOTIC: [8] Trying to get property of non-object D:\SERVER\AppServ\www\0610\shop\Runtime\Cache\920718c8608b372f806d07c2318b9a63fb16e45c.file.left.html.php 第 71 行.
NOTIC: [8] Undefined index: arr1 D:\SERVER\AppServ\www\0610\shop\Runtime\Cache\920718c8608b372f806d07c2318b9a63fb16e45c.file.left.html.php 第 80 行.
NOTIC: [8] Trying to get property of non-object D:\SERVER\AppServ\www\0610\shop\Runtime\Cache\920718c8608b372f806d07c2318b9a63fb16e45c.file.left.html.php 第 80 行.
NOTIC: [8] Undefined index: arr1 D:\SERVER\AppServ\www\0610\shop\Runtime\Cache\920718c8608b372f806d07c2318b9a63fb16e45c.file.left.html.php 第 81 行.
NOTIC: [8] Trying to get property of non-object D:\SERVER\AppServ\www\0610\shop\Runtime\Cache\920718c8608b372f806d07c2318b9a63fb16e45c.file.left.html.php 第 81 行.
NOTIC: [8] Undefined index: arr1 D:\SERVER\AppServ\www\0610\shop\Runtime\Cache\920718c8608b372f806d07c2318b9a63fb16e45c.file.left.html.php 第 82 行.
NOTIC: [8] Trying to get property of non-object D:\SERVER\AppServ\www\0610\shop\Runtime\Cache\920718c8608b372f806d07c2318b9a63fb16e45c.file.left.html.php 第 82 行.
INFO: Run Behavior\ParseTemplate [ RunTime:0.062003s ]
INFO: [ view_parse ] --END-- [ RunTime:0.062003s ]
INFO: [ view_filter ] --START--
INFO: Run Behavior\WriteHtmlCache [ RunTime:0.001000s ]
INFO: [ view_filter ] --END-- [ RunTime:0.001000s ]
INFO: [ app_end ] --START--
INFO: Run Behavior\ShowPageTrace [ RunTime:0.002000s ]
INFO: [ app_end ] --END-- [ RunTime:0.002000s ]

[ 2016-12-25T21:18:24+08:00 ] ::1 /0610/shop/index.php/Admin/Index/right
INFO: [ app_begin ] --START--
INFO: Run Behavior\ReadHtmlCache [ RunTime:0.001000s ]
INFO: [ app_begin ] --END-- [ RunTime:0.002000s ]
INFO: [ view_parse ] --START--
INFO: Run Behavior\ParseTemplate [ RunTime:0.041002s ]
INFO: [ view_parse ] --END-- [ RunTime:0.041002s ]
INFO: [ view_filter ] --START--
INFO: Run Behavior\WriteHtmlCache [ RunTime:0.001000s ]
INFO: [ view_filter ] --END-- [ RunTime:0.001000s ]
INFO: [ app_end ] --START--
INFO: Run Behavior\ShowPageTrace [ RunTime:0.001000s ]
INFO: [ app_end ] --END-- [ RunTime:0.001000s ]

[ 2016-12-25T21:18:30+08:00 ] ::1 /0610/shop/index.php/Admin/login
INFO: [ app_begin ] --START--
INFO: Run Behavior\ReadHtmlCache [ RunTime:0.001000s ]
INFO: [ app_begin ] --END-- [ RunTime:0.002000s ]
ERR: 无法加载控制器:Login

[ 2016-12-25T21:28:54+08:00 ] ::1 /0610/shop/index.php/Admin/login
INFO: [ app_begin ] --START--
INFO: Run Behavior\ReadHtmlCache [ RunTime:0.001000s ]
INFO: [ app_begin ] --END-- [ RunTime:0.001000s ]
ERR: 无法加载控制器:Login

[ 2016-12-25T21:29:26+08:00 ] ::1 /0610/shop/index.php/Admin/Manager/login
INFO: [ app_begin ] --START--
INFO: Run Behavior\ReadHtmlCache [ RunTime:0.002000s ]
INFO: [ app_begin ] --END-- [ RunTime:0.017600s ]
INFO: [ view_parse ] --START--
INFO: Run Behavior\ParseTemplate [ RunTime:0.101006s ]
INFO: [ view_parse ] --END-- [ RunTime:0.101006s ]
INFO: [ view_filter ] --START--
INFO: Run Behavior\WriteHtmlCache [ RunTime:0.001000s ]
INFO: [ view_filter ] --END-- [ RunTime:0.002000s ]
INFO: [ app_end ] --START--
INFO: Run Behavior\ShowPageTrace [ RunTime:0.001000s ]
INFO: [ app_end ] --END-- [ RunTime:0.001000s ]

[ 2016-12-25T21:29:27+08:00 ] ::1 /0610/shop/index.php/Admin/Manager/verifyImg
INFO: [ app_begin ] --START--
INFO: Run Behavior\ReadHtmlCache [ RunTime:0.002000s ]
INFO: [ app_begin ] --END-- [ RunTime:0.002000s ]
INFO: [ app_end ] --START--
INFO: Run Behavior\ShowPageTrace [ RunTime:0.001001s ]
INFO: [ app_end ] --END-- [ RunTime:0.001001s ]

[ 2016-12-25T21:29:29+08:00 ] ::1 /0610/shop/index.php/Admin/Manager/verifyImg/0.28148853783693006
INFO: [ app_begin ] --START--
INFO: Run Behavior\ReadHtmlCache [ RunTime:0.001000s ]
INFO: [ app_begin ] --END-- [ RunTime:0.002000s ]
INFO: [ app_end ] --START--
INFO: Run Behavior\ShowPageTrace [ RunTime:0.001000s ]
INFO: [ app_end ] --END-- [ RunTime:0.002000s ]

[ 2016-12-25T21:29:29+08:00 ] ::1 /0610/shop/index.php/Admin/Manager/verifyImg/0.04043953953676627
INFO: [ app_begin ] --START--
INFO: Run Behavior\ReadHtmlCache [ RunTime:0.000000s ]
INFO: [ app_begin ] --END-- [ RunTime:0.000000s ]
INFO: [ app_end ] --START--
INFO: Run Behavior\ShowPageTrace [ RunTime:0.001000s ]
INFO: [ app_end ] --END-- [ RunTime:0.001000s ]

[ 2016-12-25T21:35:56+08:00 ] ::1 /0610/shop/index.php/Admin/Manager/left
INFO: [ app_begin ] --START--
INFO: Run Behavior\ReadHtmlCache [ RunTime:0.001000s ]
INFO: [ app_begin ] --END-- [ RunTime:0.001000s ]
ERR: 非法操作:left

[ 2016-12-25T21:36:57+08:00 ] ::1 /0610/shop/index.php/Admin/View/left
INFO: [ app_begin ] --START--
INFO: Run Behavior\ReadHtmlCache [ RunTime:0.001000s ]
INFO: [ app_begin ] --END-- [ RunTime:0.003001s ]
ERR: 无法加载控制器:View

[ 2016-12-25T21:37:30+08:00 ] ::1 /0610/shop/index.php/Admin/index/index
INFO: [ app_begin ] --START--
INFO: Run Behavior\ReadHtmlCache [ RunTime:0.001000s ]
INFO: [ app_begin ] --END-- [ RunTime:0.002000s ]
INFO: [ view_parse ] --START--
INFO: Run Behavior\ParseTemplate [ RunTime:0.015001s ]
INFO: [ view_parse ] --END-- [ RunTime:0.015001s ]
INFO: [ view_filter ] --START--
INFO: Run Behavior\WriteHtmlCache [ RunTime:0.001000s ]
INFO: [ view_filter ] --END-- [ RunTime:0.001000s ]
INFO: [ app_end ] --START--
INFO: Run Behavior\ShowPageTrace [ RunTime:0.002000s ]
INFO: [ app_end ] --END-- [ RunTime:0.002000s ]

[ 2016-12-25T21:37:30+08:00 ] ::1 /0610/shop/index.php/Admin/Index/head
INFO: [ app_begin ] --START--
INFO: Run Behavior\ReadHtmlCache [ RunTime:0.001000s ]
INFO: [ app_begin ] --END-- [ RunTime:0.002000s ]
INFO: [ view_parse ] --START--
NOTIC: [8] Undefined index: Think D:\SERVER\AppServ\www\0610\shop\Runtime\Cache\71be5df2cddb1caee729179a47e4cab0579a9010.file.head.html.php 第 42 行.
NOTIC: [8] Trying to get property of non-object D:\SERVER\AppServ\www\0610\shop\Runtime\Cache\71be5df2cddb1caee729179a47e4cab0579a9010.file.head.html.php 第 42 行.
INFO: Run Behavior\ParseTemplate [ RunTime:0.019001s ]
INFO: [ view_parse ] --END-- [ RunTime:0.019001s ]
INFO: [ view_filter ] --START--
INFO: Run Behavior\WriteHtmlCache [ RunTime:0.000000s ]
INFO: [ view_filter ] --END-- [ RunTime:0.000000s ]
INFO: [ app_end ] --START--
INFO: Run Behavior\ShowPageTrace [ RunTime:0.001000s ]
INFO: [ app_end ] --END-- [ RunTime:0.001000s ]

[ 2016-12-25T21:37:30+08:00 ] ::1 /0610/shop/index.php/Admin/Index/left
INFO: [ app_begin ] --START--
INFO: Run Behavior\ReadHtmlCache [ RunTime:0.003000s ]
INFO: [ app_begin ] --END-- [ RunTime:0.004000s ]
INFO: [ view_parse ] --START--
NOTIC: [8] Undefined index: arr D:\SERVER\AppServ\www\0610\shop\Runtime\Cache\920718c8608b372f806d07c2318b9a63fb16e45c.file.left.html.php 第 65 行.
NOTIC: [8] Trying to get property of non-object D:\SERVER\AppServ\www\0610\shop\Runtime\Cache\920718c8608b372f806d07c2318b9a63fb16e45c.file.left.html.php 第 65 行.
NOTIC: [8] Undefined index: arr D:\SERVER\AppServ\www\0610\shop\Runtime\Cache\920718c8608b372f806d07c2318b9a63fb16e45c.file.left.html.php 第 67 行.
NOTIC: [8] Trying to get property of non-object D:\SERVER\AppServ\www\0610\shop\Runtime\Cache\920718c8608b372f806d07c2318b9a63fb16e45c.file.left.html.php 第 67 行.
NOTIC: [8] Undefined index: arr D:\SERVER\AppServ\www\0610\shop\Runtime\Cache\920718c8608b372f806d07c2318b9a63fb16e45c.file.left.html.php 第 71 行.
NOTIC: [8] Trying to get property of non-object D:\SERVER\AppServ\www\0610\shop\Runtime\Cache\920718c8608b372f806d07c2318b9a63fb16e45c.file.left.html.php 第 71 行.
NOTIC: [8] Undefined index: arr1 D:\SERVER\AppServ\www\0610\shop\Runtime\Cache\920718c8608b372f806d07c2318b9a63fb16e45c.file.left.html.php 第 80 行.
NOTIC: [8] Trying to get property of non-object D:\SERVER\AppServ\www\0610\shop\Runtime\Cache\920718c8608b372f806d07c2318b9a63fb16e45c.file.left.html.php 第 80 行.
NOTIC: [8] Undefined index: arr1 D:\SERVER\AppServ\www\0610\shop\Runtime\Cache\920718c8608b372f806d07c2318b9a63fb16e45c.file.left.html.php 第 81 行.
NOTIC: [8] Trying to get property of non-object D:\SERVER\AppServ\www\0610\shop\Runtime\Cache\920718c8608b372f806d07c2318b9a63fb16e45c.file.left.html.php 第 81 行.
NOTIC: [8] Undefined index: arr1 D:\SERVER\AppServ\www\0610\shop\Runtime\Cache\920718c8608b372f806d07c2318b9a63fb16e45c.file.left.html.php 第 82 行.
NOTIC: [8] Trying to get property of non-object D:\SERVER\AppServ\www\0610\shop\Runtime\Cache\920718c8608b372f806d07c2318b9a63fb16e45c.file.left.html.php 第 82 行.
INFO: Run Behavior\ParseTemplate [ RunTime:0.030002s ]
INFO: [ view_parse ] --END-- [ RunTime:0.030002s ]
INFO: [ view_filter ] --START--
INFO: Run Behavior\WriteHtmlCache [ RunTime:0.001000s ]
INFO: [ view_filter ] --END-- [ RunTime:0.001000s ]
INFO: [ app_end ] --START--
INFO: Run Behavior\ShowPageTrace [ RunTime:0.001000s ]
INFO: [ app_end ] --END-- [ RunTime:0.001000s ]

[ 2016-12-25T21:37:30+08:00 ] ::1 /0610/shop/index.php/Admin/Index/right
INFO: [ app_begin ] --START--
INFO: Run Behavior\ReadHtmlCache [ RunTime:0.001001s ]
INFO: [ app_begin ] --END-- [ RunTime:0.002001s ]
INFO: [ view_parse ] --START--
INFO: Run Behavior\ParseTemplate [ RunTime:0.017001s ]
INFO: [ view_parse ] --END-- [ RunTime:0.017001s ]
INFO: [ view_filter ] --START--
INFO: Run Behavior\WriteHtmlCache [ RunTime:0.000000s ]
INFO: [ view_filter ] --END-- [ RunTime:0.000000s ]
INFO: [ app_end ] --START--
INFO: Run Behavior\ShowPageTrace [ RunTime:0.001000s ]
INFO: [ app_end ] --END-- [ RunTime:0.001000s ]

[ 2016-12-25T21:37:41+08:00 ] ::1 /0610/shop/index.php/Admin/index/left
INFO: [ app_begin ] --START--
INFO: Run Behavior\ReadHtmlCache [ RunTime:0.001000s ]
INFO: [ app_begin ] --END-- [ RunTime:0.002000s ]
INFO: [ view_parse ] --START--
NOTIC: [8] Undefined index: arr D:\SERVER\AppServ\www\0610\shop\Runtime\Cache\920718c8608b372f806d07c2318b9a63fb16e45c.file.left.html.php 第 65 行.
NOTIC: [8] Trying to get property of non-object D:\SERVER\AppServ\www\0610\shop\Runtime\Cache\920718c8608b372f806d07c2318b9a63fb16e45c.file.left.html.php 第 65 行.
NOTIC: [8] Undefined index: arr D:\SERVER\AppServ\www\0610\shop\Runtime\Cache\920718c8608b372f806d07c2318b9a63fb16e45c.file.left.html.php 第 67 行.
NOTIC: [8] Trying to get property of non-object D:\SERVER\AppServ\www\0610\shop\Runtime\Cache\920718c8608b372f806d07c2318b9a63fb16e45c.file.left.html.php 第 67 行.
NOTIC: [8] Undefined index: arr D:\SERVER\AppServ\www\0610\shop\Runtime\Cache\920718c8608b372f806d07c2318b9a63fb16e45c.file.left.html.php 第 71 行.
NOTIC: [8] Trying to get property of non-object D:\SERVER\AppServ\www\0610\shop\Runtime\Cache\920718c8608b372f806d07c2318b9a63fb16e45c.file.left.html.php 第 71 行.
NOTIC: [8] Undefined index: arr1 D:\SERVER\AppServ\www\0610\shop\Runtime\Cache\920718c8608b372f806d07c2318b9a63fb16e45c.file.left.html.php 第 80 行.
NOTIC: [8] Trying to get property of non-object D:\SERVER\AppServ\www\0610\shop\Runtime\Cache\920718c8608b372f806d07c2318b9a63fb16e45c.file.left.html.php 第 80 行.
NOTIC: [8] Undefined index: arr1 D:\SERVER\AppServ\www\0610\shop\Runtime\Cache\920718c8608b372f806d07c2318b9a63fb16e45c.file.left.html.php 第 81 行.
NOTIC: [8] Trying to get property of non-object D:\SERVER\AppServ\www\0610\shop\Runtime\Cache\920718c8608b372f806d07c2318b9a63fb16e45c.file.left.html.php 第 81 行.
NOTIC: [8] Undefined index: arr1 D:\SERVER\AppServ\www\0610\shop\Runtime\Cache\920718c8608b372f806d07c2318b9a63fb16e45c.file.left.html.php 第 82 行.
NOTIC: [8] Trying to get property of non-object D:\SERVER\AppServ\www\0610\shop\Runtime\Cache\920718c8608b372f806d07c2318b9a63fb16e45c.file.left.html.php 第 82 行.
INFO: Run Behavior\ParseTemplate [ RunTime:0.015001s ]
INFO: [ view_parse ] --END-- [ RunTime:0.015001s ]
INFO: [ view_filter ] --START--
INFO: Run Behavior\WriteHtmlCache [ RunTime:0.001000s ]
INFO: [ view_filter ] --END-- [ RunTime:0.002000s ]
INFO: [ app_end ] --START--
INFO: Run Behavior\ShowPageTrace [ RunTime:0.001000s ]
INFO: [ app_end ] --END-- [ RunTime:0.001000s ]

[ 2016-12-25T21:42:52+08:00 ] ::1 /0610/shop/index.php/Admin/index/left
INFO: [ app_begin ] --START--
INFO: Run Behavior\ReadHtmlCache [ RunTime:0.001001s ]
INFO: [ app_begin ] --END-- [ RunTime:0.002001s ]
INFO: [ view_parse ] --START--
NOTIC: [8] Undefined index: arr D:\SERVER\AppServ\www\0610\shop\Runtime\Cache\920718c8608b372f806d07c2318b9a63fb16e45c.file.left.html.php 第 68 行.
NOTIC: [8] Trying to get property of non-object D:\SERVER\AppServ\www\0610\shop\Runtime\Cache\920718c8608b372f806d07c2318b9a63fb16e45c.file.left.html.php 第 68 行.
NOTIC: [8] Undefined index: arr1 D:\SERVER\AppServ\www\0610\shop\Runtime\Cache\920718c8608b372f806d07c2318b9a63fb16e45c.file.left.html.php 第 77 行.
NOTIC: [8] Trying to get property of non-object D:\SERVER\AppServ\www\0610\shop\Runtime\Cache\920718c8608b372f806d07c2318b9a63fb16e45c.file.left.html.php 第 77 行.
NOTIC: [8] Undefined index: arr1 D:\SERVER\AppServ\www\0610\shop\Runtime\Cache\920718c8608b372f806d07c2318b9a63fb16e45c.file.left.html.php 第 78 行.
NOTIC: [8] Trying to get property of non-object D:\SERVER\AppServ\www\0610\shop\Runtime\Cache\920718c8608b372f806d07c2318b9a63fb16e45c.file.left.html.php 第 78 行.
NOTIC: [8] Undefined index: arr1 D:\SERVER\AppServ\www\0610\shop\Runtime\Cache\920718c8608b372f806d07c2318b9a63fb16e45c.file.left.html.php 第 79 行.
NOTIC: [8] Trying to get property of non-object D:\SERVER\AppServ\www\0610\shop\Runtime\Cache\920718c8608b372f806d07c2318b9a63fb16e45c.file.left.html.php 第 79 行.
INFO: Run Behavior\ParseTemplate [ RunTime:0.154008s ]
INFO: [ view_parse ] --END-- [ RunTime:0.154008s ]
INFO: [ view_filter ] --START--
INFO: Run Behavior\WriteHtmlCache [ RunTime:0.001001s ]
INFO: [ view_filter ] --END-- [ RunTime:0.001001s ]
INFO: [ app_end ] --START--
INFO: Run Behavior\ShowPageTrace [ RunTime:0.001000s ]
INFO: [ app_end ] --END-- [ RunTime:0.001000s ]

[ 2016-12-25T21:43:04+08:00 ] ::1 /0610/shop/index.php/Admin/index/left
INFO: [ app_begin ] --START--
INFO: Run Behavior\ReadHtmlCache [ RunTime:0.001000s ]
INFO: [ app_begin ] --END-- [ RunTime:0.001000s ]
INFO: [ view_parse ] --START--
NOTIC: [8] Undefined index: arr D:\SERVER\AppServ\www\0610\shop\Runtime\Cache\920718c8608b372f806d07c2318b9a63fb16e45c.file.left.html.php 第 68 行.
NOTIC: [8] Trying to get property of non-object D:\SERVER\AppServ\www\0610\shop\Runtime\Cache\920718c8608b372f806d07c2318b9a63fb16e45c.file.left.html.php 第 68 行.
NOTIC: [8] Undefined index: arr1 D:\SERVER\AppServ\www\0610\shop\Runtime\Cache\920718c8608b372f806d07c2318b9a63fb16e45c.file.left.html.php 第 77 行.
NOTIC: [8] Trying to get property of non-object D:\SERVER\AppServ\www\0610\shop\Runtime\Cache\920718c8608b372f806d07c2318b9a63fb16e45c.file.left.html.php 第 77 行.
NOTIC: [8] Undefined index: arr1 D:\SERVER\AppServ\www\0610\shop\Runtime\Cache\920718c8608b372f806d07c2318b9a63fb16e45c.file.left.html.php 第 78 行.
NOTIC: [8] Trying to get property of non-object D:\SERVER\AppServ\www\0610\shop\Runtime\Cache\920718c8608b372f806d07c2318b9a63fb16e45c.file.left.html.php 第 78 行.
NOTIC: [8] Undefined index: arr1 D:\SERVER\AppServ\www\0610\shop\Runtime\Cache\920718c8608b372f806d07c2318b9a63fb16e45c.file.left.html.php 第 79 行.
NOTIC: [8] Trying to get property of non-object D:\SERVER\AppServ\www\0610\shop\Runtime\Cache\920718c8608b372f806d07c2318b9a63fb16e45c.file.left.html.php 第 79 行.
INFO: Run Behavior\ParseTemplate [ RunTime:0.070004s ]
INFO: [ view_parse ] --END-- [ RunTime:0.070004s ]
INFO: [ view_filter ] --START--
INFO: Run Behavior\WriteHtmlCache [ RunTime:0.001000s ]
INFO: [ view_filter ] --END-- [ RunTime:0.001000s ]
INFO: [ app_end ] --START--
INFO: Run Behavior\ShowPageTrace [ RunTime:0.001000s ]
INFO: [ app_end ] --END-- [ RunTime:0.001000s ]

[ 2016-12-25T21:45:12+08:00 ] ::1 /0610/shop/index.php/Admin/index/left
INFO: [ app_begin ] --START--
INFO: Run Behavior\ReadHtmlCache [ RunTime:0.001000s ]
INFO: [ app_begin ] --END-- [ RunTime:0.002000s ]
INFO: [ view_parse ] --START--
NOTIC: [8] Undefined index: arr D:\SERVER\AppServ\www\0610\shop\Runtime\Cache\920718c8608b372f806d07c2318b9a63fb16e45c.file.left.html.php 第 68 行.
NOTIC: [8] Trying to get property of non-object D:\SERVER\AppServ\www\0610\shop\Runtime\Cache\920718c8608b372f806d07c2318b9a63fb16e45c.file.left.html.php 第 68 行.
NOTIC: [8] Undefined index: arr1 D:\SERVER\AppServ\www\0610\shop\Runtime\Cache\920718c8608b372f806d07c2318b9a63fb16e45c.file.left.html.php 第 77 行.
NOTIC: [8] Trying to get property of non-object D:\SERVER\AppServ\www\0610\shop\Runtime\Cache\920718c8608b372f806d07c2318b9a63fb16e45c.file.left.html.php 第 77 行.
NOTIC: [8] Undefined index: arr1 D:\SERVER\AppServ\www\0610\shop\Runtime\Cache\920718c8608b372f806d07c2318b9a63fb16e45c.file.left.html.php 第 78 行.
NOTIC: [8] Trying to get property of non-object D:\SERVER\AppServ\www\0610\shop\Runtime\Cache\920718c8608b372f806d07c2318b9a63fb16e45c.file.left.html.php 第 78 行.
NOTIC: [8] Undefined index: arr1 D:\SERVER\AppServ\www\0610\shop\Runtime\Cache\920718c8608b372f806d07c2318b9a63fb16e45c.file.left.html.php 第 79 行.
NOTIC: [8] Trying to get property of non-object D:\SERVER\AppServ\www\0610\shop\Runtime\Cache\920718c8608b372f806d07c2318b9a63fb16e45c.file.left.html.php 第 79 行.
INFO: Run Behavior\ParseTemplate [ RunTime:0.071004s ]
INFO: [ view_parse ] --END-- [ RunTime:0.071004s ]
INFO: [ view_filter ] --START--
INFO: Run Behavior\WriteHtmlCache [ RunTime:0.001000s ]
INFO: [ view_filter ] --END-- [ RunTime:0.001000s ]
INFO: [ app_end ] --START--
INFO: Run Behavior\ShowPageTrace [ RunTime:0.001000s ]
INFO: [ app_end ] --END-- [ RunTime:0.001000s ]

[ 2016-12-25T21:45:15+08:00 ] ::1 /0610/shop/index.php/Admin/index/index
INFO: [ app_begin ] --START--
INFO: Run Behavior\ReadHtmlCache [ RunTime:0.015600s ]
INFO: [ app_begin ] --END-- [ RunTime:0.016600s ]
INFO: [ view_parse ] --START--
INFO: Run Behavior\ParseTemplate [ RunTime:0.015001s ]
INFO: [ view_parse ] --END-- [ RunTime:0.015001s ]
INFO: [ view_filter ] --START--
INFO: Run Behavior\WriteHtmlCache [ RunTime:0.001000s ]
INFO: [ view_filter ] --END-- [ RunTime:0.001000s ]
INFO: [ app_end ] --START--
INFO: Run Behavior\ShowPageTrace [ RunTime:0.000000s ]
INFO: [ app_end ] --END-- [ RunTime:0.001000s ]

[ 2016-12-25T21:45:15+08:00 ] ::1 /0610/shop/index.php/Admin/Index/right
INFO: [ app_begin ] --START--
INFO: Run Behavior\ReadHtmlCache [ RunTime:0.001000s ]
INFO: [ app_begin ] --END-- [ RunTime:0.001000s ]
INFO: [ view_parse ] --START--
INFO: Run Behavior\ParseTemplate [ RunTime:0.016001s ]
INFO: [ view_parse ] --END-- [ RunTime:0.016001s ]
INFO: [ view_filter ] --START--
INFO: Run Behavior\WriteHtmlCache [ RunTime:0.000000s ]
INFO: [ view_filter ] --END-- [ RunTime:0.001000s ]
INFO: [ app_end ] --START--
INFO: Run Behavior\ShowPageTrace [ RunTime:0.000000s ]
INFO: [ app_end ] --END-- [ RunTime:0.000000s ]

[ 2016-12-25T21:45:15+08:00 ] ::1 /0610/shop/index.php/Admin/Index/head
INFO: [ app_begin ] --START--
INFO: Run Behavior\ReadHtmlCache [ RunTime:0.000000s ]
INFO: [ app_begin ] --END-- [ RunTime:0.001000s ]
INFO: [ view_parse ] --START--
NOTIC: [8] Undefined index: Think D:\SERVER\AppServ\www\0610\shop\Runtime\Cache\71be5df2cddb1caee729179a47e4cab0579a9010.file.head.html.php 第 42 行.
NOTIC: [8] Trying to get property of non-object D:\SERVER\AppServ\www\0610\shop\Runtime\Cache\71be5df2cddb1caee729179a47e4cab0579a9010.file.head.html.php 第 42 行.
INFO: Run Behavior\ParseTemplate [ RunTime:0.016001s ]
INFO: [ view_parse ] --END-- [ RunTime:0.016001s ]
INFO: [ view_filter ] --START--
INFO: Run Behavior\WriteHtmlCache [ RunTime:0.001000s ]
INFO: [ view_filter ] --END-- [ RunTime:0.001000s ]
INFO: [ app_end ] --START--
INFO: Run Behavior\ShowPageTrace [ RunTime:0.000000s ]
INFO: [ app_end ] --END-- [ RunTime:0.000000s ]

[ 2016-12-25T21:45:15+08:00 ] ::1 /0610/shop/index.php/Admin/Index/left
INFO: [ app_begin ] --START--
INFO: Run Behavior\ReadHtmlCache [ RunTime:0.000000s ]
INFO: [ app_begin ] --END-- [ RunTime:0.001000s ]
INFO: [ view_parse ] --START--
NOTIC: [8] Undefined index: arr D:\SERVER\AppServ\www\0610\shop\Runtime\Cache\920718c8608b372f806d07c2318b9a63fb16e45c.file.left.html.php 第 68 行.
NOTIC: [8] Trying to get property of non-object D:\SERVER\AppServ\www\0610\shop\Runtime\Cache\920718c8608b372f806d07c2318b9a63fb16e45c.file.left.html.php 第 68 行.
NOTIC: [8] Undefined index: arr1 D:\SERVER\AppServ\www\0610\shop\Runtime\Cache\920718c8608b372f806d07c2318b9a63fb16e45c.file.left.html.php 第 77 行.
NOTIC: [8] Trying to get property of non-object D:\SERVER\AppServ\www\0610\shop\Runtime\Cache\920718c8608b372f806d07c2318b9a63fb16e45c.file.left.html.php 第 77 行.
NOTIC: [8] Undefined index: arr1 D:\SERVER\AppServ\www\0610\shop\Runtime\Cache\920718c8608b372f806d07c2318b9a63fb16e45c.file.left.html.php 第 78 行.
NOTIC: [8] Trying to get property of non-object D:\SERVER\AppServ\www\0610\shop\Runtime\Cache\920718c8608b372f806d07c2318b9a63fb16e45c.file.left.html.php 第 78 行.
NOTIC: [8] Undefined index: arr1 D:\SERVER\AppServ\www\0610\shop\Runtime\Cache\920718c8608b372f806d07c2318b9a63fb16e45c.file.left.html.php 第 79 行.
NOTIC: [8] Trying to get property of non-object D:\SERVER\AppServ\www\0610\shop\Runtime\Cache\920718c8608b372f806d07c2318b9a63fb16e45c.file.left.html.php 第 79 行.
INFO: Run Behavior\ParseTemplate [ RunTime:0.027001s ]
INFO: [ view_parse ] --END-- [ RunTime:0.027001s ]
INFO: [ view_filter ] --START--
INFO: Run Behavior\WriteHtmlCache [ RunTime:0.001000s ]
INFO: [ view_filter ] --END-- [ RunTime:0.002000s ]
INFO: [ app_end ] --START--
INFO: Run Behavior\ShowPageTrace [ RunTime:0.001000s ]
INFO: [ app_end ] --END-- [ RunTime:0.001000s ]

[ 2016-12-25T21:45:18+08:00 ] ::1 /0610/shop/index.php/Admin/Manager/login
INFO: [ app_begin ] --START--
INFO: Run Behavior\ReadHtmlCache [ RunTime:0.001000s ]
INFO: [ app_begin ] --END-- [ RunTime:0.001000s ]
INFO: [ view_parse ] --START--
INFO: Run Behavior\ParseTemplate [ RunTime:0.012000s ]
INFO: [ view_parse ] --END-- [ RunTime:0.013000s ]
INFO: [ view_filter ] --START--
INFO: Run Behavior\WriteHtmlCache [ RunTime:0.000000s ]
INFO: [ view_filter ] --END-- [ RunTime:0.000000s ]
INFO: [ app_end ] --START--
INFO: Run Behavior\ShowPageTrace [ RunTime:0.001000s ]
INFO: [ app_end ] --END-- [ RunTime:0.001000s ]

[ 2016-12-25T21:45:18+08:00 ] ::1 /0610/shop/index.php/Admin/Manager/verifyImg
INFO: [ app_begin ] --START--
INFO: Run Behavior\ReadHtmlCache [ RunTime:0.001000s ]
INFO: [ app_begin ] --END-- [ RunTime:0.001000s ]
INFO: [ app_end ] --START--
INFO: Run Behavior\ShowPageTrace [ RunTime:0.001000s ]
INFO: [ app_end ] --END-- [ RunTime:0.001000s ]

[ 2016-12-25T21:45:21+08:00 ] ::1 /0610/shop/index.php/Admin/
INFO: [ app_begin ] --START--
INFO: Run Behavior\ReadHtmlCache [ RunTime:0.015600s ]
INFO: [ app_begin ] --END-- [ RunTime:0.015600s ]
INFO: [ view_parse ] --START--
INFO: Run Behavior\ParseTemplate [ RunTime:0.014001s ]
INFO: [ view_parse ] --END-- [ RunTime:0.014001s ]
INFO: [ view_filter ] --START--
INFO: Run Behavior\WriteHtmlCache [ RunTime:0.000000s ]
INFO: [ view_filter ] --END-- [ RunTime:0.000000s ]
INFO: [ app_end ] --START--
INFO: Run Behavior\ShowPageTrace [ RunTime:0.000000s ]
INFO: [ app_end ] --END-- [ RunTime:0.000000s ]

[ 2016-12-25T21:45:21+08:00 ] ::1 /0610/shop/index.php/Admin/Index/head
INFO: [ app_begin ] --START--
INFO: Run Behavior\ReadHtmlCache [ RunTime:0.000000s ]
INFO: [ app_begin ] --END-- [ RunTime:0.002000s ]
INFO: [ view_parse ] --START--
NOTIC: [8] Undefined index: Think D:\SERVER\AppServ\www\0610\shop\Runtime\Cache\71be5df2cddb1caee729179a47e4cab0579a9010.file.head.html.php 第 42 行.
NOTIC: [8] Trying to get property of non-object D:\SERVER\AppServ\www\0610\shop\Runtime\Cache\71be5df2cddb1caee729179a47e4cab0579a9010.file.head.html.php 第 42 行.
INFO: Run Behavior\ParseTemplate [ RunTime:0.012001s ]
INFO: [ view_parse ] --END-- [ RunTime:0.012001s ]
INFO: [ view_filter ] --START--
INFO: Run Behavior\WriteHtmlCache [ RunTime:0.001000s ]
INFO: [ view_filter ] --END-- [ RunTime:0.001000s ]
INFO: [ app_end ] --START--
INFO: Run Behavior\ShowPageTrace [ RunTime:0.001000s ]
INFO: [ app_end ] --END-- [ RunTime:0.001000s ]

[ 2016-12-25T21:45:22+08:00 ] ::1 /0610/shop/index.php/Admin/Index/left
INFO: [ app_begin ] --START--
INFO: Run Behavior\ReadHtmlCache [ RunTime:0.000000s ]
INFO: [ app_begin ] --END-- [ RunTime:0.001000s ]
INFO: [ view_parse ] --START--
NOTIC: [8] Undefined index: arr D:\SERVER\AppServ\www\0610\shop\Runtime\Cache\920718c8608b372f806d07c2318b9a63fb16e45c.file.left.html.php 第 68 行.
NOTIC: [8] Trying to get property of non-object D:\SERVER\AppServ\www\0610\shop\Runtime\Cache\920718c8608b372f806d07c2318b9a63fb16e45c.file.left.html.php 第 68 行.
NOTIC: [8] Undefined index: arr1 D:\SERVER\AppServ\www\0610\shop\Runtime\Cache\920718c8608b372f806d07c2318b9a63fb16e45c.file.left.html.php 第 77 行.
NOTIC: [8] Trying to get property of non-object D:\SERVER\AppServ\www\0610\shop\Runtime\Cache\920718c8608b372f806d07c2318b9a63fb16e45c.file.left.html.php 第 77 行.
NOTIC: [8] Undefined index: arr1 D:\SERVER\AppServ\www\0610\shop\Runtime\Cache\920718c8608b372f806d07c2318b9a63fb16e45c.file.left.html.php 第 78 行.
NOTIC: [8] Trying to get property of non-object D:\SERVER\AppServ\www\0610\shop\Runtime\Cache\920718c8608b372f806d07c2318b9a63fb16e45c.file.left.html.php 第 78 行.
NOTIC: [8] Undefined index: arr1 D:\SERVER\AppServ\www\0610\shop\Runtime\Cache\920718c8608b372f806d07c2318b9a63fb16e45c.file.left.html.php 第 79 行.
NOTIC: [8] Trying to get property of non-object D:\SERVER\AppServ\www\0610\shop\Runtime\Cache\920718c8608b372f806d07c2318b9a63fb16e45c.file.left.html.php 第 79 行.
INFO: Run Behavior\ParseTemplate [ RunTime:0.016000s ]
INFO: [ view_parse ] --END-- [ RunTime:0.016000s ]
INFO: [ view_filter ] --START--
INFO: Run Behavior\WriteHtmlCache [ RunTime:0.001001s ]
INFO: [ view_filter ] --END-- [ RunTime:0.001001s ]
INFO: [ app_end ] --START--
INFO: Run Behavior\ShowPageTrace [ RunTime:0.000000s ]
INFO: [ app_end ] --END-- [ RunTime:0.001000s ]

[ 2016-12-25T21:45:22+08:00 ] ::1 /0610/shop/index.php/Admin/Index/right
INFO: [ app_begin ] --START--
INFO: Run Behavior\ReadHtmlCache [ RunTime:0.001001s ]
INFO: [ app_begin ] --END-- [ RunTime:0.002001s ]
INFO: [ view_parse ] --START--
INFO: Run Behavior\ParseTemplate [ RunTime:0.015001s ]
INFO: [ view_parse ] --END-- [ RunTime:0.015001s ]
INFO: [ view_filter ] --START--
INFO: Run Behavior\WriteHtmlCache [ RunTime:0.001000s ]
INFO: [ view_filter ] --END-- [ RunTime:0.001000s ]
INFO: [ app_end ] --START--
INFO: Run Behavior\ShowPageTrace [ RunTime:0.000000s ]
INFO: [ app_end ] --END-- [ RunTime:0.000000s ]

[ 2016-12-25T21:52:33+08:00 ] ::1 /0610/shop/index.php/Admin/index/index
INFO: [ app_begin ] --START--
INFO: Run Behavior\ReadHtmlCache [ RunTime:0.001000s ]
INFO: [ app_begin ] --END-- [ RunTime:0.002000s ]
INFO: [ view_parse ] --START--
INFO: Run Behavior\ParseTemplate [ RunTime:0.013001s ]
INFO: [ view_parse ] --END-- [ RunTime:0.013001s ]
INFO: [ view_filter ] --START--
INFO: Run Behavior\WriteHtmlCache [ RunTime:0.000000s ]
INFO: [ view_filter ] --END-- [ RunTime:0.000000s ]
INFO: [ app_end ] --START--
INFO: Run Behavior\ShowPageTrace [ RunTime:0.001000s ]
INFO: [ app_end ] --END-- [ RunTime:0.001000s ]

[ 2016-12-25T21:52:33+08:00 ] ::1 /0610/shop/index.php/Admin/Index/head
INFO: [ app_begin ] --START--
INFO: Run Behavior\ReadHtmlCache [ RunTime:0.001000s ]
INFO: [ app_begin ] --END-- [ RunTime:0.002000s ]
INFO: [ view_parse ] --START--
NOTIC: [8] Undefined index: Think D:\SERVER\AppServ\www\0610\shop\Runtime\Cache\71be5df2cddb1caee729179a47e4cab0579a9010.file.head.html.php 第 42 行.
NOTIC: [8] Trying to get property of non-object D:\SERVER\AppServ\www\0610\shop\Runtime\Cache\71be5df2cddb1caee729179a47e4cab0579a9010.file.head.html.php 第 42 行.
INFO: Run Behavior\ParseTemplate [ RunTime:0.012001s ]
INFO: [ view_parse ] --END-- [ RunTime:0.012001s ]
INFO: [ view_filter ] --START--
INFO: Run Behavior\WriteHtmlCache [ RunTime:0.000000s ]
INFO: [ view_filter ] --END-- [ RunTime:0.000000s ]
INFO: [ app_end ] --START--
INFO: Run Behavior\ShowPageTrace [ RunTime:0.000000s ]
INFO: [ app_end ] --END-- [ RunTime:0.001000s ]

[ 2016-12-25T21:52:33+08:00 ] ::1 /0610/shop/index.php/Admin/Index/left
INFO: [ app_begin ] --START--
INFO: Run Behavior\ReadHtmlCache [ RunTime:0.001000s ]
INFO: [ app_begin ] --END-- [ RunTime:0.001000s ]
INFO: [ view_parse ] --START--
NOTIC: [8] Undefined index: arr D:\SERVER\AppServ\www\0610\shop\Runtime\Cache\920718c8608b372f806d07c2318b9a63fb16e45c.file.left.html.php 第 68 行.
NOTIC: [8] Trying to get property of non-object D:\SERVER\AppServ\www\0610\shop\Runtime\Cache\920718c8608b372f806d07c2318b9a63fb16e45c.file.left.html.php 第 68 行.
NOTIC: [8] Undefined index: arr1 D:\SERVER\AppServ\www\0610\shop\Runtime\Cache\920718c8608b372f806d07c2318b9a63fb16e45c.file.left.html.php 第 77 行.
NOTIC: [8] Trying to get property of non-object D:\SERVER\AppServ\www\0610\shop\Runtime\Cache\920718c8608b372f806d07c2318b9a63fb16e45c.file.left.html.php 第 77 行.
NOTIC: [8] Undefined index: arr1 D:\SERVER\AppServ\www\0610\shop\Runtime\Cache\920718c8608b372f806d07c2318b9a63fb16e45c.file.left.html.php 第 78 行.
NOTIC: [8] Trying to get property of non-object D:\SERVER\AppServ\www\0610\shop\Runtime\Cache\920718c8608b372f806d07c2318b9a63fb16e45c.file.left.html.php 第 78 行.
NOTIC: [8] Undefined index: arr1 D:\SERVER\AppServ\www\0610\shop\Runtime\Cache\920718c8608b372f806d07c2318b9a63fb16e45c.file.left.html.php 第 79 行.
NOTIC: [8] Trying to get property of non-object D:\SERVER\AppServ\www\0610\shop\Runtime\Cache\920718c8608b372f806d07c2318b9a63fb16e45c.file.left.html.php 第 79 行.
INFO: Run Behavior\ParseTemplate [ RunTime:0.073004s ]
INFO: [ view_parse ] --END-- [ RunTime:0.073004s ]
INFO: [ view_filter ] --START--
INFO: Run Behavior\WriteHtmlCache [ RunTime:0.002000s ]
INFO: [ view_filter ] --END-- [ RunTime:0.002000s ]
INFO: [ app_end ] --START--
INFO: Run Behavior\ShowPageTrace [ RunTime:0.001000s ]
INFO: [ app_end ] --END-- [ RunTime:0.001000s ]

[ 2016-12-25T21:52:34+08:00 ] ::1 /0610/shop/index.php/Admin/Index/right
INFO: [ app_begin ] --START--
INFO: Run Behavior\ReadHtmlCache [ RunTime:0.001000s ]
INFO: [ app_begin ] --END-- [ RunTime:0.002000s ]
INFO: [ view_parse ] --START--
INFO: Run Behavior\ParseTemplate [ RunTime:0.017001s ]
INFO: [ view_parse ] --END-- [ RunTime:0.017001s ]
INFO: [ view_filter ] --START--
INFO: Run Behavior\WriteHtmlCache [ RunTime:0.000000s ]
INFO: [ view_filter ] --END-- [ RunTime:0.000000s ]
INFO: [ app_end ] --START--
INFO: Run Behavior\ShowPageTrace [ RunTime:0.001000s ]
INFO: [ app_end ] --END-- [ RunTime:0.001000s ]

[ 2016-12-25T21:57:11+08:00 ] ::1 /0610/shop/index.php/Admin/index/left
INFO: [ app_begin ] --START--
INFO: Run Behavior\ReadHtmlCache [ RunTime:0.001000s ]
INFO: [ app_begin ] --END-- [ RunTime:0.001000s ]
INFO: [ view_parse ] --START--
NOTIC: [8] Undefined index: arr D:\SERVER\AppServ\www\0610\shop\Runtime\Cache\920718c8608b372f806d07c2318b9a63fb16e45c.file.left.html.php 第 68 行.
NOTIC: [8] Trying to get property of non-object D:\SERVER\AppServ\www\0610\shop\Runtime\Cache\920718c8608b372f806d07c2318b9a63fb16e45c.file.left.html.php 第 68 行.
NOTIC: [8] Undefined index: arr1 D:\SERVER\AppServ\www\0610\shop\Runtime\Cache\920718c8608b372f806d07c2318b9a63fb16e45c.file.left.html.php 第 77 行.
NOTIC: [8] Trying to get property of non-object D:\SERVER\AppServ\www\0610\shop\Runtime\Cache\920718c8608b372f806d07c2318b9a63fb16e45c.file.left.html.php 第 77 行.
NOTIC: [8] Undefined index: arr1 D:\SERVER\AppServ\www\0610\shop\Runtime\Cache\920718c8608b372f806d07c2318b9a63fb16e45c.file.left.html.php 第 78 行.
NOTIC: [8] Trying to get property of non-object D:\SERVER\AppServ\www\0610\shop\Runtime\Cache\920718c8608b372f806d07c2318b9a63fb16e45c.file.left.html.php 第 78 行.
NOTIC: [8] Undefined index: arr1 D:\SERVER\AppServ\www\0610\shop\Runtime\Cache\920718c8608b372f806d07c2318b9a63fb16e45c.file.left.html.php 第 79 行.
NOTIC: [8] Trying to get property of non-object D:\SERVER\AppServ\www\0610\shop\Runtime\Cache\920718c8608b372f806d07c2318b9a63fb16e45c.file.left.html.php 第 79 行.
INFO: Run Behavior\ParseTemplate [ RunTime:0.073004s ]
INFO: [ view_parse ] --END-- [ RunTime:0.073004s ]
INFO: [ view_filter ] --START--
INFO: Run Behavior\WriteHtmlCache [ RunTime:0.001000s ]
INFO: [ view_filter ] --END-- [ RunTime:0.001000s ]
INFO: [ app_end ] --START--
INFO: Run Behavior\ShowPageTrace [ RunTime:0.001000s ]
INFO: [ app_end ] --END-- [ RunTime:0.001000s ]

[ 2016-12-25T21:57:18+08:00 ] ::1 /0610/shop/index.php/Admin/index/left
INFO: [ app_begin ] --START--
INFO: Run Behavior\ReadHtmlCache [ RunTime:0.001000s ]
INFO: [ app_begin ] --END-- [ RunTime:0.002000s ]
INFO: [ view_parse ] --START--
NOTIC: [8] Undefined index: arr D:\SERVER\AppServ\www\0610\shop\Runtime\Cache\920718c8608b372f806d07c2318b9a63fb16e45c.file.left.html.php 第 68 行.
NOTIC: [8] Trying to get property of non-object D:\SERVER\AppServ\www\0610\shop\Runtime\Cache\920718c8608b372f806d07c2318b9a63fb16e45c.file.left.html.php 第 68 行.
NOTIC: [8] Undefined index: arr1 D:\SERVER\AppServ\www\0610\shop\Runtime\Cache\920718c8608b372f806d07c2318b9a63fb16e45c.file.left.html.php 第 77 行.
NOTIC: [8] Trying to get property of non-object D:\SERVER\AppServ\www\0610\shop\Runtime\Cache\920718c8608b372f806d07c2318b9a63fb16e45c.file.left.html.php 第 77 行.
NOTIC: [8] Undefined index: arr1 D:\SERVER\AppServ\www\0610\shop\Runtime\Cache\920718c8608b372f806d07c2318b9a63fb16e45c.file.left.html.php 第 78 行.
NOTIC: [8] Trying to get property of non-object D:\SERVER\AppServ\www\0610\shop\Runtime\Cache\920718c8608b372f806d07c2318b9a63fb16e45c.file.left.html.php 第 78 行.
NOTIC: [8] Undefined index: arr1 D:\SERVER\AppServ\www\0610\shop\Runtime\Cache\920718c8608b372f806d07c2318b9a63fb16e45c.file.left.html.php 第 79 行.
NOTIC: [8] Trying to get property of non-object D:\SERVER\AppServ\www\0610\shop\Runtime\Cache\920718c8608b372f806d07c2318b9a63fb16e45c.file.left.html.php 第 79 行.
INFO: Run Behavior\ParseTemplate [ RunTime:0.015001s ]
INFO: [ view_parse ] --END-- [ RunTime:0.015001s ]
INFO: [ view_filter ] --START--
INFO: Run Behavior\WriteHtmlCache [ RunTime:0.000000s ]
INFO: [ view_filter ] --END-- [ RunTime:0.001000s ]
INFO: [ app_end ] --START--
INFO: Run Behavior\ShowPageTrace [ RunTime:0.001000s ]
INFO: [ app_end ] --END-- [ RunTime:0.001000s ]

[ 2016-12-25T21:57:22+08:00 ] ::1 /0610/shop/index.php/Admin/index/index
INFO: [ app_begin ] --START--
INFO: Run Behavior\ReadHtmlCache [ RunTime:0.000000s ]
INFO: [ app_begin ] --END-- [ RunTime:0.001000s ]
INFO: [ view_parse ] --START--
INFO: Run Behavior\ParseTemplate [ RunTime:0.012001s ]
INFO: [ view_parse ] --END-- [ RunTime:0.012001s ]
INFO: [ view_filter ] --START--
INFO: Run Behavior\WriteHtmlCache [ RunTime:0.000000s ]
INFO: [ view_filter ] --END-- [ RunTime:0.000000s ]
INFO: [ app_end ] --START--
INFO: Run Behavior\ShowPageTrace [ RunTime:0.000000s ]
INFO: [ app_end ] --END-- [ RunTime:0.001000s ]

[ 2016-12-25T21:57:22+08:00 ] ::1 /0610/shop/index.php/Admin/Index/head
INFO: [ app_begin ] --START--
INFO: Run Behavior\ReadHtmlCache [ RunTime:0.001000s ]
INFO: [ app_begin ] --END-- [ RunTime:0.002001s ]
INFO: [ view_parse ] --START--
NOTIC: [8] Undefined index: Think D:\SERVER\AppServ\www\0610\shop\Runtime\Cache\71be5df2cddb1caee729179a47e4cab0579a9010.file.head.html.php 第 42 行.
NOTIC: [8] Trying to get property of non-object D:\SERVER\AppServ\www\0610\shop\Runtime\Cache\71be5df2cddb1caee729179a47e4cab0579a9010.file.head.html.php 第 42 行.
INFO: Run Behavior\ParseTemplate [ RunTime:0.014000s ]
INFO: [ view_parse ] --END-- [ RunTime:0.014000s ]
INFO: [ view_filter ] --START--
INFO: Run Behavior\WriteHtmlCache [ RunTime:0.001000s ]
INFO: [ view_filter ] --END-- [ RunTime:0.001000s ]
INFO: [ app_end ] --START--
INFO: Run Behavior\ShowPageTrace [ RunTime:0.001001s ]
INFO: [ app_end ] --END-- [ RunTime:0.001001s ]

[ 2016-12-25T21:57:22+08:00 ] ::1 /0610/shop/index.php/Admin/Index/right
INFO: [ app_begin ] --START--
INFO: Run Behavior\ReadHtmlCache [ RunTime:0.001000s ]
INFO: [ app_begin ] --END-- [ RunTime:0.001000s ]
INFO: [ view_parse ] --START--
INFO: Run Behavior\ParseTemplate [ RunTime:0.021002s ]
INFO: [ view_parse ] --END-- [ RunTime:0.021002s ]
INFO: [ view_filter ] --START--
INFO: Run Behavior\WriteHtmlCache [ RunTime:0.000000s ]
INFO: [ view_filter ] --END-- [ RunTime:0.000000s ]
INFO: [ app_end ] --START--
INFO: Run Behavior\ShowPageTrace [ RunTime:0.001000s ]
INFO: [ app_end ] --END-- [ RunTime:0.001000s ]

[ 2016-12-25T21:57:22+08:00 ] ::1 /0610/shop/index.php/Admin/Index/left
INFO: [ app_begin ] --START--
INFO: Run Behavior\ReadHtmlCache [ RunTime:0.000000s ]
INFO: [ app_begin ] --END-- [ RunTime:0.002000s ]
INFO: [ view_parse ] --START--
NOTIC: [8] Undefined index: arr D:\SERVER\AppServ\www\0610\shop\Runtime\Cache\920718c8608b372f806d07c2318b9a63fb16e45c.file.left.html.php 第 68 行.
NOTIC: [8] Trying to get property of non-object D:\SERVER\AppServ\www\0610\shop\Runtime\Cache\920718c8608b372f806d07c2318b9a63fb16e45c.file.left.html.php 第 68 行.
NOTIC: [8] Undefined index: arr1 D:\SERVER\AppServ\www\0610\shop\Runtime\Cache\920718c8608b372f806d07c2318b9a63fb16e45c.file.left.html.php 第 77 行.
NOTIC: [8] Trying to get property of non-object D:\SERVER\AppServ\www\0610\shop\Runtime\Cache\920718c8608b372f806d07c2318b9a63fb16e45c.file.left.html.php 第 77 行.
NOTIC: [8] Undefined index: arr1 D:\SERVER\AppServ\www\0610\shop\Runtime\Cache\920718c8608b372f806d07c2318b9a63fb16e45c.file.left.html.php 第 78 行.
NOTIC: [8] Trying to get property of non-object D:\SERVER\AppServ\www\0610\shop\Runtime\Cache\920718c8608b372f806d07c2318b9a63fb16e45c.file.left.html.php 第 78 行.
NOTIC: [8] Undefined index: arr1 D:\SERVER\AppServ\www\0610\shop\Runtime\Cache\920718c8608b372f806d07c2318b9a63fb16e45c.file.left.html.php 第 79 行.
NOTIC: [8] Trying to get property of non-object D:\SERVER\AppServ\www\0610\shop\Runtime\Cache\920718c8608b372f806d07c2318b9a63fb16e45c.file.left.html.php 第 79 行.
INFO: Run Behavior\ParseTemplate [ RunTime:0.021001s ]
INFO: [ view_parse ] --END-- [ RunTime:0.021001s ]
INFO: [ view_filter ] --START--
INFO: Run Behavior\WriteHtmlCache [ RunTime:0.001000s ]
INFO: [ view_filter ] --END-- [ RunTime:0.001000s ]
INFO: [ app_end ] --START--
INFO: Run Behavior\ShowPageTrace [ RunTime:0.001000s ]
INFO: [ app_end ] --END-- [ RunTime:0.001000s ]

[ 2016-12-25T21:57:26+08:00 ] ::1 /0610/shop/index.php/Admin/
INFO: [ app_begin ] --START--
INFO: Run Behavior\ReadHtmlCache [ RunTime:0.000000s ]
INFO: [ app_begin ] --END-- [ RunTime:0.000000s ]
INFO: [ view_parse ] --START--
INFO: Run Behavior\ParseTemplate [ RunTime:0.019600s ]
INFO: [ view_parse ] --END-- [ RunTime:0.019600s ]
INFO: [ view_filter ] --START--
INFO: Run Behavior\WriteHtmlCache [ RunTime:0.001000s ]
INFO: [ view_filter ] --END-- [ RunTime:0.001000s ]
INFO: [ app_end ] --START--
INFO: Run Behavior\ShowPageTrace [ RunTime:0.000000s ]
INFO: [ app_end ] --END-- [ RunTime:0.001000s ]

[ 2016-12-25T21:57:26+08:00 ] ::1 /0610/shop/index.php/Admin/Index/head
INFO: [ app_begin ] --START--
INFO: Run Behavior\ReadHtmlCache [ RunTime:0.001001s ]
INFO: [ app_begin ] --END-- [ RunTime:0.007001s ]
INFO: [ view_parse ] --START--
NOTIC: [8] Undefined index: Think D:\SERVER\AppServ\www\0610\shop\Runtime\Cache\71be5df2cddb1caee729179a47e4cab0579a9010.file.head.html.php 第 42 行.
NOTIC: [8] Trying to get property of non-object D:\SERVER\AppServ\www\0610\shop\Runtime\Cache\71be5df2cddb1caee729179a47e4cab0579a9010.file.head.html.php 第 42 行.
INFO: Run Behavior\ParseTemplate [ RunTime:0.012000s ]
INFO: [ view_parse ] --END-- [ RunTime:0.012000s ]
INFO: [ view_filter ] --START--
INFO: Run Behavior\WriteHtmlCache [ RunTime:0.001000s ]
INFO: [ view_filter ] --END-- [ RunTime:0.001000s ]
INFO: [ app_end ] --START--
INFO: Run Behavior\ShowPageTrace [ RunTime:0.000000s ]
INFO: [ app_end ] --END-- [ RunTime:0.000000s ]

[ 2016-12-25T21:57:26+08:00 ] ::1 /0610/shop/index.php/Admin/Index/left
INFO: [ app_begin ] --START--
INFO: Run Behavior\ReadHtmlCache [ RunTime:0.000000s ]
INFO: [ app_begin ] --END-- [ RunTime:0.001001s ]
INFO: [ view_parse ] --START--
NOTIC: [8] Undefined index: arr D:\SERVER\AppServ\www\0610\shop\Runtime\Cache\920718c8608b372f806d07c2318b9a63fb16e45c.file.left.html.php 第 68 行.
NOTIC: [8] Trying to get property of non-object D:\SERVER\AppServ\www\0610\shop\Runtime\Cache\920718c8608b372f806d07c2318b9a63fb16e45c.file.left.html.php 第 68 行.
NOTIC: [8] Undefined index: arr1 D:\SERVER\AppServ\www\0610\shop\Runtime\Cache\920718c8608b372f806d07c2318b9a63fb16e45c.file.left.html.php 第 77 行.
NOTIC: [8] Trying to get property of non-object D:\SERVER\AppServ\www\0610\shop\Runtime\Cache\920718c8608b372f806d07c2318b9a63fb16e45c.file.left.html.php 第 77 行.
NOTIC: [8] Undefined index: arr1 D:\SERVER\AppServ\www\0610\shop\Runtime\Cache\920718c8608b372f806d07c2318b9a63fb16e45c.file.left.html.php 第 78 行.
NOTIC: [8] Trying to get property of non-object D:\SERVER\AppServ\www\0610\shop\Runtime\Cache\920718c8608b372f806d07c2318b9a63fb16e45c.file.left.html.php 第 78 行.
NOTIC: [8] Undefined index: arr1 D:\SERVER\AppServ\www\0610\shop\Runtime\Cache\920718c8608b372f806d07c2318b9a63fb16e45c.file.left.html.php 第 79 行.
NOTIC: [8] Trying to get property of non-object D:\SERVER\AppServ\www\0610\shop\Runtime\Cache\920718c8608b372f806d07c2318b9a63fb16e45c.file.left.html.php 第 79 行.
INFO: Run Behavior\ParseTemplate [ RunTime:0.020001s ]
INFO: [ view_parse ] --END-- [ RunTime:0.020001s ]
INFO: [ view_filter ] --START--
INFO: Run Behavior\WriteHtmlCache [ RunTime:0.001000s ]
INFO: [ view_filter ] --END-- [ RunTime:0.001000s ]
INFO: [ app_end ] --START--
INFO: Run Behavior\ShowPageTrace [ RunTime:0.001000s ]
INFO: [ app_end ] --END-- [ RunTime:0.001000s ]

[ 2016-12-25T21:57:26+08:00 ] ::1 /0610/shop/index.php/Admin/Index/right
INFO: [ app_begin ] --START--
INFO: Run Behavior\ReadHtmlCache [ RunTime:0.001000s ]
INFO: [ app_begin ] --END-- [ RunTime:0.001000s ]
INFO: [ view_parse ] --START--
INFO: Run Behavior\ParseTemplate [ RunTime:0.013000s ]
INFO: [ view_parse ] --END-- [ RunTime:0.013000s ]
INFO: [ view_filter ] --START--
INFO: Run Behavior\WriteHtmlCache [ RunTime:0.000000s ]
INFO: [ view_filter ] --END-- [ RunTime:0.000000s ]
INFO: [ app_end ] --START--
INFO: Run Behavior\ShowPageTrace [ RunTime:0.000000s ]
INFO: [ app_end ] --END-- [ RunTime:0.000000s ]

[ 2016-12-25T22:41:45+08:00 ] ::1 /0610/shop/index.php/Admin/Goods/showlist
INFO: [ app_begin ] --START--
INFO: Run Behavior\ReadHtmlCache [ RunTime:0.002000s ]
INFO: [ app_begin ] --END-- [ RunTime:0.002000s ]
NOTIC: [8192] mysql_connect(): The mysql extension is deprecated and will be removed in the future: use mysqli or PDO instead D:\SERVER\AppServ\www\0610\ThinkPHP\Library\Think\Db\Driver\Mysql.class.php 第 52 行.
SQL: SHOW COLUMNS FROM `sw_goods` [ RunTime:0.003000s ]
SQL: SELECT * FROM `sw_goods`  [ RunTime:0.009001s ]
INFO: [ view_parse ] --START--
ERR: Syntax Error in template "D:/SERVER/AppServ/www/0610/shop/Admin/View\Goods\showlist.html"  on line 57 "&lt;td&gt;{$arr.goods_create_time|data_format:&quot;%Y-%M-%d %H:%m:%s&quot;}&lt;/td&gt;" unknown modifier "data_format"

[ 2016-12-25T22:42:14+08:00 ] ::1 /0610/shop/index.php/Admin/Goods/showlist
INFO: [ app_begin ] --START--
INFO: Run Behavior\ReadHtmlCache [ RunTime:0.001000s ]
INFO: [ app_begin ] --END-- [ RunTime:0.001000s ]
NOTIC: [8192] mysql_connect(): The mysql extension is deprecated and will be removed in the future: use mysqli or PDO instead D:\SERVER\AppServ\www\0610\ThinkPHP\Library\Think\Db\Driver\Mysql.class.php 第 52 行.
SQL: SHOW COLUMNS FROM `sw_goods` [ RunTime:0.003000s ]
SQL: SELECT * FROM `sw_goods`  [ RunTime:0.002000s ]
INFO: [ view_parse ] --START--
NOTIC: [8] Undefined index: arr D:\SERVER\AppServ\www\0610\shop\Runtime\Cache\3f46dc1d74985643bd933e23fa5e6a8781260b5c.file.showlist.html.php 第 79 行.
NOTIC: [8] Trying to get property of non-object D:\SERVER\AppServ\www\0610\shop\Runtime\Cache\3f46dc1d74985643bd933e23fa5e6a8781260b5c.file.showlist.html.php 第 79 行.
NOTIC: [8] Undefined index: k D:\SERVER\AppServ\www\0610\shop\Runtime\Cache\3f46dc1d74985643bd933e23fa5e6a8781260b5c.file.showlist.html.php 第 80 行.
NOTIC: [8] Trying to get property of non-object D:\SERVER\AppServ\www\0610\shop\Runtime\Cache\3f46dc1d74985643bd933e23fa5e6a8781260b5c.file.showlist.html.php 第 80 行.
NOTIC: [8] Undefined index: arr D:\SERVER\AppServ\www\0610\shop\Runtime\Cache\3f46dc1d74985643bd933e23fa5e6a8781260b5c.file.showlist.html.php 第 83 行.
NOTIC: [8] Trying to get property of non-object D:\SERVER\AppServ\www\0610\shop\Runtime\Cache\3f46dc1d74985643bd933e23fa5e6a8781260b5c.file.showlist.html.php 第 83 行.
NOTIC: [8] Undefined index: arr D:\SERVER\AppServ\www\0610\shop\Runtime\Cache\3f46dc1d74985643bd933e23fa5e6a8781260b5c.file.showlist.html.php 第 85 行.
NOTIC: [8] Trying to get property of non-object D:\SERVER\AppServ\www\0610\shop\Runtime\Cache\3f46dc1d74985643bd933e23fa5e6a8781260b5c.file.showlist.html.php 第 85 行.
NOTIC: [8] Undefined index: arr D:\SERVER\AppServ\www\0610\shop\Runtime\Cache\3f46dc1d74985643bd933e23fa5e6a8781260b5c.file.showlist.html.php 第 89 行.
NOTIC: [8] Trying to get property of non-object D:\SERVER\AppServ\www\0610\shop\Runtime\Cache\3f46dc1d74985643bd933e23fa5e6a8781260b5c.file.showlist.html.php 第 89 行.
NOTIC: [8] Undefined index: arr D:\SERVER\AppServ\www\0610\shop\Runtime\Cache\3f46dc1d74985643bd933e23fa5e6a8781260b5c.file.showlist.html.php 第 94 行.
NOTIC: [8] Trying to get property of non-object D:\SERVER\AppServ\www\0610\shop\Runtime\Cache\3f46dc1d74985643bd933e23fa5e6a8781260b5c.file.showlist.html.php 第 94 行.
NOTIC: [8] Undefined index: pagelist D:\SERVER\AppServ\www\0610\shop\Runtime\Cache\3f46dc1d74985643bd933e23fa5e6a8781260b5c.file.showlist.html.php 第 102 行.
NOTIC: [8] Trying to get property of non-object D:\SERVER\AppServ\www\0610\shop\Runtime\Cache\3f46dc1d74985643bd933e23fa5e6a8781260b5c.file.showlist.html.php 第 102 行.
INFO: Run Behavior\ParseTemplate [ RunTime:0.110007s ]
INFO: [ view_parse ] --END-- [ RunTime:0.110007s ]
INFO: [ view_filter ] --START--
INFO: Run Behavior\WriteHtmlCache [ RunTime:0.001000s ]
INFO: [ view_filter ] --END-- [ RunTime:0.002000s ]
INFO: [ app_end ] --START--
INFO: Run Behavior\ShowPageTrace [ RunTime:0.001000s ]
INFO: [ app_end ] --END-- [ RunTime:0.001000s ]

[ 2016-12-25T22:45:06+08:00 ] ::1 /0610/shop/index.php/Admin/index/left
INFO: [ app_begin ] --START--
INFO: Run Behavior\ReadHtmlCache [ RunTime:0.001000s ]
INFO: [ app_begin ] --END-- [ RunTime:0.002000s ]
INFO: [ view_parse ] --START--
NOTIC: [8] Undefined index: arr D:\SERVER\AppServ\www\0610\shop\Runtime\Cache\920718c8608b372f806d07c2318b9a63fb16e45c.file.left.html.php 第 68 行.
NOTIC: [8] Trying to get property of non-object D:\SERVER\AppServ\www\0610\shop\Runtime\Cache\920718c8608b372f806d07c2318b9a63fb16e45c.file.left.html.php 第 68 行.
NOTIC: [8] Undefined index: arr1 D:\SERVER\AppServ\www\0610\shop\Runtime\Cache\920718c8608b372f806d07c2318b9a63fb16e45c.file.left.html.php 第 77 行.
NOTIC: [8] Trying to get property of non-object D:\SERVER\AppServ\www\0610\shop\Runtime\Cache\920718c8608b372f806d07c2318b9a63fb16e45c.file.left.html.php 第 77 行.
NOTIC: [8] Undefined index: arr1 D:\SERVER\AppServ\www\0610\shop\Runtime\Cache\920718c8608b372f806d07c2318b9a63fb16e45c.file.left.html.php 第 78 行.
NOTIC: [8] Trying to get property of non-object D:\SERVER\AppServ\www\0610\shop\Runtime\Cache\920718c8608b372f806d07c2318b9a63fb16e45c.file.left.html.php 第 78 行.
NOTIC: [8] Undefined index: arr1 D:\SERVER\AppServ\www\0610\shop\Runtime\Cache\920718c8608b372f806d07c2318b9a63fb16e45c.file.left.html.php 第 79 行.
NOTIC: [8] Trying to get property of non-object D:\SERVER\AppServ\www\0610\shop\Runtime\Cache\920718c8608b372f806d07c2318b9a63fb16e45c.file.left.html.php 第 79 行.
INFO: Run Behavior\ParseTemplate [ RunTime:0.016001s ]
INFO: [ view_parse ] --END-- [ RunTime:0.016001s ]
INFO: [ view_filter ] --START--
INFO: Run Behavior\WriteHtmlCache [ RunTime:0.001000s ]
INFO: [ view_filter ] --END-- [ RunTime:0.001000s ]
INFO: [ app_end ] --START--
INFO: Run Behavior\ShowPageTrace [ RunTime:0.001000s ]
INFO: [ app_end ] --END-- [ RunTime:0.001000s ]

[ 2016-12-25T22:45:08+08:00 ] ::1 /0610/shop/index.php/Admin/index/left
INFO: [ app_begin ] --START--
INFO: Run Behavior\ReadHtmlCache [ RunTime:0.000000s ]
INFO: [ app_begin ] --END-- [ RunTime:0.000000s ]
INFO: [ view_parse ] --START--
NOTIC: [8] Undefined index: arr D:\SERVER\AppServ\www\0610\shop\Runtime\Cache\920718c8608b372f806d07c2318b9a63fb16e45c.file.left.html.php 第 68 行.
NOTIC: [8] Trying to get property of non-object D:\SERVER\AppServ\www\0610\shop\Runtime\Cache\920718c8608b372f806d07c2318b9a63fb16e45c.file.left.html.php 第 68 行.
NOTIC: [8] Undefined index: arr1 D:\SERVER\AppServ\www\0610\shop\Runtime\Cache\920718c8608b372f806d07c2318b9a63fb16e45c.file.left.html.php 第 77 行.
NOTIC: [8] Trying to get property of non-object D:\SERVER\AppServ\www\0610\shop\Runtime\Cache\920718c8608b372f806d07c2318b9a63fb16e45c.file.left.html.php 第 77 行.
NOTIC: [8] Undefined index: arr1 D:\SERVER\AppServ\www\0610\shop\Runtime\Cache\920718c8608b372f806d07c2318b9a63fb16e45c.file.left.html.php 第 78 行.
NOTIC: [8] Trying to get property of non-object D:\SERVER\AppServ\www\0610\shop\Runtime\Cache\920718c8608b372f806d07c2318b9a63fb16e45c.file.left.html.php 第 78 行.
NOTIC: [8] Undefined index: arr1 D:\SERVER\AppServ\www\0610\shop\Runtime\Cache\920718c8608b372f806d07c2318b9a63fb16e45c.file.left.html.php 第 79 行.
NOTIC: [8] Trying to get property of non-object D:\SERVER\AppServ\www\0610\shop\Runtime\Cache\920718c8608b372f806d07c2318b9a63fb16e45c.file.left.html.php 第 79 行.
INFO: Run Behavior\ParseTemplate [ RunTime:0.026601s ]
INFO: [ view_parse ] --END-- [ RunTime:0.026601s ]
INFO: [ view_filter ] --START--
INFO: Run Behavior\WriteHtmlCache [ RunTime:0.000000s ]
INFO: [ view_filter ] --END-- [ RunTime:0.000000s ]
INFO: [ app_end ] --START--
INFO: Run Behavior\ShowPageTrace [ RunTime:0.000000s ]
INFO: [ app_end ] --END-- [ RunTime:0.000000s ]

[ 2016-12-25T22:45:09+08:00 ] ::1 /0610/shop/index.php/Admin/index/left
INFO: [ app_begin ] --START--
INFO: Run Behavior\ReadHtmlCache [ RunTime:0.001000s ]
INFO: [ app_begin ] --END-- [ RunTime:0.001000s ]
INFO: [ view_parse ] --START--
NOTIC: [8] Undefined index: arr D:\SERVER\AppServ\www\0610\shop\Runtime\Cache\920718c8608b372f806d07c2318b9a63fb16e45c.file.left.html.php 第 68 行.
NOTIC: [8] Trying to get property of non-object D:\SERVER\AppServ\www\0610\shop\Runtime\Cache\920718c8608b372f806d07c2318b9a63fb16e45c.file.left.html.php 第 68 行.
NOTIC: [8] Undefined index: arr1 D:\SERVER\AppServ\www\0610\shop\Runtime\Cache\920718c8608b372f806d07c2318b9a63fb16e45c.file.left.html.php 第 77 行.
NOTIC: [8] Trying to get property of non-object D:\SERVER\AppServ\www\0610\shop\Runtime\Cache\920718c8608b372f806d07c2318b9a63fb16e45c.file.left.html.php 第 77 行.
NOTIC: [8] Undefined index: arr1 D:\SERVER\AppServ\www\0610\shop\Runtime\Cache\920718c8608b372f806d07c2318b9a63fb16e45c.file.left.html.php 第 78 行.
NOTIC: [8] Trying to get property of non-object D:\SERVER\AppServ\www\0610\shop\Runtime\Cache\920718c8608b372f806d07c2318b9a63fb16e45c.file.left.html.php 第 78 行.
NOTIC: [8] Undefined index: arr1 D:\SERVER\AppServ\www\0610\shop\Runtime\Cache\920718c8608b372f806d07c2318b9a63fb16e45c.file.left.html.php 第 79 行.
NOTIC: [8] Trying to get property of non-object D:\SERVER\AppServ\www\0610\shop\Runtime\Cache\920718c8608b372f806d07c2318b9a63fb16e45c.file.left.html.php 第 79 行.
INFO: Run Behavior\ParseTemplate [ RunTime:0.012001s ]
INFO: [ view_parse ] --END-- [ RunTime:0.013001s ]
INFO: [ view_filter ] --START--
INFO: Run Behavior\WriteHtmlCache [ RunTime:0.001000s ]
INFO: [ view_filter ] --END-- [ RunTime:0.001000s ]
INFO: [ app_end ] --START--
INFO: Run Behavior\ShowPageTrace [ RunTime:0.000000s ]
INFO: [ app_end ] --END-- [ RunTime:0.001000s ]

[ 2016-12-25T22:45:10+08:00 ] ::1 /0610/shop/index.php/Admin/index/left
INFO: [ app_begin ] --START--
INFO: Run Behavior\ReadHtmlCache [ RunTime:0.000000s ]
INFO: [ app_begin ] --END-- [ RunTime:0.000000s ]
INFO: [ view_parse ] --START--
NOTIC: [8] Undefined index: arr D:\SERVER\AppServ\www\0610\shop\Runtime\Cache\920718c8608b372f806d07c2318b9a63fb16e45c.file.left.html.php 第 68 行.
NOTIC: [8] Trying to get property of non-object D:\SERVER\AppServ\www\0610\shop\Runtime\Cache\920718c8608b372f806d07c2318b9a63fb16e45c.file.left.html.php 第 68 行.
NOTIC: [8] Undefined index: arr1 D:\SERVER\AppServ\www\0610\shop\Runtime\Cache\920718c8608b372f806d07c2318b9a63fb16e45c.file.left.html.php 第 77 行.
NOTIC: [8] Trying to get property of non-object D:\SERVER\AppServ\www\0610\shop\Runtime\Cache\920718c8608b372f806d07c2318b9a63fb16e45c.file.left.html.php 第 77 行.
NOTIC: [8] Undefined index: arr1 D:\SERVER\AppServ\www\0610\shop\Runtime\Cache\920718c8608b372f806d07c2318b9a63fb16e45c.file.left.html.php 第 78 行.
NOTIC: [8] Trying to get property of non-object D:\SERVER\AppServ\www\0610\shop\Runtime\Cache\920718c8608b372f806d07c2318b9a63fb16e45c.file.left.html.php 第 78 行.
NOTIC: [8] Undefined index: arr1 D:\SERVER\AppServ\www\0610\shop\Runtime\Cache\920718c8608b372f806d07c2318b9a63fb16e45c.file.left.html.php 第 79 行.
NOTIC: [8] Trying to get property of non-object D:\SERVER\AppServ\www\0610\shop\Runtime\Cache\920718c8608b372f806d07c2318b9a63fb16e45c.file.left.html.php 第 79 行.
INFO: Run Behavior\ParseTemplate [ RunTime:0.013000s ]
INFO: [ view_parse ] --END-- [ RunTime:0.014000s ]
INFO: [ view_filter ] --START--
INFO: Run Behavior\WriteHtmlCache [ RunTime:0.000000s ]
INFO: [ view_filter ] --END-- [ RunTime:0.000000s ]
INFO: [ app_end ] --START--
INFO: Run Behavior\ShowPageTrace [ RunTime:0.001001s ]
INFO: [ app_end ] --END-- [ RunTime:0.001001s ]

