[ 2016-12-31T21:52:53+08:00 ] ::1 /0610/shop/index.php/Admin/Goods/showlist
INFO: [ app_begin ] --START--
INFO: Run Behavior\ReadHtmlCache [ RunTime:0.001000s ]
INFO: [ app_begin ] --END-- [ RunTime:0.001000s ]
NOTIC: [8192] mysql_connect(): The mysql extension is deprecated and will be removed in the future: use mysqli or PDO instead D:\SERVER\AppServ\www\0610\ThinkPHP\Library\Think\Db\Driver\Mysql.class.php 第 52 行.
SQL: SHOW COLUMNS FROM `sw_goods` [ RunTime:1.001057s ]
SQL: SELECT * FROM `sw_goods`  [ RunTime:0.007001s ]
INFO: [ view_parse ] --START--
NOTIC: [8] Undefined index: arr D:\SERVER\AppServ\www\0610\shop\Runtime\Cache\3f46dc1d74985643bd933e23fa5e6a8781260b5c.file.showlist.html.php 第 79 行.
NOTIC: [8] Trying to get property of non-object D:\SERVER\AppServ\www\0610\shop\Runtime\Cache\3f46dc1d74985643bd933e23fa5e6a8781260b5c.file.showlist.html.php 第 79 行.
NOTIC: [8] Undefined index: k D:\SERVER\AppServ\www\0610\shop\Runtime\Cache\3f46dc1d74985643bd933e23fa5e6a8781260b5c.file.showlist.html.php 第 80 行.
NOTIC: [8] Trying to get property of non-object D:\SERVER\AppServ\www\0610\shop\Runtime\Cache\3f46dc1d74985643bd933e23fa5e6a8781260b5c.file.showlist.html.php 第 80 行.
NOTIC: [8] Undefined index: arr D:\SERVER\AppServ\www\0610\shop\Runtime\Cache\3f46dc1d74985643bd933e23fa5e6a8781260b5c.file.showlist.html.php 第 83 行.
NOTIC: [8] Trying to get property of non-object D:\SERVER\AppServ\www\0610\shop\Runtime\Cache\3f46dc1d74985643bd933e23fa5e6a8781260b5c.file.showlist.html.php 第 83 行.
NOTIC: [8] Undefined index: arr D:\SERVER\AppServ\www\0610\shop\Runtime\Cache\3f46dc1d74985643bd933e23fa5e6a8781260b5c.file.showlist.html.php 第 85 行.
NOTIC: [8] Trying to get property of non-object D:\SERVER\AppServ\www\0610\shop\Runtime\Cache\3f46dc1d74985643bd933e23fa5e6a8781260b5c.file.showlist.html.php 第 85 行.
NOTIC: [8] Undefined index: arr D:\SERVER\AppServ\www\0610\shop\Runtime\Cache\3f46dc1d74985643bd933e23fa5e6a8781260b5c.file.showlist.html.php 第 89 行.
NOTIC: [8] Trying to get property of non-object D:\SERVER\AppServ\www\0610\shop\Runtime\Cache\3f46dc1d74985643bd933e23fa5e6a8781260b5c.file.showlist.html.php 第 89 行.
NOTIC: [8] Undefined index: arr D:\SERVER\AppServ\www\0610\shop\Runtime\Cache\3f46dc1d74985643bd933e23fa5e6a8781260b5c.file.showlist.html.php 第 94 行.
NOTIC: [8] Trying to get property of non-object D:\SERVER\AppServ\www\0610\shop\Runtime\Cache\3f46dc1d74985643bd933e23fa5e6a8781260b5c.file.showlist.html.php 第 94 行.
NOTIC: [8] Undefined index: pagelist D:\SERVER\AppServ\www\0610\shop\Runtime\Cache\3f46dc1d74985643bd933e23fa5e6a8781260b5c.file.showlist.html.php 第 102 行.
NOTIC: [8] Trying to get property of non-object D:\SERVER\AppServ\www\0610\shop\Runtime\Cache\3f46dc1d74985643bd933e23fa5e6a8781260b5c.file.showlist.html.php 第 102 行.
INFO: Run Behavior\ParseTemplate [ RunTime:0.036002s ]
INFO: [ view_parse ] --END-- [ RunTime:0.036002s ]
INFO: [ view_filter ] --START--
INFO: Run Behavior\WriteHtmlCache [ RunTime:0.001000s ]
INFO: [ view_filter ] --END-- [ RunTime:0.001000s ]
INFO: [ app_end ] --START--
INFO: Run Behavior\ShowPageTrace [ RunTime:0.001000s ]
INFO: [ app_end ] --END-- [ RunTime:0.001000s ]

[ 2016-12-31T21:53:55+08:00 ] ::1 /0610/shop/index.php/Admin/Manager/login
INFO: [ app_begin ] --START--
INFO: Run Behavior\ReadHtmlCache [ RunTime:0.016600s ]
INFO: [ app_begin ] --END-- [ RunTime:0.016600s ]
INFO: [ view_parse ] --START--
INFO: Run Behavior\ParseTemplate [ RunTime:0.112006s ]
INFO: [ view_parse ] --END-- [ RunTime:0.112006s ]
INFO: [ view_filter ] --START--
INFO: Run Behavior\WriteHtmlCache [ RunTime:0.000000s ]
INFO: [ view_filter ] --END-- [ RunTime:0.001000s ]
INFO: [ app_end ] --START--
INFO: Run Behavior\ShowPageTrace [ RunTime:0.000000s ]
INFO: [ app_end ] --END-- [ RunTime:0.001000s ]

[ 2016-12-31T21:53:56+08:00 ] ::1 /0610/shop/index.php/Admin/Manager/verifyImg
INFO: [ app_begin ] --START--
INFO: Run Behavior\ReadHtmlCache [ RunTime:0.001000s ]
INFO: [ app_begin ] --END-- [ RunTime:0.005000s ]
INFO: [ app_end ] --START--
INFO: Run Behavior\ShowPageTrace [ RunTime:0.001000s ]
INFO: [ app_end ] --END-- [ RunTime:0.002000s ]

[ 2016-12-31T21:57:08+08:00 ] ::1 /0610/shop/index.php/Admin/index/index
INFO: [ app_begin ] --START--
INFO: Run Behavior\ReadHtmlCache [ RunTime:0.002000s ]
INFO: [ app_begin ] --END-- [ RunTime:0.003000s ]
INFO: [ view_parse ] --START--
INFO: Run Behavior\ParseTemplate [ RunTime:0.031002s ]
INFO: [ view_parse ] --END-- [ RunTime:0.031002s ]
INFO: [ view_filter ] --START--
INFO: Run Behavior\WriteHtmlCache [ RunTime:0.001000s ]
INFO: [ view_filter ] --END-- [ RunTime:0.001000s ]
INFO: [ app_end ] --START--
INFO: Run Behavior\ShowPageTrace [ RunTime:0.001000s ]
INFO: [ app_end ] --END-- [ RunTime:0.002000s ]

[ 2016-12-31T21:57:08+08:00 ] ::1 /0610/shop/index.php/Admin/Index/head
INFO: [ app_begin ] --START--
INFO: Run Behavior\ReadHtmlCache [ RunTime:0.001000s ]
INFO: [ app_begin ] --END-- [ RunTime:0.002000s ]
INFO: [ view_parse ] --START--
NOTIC: [8] Undefined index: Think D:\SERVER\AppServ\www\0610\shop\Runtime\Cache\71be5df2cddb1caee729179a47e4cab0579a9010.file.head.html.php 第 42 行.
NOTIC: [8] Trying to get property of non-object D:\SERVER\AppServ\www\0610\shop\Runtime\Cache\71be5df2cddb1caee729179a47e4cab0579a9010.file.head.html.php 第 42 行.
INFO: Run Behavior\ParseTemplate [ RunTime:0.036002s ]
INFO: [ view_parse ] --END-- [ RunTime:0.036002s ]
INFO: [ view_filter ] --START--
INFO: Run Behavior\WriteHtmlCache [ RunTime:0.001000s ]
INFO: [ view_filter ] --END-- [ RunTime:0.001000s ]
INFO: [ app_end ] --START--
INFO: Run Behavior\ShowPageTrace [ RunTime:0.000000s ]
INFO: [ app_end ] --END-- [ RunTime:0.000000s ]

[ 2016-12-31T21:57:08+08:00 ] ::1 /0610/shop/index.php/Admin/Index/left
INFO: [ app_begin ] --START--
INFO: Run Behavior\ReadHtmlCache [ RunTime:0.001000s ]
INFO: [ app_begin ] --END-- [ RunTime:0.002000s ]
INFO: [ view_parse ] --START--
NOTIC: [8] Undefined index: arr D:\SERVER\AppServ\www\0610\shop\Runtime\Cache\920718c8608b372f806d07c2318b9a63fb16e45c.file.left.html.php 第 68 行.
NOTIC: [8] Trying to get property of non-object D:\SERVER\AppServ\www\0610\shop\Runtime\Cache\920718c8608b372f806d07c2318b9a63fb16e45c.file.left.html.php 第 68 行.
NOTIC: [8] Undefined index: arr1 D:\SERVER\AppServ\www\0610\shop\Runtime\Cache\920718c8608b372f806d07c2318b9a63fb16e45c.file.left.html.php 第 77 行.
NOTIC: [8] Trying to get property of non-object D:\SERVER\AppServ\www\0610\shop\Runtime\Cache\920718c8608b372f806d07c2318b9a63fb16e45c.file.left.html.php 第 77 行.
NOTIC: [8] Undefined index: arr1 D:\SERVER\AppServ\www\0610\shop\Runtime\Cache\920718c8608b372f806d07c2318b9a63fb16e45c.file.left.html.php 第 78 行.
NOTIC: [8] Trying to get property of non-object D:\SERVER\AppServ\www\0610\shop\Runtime\Cache\920718c8608b372f806d07c2318b9a63fb16e45c.file.left.html.php 第 78 行.
NOTIC: [8] Undefined index: arr1 D:\SERVER\AppServ\www\0610\shop\Runtime\Cache\920718c8608b372f806d07c2318b9a63fb16e45c.file.left.html.php 第 79 行.
NOTIC: [8] Trying to get property of non-object D:\SERVER\AppServ\www\0610\shop\Runtime\Cache\920718c8608b372f806d07c2318b9a63fb16e45c.file.left.html.php 第 79 行.
INFO: Run Behavior\ParseTemplate [ RunTime:0.067003s ]
INFO: [ view_parse ] --END-- [ RunTime:0.067003s ]
INFO: [ view_filter ] --START--
INFO: Run Behavior\WriteHtmlCache [ RunTime:0.001000s ]
INFO: [ view_filter ] --END-- [ RunTime:0.001000s ]
INFO: [ app_end ] --START--
INFO: Run Behavior\ShowPageTrace [ RunTime:0.001001s ]
INFO: [ app_end ] --END-- [ RunTime:0.001001s ]

[ 2016-12-31T21:57:08+08:00 ] ::1 /0610/shop/index.php/Admin/Index/right
INFO: [ app_begin ] --START--
INFO: Run Behavior\ReadHtmlCache [ RunTime:0.001000s ]
INFO: [ app_begin ] --END-- [ RunTime:0.002000s ]
INFO: [ view_parse ] --START--
INFO: Run Behavior\ParseTemplate [ RunTime:0.036002s ]
INFO: [ view_parse ] --END-- [ RunTime:0.036002s ]
INFO: [ view_filter ] --START--
INFO: Run Behavior\WriteHtmlCache [ RunTime:0.000000s ]
INFO: [ view_filter ] --END-- [ RunTime:0.001000s ]
INFO: [ app_end ] --START--
INFO: Run Behavior\ShowPageTrace [ RunTime:0.001000s ]
INFO: [ app_end ] --END-- [ RunTime:0.001000s ]

[ 2016-12-31T22:07:54+08:00 ] ::1 /0610/shop/index.php/Admin/index/index
INFO: [ app_begin ] --START--
INFO: Run Behavior\ReadHtmlCache [ RunTime:0.001000s ]
INFO: [ app_begin ] --END-- [ RunTime:0.002000s ]
INFO: [ view_parse ] --START--
INFO: Run Behavior\ParseTemplate [ RunTime:0.016001s ]
INFO: [ view_parse ] --END-- [ RunTime:0.016001s ]
INFO: [ view_filter ] --START--
INFO: Run Behavior\WriteHtmlCache [ RunTime:0.000000s ]
INFO: [ view_filter ] --END-- [ RunTime:0.000000s ]
INFO: [ app_end ] --START--
INFO: Run Behavior\ShowPageTrace [ RunTime:0.001000s ]
INFO: [ app_end ] --END-- [ RunTime:0.001000s ]

[ 2016-12-31T22:07:54+08:00 ] ::1 /0610/shop/index.php/Admin/Index/head
INFO: [ app_begin ] --START--
INFO: Run Behavior\ReadHtmlCache [ RunTime:0.001000s ]
INFO: [ app_begin ] --END-- [ RunTime:0.001000s ]
INFO: [ view_parse ] --START--
NOTIC: [8] Undefined index: Think D:\SERVER\AppServ\www\0610\shop\Runtime\Cache\71be5df2cddb1caee729179a47e4cab0579a9010.file.head.html.php 第 42 行.
NOTIC: [8] Trying to get property of non-object D:\SERVER\AppServ\www\0610\shop\Runtime\Cache\71be5df2cddb1caee729179a47e4cab0579a9010.file.head.html.php 第 42 行.
INFO: Run Behavior\ParseTemplate [ RunTime:0.016001s ]
INFO: [ view_parse ] --END-- [ RunTime:0.016001s ]
INFO: [ view_filter ] --START--
INFO: Run Behavior\WriteHtmlCache [ RunTime:0.000000s ]
INFO: [ view_filter ] --END-- [ RunTime:0.000000s ]
INFO: [ app_end ] --START--
INFO: Run Behavior\ShowPageTrace [ RunTime:0.001000s ]
INFO: [ app_end ] --END-- [ RunTime:0.001000s ]

[ 2016-12-31T22:07:54+08:00 ] ::1 /0610/shop/index.php/Admin/Index/right
INFO: [ app_begin ] --START--
INFO: Run Behavior\ReadHtmlCache [ RunTime:0.001000s ]
INFO: [ app_begin ] --END-- [ RunTime:0.001000s ]
INFO: [ view_parse ] --START--
INFO: Run Behavior\ParseTemplate [ RunTime:0.029002s ]
INFO: [ view_parse ] --END-- [ RunTime:0.029002s ]
INFO: [ view_filter ] --START--
INFO: Run Behavior\WriteHtmlCache [ RunTime:0.001000s ]
INFO: [ view_filter ] --END-- [ RunTime:0.001000s ]
INFO: [ app_end ] --START--
INFO: Run Behavior\ShowPageTrace [ RunTime:0.001000s ]
INFO: [ app_end ] --END-- [ RunTime:0.001000s ]

[ 2016-12-31T22:07:54+08:00 ] ::1 /0610/shop/index.php/Admin/Index/left
INFO: [ app_begin ] --START--
INFO: Run Behavior\ReadHtmlCache [ RunTime:0.001000s ]
INFO: [ app_begin ] --END-- [ RunTime:0.002000s ]
INFO: [ view_parse ] --START--
NOTIC: [8] Undefined index: arr D:\SERVER\AppServ\www\0610\shop\Runtime\Cache\920718c8608b372f806d07c2318b9a63fb16e45c.file.left.html.php 第 68 行.
NOTIC: [8] Trying to get property of non-object D:\SERVER\AppServ\www\0610\shop\Runtime\Cache\920718c8608b372f806d07c2318b9a63fb16e45c.file.left.html.php 第 68 行.
NOTIC: [8] Undefined index: arr1 D:\SERVER\AppServ\www\0610\shop\Runtime\Cache\920718c8608b372f806d07c2318b9a63fb16e45c.file.left.html.php 第 77 行.
NOTIC: [8] Trying to get property of non-object D:\SERVER\AppServ\www\0610\shop\Runtime\Cache\920718c8608b372f806d07c2318b9a63fb16e45c.file.left.html.php 第 77 行.
NOTIC: [8] Undefined index: arr1 D:\SERVER\AppServ\www\0610\shop\Runtime\Cache\920718c8608b372f806d07c2318b9a63fb16e45c.file.left.html.php 第 78 行.
NOTIC: [8] Trying to get property of non-object D:\SERVER\AppServ\www\0610\shop\Runtime\Cache\920718c8608b372f806d07c2318b9a63fb16e45c.file.left.html.php 第 78 行.
NOTIC: [8] Undefined index: arr1 D:\SERVER\AppServ\www\0610\shop\Runtime\Cache\920718c8608b372f806d07c2318b9a63fb16e45c.file.left.html.php 第 79 行.
NOTIC: [8] Trying to get property of non-object D:\SERVER\AppServ\www\0610\shop\Runtime\Cache\920718c8608b372f806d07c2318b9a63fb16e45c.file.left.html.php 第 79 行.
INFO: Run Behavior\ParseTemplate [ RunTime:0.671039s ]
INFO: [ view_parse ] --END-- [ RunTime:0.671039s ]
INFO: [ view_filter ] --START--
INFO: Run Behavior\WriteHtmlCache [ RunTime:0.002000s ]
INFO: [ view_filter ] --END-- [ RunTime:0.002000s ]
INFO: [ app_end ] --START--
INFO: Run Behavior\ShowPageTrace [ RunTime:0.001000s ]
INFO: [ app_end ] --END-- [ RunTime:0.001000s ]

[ 2016-12-31T22:08:24+08:00 ] ::1 /0610/shop/index.php/Admin/index/index
INFO: [ app_begin ] --START--
INFO: Run Behavior\ReadHtmlCache [ RunTime:0.001000s ]
INFO: [ app_begin ] --END-- [ RunTime:0.002000s ]
INFO: [ view_parse ] --START--
INFO: Run Behavior\ParseTemplate [ RunTime:0.015001s ]
INFO: [ view_parse ] --END-- [ RunTime:0.015001s ]
INFO: [ view_filter ] --START--
INFO: Run Behavior\WriteHtmlCache [ RunTime:0.000000s ]
INFO: [ view_filter ] --END-- [ RunTime:0.000000s ]
INFO: [ app_end ] --START--
INFO: Run Behavior\ShowPageTrace [ RunTime:0.001000s ]
INFO: [ app_end ] --END-- [ RunTime:0.001000s ]

[ 2016-12-31T22:08:24+08:00 ] ::1 /0610/shop/index.php/Admin/Index/head
INFO: [ app_begin ] --START--
INFO: Run Behavior\ReadHtmlCache [ RunTime:0.001000s ]
INFO: [ app_begin ] --END-- [ RunTime:0.001000s ]
INFO: [ view_parse ] --START--
NOTIC: [8] Undefined index: Think D:\SERVER\AppServ\www\0610\shop\Runtime\Cache\71be5df2cddb1caee729179a47e4cab0579a9010.file.head.html.php 第 42 行.
NOTIC: [8] Trying to get property of non-object D:\SERVER\AppServ\www\0610\shop\Runtime\Cache\71be5df2cddb1caee729179a47e4cab0579a9010.file.head.html.php 第 42 行.
INFO: Run Behavior\ParseTemplate [ RunTime:0.012000s ]
INFO: [ view_parse ] --END-- [ RunTime:0.012000s ]
INFO: [ view_filter ] --START--
INFO: Run Behavior\WriteHtmlCache [ RunTime:0.001001s ]
INFO: [ view_filter ] --END-- [ RunTime:0.001001s ]
INFO: [ app_end ] --START--
INFO: Run Behavior\ShowPageTrace [ RunTime:0.001000s ]
INFO: [ app_end ] --END-- [ RunTime:0.001000s ]

[ 2016-12-31T22:08:24+08:00 ] ::1 /0610/shop/index.php/Admin/Index/left
INFO: [ app_begin ] --START--
INFO: Run Behavior\ReadHtmlCache [ RunTime:0.001000s ]
INFO: [ app_begin ] --END-- [ RunTime:0.002000s ]
INFO: [ view_parse ] --START--
NOTIC: [8] Undefined index: arr D:\SERVER\AppServ\www\0610\shop\Runtime\Cache\920718c8608b372f806d07c2318b9a63fb16e45c.file.left.html.php 第 68 行.
NOTIC: [8] Trying to get property of non-object D:\SERVER\AppServ\www\0610\shop\Runtime\Cache\920718c8608b372f806d07c2318b9a63fb16e45c.file.left.html.php 第 68 行.
NOTIC: [8] Undefined index: arr1 D:\SERVER\AppServ\www\0610\shop\Runtime\Cache\920718c8608b372f806d07c2318b9a63fb16e45c.file.left.html.php 第 77 行.
NOTIC: [8] Trying to get property of non-object D:\SERVER\AppServ\www\0610\shop\Runtime\Cache\920718c8608b372f806d07c2318b9a63fb16e45c.file.left.html.php 第 77 行.
NOTIC: [8] Undefined index: arr1 D:\SERVER\AppServ\www\0610\shop\Runtime\Cache\920718c8608b372f806d07c2318b9a63fb16e45c.file.left.html.php 第 78 行.
NOTIC: [8] Trying to get property of non-object D:\SERVER\AppServ\www\0610\shop\Runtime\Cache\920718c8608b372f806d07c2318b9a63fb16e45c.file.left.html.php 第 78 行.
NOTIC: [8] Undefined index: arr1 D:\SERVER\AppServ\www\0610\shop\Runtime\Cache\920718c8608b372f806d07c2318b9a63fb16e45c.file.left.html.php 第 79 行.
NOTIC: [8] Trying to get property of non-object D:\SERVER\AppServ\www\0610\shop\Runtime\Cache\920718c8608b372f806d07c2318b9a63fb16e45c.file.left.html.php 第 79 行.
INFO: Run Behavior\ParseTemplate [ RunTime:0.086005s ]
INFO: [ view_parse ] --END-- [ RunTime:0.086005s ]
INFO: [ view_filter ] --START--
INFO: Run Behavior\WriteHtmlCache [ RunTime:0.002000s ]
INFO: [ view_filter ] --END-- [ RunTime:0.002000s ]
INFO: [ app_end ] --START--
INFO: Run Behavior\ShowPageTrace [ RunTime:0.001000s ]
INFO: [ app_end ] --END-- [ RunTime:0.001000s ]

[ 2016-12-31T22:08:24+08:00 ] ::1 /0610/shop/index.php/Admin/Index/right
INFO: [ app_begin ] --START--
INFO: Run Behavior\ReadHtmlCache [ RunTime:0.001000s ]
INFO: [ app_begin ] --END-- [ RunTime:0.001000s ]
INFO: [ view_parse ] --START--
INFO: Run Behavior\ParseTemplate [ RunTime:0.014000s ]
INFO: [ view_parse ] --END-- [ RunTime:0.014000s ]
INFO: [ view_filter ] --START--
INFO: Run Behavior\WriteHtmlCache [ RunTime:0.001000s ]
INFO: [ view_filter ] --END-- [ RunTime:0.001000s ]
INFO: [ app_end ] --START--
INFO: Run Behavior\ShowPageTrace [ RunTime:0.001001s ]
INFO: [ app_end ] --END-- [ RunTime:0.001001s ]

[ 2016-12-31T22:18:51+08:00 ] ::1 /0610/shop/index.php/Admin/Goods/showlist
INFO: [ app_begin ] --START--
INFO: Run Behavior\ReadHtmlCache [ RunTime:0.001000s ]
INFO: [ app_begin ] --END-- [ RunTime:0.002000s ]
NOTIC: [8192] mysql_connect(): The mysql extension is deprecated and will be removed in the future: use mysqli or PDO instead D:\SERVER\AppServ\www\0610\ThinkPHP\Library\Think\Db\Driver\Mysql.class.php 第 52 行.
SQL: SHOW COLUMNS FROM `sw_goods` [ RunTime:0.026001s ]
SQL: SELECT * FROM `sw_goods`  [ RunTime:0.010001s ]
INFO: [ view_parse ] --START--
NOTIC: [8] Undefined index: arr D:\SERVER\AppServ\www\0610\shop\Runtime\Cache\3f46dc1d74985643bd933e23fa5e6a8781260b5c.file.showlist.html.php 第 79 行.
NOTIC: [8] Trying to get property of non-object D:\SERVER\AppServ\www\0610\shop\Runtime\Cache\3f46dc1d74985643bd933e23fa5e6a8781260b5c.file.showlist.html.php 第 79 行.
NOTIC: [8] Undefined index: k D:\SERVER\AppServ\www\0610\shop\Runtime\Cache\3f46dc1d74985643bd933e23fa5e6a8781260b5c.file.showlist.html.php 第 80 行.
NOTIC: [8] Trying to get property of non-object D:\SERVER\AppServ\www\0610\shop\Runtime\Cache\3f46dc1d74985643bd933e23fa5e6a8781260b5c.file.showlist.html.php 第 80 行.
NOTIC: [8] Undefined index: arr D:\SERVER\AppServ\www\0610\shop\Runtime\Cache\3f46dc1d74985643bd933e23fa5e6a8781260b5c.file.showlist.html.php 第 83 行.
NOTIC: [8] Trying to get property of non-object D:\SERVER\AppServ\www\0610\shop\Runtime\Cache\3f46dc1d74985643bd933e23fa5e6a8781260b5c.file.showlist.html.php 第 83 行.
NOTIC: [8] Undefined index: arr D:\SERVER\AppServ\www\0610\shop\Runtime\Cache\3f46dc1d74985643bd933e23fa5e6a8781260b5c.file.showlist.html.php 第 85 行.
NOTIC: [8] Trying to get property of non-object D:\SERVER\AppServ\www\0610\shop\Runtime\Cache\3f46dc1d74985643bd933e23fa5e6a8781260b5c.file.showlist.html.php 第 85 行.
NOTIC: [8] Undefined index: arr D:\SERVER\AppServ\www\0610\shop\Runtime\Cache\3f46dc1d74985643bd933e23fa5e6a8781260b5c.file.showlist.html.php 第 89 行.
NOTIC: [8] Trying to get property of non-object D:\SERVER\AppServ\www\0610\shop\Runtime\Cache\3f46dc1d74985643bd933e23fa5e6a8781260b5c.file.showlist.html.php 第 89 行.
NOTIC: [8] Undefined index: arr D:\SERVER\AppServ\www\0610\shop\Runtime\Cache\3f46dc1d74985643bd933e23fa5e6a8781260b5c.file.showlist.html.php 第 94 行.
NOTIC: [8] Trying to get property of non-object D:\SERVER\AppServ\www\0610\shop\Runtime\Cache\3f46dc1d74985643bd933e23fa5e6a8781260b5c.file.showlist.html.php 第 94 行.
NOTIC: [8] Undefined index: pagelist D:\SERVER\AppServ\www\0610\shop\Runtime\Cache\3f46dc1d74985643bd933e23fa5e6a8781260b5c.file.showlist.html.php 第 102 行.
NOTIC: [8] Trying to get property of non-object D:\SERVER\AppServ\www\0610\shop\Runtime\Cache\3f46dc1d74985643bd933e23fa5e6a8781260b5c.file.showlist.html.php 第 102 行.
INFO: Run Behavior\ParseTemplate [ RunTime:0.015001s ]
INFO: [ view_parse ] --END-- [ RunTime:0.015001s ]
INFO: [ view_filter ] --START--
INFO: Run Behavior\WriteHtmlCache [ RunTime:0.001000s ]
INFO: [ view_filter ] --END-- [ RunTime:0.001000s ]
INFO: [ app_end ] --START--
INFO: Run Behavior\ShowPageTrace [ RunTime:0.001000s ]
INFO: [ app_end ] --END-- [ RunTime:0.001000s ]

[ 2016-12-31T22:19:48+08:00 ] ::1 /0610/shop/index.php/Admin/Goods/showlist
INFO: [ app_begin ] --START--
INFO: Run Behavior\ReadHtmlCache [ RunTime:0.001000s ]
INFO: [ app_begin ] --END-- [ RunTime:0.001000s ]
NOTIC: [8192] mysql_connect(): The mysql extension is deprecated and will be removed in the future: use mysqli or PDO instead D:\SERVER\AppServ\www\0610\ThinkPHP\Library\Think\Db\Driver\Mysql.class.php 第 52 行.
SQL: SHOW COLUMNS FROM `sw_goods` [ RunTime:0.003000s ]
SQL: SELECT * FROM `sw_goods`  [ RunTime:0.001000s ]
INFO: [ view_parse ] --START--
ERR: Syntax Error in template "D:/SERVER/AppServ/www/0610/shop/Admin/View\Goods\showlist.html"  on line 54 "&lt;td&gt;&lt;img src=&quot;{smarty.const.ADMIN_IMG_URL}20121018-174034-58977.jpg&quot; height=&quot;60&quot; width=&quot;60&quot;&gt;&lt;/td&gt;"  - Unexpected ".", expected one of: "}" , " "

[ 2016-12-31T22:20:47+08:00 ] ::1 /0610/shop/index.php/Admin/Goods/showlist
INFO: [ app_begin ] --START--
INFO: Run Behavior\ReadHtmlCache [ RunTime:0.001000s ]
INFO: [ app_begin ] --END-- [ RunTime:0.001000s ]
NOTIC: [8192] mysql_connect(): The mysql extension is deprecated and will be removed in the future: use mysqli or PDO instead D:\SERVER\AppServ\www\0610\ThinkPHP\Library\Think\Db\Driver\Mysql.class.php 第 52 行.
SQL: SHOW COLUMNS FROM `sw_goods` [ RunTime:0.003000s ]
SQL: SELECT * FROM `sw_goods`  [ RunTime:0.001000s ]
INFO: [ view_parse ] --START--
ERR: Syntax Error in template "D:/SERVER/AppServ/www/0610/shop/Admin/View\Goods\showlist.html"  on line 54 "&lt;td&gt;&lt;img src=&quot;{smarty.const.ADMIN_IMG_URL} 20121018-174034-58977.jpg&quot; height=&quot;60&quot; width=&quot;60&quot;&gt;&lt;/td&gt;"  - Unexpected ".", expected one of: "}" , " "

[ 2016-12-31T22:20:58+08:00 ] ::1 /0610/shop/index.php/Admin/Goods/showlist
INFO: [ app_begin ] --START--
INFO: Run Behavior\ReadHtmlCache [ RunTime:0.001000s ]
INFO: [ app_begin ] --END-- [ RunTime:0.001000s ]
NOTIC: [8192] mysql_connect(): The mysql extension is deprecated and will be removed in the future: use mysqli or PDO instead D:\SERVER\AppServ\www\0610\ThinkPHP\Library\Think\Db\Driver\Mysql.class.php 第 52 行.
SQL: SHOW COLUMNS FROM `sw_goods` [ RunTime:0.003000s ]
SQL: SELECT * FROM `sw_goods`  [ RunTime:0.002000s ]
INFO: [ view_parse ] --START--
ERR: Syntax Error in template "D:/SERVER/AppServ/www/0610/shop/Admin/View\Goods\showlist.html"  on line 54 "&lt;td&gt;&lt;img src=&quot;{smarty.const.ADMIN_IMG_URL }20121018-174034-58977.jpg&quot; height=&quot;60&quot; width=&quot;60&quot;&gt;&lt;/td&gt;"  - Unexpected ".", expected one of: "}" , " "

[ 2016-12-31T22:21:14+08:00 ] ::1 /0610/shop/index.php/Admin/Goods/showlist
INFO: [ app_begin ] --START--
INFO: Run Behavior\ReadHtmlCache [ RunTime:0.001000s ]
INFO: [ app_begin ] --END-- [ RunTime:0.002000s ]
NOTIC: [8192] mysql_connect(): The mysql extension is deprecated and will be removed in the future: use mysqli or PDO instead D:\SERVER\AppServ\www\0610\ThinkPHP\Library\Think\Db\Driver\Mysql.class.php 第 52 行.
SQL: SHOW COLUMNS FROM `sw_goods` [ RunTime:0.003001s ]
SQL: SELECT * FROM `sw_goods`  [ RunTime:0.002000s ]
INFO: [ view_parse ] --START--
NOTIC: [8] Undefined index: arr D:\SERVER\AppServ\www\0610\shop\Runtime\Cache\3f46dc1d74985643bd933e23fa5e6a8781260b5c.file.showlist.html.php 第 79 行.
NOTIC: [8] Trying to get property of non-object D:\SERVER\AppServ\www\0610\shop\Runtime\Cache\3f46dc1d74985643bd933e23fa5e6a8781260b5c.file.showlist.html.php 第 79 行.
NOTIC: [8] Undefined index: k D:\SERVER\AppServ\www\0610\shop\Runtime\Cache\3f46dc1d74985643bd933e23fa5e6a8781260b5c.file.showlist.html.php 第 80 行.
NOTIC: [8] Trying to get property of non-object D:\SERVER\AppServ\www\0610\shop\Runtime\Cache\3f46dc1d74985643bd933e23fa5e6a8781260b5c.file.showlist.html.php 第 80 行.
NOTIC: [8] Undefined index: arr D:\SERVER\AppServ\www\0610\shop\Runtime\Cache\3f46dc1d74985643bd933e23fa5e6a8781260b5c.file.showlist.html.php 第 82 行.
NOTIC: [8] Trying to get property of non-object D:\SERVER\AppServ\www\0610\shop\Runtime\Cache\3f46dc1d74985643bd933e23fa5e6a8781260b5c.file.showlist.html.php 第 82 行.
NOTIC: [8] Undefined index: arr D:\SERVER\AppServ\www\0610\shop\Runtime\Cache\3f46dc1d74985643bd933e23fa5e6a8781260b5c.file.showlist.html.php 第 84 行.
NOTIC: [8] Trying to get property of non-object D:\SERVER\AppServ\www\0610\shop\Runtime\Cache\3f46dc1d74985643bd933e23fa5e6a8781260b5c.file.showlist.html.php 第 84 行.
NOTIC: [8] Undefined index: arr D:\SERVER\AppServ\www\0610\shop\Runtime\Cache\3f46dc1d74985643bd933e23fa5e6a8781260b5c.file.showlist.html.php 第 86 行.
NOTIC: [8] Trying to get property of non-object D:\SERVER\AppServ\www\0610\shop\Runtime\Cache\3f46dc1d74985643bd933e23fa5e6a8781260b5c.file.showlist.html.php 第 86 行.
NOTIC: [8] Undefined index: arr D:\SERVER\AppServ\www\0610\shop\Runtime\Cache\3f46dc1d74985643bd933e23fa5e6a8781260b5c.file.showlist.html.php 第 90 行.
NOTIC: [8] Trying to get property of non-object D:\SERVER\AppServ\www\0610\shop\Runtime\Cache\3f46dc1d74985643bd933e23fa5e6a8781260b5c.file.showlist.html.php 第 90 行.
NOTIC: [8] Undefined index: arr D:\SERVER\AppServ\www\0610\shop\Runtime\Cache\3f46dc1d74985643bd933e23fa5e6a8781260b5c.file.showlist.html.php 第 95 行.
NOTIC: [8] Trying to get property of non-object D:\SERVER\AppServ\www\0610\shop\Runtime\Cache\3f46dc1d74985643bd933e23fa5e6a8781260b5c.file.showlist.html.php 第 95 行.
NOTIC: [8] Undefined index: pagelist D:\SERVER\AppServ\www\0610\shop\Runtime\Cache\3f46dc1d74985643bd933e23fa5e6a8781260b5c.file.showlist.html.php 第 103 行.
NOTIC: [8] Trying to get property of non-object D:\SERVER\AppServ\www\0610\shop\Runtime\Cache\3f46dc1d74985643bd933e23fa5e6a8781260b5c.file.showlist.html.php 第 103 行.
INFO: Run Behavior\ParseTemplate [ RunTime:0.074004s ]
INFO: [ view_parse ] --END-- [ RunTime:0.074004s ]
INFO: [ view_filter ] --START--
INFO: Run Behavior\WriteHtmlCache [ RunTime:0.001000s ]
INFO: [ view_filter ] --END-- [ RunTime:0.001000s ]
INFO: [ app_end ] --START--
INFO: Run Behavior\ShowPageTrace [ RunTime:0.001000s ]
INFO: [ app_end ] --END-- [ RunTime:0.001000s ]

[ 2016-12-31T22:24:08+08:00 ] ::1 /0610/shop/index.php/Admin/Goods/showlist
INFO: [ app_begin ] --START--
INFO: Run Behavior\ReadHtmlCache [ RunTime:0.001000s ]
INFO: [ app_begin ] --END-- [ RunTime:0.001000s ]
NOTIC: [8192] mysql_connect(): The mysql extension is deprecated and will be removed in the future: use mysqli or PDO instead D:\SERVER\AppServ\www\0610\ThinkPHP\Library\Think\Db\Driver\Mysql.class.php 第 52 行.
SQL: SHOW COLUMNS FROM `sw_goods` [ RunTime:0.003001s ]
SQL: SELECT * FROM `sw_goods`  [ RunTime:0.010000s ]
INFO: [ view_parse ] --START--
ERR: Syntax Error in template "D:/SERVER/AppServ/www/0610/shop/Admin/View\Goods\showlist.html"  on line 54 "&lt;td&gt;&lt;img src={smarty.const.ADMIN_IMG_URL}20121018-174034-58977.jpg height=&quot;60&quot; width=&quot;60&quot;&gt;&lt;/td&gt;"  - Unexpected ".", expected one of: "}" , " "

[ 2016-12-31T22:26:24+08:00 ] ::1 /0610/shop/index.php/Admin/Goods/showlist
INFO: [ app_begin ] --START--
INFO: Run Behavior\ReadHtmlCache [ RunTime:0.001000s ]
INFO: [ app_begin ] --END-- [ RunTime:0.001000s ]
NOTIC: [8192] mysql_connect(): The mysql extension is deprecated and will be removed in the future: use mysqli or PDO instead D:\SERVER\AppServ\www\0610\ThinkPHP\Library\Think\Db\Driver\Mysql.class.php 第 52 行.
SQL: SHOW COLUMNS FROM `sw_goods` [ RunTime:0.003000s ]
SQL: SELECT * FROM `sw_goods`  [ RunTime:0.028002s ]
INFO: [ view_parse ] --START--
NOTIC: [8] Undefined index: arr D:\SERVER\AppServ\www\0610\shop\Runtime\Cache\3f46dc1d74985643bd933e23fa5e6a8781260b5c.file.showlist.html.php 第 79 行.
NOTIC: [8] Trying to get property of non-object D:\SERVER\AppServ\www\0610\shop\Runtime\Cache\3f46dc1d74985643bd933e23fa5e6a8781260b5c.file.showlist.html.php 第 79 行.
NOTIC: [8] Undefined index: k D:\SERVER\AppServ\www\0610\shop\Runtime\Cache\3f46dc1d74985643bd933e23fa5e6a8781260b5c.file.showlist.html.php 第 80 行.
NOTIC: [8] Trying to get property of non-object D:\SERVER\AppServ\www\0610\shop\Runtime\Cache\3f46dc1d74985643bd933e23fa5e6a8781260b5c.file.showlist.html.php 第 80 行.
NOTIC: [8] Undefined index: arr D:\SERVER\AppServ\www\0610\shop\Runtime\Cache\3f46dc1d74985643bd933e23fa5e6a8781260b5c.file.showlist.html.php 第 82 行.
NOTIC: [8] Trying to get property of non-object D:\SERVER\AppServ\www\0610\shop\Runtime\Cache\3f46dc1d74985643bd933e23fa5e6a8781260b5c.file.showlist.html.php 第 82 行.
NOTIC: [8] Undefined index: arr D:\SERVER\AppServ\www\0610\shop\Runtime\Cache\3f46dc1d74985643bd933e23fa5e6a8781260b5c.file.showlist.html.php 第 84 行.
NOTIC: [8] Trying to get property of non-object D:\SERVER\AppServ\www\0610\shop\Runtime\Cache\3f46dc1d74985643bd933e23fa5e6a8781260b5c.file.showlist.html.php 第 84 行.
NOTIC: [8] Undefined index: arr D:\SERVER\AppServ\www\0610\shop\Runtime\Cache\3f46dc1d74985643bd933e23fa5e6a8781260b5c.file.showlist.html.php 第 86 行.
NOTIC: [8] Trying to get property of non-object D:\SERVER\AppServ\www\0610\shop\Runtime\Cache\3f46dc1d74985643bd933e23fa5e6a8781260b5c.file.showlist.html.php 第 86 行.
NOTIC: [8] Undefined index: arr D:\SERVER\AppServ\www\0610\shop\Runtime\Cache\3f46dc1d74985643bd933e23fa5e6a8781260b5c.file.showlist.html.php 第 93 行.
NOTIC: [8] Trying to get property of non-object D:\SERVER\AppServ\www\0610\shop\Runtime\Cache\3f46dc1d74985643bd933e23fa5e6a8781260b5c.file.showlist.html.php 第 93 行.
NOTIC: [8] Undefined index: arr D:\SERVER\AppServ\www\0610\shop\Runtime\Cache\3f46dc1d74985643bd933e23fa5e6a8781260b5c.file.showlist.html.php 第 98 行.
NOTIC: [8] Trying to get property of non-object D:\SERVER\AppServ\www\0610\shop\Runtime\Cache\3f46dc1d74985643bd933e23fa5e6a8781260b5c.file.showlist.html.php 第 98 行.
NOTIC: [8] Undefined index: pagelist D:\SERVER\AppServ\www\0610\shop\Runtime\Cache\3f46dc1d74985643bd933e23fa5e6a8781260b5c.file.showlist.html.php 第 106 行.
NOTIC: [8] Trying to get property of non-object D:\SERVER\AppServ\www\0610\shop\Runtime\Cache\3f46dc1d74985643bd933e23fa5e6a8781260b5c.file.showlist.html.php 第 106 行.
INFO: Run Behavior\ParseTemplate [ RunTime:0.072004s ]
INFO: [ view_parse ] --END-- [ RunTime:0.072004s ]
INFO: [ view_filter ] --START--
INFO: Run Behavior\WriteHtmlCache [ RunTime:0.001000s ]
INFO: [ view_filter ] --END-- [ RunTime:0.001000s ]
INFO: [ app_end ] --START--
INFO: Run Behavior\ShowPageTrace [ RunTime:0.001000s ]
INFO: [ app_end ] --END-- [ RunTime:0.001000s ]

[ 2016-12-31T22:26:24+08:00 ] ::1 /0610/shop/index.php/Admin/Goods/src=%22/0610/shop/Admin/Public/img/20121018-174034-97960.jpg%22
INFO: [ app_begin ] --START--
INFO: Run Behavior\ReadHtmlCache [ RunTime:0.001000s ]
INFO: [ app_begin ] --END-- [ RunTime:0.002000s ]
ERR: 非法操作:src="

[ 2016-12-31T22:27:31+08:00 ] ::1 /0610/shop/index.php/Admin/Goods/showlist
INFO: [ app_begin ] --START--
INFO: Run Behavior\ReadHtmlCache [ RunTime:0.001000s ]
INFO: [ app_begin ] --END-- [ RunTime:0.002000s ]
NOTIC: [8192] mysql_connect(): The mysql extension is deprecated and will be removed in the future: use mysqli or PDO instead D:\SERVER\AppServ\www\0610\ThinkPHP\Library\Think\Db\Driver\Mysql.class.php 第 52 行.
SQL: SHOW COLUMNS FROM `sw_goods` [ RunTime:0.003000s ]
SQL: SELECT * FROM `sw_goods`  [ RunTime:0.002000s ]
INFO: [ view_parse ] --START--
NOTIC: [8] Undefined index: arr D:\SERVER\AppServ\www\0610\shop\Runtime\Cache\3f46dc1d74985643bd933e23fa5e6a8781260b5c.file.showlist.html.php 第 79 行.
NOTIC: [8] Trying to get property of non-object D:\SERVER\AppServ\www\0610\shop\Runtime\Cache\3f46dc1d74985643bd933e23fa5e6a8781260b5c.file.showlist.html.php 第 79 行.
NOTIC: [8] Undefined index: k D:\SERVER\AppServ\www\0610\shop\Runtime\Cache\3f46dc1d74985643bd933e23fa5e6a8781260b5c.file.showlist.html.php 第 80 行.
NOTIC: [8] Trying to get property of non-object D:\SERVER\AppServ\www\0610\shop\Runtime\Cache\3f46dc1d74985643bd933e23fa5e6a8781260b5c.file.showlist.html.php 第 80 行.
NOTIC: [8] Undefined index: arr D:\SERVER\AppServ\www\0610\shop\Runtime\Cache\3f46dc1d74985643bd933e23fa5e6a8781260b5c.file.showlist.html.php 第 82 行.
NOTIC: [8] Trying to get property of non-object D:\SERVER\AppServ\www\0610\shop\Runtime\Cache\3f46dc1d74985643bd933e23fa5e6a8781260b5c.file.showlist.html.php 第 82 行.
NOTIC: [8] Undefined index: arr D:\SERVER\AppServ\www\0610\shop\Runtime\Cache\3f46dc1d74985643bd933e23fa5e6a8781260b5c.file.showlist.html.php 第 84 行.
NOTIC: [8] Trying to get property of non-object D:\SERVER\AppServ\www\0610\shop\Runtime\Cache\3f46dc1d74985643bd933e23fa5e6a8781260b5c.file.showlist.html.php 第 84 行.
NOTIC: [8] Undefined index: arr D:\SERVER\AppServ\www\0610\shop\Runtime\Cache\3f46dc1d74985643bd933e23fa5e6a8781260b5c.file.showlist.html.php 第 86 行.
NOTIC: [8] Trying to get property of non-object D:\SERVER\AppServ\www\0610\shop\Runtime\Cache\3f46dc1d74985643bd933e23fa5e6a8781260b5c.file.showlist.html.php 第 86 行.
NOTIC: [8] Undefined index: arr D:\SERVER\AppServ\www\0610\shop\Runtime\Cache\3f46dc1d74985643bd933e23fa5e6a8781260b5c.file.showlist.html.php 第 93 行.
NOTIC: [8] Trying to get property of non-object D:\SERVER\AppServ\www\0610\shop\Runtime\Cache\3f46dc1d74985643bd933e23fa5e6a8781260b5c.file.showlist.html.php 第 93 行.
NOTIC: [8] Undefined index: arr D:\SERVER\AppServ\www\0610\shop\Runtime\Cache\3f46dc1d74985643bd933e23fa5e6a8781260b5c.file.showlist.html.php 第 98 行.
NOTIC: [8] Trying to get property of non-object D:\SERVER\AppServ\www\0610\shop\Runtime\Cache\3f46dc1d74985643bd933e23fa5e6a8781260b5c.file.showlist.html.php 第 98 行.
NOTIC: [8] Undefined index: pagelist D:\SERVER\AppServ\www\0610\shop\Runtime\Cache\3f46dc1d74985643bd933e23fa5e6a8781260b5c.file.showlist.html.php 第 106 行.
NOTIC: [8] Trying to get property of non-object D:\SERVER\AppServ\www\0610\shop\Runtime\Cache\3f46dc1d74985643bd933e23fa5e6a8781260b5c.file.showlist.html.php 第 106 行.
INFO: Run Behavior\ParseTemplate [ RunTime:0.071004s ]
INFO: [ view_parse ] --END-- [ RunTime:0.072004s ]
INFO: [ view_filter ] --START--
INFO: Run Behavior\WriteHtmlCache [ RunTime:0.001000s ]
INFO: [ view_filter ] --END-- [ RunTime:0.001000s ]
INFO: [ app_end ] --START--
INFO: Run Behavior\ShowPageTrace [ RunTime:0.001000s ]
INFO: [ app_end ] --END-- [ RunTime:0.001000s ]

[ 2016-12-31T22:28:05+08:00 ] ::1 /0610/shop/index.php/Admin/Goods/showlist?s_product_mark=1
INFO: [ app_begin ] --START--
INFO: Run Behavior\ReadHtmlCache [ RunTime:0.000000s ]
INFO: [ app_begin ] --END-- [ RunTime:0.001000s ]
NOTIC: [8192] mysql_connect(): The mysql extension is deprecated and will be removed in the future: use mysqli or PDO instead D:\SERVER\AppServ\www\0610\ThinkPHP\Library\Think\Db\Driver\Mysql.class.php 第 52 行.
SQL: SHOW COLUMNS FROM `sw_goods` [ RunTime:0.003000s ]
SQL: SELECT * FROM `sw_goods`  [ RunTime:0.001000s ]
INFO: [ view_parse ] --START--
NOTIC: [8] Undefined index: arr D:\SERVER\AppServ\www\0610\shop\Runtime\Cache\3f46dc1d74985643bd933e23fa5e6a8781260b5c.file.showlist.html.php 第 79 行.
NOTIC: [8] Trying to get property of non-object D:\SERVER\AppServ\www\0610\shop\Runtime\Cache\3f46dc1d74985643bd933e23fa5e6a8781260b5c.file.showlist.html.php 第 79 行.
NOTIC: [8] Undefined index: k D:\SERVER\AppServ\www\0610\shop\Runtime\Cache\3f46dc1d74985643bd933e23fa5e6a8781260b5c.file.showlist.html.php 第 80 行.
NOTIC: [8] Trying to get property of non-object D:\SERVER\AppServ\www\0610\shop\Runtime\Cache\3f46dc1d74985643bd933e23fa5e6a8781260b5c.file.showlist.html.php 第 80 行.
NOTIC: [8] Undefined index: arr D:\SERVER\AppServ\www\0610\shop\Runtime\Cache\3f46dc1d74985643bd933e23fa5e6a8781260b5c.file.showlist.html.php 第 82 行.
NOTIC: [8] Trying to get property of non-object D:\SERVER\AppServ\www\0610\shop\Runtime\Cache\3f46dc1d74985643bd933e23fa5e6a8781260b5c.file.showlist.html.php 第 82 行.
NOTIC: [8] Undefined index: arr D:\SERVER\AppServ\www\0610\shop\Runtime\Cache\3f46dc1d74985643bd933e23fa5e6a8781260b5c.file.showlist.html.php 第 84 行.
NOTIC: [8] Trying to get property of non-object D:\SERVER\AppServ\www\0610\shop\Runtime\Cache\3f46dc1d74985643bd933e23fa5e6a8781260b5c.file.showlist.html.php 第 84 行.
NOTIC: [8] Undefined index: arr D:\SERVER\AppServ\www\0610\shop\Runtime\Cache\3f46dc1d74985643bd933e23fa5e6a8781260b5c.file.showlist.html.php 第 86 行.
NOTIC: [8] Trying to get property of non-object D:\SERVER\AppServ\www\0610\shop\Runtime\Cache\3f46dc1d74985643bd933e23fa5e6a8781260b5c.file.showlist.html.php 第 86 行.
NOTIC: [8] Undefined index: arr D:\SERVER\AppServ\www\0610\shop\Runtime\Cache\3f46dc1d74985643bd933e23fa5e6a8781260b5c.file.showlist.html.php 第 93 行.
NOTIC: [8] Trying to get property of non-object D:\SERVER\AppServ\www\0610\shop\Runtime\Cache\3f46dc1d74985643bd933e23fa5e6a8781260b5c.file.showlist.html.php 第 93 行.
NOTIC: [8] Undefined index: arr D:\SERVER\AppServ\www\0610\shop\Runtime\Cache\3f46dc1d74985643bd933e23fa5e6a8781260b5c.file.showlist.html.php 第 98 行.
NOTIC: [8] Trying to get property of non-object D:\SERVER\AppServ\www\0610\shop\Runtime\Cache\3f46dc1d74985643bd933e23fa5e6a8781260b5c.file.showlist.html.php 第 98 行.
NOTIC: [8] Undefined index: pagelist D:\SERVER\AppServ\www\0610\shop\Runtime\Cache\3f46dc1d74985643bd933e23fa5e6a8781260b5c.file.showlist.html.php 第 106 行.
NOTIC: [8] Trying to get property of non-object D:\SERVER\AppServ\www\0610\shop\Runtime\Cache\3f46dc1d74985643bd933e23fa5e6a8781260b5c.file.showlist.html.php 第 106 行.
INFO: Run Behavior\ParseTemplate [ RunTime:0.014001s ]
INFO: [ view_parse ] --END-- [ RunTime:0.015001s ]
INFO: [ view_filter ] --START--
INFO: Run Behavior\WriteHtmlCache [ RunTime:0.000000s ]
INFO: [ view_filter ] --END-- [ RunTime:0.000000s ]
INFO: [ app_end ] --START--
INFO: Run Behavior\ShowPageTrace [ RunTime:0.001000s ]
INFO: [ app_end ] --END-- [ RunTime:0.001000s ]

[ 2016-12-31T22:28:06+08:00 ] ::1 /0610/shop/index.php/Admin/Goods/showlist?s_product_mark=0
INFO: [ app_begin ] --START--
INFO: Run Behavior\ReadHtmlCache [ RunTime:0.001000s ]
INFO: [ app_begin ] --END-- [ RunTime:0.001000s ]
NOTIC: [8192] mysql_connect(): The mysql extension is deprecated and will be removed in the future: use mysqli or PDO instead D:\SERVER\AppServ\www\0610\ThinkPHP\Library\Think\Db\Driver\Mysql.class.php 第 52 行.
SQL: SHOW COLUMNS FROM `sw_goods` [ RunTime:0.043002s ]
SQL: SELECT * FROM `sw_goods`  [ RunTime:0.002001s ]
INFO: [ view_parse ] --START--
NOTIC: [8] Undefined index: arr D:\SERVER\AppServ\www\0610\shop\Runtime\Cache\3f46dc1d74985643bd933e23fa5e6a8781260b5c.file.showlist.html.php 第 79 行.
NOTIC: [8] Trying to get property of non-object D:\SERVER\AppServ\www\0610\shop\Runtime\Cache\3f46dc1d74985643bd933e23fa5e6a8781260b5c.file.showlist.html.php 第 79 行.
NOTIC: [8] Undefined index: k D:\SERVER\AppServ\www\0610\shop\Runtime\Cache\3f46dc1d74985643bd933e23fa5e6a8781260b5c.file.showlist.html.php 第 80 行.
NOTIC: [8] Trying to get property of non-object D:\SERVER\AppServ\www\0610\shop\Runtime\Cache\3f46dc1d74985643bd933e23fa5e6a8781260b5c.file.showlist.html.php 第 80 行.
NOTIC: [8] Undefined index: arr D:\SERVER\AppServ\www\0610\shop\Runtime\Cache\3f46dc1d74985643bd933e23fa5e6a8781260b5c.file.showlist.html.php 第 82 行.
NOTIC: [8] Trying to get property of non-object D:\SERVER\AppServ\www\0610\shop\Runtime\Cache\3f46dc1d74985643bd933e23fa5e6a8781260b5c.file.showlist.html.php 第 82 行.
NOTIC: [8] Undefined index: arr D:\SERVER\AppServ\www\0610\shop\Runtime\Cache\3f46dc1d74985643bd933e23fa5e6a8781260b5c.file.showlist.html.php 第 84 行.
NOTIC: [8] Trying to get property of non-object D:\SERVER\AppServ\www\0610\shop\Runtime\Cache\3f46dc1d74985643bd933e23fa5e6a8781260b5c.file.showlist.html.php 第 84 行.
NOTIC: [8] Undefined index: arr D:\SERVER\AppServ\www\0610\shop\Runtime\Cache\3f46dc1d74985643bd933e23fa5e6a8781260b5c.file.showlist.html.php 第 86 行.
NOTIC: [8] Trying to get property of non-object D:\SERVER\AppServ\www\0610\shop\Runtime\Cache\3f46dc1d74985643bd933e23fa5e6a8781260b5c.file.showlist.html.php 第 86 行.
NOTIC: [8] Undefined index: arr D:\SERVER\AppServ\www\0610\shop\Runtime\Cache\3f46dc1d74985643bd933e23fa5e6a8781260b5c.file.showlist.html.php 第 93 行.
NOTIC: [8] Trying to get property of non-object D:\SERVER\AppServ\www\0610\shop\Runtime\Cache\3f46dc1d74985643bd933e23fa5e6a8781260b5c.file.showlist.html.php 第 93 行.
NOTIC: [8] Undefined index: arr D:\SERVER\AppServ\www\0610\shop\Runtime\Cache\3f46dc1d74985643bd933e23fa5e6a8781260b5c.file.showlist.html.php 第 98 行.
NOTIC: [8] Trying to get property of non-object D:\SERVER\AppServ\www\0610\shop\Runtime\Cache\3f46dc1d74985643bd933e23fa5e6a8781260b5c.file.showlist.html.php 第 98 行.
NOTIC: [8] Undefined index: pagelist D:\SERVER\AppServ\www\0610\shop\Runtime\Cache\3f46dc1d74985643bd933e23fa5e6a8781260b5c.file.showlist.html.php 第 106 行.
NOTIC: [8] Trying to get property of non-object D:\SERVER\AppServ\www\0610\shop\Runtime\Cache\3f46dc1d74985643bd933e23fa5e6a8781260b5c.file.showlist.html.php 第 106 行.
INFO: Run Behavior\ParseTemplate [ RunTime:0.013000s ]
INFO: [ view_parse ] --END-- [ RunTime:0.014000s ]
INFO: [ view_filter ] --START--
INFO: Run Behavior\WriteHtmlCache [ RunTime:0.000000s ]
INFO: [ view_filter ] --END-- [ RunTime:0.000000s ]
INFO: [ app_end ] --START--
INFO: Run Behavior\ShowPageTrace [ RunTime:0.001000s ]
INFO: [ app_end ] --END-- [ RunTime:0.001000s ]

[ 2016-12-31T22:28:09+08:00 ] ::1 /0610/shop/index.php/Admin/Goods/tianjia
INFO: [ app_begin ] --START--
INFO: Run Behavior\ReadHtmlCache [ RunTime:0.001000s ]
INFO: [ app_begin ] --END-- [ RunTime:0.002000s ]
NOTIC: [8192] mysql_connect(): The mysql extension is deprecated and will be removed in the future: use mysqli or PDO instead D:\SERVER\AppServ\www\0610\ThinkPHP\Library\Think\Db\Driver\Mysql.class.php 第 52 行.
SQL: SHOW COLUMNS FROM `sw_goods` [ RunTime:0.003000s ]
INFO: [ view_parse ] --START--
INFO: Run Behavior\ParseTemplate [ RunTime:0.024001s ]
INFO: [ view_parse ] --END-- [ RunTime:0.025001s ]
INFO: [ view_filter ] --START--
INFO: Run Behavior\WriteHtmlCache [ RunTime:0.000000s ]
INFO: [ view_filter ] --END-- [ RunTime:0.000000s ]
INFO: [ app_end ] --START--
INFO: Run Behavior\ShowPageTrace [ RunTime:0.001000s ]
INFO: [ app_end ] --END-- [ RunTime:0.001000s ]

[ 2016-12-31T22:28:44+08:00 ] ::1 /0610/shop/index.php/Admin/Goods/showlist
INFO: [ app_begin ] --START--
INFO: Run Behavior\ReadHtmlCache [ RunTime:0.001000s ]
INFO: [ app_begin ] --END-- [ RunTime:0.002000s ]
NOTIC: [8192] mysql_connect(): The mysql extension is deprecated and will be removed in the future: use mysqli or PDO instead D:\SERVER\AppServ\www\0610\ThinkPHP\Library\Think\Db\Driver\Mysql.class.php 第 52 行.
SQL: SHOW COLUMNS FROM `sw_goods` [ RunTime:0.001000s ]
SQL: SELECT * FROM `sw_goods`  [ RunTime:0.001000s ]
INFO: [ view_parse ] --START--
ERR: Syntax Error in template "D:/SERVER/AppServ/www/0610/shop/Admin/View\Goods\showlist.html"  on line 58 "&lt;td&gt;{$arr.goods_create_time|data_format:&quot;%Y-%M-%d %H:%m:%s&quot;}&lt;/td&gt;" unknown modifier "data_format"

[ 2016-12-31T22:30:19+08:00 ] ::1 /0610/shop/index.php/Admin/Goods/showlist
INFO: [ app_begin ] --START--
INFO: Run Behavior\ReadHtmlCache [ RunTime:0.015600s ]
INFO: [ app_begin ] --END-- [ RunTime:0.016600s ]
NOTIC: [8192] mysql_connect(): The mysql extension is deprecated and will be removed in the future: use mysqli or PDO instead D:\SERVER\AppServ\www\0610\ThinkPHP\Library\Think\Db\Driver\Mysql.class.php 第 52 行.
SQL: SHOW COLUMNS FROM `sw_goods` [ RunTime:0.003000s ]
SQL: SELECT * FROM `sw_goods`  [ RunTime:0.001000s ]
INFO: [ view_parse ] --START--
ERR: Syntax Error in template "D:/SERVER/AppServ/www/0610/shop/Admin/View\Goods\showlist.html"  on line 58 "&lt;td&gt;{$arr.goods_create_time|data_format:&quot;%Y-%M-%d %H:%m:%s&quot;}&lt;/td&gt;" unknown modifier "data_format"

[ 2016-12-31T22:30:31+08:00 ] ::1 /0610/shop/index.php/Admin/Goods/showlist
INFO: [ app_begin ] --START--
INFO: Run Behavior\ReadHtmlCache [ RunTime:0.000000s ]
INFO: [ app_begin ] --END-- [ RunTime:0.002000s ]
NOTIC: [8192] mysql_connect(): The mysql extension is deprecated and will be removed in the future: use mysqli or PDO instead D:\SERVER\AppServ\www\0610\ThinkPHP\Library\Think\Db\Driver\Mysql.class.php 第 52 行.
SQL: SHOW COLUMNS FROM `sw_goods` [ RunTime:0.001000s ]
SQL: SELECT * FROM `sw_goods`  [ RunTime:0.002000s ]
INFO: [ view_parse ] --START--
NOTIC: [8] Undefined index: arr D:\SERVER\AppServ\www\0610\shop\Runtime\Cache\3f46dc1d74985643bd933e23fa5e6a8781260b5c.file.showlist.html.php 第 79 行.
NOTIC: [8] Trying to get property of non-object D:\SERVER\AppServ\www\0610\shop\Runtime\Cache\3f46dc1d74985643bd933e23fa5e6a8781260b5c.file.showlist.html.php 第 79 行.
NOTIC: [8] Undefined index: k D:\SERVER\AppServ\www\0610\shop\Runtime\Cache\3f46dc1d74985643bd933e23fa5e6a8781260b5c.file.showlist.html.php 第 80 行.
NOTIC: [8] Trying to get property of non-object D:\SERVER\AppServ\www\0610\shop\Runtime\Cache\3f46dc1d74985643bd933e23fa5e6a8781260b5c.file.showlist.html.php 第 80 行.
NOTIC: [8] Undefined index: arr D:\SERVER\AppServ\www\0610\shop\Runtime\Cache\3f46dc1d74985643bd933e23fa5e6a8781260b5c.file.showlist.html.php 第 82 行.
NOTIC: [8] Trying to get property of non-object D:\SERVER\AppServ\www\0610\shop\Runtime\Cache\3f46dc1d74985643bd933e23fa5e6a8781260b5c.file.showlist.html.php 第 82 行.
NOTIC: [8] Undefined index: arr D:\SERVER\AppServ\www\0610\shop\Runtime\Cache\3f46dc1d74985643bd933e23fa5e6a8781260b5c.file.showlist.html.php 第 84 行.
NOTIC: [8] Trying to get property of non-object D:\SERVER\AppServ\www\0610\shop\Runtime\Cache\3f46dc1d74985643bd933e23fa5e6a8781260b5c.file.showlist.html.php 第 84 行.
NOTIC: [8] Undefined index: arr D:\SERVER\AppServ\www\0610\shop\Runtime\Cache\3f46dc1d74985643bd933e23fa5e6a8781260b5c.file.showlist.html.php 第 86 行.
NOTIC: [8] Trying to get property of non-object D:\SERVER\AppServ\www\0610\shop\Runtime\Cache\3f46dc1d74985643bd933e23fa5e6a8781260b5c.file.showlist.html.php 第 86 行.
NOTIC: [8] Undefined index: arr D:\SERVER\AppServ\www\0610\shop\Runtime\Cache\3f46dc1d74985643bd933e23fa5e6a8781260b5c.file.showlist.html.php 第 93 行.
NOTIC: [8] Trying to get property of non-object D:\SERVER\AppServ\www\0610\shop\Runtime\Cache\3f46dc1d74985643bd933e23fa5e6a8781260b5c.file.showlist.html.php 第 93 行.
NOTIC: [8] Undefined index: arr D:\SERVER\AppServ\www\0610\shop\Runtime\Cache\3f46dc1d74985643bd933e23fa5e6a8781260b5c.file.showlist.html.php 第 97 行.
NOTIC: [8] Trying to get property of non-object D:\SERVER\AppServ\www\0610\shop\Runtime\Cache\3f46dc1d74985643bd933e23fa5e6a8781260b5c.file.showlist.html.php 第 97 行.
NOTIC: [8] Undefined index: pagelist D:\SERVER\AppServ\www\0610\shop\Runtime\Cache\3f46dc1d74985643bd933e23fa5e6a8781260b5c.file.showlist.html.php 第 105 行.
NOTIC: [8] Trying to get property of non-object D:\SERVER\AppServ\www\0610\shop\Runtime\Cache\3f46dc1d74985643bd933e23fa5e6a8781260b5c.file.showlist.html.php 第 105 行.
INFO: Run Behavior\ParseTemplate [ RunTime:0.073004s ]
INFO: [ view_parse ] --END-- [ RunTime:0.073004s ]
INFO: [ view_filter ] --START--
INFO: Run Behavior\WriteHtmlCache [ RunTime:0.001000s ]
INFO: [ view_filter ] --END-- [ RunTime:0.001000s ]
INFO: [ app_end ] --START--
INFO: Run Behavior\ShowPageTrace [ RunTime:0.001000s ]
INFO: [ app_end ] --END-- [ RunTime:0.001000s ]

[ 2016-12-31T22:41:00+08:00 ] ::1 /0610/shop/index.php/Admin/index/index
INFO: [ app_begin ] --START--
INFO: Run Behavior\ReadHtmlCache [ RunTime:0.001000s ]
INFO: [ app_begin ] --END-- [ RunTime:0.002001s ]
INFO: [ view_parse ] --START--
INFO: Run Behavior\ParseTemplate [ RunTime:0.014000s ]
INFO: [ view_parse ] --END-- [ RunTime:0.014000s ]
INFO: [ view_filter ] --START--
INFO: Run Behavior\WriteHtmlCache [ RunTime:0.001001s ]
INFO: [ view_filter ] --END-- [ RunTime:0.001001s ]
INFO: [ app_end ] --START--
INFO: Run Behavior\ShowPageTrace [ RunTime:0.001000s ]
INFO: [ app_end ] --END-- [ RunTime:0.001000s ]

[ 2016-12-31T22:41:00+08:00 ] ::1 /0610/shop/index.php/Admin/Index/head
INFO: [ app_begin ] --START--
INFO: Run Behavior\ReadHtmlCache [ RunTime:0.001000s ]
INFO: [ app_begin ] --END-- [ RunTime:0.002000s ]
INFO: [ view_parse ] --START--
NOTIC: [8] Undefined index: Think D:\SERVER\AppServ\www\0610\shop\Runtime\Cache\71be5df2cddb1caee729179a47e4cab0579a9010.file.head.html.php 第 42 行.
NOTIC: [8] Trying to get property of non-object D:\SERVER\AppServ\www\0610\shop\Runtime\Cache\71be5df2cddb1caee729179a47e4cab0579a9010.file.head.html.php 第 42 行.
INFO: Run Behavior\ParseTemplate [ RunTime:0.012001s ]
INFO: [ view_parse ] --END-- [ RunTime:0.012001s ]
INFO: [ view_filter ] --START--
INFO: Run Behavior\WriteHtmlCache [ RunTime:0.001000s ]
INFO: [ view_filter ] --END-- [ RunTime:0.001000s ]
INFO: [ app_end ] --START--
INFO: Run Behavior\ShowPageTrace [ RunTime:0.000000s ]
INFO: [ app_end ] --END-- [ RunTime:0.000000s ]

[ 2016-12-31T22:41:00+08:00 ] ::1 /0610/shop/index.php/Admin/Index/left
INFO: [ app_begin ] --START--
INFO: Run Behavior\ReadHtmlCache [ RunTime:0.001001s ]
INFO: [ app_begin ] --END-- [ RunTime:0.001001s ]
NOTIC: [8192] mysql_connect(): The mysql extension is deprecated and will be removed in the future: use mysqli or PDO instead D:\SERVER\AppServ\www\0610\ThinkPHP\Library\Think\Db\Driver\Mysql.class.php 第 52 行.
SQL: SHOW COLUMNS FROM `sw_auth` [ RunTime:0.003000s ]
SQL: SELECT * FROM `sw_auth`  [ RunTime:0.001000s ]
INFO: [ view_parse ] --START--
NOTIC: [8] Undefined index: arr D:\SERVER\AppServ\www\0610\shop\Runtime\Cache\920718c8608b372f806d07c2318b9a63fb16e45c.file.left.html.php 第 68 行.
NOTIC: [8] Trying to get property of non-object D:\SERVER\AppServ\www\0610\shop\Runtime\Cache\920718c8608b372f806d07c2318b9a63fb16e45c.file.left.html.php 第 68 行.
NOTIC: [8] Undefined index: arr1 D:\SERVER\AppServ\www\0610\shop\Runtime\Cache\920718c8608b372f806d07c2318b9a63fb16e45c.file.left.html.php 第 77 行.
NOTIC: [8] Trying to get property of non-object D:\SERVER\AppServ\www\0610\shop\Runtime\Cache\920718c8608b372f806d07c2318b9a63fb16e45c.file.left.html.php 第 77 行.
NOTIC: [8] Undefined index: arr1 D:\SERVER\AppServ\www\0610\shop\Runtime\Cache\920718c8608b372f806d07c2318b9a63fb16e45c.file.left.html.php 第 78 行.
NOTIC: [8] Trying to get property of non-object D:\SERVER\AppServ\www\0610\shop\Runtime\Cache\920718c8608b372f806d07c2318b9a63fb16e45c.file.left.html.php 第 78 行.
NOTIC: [8] Undefined index: arr1 D:\SERVER\AppServ\www\0610\shop\Runtime\Cache\920718c8608b372f806d07c2318b9a63fb16e45c.file.left.html.php 第 79 行.
NOTIC: [8] Trying to get property of non-object D:\SERVER\AppServ\www\0610\shop\Runtime\Cache\920718c8608b372f806d07c2318b9a63fb16e45c.file.left.html.php 第 79 行.
INFO: Run Behavior\ParseTemplate [ RunTime:0.065004s ]
INFO: [ view_parse ] --END-- [ RunTime:0.065004s ]
INFO: [ view_filter ] --START--
INFO: Run Behavior\WriteHtmlCache [ RunTime:0.001000s ]
INFO: [ view_filter ] --END-- [ RunTime:0.001000s ]
INFO: [ app_end ] --START--
INFO: Run Behavior\ShowPageTrace [ RunTime:0.001000s ]
INFO: [ app_end ] --END-- [ RunTime:0.001000s ]

[ 2016-12-31T22:41:00+08:00 ] ::1 /0610/shop/index.php/Admin/Index/right
INFO: [ app_begin ] --START--
INFO: Run Behavior\ReadHtmlCache [ RunTime:0.001000s ]
INFO: [ app_begin ] --END-- [ RunTime:0.001000s ]
INFO: [ view_parse ] --START--
INFO: Run Behavior\ParseTemplate [ RunTime:0.017001s ]
INFO: [ view_parse ] --END-- [ RunTime:0.017001s ]
INFO: [ view_filter ] --START--
INFO: Run Behavior\WriteHtmlCache [ RunTime:0.001000s ]
INFO: [ view_filter ] --END-- [ RunTime:0.001000s ]
INFO: [ app_end ] --START--
INFO: Run Behavior\ShowPageTrace [ RunTime:0.001000s ]
INFO: [ app_end ] --END-- [ RunTime:0.001000s ]

[ 2016-12-31T22:41:03+08:00 ] ::1 /0610/shop/index.php/Admin/index/index
INFO: [ app_begin ] --START--
INFO: Run Behavior\ReadHtmlCache [ RunTime:0.000000s ]
INFO: [ app_begin ] --END-- [ RunTime:0.000000s ]
INFO: [ view_parse ] --START--
INFO: Run Behavior\ParseTemplate [ RunTime:0.012001s ]
INFO: [ view_parse ] --END-- [ RunTime:0.012001s ]
INFO: [ view_filter ] --START--
INFO: Run Behavior\WriteHtmlCache [ RunTime:0.000000s ]
INFO: [ view_filter ] --END-- [ RunTime:0.001000s ]
INFO: [ app_end ] --START--
INFO: Run Behavior\ShowPageTrace [ RunTime:0.001000s ]
INFO: [ app_end ] --END-- [ RunTime:0.001000s ]

[ 2016-12-31T22:41:03+08:00 ] ::1 /0610/shop/index.php/Admin/Index/head
INFO: [ app_begin ] --START--
INFO: Run Behavior\ReadHtmlCache [ RunTime:0.001000s ]
INFO: [ app_begin ] --END-- [ RunTime:0.002000s ]
INFO: [ view_parse ] --START--
NOTIC: [8] Undefined index: Think D:\SERVER\AppServ\www\0610\shop\Runtime\Cache\71be5df2cddb1caee729179a47e4cab0579a9010.file.head.html.php 第 42 行.
NOTIC: [8] Trying to get property of non-object D:\SERVER\AppServ\www\0610\shop\Runtime\Cache\71be5df2cddb1caee729179a47e4cab0579a9010.file.head.html.php 第 42 行.
INFO: Run Behavior\ParseTemplate [ RunTime:0.015001s ]
INFO: [ view_parse ] --END-- [ RunTime:0.015001s ]
INFO: [ view_filter ] --START--
INFO: Run Behavior\WriteHtmlCache [ RunTime:0.000000s ]
INFO: [ view_filter ] --END-- [ RunTime:0.000000s ]
INFO: [ app_end ] --START--
INFO: Run Behavior\ShowPageTrace [ RunTime:0.001000s ]
INFO: [ app_end ] --END-- [ RunTime:0.001000s ]

[ 2016-12-31T22:41:03+08:00 ] ::1 /0610/shop/index.php/Admin/Index/left
INFO: [ app_begin ] --START--
INFO: Run Behavior\ReadHtmlCache [ RunTime:0.001000s ]
INFO: [ app_begin ] --END-- [ RunTime:0.002001s ]
NOTIC: [8192] mysql_connect(): The mysql extension is deprecated and will be removed in the future: use mysqli or PDO instead D:\SERVER\AppServ\www\0610\ThinkPHP\Library\Think\Db\Driver\Mysql.class.php 第 52 行.
SQL: SHOW COLUMNS FROM `sw_auth` [ RunTime:0.003001s ]
SQL: SELECT * FROM `sw_auth`  [ RunTime:0.000000s ]
INFO: [ view_parse ] --START--
NOTIC: [8] Undefined index: arr D:\SERVER\AppServ\www\0610\shop\Runtime\Cache\920718c8608b372f806d07c2318b9a63fb16e45c.file.left.html.php 第 68 行.
NOTIC: [8] Trying to get property of non-object D:\SERVER\AppServ\www\0610\shop\Runtime\Cache\920718c8608b372f806d07c2318b9a63fb16e45c.file.left.html.php 第 68 行.
NOTIC: [8] Undefined index: arr1 D:\SERVER\AppServ\www\0610\shop\Runtime\Cache\920718c8608b372f806d07c2318b9a63fb16e45c.file.left.html.php 第 77 行.
NOTIC: [8] Trying to get property of non-object D:\SERVER\AppServ\www\0610\shop\Runtime\Cache\920718c8608b372f806d07c2318b9a63fb16e45c.file.left.html.php 第 77 行.
NOTIC: [8] Undefined index: arr1 D:\SERVER\AppServ\www\0610\shop\Runtime\Cache\920718c8608b372f806d07c2318b9a63fb16e45c.file.left.html.php 第 78 行.
NOTIC: [8] Trying to get property of non-object D:\SERVER\AppServ\www\0610\shop\Runtime\Cache\920718c8608b372f806d07c2318b9a63fb16e45c.file.left.html.php 第 78 行.
NOTIC: [8] Undefined index: arr1 D:\SERVER\AppServ\www\0610\shop\Runtime\Cache\920718c8608b372f806d07c2318b9a63fb16e45c.file.left.html.php 第 79 行.
NOTIC: [8] Trying to get property of non-object D:\SERVER\AppServ\www\0610\shop\Runtime\Cache\920718c8608b372f806d07c2318b9a63fb16e45c.file.left.html.php 第 79 行.
INFO: Run Behavior\ParseTemplate [ RunTime:0.014000s ]
INFO: [ view_parse ] --END-- [ RunTime:0.014000s ]
INFO: [ view_filter ] --START--
INFO: Run Behavior\WriteHtmlCache [ RunTime:0.001000s ]
INFO: [ view_filter ] --END-- [ RunTime:0.001000s ]
INFO: [ app_end ] --START--
INFO: Run Behavior\ShowPageTrace [ RunTime:0.001001s ]
INFO: [ app_end ] --END-- [ RunTime:0.001001s ]

[ 2016-12-31T22:41:03+08:00 ] ::1 /0610/shop/index.php/Admin/Index/right
INFO: [ app_begin ] --START--
INFO: Run Behavior\ReadHtmlCache [ RunTime:0.001000s ]
INFO: [ app_begin ] --END-- [ RunTime:0.002000s ]
INFO: [ view_parse ] --START--
INFO: Run Behavior\ParseTemplate [ RunTime:0.014001s ]
INFO: [ view_parse ] --END-- [ RunTime:0.014001s ]
INFO: [ view_filter ] --START--
INFO: Run Behavior\WriteHtmlCache [ RunTime:0.001000s ]
INFO: [ view_filter ] --END-- [ RunTime:0.001000s ]
INFO: [ app_end ] --START--
INFO: Run Behavior\ShowPageTrace [ RunTime:0.001000s ]
INFO: [ app_end ] --END-- [ RunTime:0.001000s ]

[ 2016-12-31T22:41:29+08:00 ] ::1 /0610/shop/index.php/Admin/index/left
INFO: [ app_begin ] --START--
INFO: Run Behavior\ReadHtmlCache [ RunTime:0.001000s ]
INFO: [ app_begin ] --END-- [ RunTime:0.001000s ]
NOTIC: [8192] mysql_connect(): The mysql extension is deprecated and will be removed in the future: use mysqli or PDO instead D:\SERVER\AppServ\www\0610\ThinkPHP\Library\Think\Db\Driver\Mysql.class.php 第 52 行.
SQL: SHOW COLUMNS FROM `sw_auth` [ RunTime:0.002000s ]
SQL: SELECT * FROM `sw_auth`  [ RunTime:0.001000s ]
INFO: [ view_parse ] --START--
NOTIC: [8] Undefined index: arr D:\SERVER\AppServ\www\0610\shop\Runtime\Cache\920718c8608b372f806d07c2318b9a63fb16e45c.file.left.html.php 第 68 行.
NOTIC: [8] Trying to get property of non-object D:\SERVER\AppServ\www\0610\shop\Runtime\Cache\920718c8608b372f806d07c2318b9a63fb16e45c.file.left.html.php 第 68 行.
NOTIC: [8] Undefined index: arr1 D:\SERVER\AppServ\www\0610\shop\Runtime\Cache\920718c8608b372f806d07c2318b9a63fb16e45c.file.left.html.php 第 77 行.
NOTIC: [8] Trying to get property of non-object D:\SERVER\AppServ\www\0610\shop\Runtime\Cache\920718c8608b372f806d07c2318b9a63fb16e45c.file.left.html.php 第 77 行.
NOTIC: [8] Undefined index: arr1 D:\SERVER\AppServ\www\0610\shop\Runtime\Cache\920718c8608b372f806d07c2318b9a63fb16e45c.file.left.html.php 第 78 行.
NOTIC: [8] Trying to get property of non-object D:\SERVER\AppServ\www\0610\shop\Runtime\Cache\920718c8608b372f806d07c2318b9a63fb16e45c.file.left.html.php 第 78 行.
NOTIC: [8] Undefined index: arr1 D:\SERVER\AppServ\www\0610\shop\Runtime\Cache\920718c8608b372f806d07c2318b9a63fb16e45c.file.left.html.php 第 79 行.
NOTIC: [8] Trying to get property of non-object D:\SERVER\AppServ\www\0610\shop\Runtime\Cache\920718c8608b372f806d07c2318b9a63fb16e45c.file.left.html.php 第 79 行.
INFO: Run Behavior\ParseTemplate [ RunTime:0.014001s ]
INFO: [ view_parse ] --END-- [ RunTime:0.014001s ]
INFO: [ view_filter ] --START--
INFO: Run Behavior\WriteHtmlCache [ RunTime:0.001000s ]
INFO: [ view_filter ] --END-- [ RunTime:0.001000s ]
INFO: [ app_end ] --START--
INFO: Run Behavior\ShowPageTrace [ RunTime:0.000000s ]
INFO: [ app_end ] --END-- [ RunTime:0.000000s ]

[ 2016-12-31T22:43:20+08:00 ] ::1 /0610/shop/index.php/Admin/index/left
INFO: [ app_begin ] --START--
INFO: Run Behavior\ReadHtmlCache [ RunTime:0.001001s ]
INFO: [ app_begin ] --END-- [ RunTime:0.002001s ]
NOTIC: [8192] mysql_connect(): The mysql extension is deprecated and will be removed in the future: use mysqli or PDO instead D:\SERVER\AppServ\www\0610\ThinkPHP\Library\Think\Db\Driver\Mysql.class.php 第 52 行.
SQL: SHOW COLUMNS FROM `sw_auth` [ RunTime:0.003000s ]
SQL: SELECT * FROM `sw_auth`  [ RunTime:0.001000s ]
INFO: [ view_parse ] --START--
NOTIC: [8] Undefined index: arr D:\SERVER\AppServ\www\0610\shop\Runtime\Cache\920718c8608b372f806d07c2318b9a63fb16e45c.file.left.html.php 第 68 行.
NOTIC: [8] Trying to get property of non-object D:\SERVER\AppServ\www\0610\shop\Runtime\Cache\920718c8608b372f806d07c2318b9a63fb16e45c.file.left.html.php 第 68 行.
NOTIC: [8] Undefined index: arr1 D:\SERVER\AppServ\www\0610\shop\Runtime\Cache\920718c8608b372f806d07c2318b9a63fb16e45c.file.left.html.php 第 77 行.
NOTIC: [8] Trying to get property of non-object D:\SERVER\AppServ\www\0610\shop\Runtime\Cache\920718c8608b372f806d07c2318b9a63fb16e45c.file.left.html.php 第 77 行.
NOTIC: [8] Undefined index: arr1 D:\SERVER\AppServ\www\0610\shop\Runtime\Cache\920718c8608b372f806d07c2318b9a63fb16e45c.file.left.html.php 第 78 行.
NOTIC: [8] Trying to get property of non-object D:\SERVER\AppServ\www\0610\shop\Runtime\Cache\920718c8608b372f806d07c2318b9a63fb16e45c.file.left.html.php 第 78 行.
NOTIC: [8] Undefined index: arr1 D:\SERVER\AppServ\www\0610\shop\Runtime\Cache\920718c8608b372f806d07c2318b9a63fb16e45c.file.left.html.php 第 79 行.
NOTIC: [8] Trying to get property of non-object D:\SERVER\AppServ\www\0610\shop\Runtime\Cache\920718c8608b372f806d07c2318b9a63fb16e45c.file.left.html.php 第 79 行.
INFO: Run Behavior\ParseTemplate [ RunTime:0.061003s ]
INFO: [ view_parse ] --END-- [ RunTime:0.061003s ]
INFO: [ view_filter ] --START--
INFO: Run Behavior\WriteHtmlCache [ RunTime:0.002000s ]
INFO: [ view_filter ] --END-- [ RunTime:0.002000s ]
INFO: [ app_end ] --START--
INFO: Run Behavior\ShowPageTrace [ RunTime:0.001000s ]
INFO: [ app_end ] --END-- [ RunTime:0.001000s ]

