[ 2017-02-25T16:23:01+08:00 ] ::1 /0610/shop/index.php/Admin/Goods/showlist
INFO: [ app_begin ] --START--
INFO: Run Behavior\ReadHtmlCache [ RunTime:0.012000s ]
INFO: [ app_begin ] --END-- [ RunTime:0.036002s ]
NOTIC: [8192] mysql_connect(): The mysql extension is deprecated and will be removed in the future: use mysqli or PDO instead D:\SERVER\AppServ\www\0610\ThinkPHP\Library\Think\Db\Driver\Mysql.class.php 第 52 行.
SQL: SHOW COLUMNS FROM `sw_goods` [ RunTime:1.811104s ]
SQL: SELECT * FROM `sw_goods` LIMIT 0,10   [ RunTime:0.034002s ]
INFO: [ view_parse ] --START--
NOTIC: [8] Undefined index: pagelist D:\SERVER\AppServ\www\0610\shop\Runtime\Cache\3f46dc1d74985643bd933e23fa5e6a8781260b5c.file.showlist.html.php 第 113 行.
NOTIC: [8] Trying to get property of non-object D:\SERVER\AppServ\www\0610\shop\Runtime\Cache\3f46dc1d74985643bd933e23fa5e6a8781260b5c.file.showlist.html.php 第 113 行.
INFO: Run Behavior\ParseTemplate [ RunTime:0.428025s ]
INFO: [ view_parse ] --END-- [ RunTime:0.428025s ]
INFO: [ view_filter ] --START--
INFO: Run Behavior\WriteHtmlCache [ RunTime:0.002000s ]
INFO: [ view_filter ] --END-- [ RunTime:0.002000s ]
INFO: [ app_end ] --START--
INFO: Run Behavior\ShowPageTrace [ RunTime:0.018001s ]
INFO: [ app_end ] --END-- [ RunTime:0.018001s ]

[ 2017-02-25T16:26:26+08:00 ] ::1 /0610/shop/index.php/Admin/index/index
INFO: [ app_begin ] --START--
INFO: Run Behavior\ReadHtmlCache [ RunTime:0.001000s ]
INFO: [ app_begin ] --END-- [ RunTime:0.002001s ]
INFO: [ view_parse ] --START--
INFO: Run Behavior\ParseTemplate [ RunTime:0.041002s ]
INFO: [ view_parse ] --END-- [ RunTime:0.041002s ]
INFO: [ view_filter ] --START--
INFO: Run Behavior\WriteHtmlCache [ RunTime:0.001000s ]
INFO: [ view_filter ] --END-- [ RunTime:0.001000s ]
INFO: [ app_end ] --START--
INFO: Run Behavior\ShowPageTrace [ RunTime:0.001000s ]
INFO: [ app_end ] --END-- [ RunTime:0.001000s ]

[ 2017-02-25T16:26:26+08:00 ] ::1 /0610/shop/index.php/Admin/Index/head
INFO: [ app_begin ] --START--
INFO: Run Behavior\ReadHtmlCache [ RunTime:0.001000s ]
INFO: [ app_begin ] --END-- [ RunTime:0.002000s ]
INFO: [ view_parse ] --START--
NOTIC: [8] Undefined index: admin_name D:\SERVER\AppServ\www\0610\shop\Runtime\Cache\71be5df2cddb1caee729179a47e4cab0579a9010.file.head.html.php 第 38 行.
INFO: Run Behavior\ParseTemplate [ RunTime:0.090005s ]
INFO: [ view_parse ] --END-- [ RunTime:0.090005s ]
INFO: [ view_filter ] --START--
INFO: Run Behavior\WriteHtmlCache [ RunTime:0.001000s ]
INFO: [ view_filter ] --END-- [ RunTime:0.001000s ]
INFO: [ app_end ] --START--
INFO: Run Behavior\ShowPageTrace [ RunTime:0.001000s ]
INFO: [ app_end ] --END-- [ RunTime:0.001000s ]

[ 2017-02-25T16:26:26+08:00 ] ::1 /0610/shop/index.php/Admin/Index/right
INFO: [ app_begin ] --START--
INFO: Run Behavior\ReadHtmlCache [ RunTime:0.002000s ]
INFO: [ app_begin ] --END-- [ RunTime:0.003000s ]
INFO: [ view_parse ] --START--
INFO: Run Behavior\ParseTemplate [ RunTime:0.033002s ]
INFO: [ view_parse ] --END-- [ RunTime:0.034002s ]
INFO: [ view_filter ] --START--
INFO: Run Behavior\WriteHtmlCache [ RunTime:0.000000s ]
INFO: [ view_filter ] --END-- [ RunTime:0.023001s ]
INFO: [ app_end ] --START--
INFO: Run Behavior\ShowPageTrace [ RunTime:0.002000s ]
INFO: [ app_end ] --END-- [ RunTime:0.002000s ]

[ 2017-02-25T16:26:27+08:00 ] ::1 /0610/shop/index.php/Admin/Index/left
INFO: [ app_begin ] --START--
INFO: Run Behavior\ReadHtmlCache [ RunTime:0.001000s ]
INFO: [ app_begin ] --END-- [ RunTime:0.002000s ]
NOTIC: [8192] mysql_connect(): The mysql extension is deprecated and will be removed in the future: use mysqli or PDO instead D:\SERVER\AppServ\www\0610\ThinkPHP\Library\Think\Db\Driver\Mysql.class.php 第 52 行.
SQL: SHOW COLUMNS FROM `sw_manager` [ RunTime:0.510029s ]
SQL: SELECT * FROM `sw_manager` LIMIT 1   [ RunTime:0.000000s ]
SQL: SHOW COLUMNS FROM `sw_role` [ RunTime:0.064004s ]
SQL: SELECT * FROM `sw_role` WHERE ( `role_id` = 0 ) LIMIT 1   [ RunTime:0.062003s ]
NOTIC: [8] Undefined variable: admin_name D:\SERVER\AppServ\www\0610\shop\Admin\Controller\IndexController.class.php 第 29 行.
SQL: SHOW COLUMNS FROM `sw_auth` [ RunTime:0.079005s ]
SQL: SELECT * FROM `sw_auth` WHERE ( auth_level=0 and auth_id in() )  [ RunTime:0.023001s ]
ERR: 1064:You have an error in your SQL syntax; check the manual that corresponds to your MySQL server version for the right syntax to use near ') )' at line 1
 [ SQL语句 ] : SELECT * FROM `sw_auth` WHERE ( auth_level=0 and auth_id in() ) 
SQL: SELECT * FROM `sw_auth` WHERE ( auth_level=1 and auth_id in() )  [ RunTime:0.000000s ]
ERR: 1064:You have an error in your SQL syntax; check the manual that corresponds to your MySQL server version for the right syntax to use near ') )' at line 1
 [ SQL语句 ] : SELECT * FROM `sw_auth` WHERE ( auth_level=1 and auth_id in() ) 
SQL: SELECT * FROM `sw_auth` WHERE ( auth_level=0 )  [ RunTime:0.053003s ]
INFO: [ view_parse ] --START--
INFO: Run Behavior\ParseTemplate [ RunTime:0.029002s ]
INFO: [ view_parse ] --END-- [ RunTime:0.029002s ]
INFO: [ view_filter ] --START--
INFO: Run Behavior\WriteHtmlCache [ RunTime:0.000000s ]
INFO: [ view_filter ] --END-- [ RunTime:0.000000s ]
INFO: [ app_end ] --START--
INFO: Run Behavior\ShowPageTrace [ RunTime:0.001000s ]
INFO: [ app_end ] --END-- [ RunTime:0.001000s ]

[ 2017-02-25T16:26:59+08:00 ] ::1 /0610/shop/index.php/Admin/Manager/login
INFO: [ app_begin ] --START--
INFO: Run Behavior\ReadHtmlCache [ RunTime:0.001000s ]
INFO: [ app_begin ] --END-- [ RunTime:0.003000s ]
INFO: [ view_parse ] --START--
INFO: Run Behavior\ParseTemplate [ RunTime:0.062004s ]
INFO: [ view_parse ] --END-- [ RunTime:0.062004s ]
INFO: [ view_filter ] --START--
INFO: Run Behavior\WriteHtmlCache [ RunTime:0.001000s ]
INFO: [ view_filter ] --END-- [ RunTime:0.001000s ]
INFO: [ app_end ] --START--
INFO: Run Behavior\ShowPageTrace [ RunTime:0.001000s ]
INFO: [ app_end ] --END-- [ RunTime:0.001000s ]

[ 2017-02-25T16:27:00+08:00 ] ::1 /0610/shop/index.php/Admin/Manager/verifyImg
INFO: [ app_begin ] --START--
INFO: Run Behavior\ReadHtmlCache [ RunTime:0.002000s ]
INFO: [ app_begin ] --END-- [ RunTime:0.002000s ]
INFO: [ app_end ] --START--
INFO: Run Behavior\ShowPageTrace [ RunTime:0.001000s ]
INFO: [ app_end ] --END-- [ RunTime:0.001000s ]

[ 2017-02-25T16:27:12+08:00 ] ::1 /0610/shop/index.php/Admin/Manager/login
INFO: [ app_begin ] --START--
INFO: Run Behavior\ReadHtmlCache [ RunTime:0.001000s ]
INFO: [ app_begin ] --END-- [ RunTime:0.002000s ]
NOTIC: [8192] mysql_connect(): The mysql extension is deprecated and will be removed in the future: use mysqli or PDO instead D:\SERVER\AppServ\www\0610\ThinkPHP\Library\Think\Db\Driver\Mysql.class.php 第 52 行.
SQL: SHOW COLUMNS FROM `sw_manager` [ RunTime:0.003000s ]
SQL: SELECT * FROM `sw_manager` WHERE ( mg_name='admin' ) LIMIT 1   [ RunTime:0.001000s ]

[ 2017-02-25T16:27:13+08:00 ] ::1 /0610/shop/index.php/Admin/Index/index.html
INFO: [ app_begin ] --START--
INFO: Run Behavior\ReadHtmlCache [ RunTime:0.001000s ]
INFO: [ app_begin ] --END-- [ RunTime:0.001000s ]
INFO: [ view_parse ] --START--
INFO: Run Behavior\ParseTemplate [ RunTime:0.015001s ]
INFO: [ view_parse ] --END-- [ RunTime:0.015001s ]
INFO: [ view_filter ] --START--
INFO: Run Behavior\WriteHtmlCache [ RunTime:0.000000s ]
INFO: [ view_filter ] --END-- [ RunTime:0.000000s ]
INFO: [ app_end ] --START--
INFO: Run Behavior\ShowPageTrace [ RunTime:0.001000s ]
INFO: [ app_end ] --END-- [ RunTime:0.001000s ]

[ 2017-02-25T16:27:13+08:00 ] ::1 /0610/shop/index.php/Admin/Index/head
INFO: [ app_begin ] --START--
INFO: Run Behavior\ReadHtmlCache [ RunTime:0.001000s ]
INFO: [ app_begin ] --END-- [ RunTime:0.006000s ]
INFO: [ view_parse ] --START--
INFO: Run Behavior\ParseTemplate [ RunTime:0.015001s ]
INFO: [ view_parse ] --END-- [ RunTime:0.015001s ]
INFO: [ view_filter ] --START--
INFO: Run Behavior\WriteHtmlCache [ RunTime:0.000000s ]
INFO: [ view_filter ] --END-- [ RunTime:0.000000s ]
INFO: [ app_end ] --START--
INFO: Run Behavior\ShowPageTrace [ RunTime:0.001000s ]
INFO: [ app_end ] --END-- [ RunTime:0.001000s ]

[ 2017-02-25T16:27:13+08:00 ] ::1 /0610/shop/index.php/Admin/Index/left
INFO: [ app_begin ] --START--
INFO: Run Behavior\ReadHtmlCache [ RunTime:0.000000s ]
INFO: [ app_begin ] --END-- [ RunTime:0.002000s ]
NOTIC: [8192] mysql_connect(): The mysql extension is deprecated and will be removed in the future: use mysqli or PDO instead D:\SERVER\AppServ\www\0610\ThinkPHP\Library\Think\Db\Driver\Mysql.class.php 第 52 行.
SQL: SHOW COLUMNS FROM `sw_manager` [ RunTime:0.002000s ]
SQL: SELECT * FROM `sw_manager` WHERE ( `mg_id` = 1 ) LIMIT 1   [ RunTime:0.001000s ]
SQL: SHOW COLUMNS FROM `sw_role` [ RunTime:0.006000s ]
SQL: SELECT * FROM `sw_role` WHERE ( `role_id` = 0 ) LIMIT 1   [ RunTime:0.001001s ]
NOTIC: [8] Undefined variable: admin_name D:\SERVER\AppServ\www\0610\shop\Admin\Controller\IndexController.class.php 第 29 行.
SQL: SHOW COLUMNS FROM `sw_auth` [ RunTime:0.002000s ]
SQL: SELECT * FROM `sw_auth` WHERE ( auth_level=0 and auth_id in() )  [ RunTime:0.001000s ]
ERR: 1064:You have an error in your SQL syntax; check the manual that corresponds to your MySQL server version for the right syntax to use near ') )' at line 1
 [ SQL语句 ] : SELECT * FROM `sw_auth` WHERE ( auth_level=0 and auth_id in() ) 
SQL: SELECT * FROM `sw_auth` WHERE ( auth_level=1 and auth_id in() )  [ RunTime:0.000000s ]
ERR: 1064:You have an error in your SQL syntax; check the manual that corresponds to your MySQL server version for the right syntax to use near ') )' at line 1
 [ SQL语句 ] : SELECT * FROM `sw_auth` WHERE ( auth_level=1 and auth_id in() ) 
SQL: SELECT * FROM `sw_auth` WHERE ( auth_level=0 )  [ RunTime:0.001000s ]
INFO: [ view_parse ] --START--
INFO: Run Behavior\ParseTemplate [ RunTime:0.017001s ]
INFO: [ view_parse ] --END-- [ RunTime:0.017001s ]
INFO: [ view_filter ] --START--
INFO: Run Behavior\WriteHtmlCache [ RunTime:0.001000s ]
INFO: [ view_filter ] --END-- [ RunTime:0.001000s ]
INFO: [ app_end ] --START--
INFO: Run Behavior\ShowPageTrace [ RunTime:0.001000s ]
INFO: [ app_end ] --END-- [ RunTime:0.001000s ]

[ 2017-02-25T16:27:13+08:00 ] ::1 /0610/shop/index.php/Admin/Index/right
INFO: [ app_begin ] --START--
INFO: Run Behavior\ReadHtmlCache [ RunTime:0.001000s ]
INFO: [ app_begin ] --END-- [ RunTime:0.002001s ]
INFO: [ view_parse ] --START--
INFO: Run Behavior\ParseTemplate [ RunTime:0.021001s ]
INFO: [ view_parse ] --END-- [ RunTime:0.021001s ]
INFO: [ view_filter ] --START--
INFO: Run Behavior\WriteHtmlCache [ RunTime:0.001000s ]
INFO: [ view_filter ] --END-- [ RunTime:0.001000s ]
INFO: [ app_end ] --START--
INFO: Run Behavior\ShowPageTrace [ RunTime:0.002000s ]
INFO: [ app_end ] --END-- [ RunTime:0.002000s ]

[ 2017-02-25T16:40:45+08:00 ] ::1 /0610/shop/index.php/Admin/Index/index
INFO: [ app_begin ] --START--
INFO: Run Behavior\ReadHtmlCache [ RunTime:0.001000s ]
INFO: [ app_begin ] --END-- [ RunTime:0.002000s ]
INFO: [ view_parse ] --START--
INFO: Run Behavior\ParseTemplate [ RunTime:0.015001s ]
INFO: [ view_parse ] --END-- [ RunTime:0.015001s ]
INFO: [ view_filter ] --START--
INFO: Run Behavior\WriteHtmlCache [ RunTime:0.001000s ]
INFO: [ view_filter ] --END-- [ RunTime:0.001000s ]
INFO: [ app_end ] --START--
INFO: Run Behavior\ShowPageTrace [ RunTime:0.001000s ]
INFO: [ app_end ] --END-- [ RunTime:0.001000s ]

[ 2017-02-25T16:40:45+08:00 ] ::1 /0610/shop/index.php/Admin/Index/head
INFO: [ app_begin ] --START--
INFO: Run Behavior\ReadHtmlCache [ RunTime:0.001000s ]
INFO: [ app_begin ] --END-- [ RunTime:0.001000s ]
INFO: [ view_parse ] --START--
INFO: Run Behavior\ParseTemplate [ RunTime:0.014001s ]
INFO: [ view_parse ] --END-- [ RunTime:0.014001s ]
INFO: [ view_filter ] --START--
INFO: Run Behavior\WriteHtmlCache [ RunTime:0.000000s ]
INFO: [ view_filter ] --END-- [ RunTime:0.000000s ]
INFO: [ app_end ] --START--
INFO: Run Behavior\ShowPageTrace [ RunTime:0.001000s ]
INFO: [ app_end ] --END-- [ RunTime:0.001000s ]

[ 2017-02-25T16:40:45+08:00 ] ::1 /0610/shop/index.php/Admin/Index/left
INFO: [ app_begin ] --START--
INFO: Run Behavior\ReadHtmlCache [ RunTime:0.001000s ]
INFO: [ app_begin ] --END-- [ RunTime:0.001000s ]
NOTIC: [8192] mysql_connect(): The mysql extension is deprecated and will be removed in the future: use mysqli or PDO instead D:\SERVER\AppServ\www\0610\ThinkPHP\Library\Think\Db\Driver\Mysql.class.php 第 52 行.
SQL: SHOW COLUMNS FROM `sw_manager` [ RunTime:0.016001s ]
SQL: SELECT * FROM `sw_manager` WHERE ( `mg_id` = 1 ) LIMIT 1   [ RunTime:0.012001s ]
SQL: SHOW COLUMNS FROM `sw_role` [ RunTime:0.003000s ]
SQL: SELECT * FROM `sw_role` WHERE ( `role_id` = 0 ) LIMIT 1   [ RunTime:0.001000s ]
NOTIC: [8] Undefined variable: admin_name D:\SERVER\AppServ\www\0610\shop\Admin\Controller\IndexController.class.php 第 23 行.
SQL: SHOW COLUMNS FROM `sw_auth` [ RunTime:0.002000s ]
SQL: SELECT * FROM `sw_auth` WHERE ( auth_level=0 and auth_id in() )  [ RunTime:0.000000s ]
ERR: 1064:You have an error in your SQL syntax; check the manual that corresponds to your MySQL server version for the right syntax to use near ') )' at line 1
 [ SQL语句 ] : SELECT * FROM `sw_auth` WHERE ( auth_level=0 and auth_id in() ) 
SQL: SELECT * FROM `sw_auth` WHERE ( auth_level=1 and auth_id in() )  [ RunTime:0.001000s ]
ERR: 1064:You have an error in your SQL syntax; check the manual that corresponds to your MySQL server version for the right syntax to use near ') )' at line 1
 [ SQL语句 ] : SELECT * FROM `sw_auth` WHERE ( auth_level=1 and auth_id in() ) 
SQL: SELECT * FROM `sw_auth` WHERE ( auth_level=0 )  [ RunTime:0.000000s ]
INFO: [ view_parse ] --START--
INFO: Run Behavior\ParseTemplate [ RunTime:0.015001s ]
INFO: [ view_parse ] --END-- [ RunTime:0.015001s ]
INFO: [ view_filter ] --START--
INFO: Run Behavior\WriteHtmlCache [ RunTime:0.001000s ]
INFO: [ view_filter ] --END-- [ RunTime:0.001000s ]
INFO: [ app_end ] --START--
INFO: Run Behavior\ShowPageTrace [ RunTime:0.001000s ]
INFO: [ app_end ] --END-- [ RunTime:0.001000s ]

[ 2017-02-25T16:40:45+08:00 ] ::1 /0610/shop/index.php/Admin/Index/right
INFO: [ app_begin ] --START--
INFO: Run Behavior\ReadHtmlCache [ RunTime:0.001000s ]
INFO: [ app_begin ] --END-- [ RunTime:0.001000s ]
INFO: [ view_parse ] --START--
INFO: Run Behavior\ParseTemplate [ RunTime:0.021002s ]
INFO: [ view_parse ] --END-- [ RunTime:0.021002s ]
INFO: [ view_filter ] --START--
INFO: Run Behavior\WriteHtmlCache [ RunTime:0.000000s ]
INFO: [ view_filter ] --END-- [ RunTime:0.000000s ]
INFO: [ app_end ] --START--
INFO: Run Behavior\ShowPageTrace [ RunTime:0.000000s ]
INFO: [ app_end ] --END-- [ RunTime:0.001000s ]

[ 2017-02-25T16:41:10+08:00 ] ::1 /0610/shop/index.php/Admin/Index/index
INFO: [ app_begin ] --START--
INFO: Run Behavior\ReadHtmlCache [ RunTime:0.001000s ]
INFO: [ app_begin ] --END-- [ RunTime:0.002000s ]
INFO: [ view_parse ] --START--
INFO: Run Behavior\ParseTemplate [ RunTime:0.014001s ]
INFO: [ view_parse ] --END-- [ RunTime:0.014001s ]
INFO: [ view_filter ] --START--
INFO: Run Behavior\WriteHtmlCache [ RunTime:0.001000s ]
INFO: [ view_filter ] --END-- [ RunTime:0.001000s ]
INFO: [ app_end ] --START--
INFO: Run Behavior\ShowPageTrace [ RunTime:0.001000s ]
INFO: [ app_end ] --END-- [ RunTime:0.001000s ]

[ 2017-02-25T16:41:10+08:00 ] ::1 /0610/shop/index.php/Admin/Index/head
INFO: [ app_begin ] --START--
INFO: Run Behavior\ReadHtmlCache [ RunTime:0.000000s ]
INFO: [ app_begin ] --END-- [ RunTime:0.001000s ]
INFO: [ view_parse ] --START--
INFO: Run Behavior\ParseTemplate [ RunTime:0.012001s ]
INFO: [ view_parse ] --END-- [ RunTime:0.012001s ]
INFO: [ view_filter ] --START--
INFO: Run Behavior\WriteHtmlCache [ RunTime:0.001000s ]
INFO: [ view_filter ] --END-- [ RunTime:0.005000s ]
INFO: [ app_end ] --START--
INFO: Run Behavior\ShowPageTrace [ RunTime:0.001000s ]
INFO: [ app_end ] --END-- [ RunTime:0.001000s ]

[ 2017-02-25T16:41:10+08:00 ] ::1 /0610/shop/index.php/Admin/Index/left
INFO: [ app_begin ] --START--
INFO: Run Behavior\ReadHtmlCache [ RunTime:0.001000s ]
INFO: [ app_begin ] --END-- [ RunTime:0.001000s ]
NOTIC: [8192] mysql_connect(): The mysql extension is deprecated and will be removed in the future: use mysqli or PDO instead D:\SERVER\AppServ\www\0610\ThinkPHP\Library\Think\Db\Driver\Mysql.class.php 第 52 行.
SQL: SHOW COLUMNS FROM `sw_manager` [ RunTime:0.003000s ]
SQL: SELECT * FROM `sw_manager` WHERE ( `mg_id` = 1 ) LIMIT 1   [ RunTime:0.056003s ]
SQL: SHOW COLUMNS FROM `sw_role` [ RunTime:0.003000s ]
SQL: SELECT * FROM `sw_role` WHERE ( `role_id` = 0 ) LIMIT 1   [ RunTime:0.000000s ]
NOTIC: [8] Undefined variable: admin_name D:\SERVER\AppServ\www\0610\shop\Admin\Controller\IndexController.class.php 第 23 行.
SQL: SHOW COLUMNS FROM `sw_auth` [ RunTime:0.066004s ]
SQL: SELECT * FROM `sw_auth` WHERE ( auth_level=0 and auth_id in() )  [ RunTime:0.000000s ]
ERR: 1064:You have an error in your SQL syntax; check the manual that corresponds to your MySQL server version for the right syntax to use near ') )' at line 1
 [ SQL语句 ] : SELECT * FROM `sw_auth` WHERE ( auth_level=0 and auth_id in() ) 
SQL: SELECT * FROM `sw_auth` WHERE ( auth_level=1 and auth_id in() )  [ RunTime:0.001000s ]
ERR: 1064:You have an error in your SQL syntax; check the manual that corresponds to your MySQL server version for the right syntax to use near ') )' at line 1
 [ SQL语句 ] : SELECT * FROM `sw_auth` WHERE ( auth_level=1 and auth_id in() ) 
SQL: SELECT * FROM `sw_auth` WHERE ( auth_level=0 )  [ RunTime:0.000000s ]
INFO: [ view_parse ] --START--
INFO: Run Behavior\ParseTemplate [ RunTime:0.014001s ]
INFO: [ view_parse ] --END-- [ RunTime:0.014001s ]
INFO: [ view_filter ] --START--
INFO: Run Behavior\WriteHtmlCache [ RunTime:0.000000s ]
INFO: [ view_filter ] --END-- [ RunTime:0.000000s ]
INFO: [ app_end ] --START--
INFO: Run Behavior\ShowPageTrace [ RunTime:0.001000s ]
INFO: [ app_end ] --END-- [ RunTime:0.001000s ]

[ 2017-02-25T16:41:10+08:00 ] ::1 /0610/shop/index.php/Admin/Index/right
INFO: [ app_begin ] --START--
INFO: Run Behavior\ReadHtmlCache [ RunTime:0.001000s ]
INFO: [ app_begin ] --END-- [ RunTime:0.002000s ]
INFO: [ view_parse ] --START--
INFO: Run Behavior\ParseTemplate [ RunTime:0.019001s ]
INFO: [ view_parse ] --END-- [ RunTime:0.019001s ]
INFO: [ view_filter ] --START--
INFO: Run Behavior\WriteHtmlCache [ RunTime:0.001000s ]
INFO: [ view_filter ] --END-- [ RunTime:0.001000s ]
INFO: [ app_end ] --START--
INFO: Run Behavior\ShowPageTrace [ RunTime:0.001000s ]
INFO: [ app_end ] --END-- [ RunTime:0.002000s ]

[ 2017-02-25T16:46:44+08:00 ] ::1 /0610/shop/index.php/Admin/Index/index
INFO: [ app_begin ] --START--
INFO: Run Behavior\ReadHtmlCache [ RunTime:0.001000s ]
INFO: [ app_begin ] --END-- [ RunTime:0.002000s ]
INFO: [ view_parse ] --START--
INFO: Run Behavior\ParseTemplate [ RunTime:0.015001s ]
INFO: [ view_parse ] --END-- [ RunTime:0.015001s ]
INFO: [ view_filter ] --START--
INFO: Run Behavior\WriteHtmlCache [ RunTime:0.001000s ]
INFO: [ view_filter ] --END-- [ RunTime:0.001000s ]
INFO: [ app_end ] --START--
INFO: Run Behavior\ShowPageTrace [ RunTime:0.001000s ]
INFO: [ app_end ] --END-- [ RunTime:0.001000s ]

[ 2017-02-25T16:46:44+08:00 ] ::1 /0610/shop/index.php/Admin/Index/head
INFO: [ app_begin ] --START--
INFO: Run Behavior\ReadHtmlCache [ RunTime:0.001000s ]
INFO: [ app_begin ] --END-- [ RunTime:0.001000s ]
INFO: [ view_parse ] --START--
INFO: Run Behavior\ParseTemplate [ RunTime:0.015000s ]
INFO: [ view_parse ] --END-- [ RunTime:0.015000s ]
INFO: [ view_filter ] --START--
INFO: Run Behavior\WriteHtmlCache [ RunTime:0.000000s ]
INFO: [ view_filter ] --END-- [ RunTime:0.001001s ]
INFO: [ app_end ] --START--
INFO: Run Behavior\ShowPageTrace [ RunTime:0.000000s ]
INFO: [ app_end ] --END-- [ RunTime:0.001000s ]

[ 2017-02-25T16:46:44+08:00 ] ::1 /0610/shop/index.php/Admin/Index/right
INFO: [ app_begin ] --START--
INFO: Run Behavior\ReadHtmlCache [ RunTime:0.001000s ]
INFO: [ app_begin ] --END-- [ RunTime:0.002000s ]
INFO: [ view_parse ] --START--
INFO: Run Behavior\ParseTemplate [ RunTime:0.020001s ]
INFO: [ view_parse ] --END-- [ RunTime:0.020001s ]
INFO: [ view_filter ] --START--
INFO: Run Behavior\WriteHtmlCache [ RunTime:0.001000s ]
INFO: [ view_filter ] --END-- [ RunTime:0.001000s ]
INFO: [ app_end ] --START--
INFO: Run Behavior\ShowPageTrace [ RunTime:0.001000s ]
INFO: [ app_end ] --END-- [ RunTime:0.001000s ]

[ 2017-02-25T16:46:44+08:00 ] ::1 /0610/shop/index.php/Admin/Index/left
INFO: [ app_begin ] --START--
INFO: Run Behavior\ReadHtmlCache [ RunTime:0.001000s ]
INFO: [ app_begin ] --END-- [ RunTime:0.002000s ]
NOTIC: [8192] mysql_connect(): The mysql extension is deprecated and will be removed in the future: use mysqli or PDO instead D:\SERVER\AppServ\www\0610\ThinkPHP\Library\Think\Db\Driver\Mysql.class.php 第 52 行.
SQL: SHOW COLUMNS FROM `sw_manager` [ RunTime:0.003001s ]
SQL: SELECT * FROM `sw_manager` WHERE ( `mg_id` = 1 ) LIMIT 1   [ RunTime:0.001000s ]
SQL: SHOW COLUMNS FROM `sw_role` [ RunTime:0.003000s ]
SQL: SELECT * FROM `sw_role` WHERE ( `role_id` = 0 ) LIMIT 1   [ RunTime:0.001000s ]
NOTIC: [8] Undefined variable: admin_name D:\SERVER\AppServ\www\0610\shop\Admin\Controller\IndexController.class.php 第 24 行.
SQL: SHOW COLUMNS FROM `sw_auth` [ RunTime:0.003000s ]
SQL: SELECT * FROM `sw_auth` WHERE ( auth_level=0 and auth_id in() )  [ RunTime:0.000000s ]
ERR: 1064:You have an error in your SQL syntax; check the manual that corresponds to your MySQL server version for the right syntax to use near ') )' at line 1
 [ SQL语句 ] : SELECT * FROM `sw_auth` WHERE ( auth_level=0 and auth_id in() ) 
SQL: SELECT * FROM `sw_auth` WHERE ( auth_level=1 and auth_id in() )  [ RunTime:0.000000s ]
ERR: 1064:You have an error in your SQL syntax; check the manual that corresponds to your MySQL server version for the right syntax to use near ') )' at line 1
 [ SQL语句 ] : SELECT * FROM `sw_auth` WHERE ( auth_level=1 and auth_id in() ) 
SQL: SELECT * FROM `sw_auth` WHERE ( auth_level=0 )  [ RunTime:0.000000s ]
INFO: [ view_parse ] --START--
INFO: Run Behavior\ParseTemplate [ RunTime:0.016001s ]
INFO: [ view_parse ] --END-- [ RunTime:0.016001s ]
INFO: [ view_filter ] --START--
INFO: Run Behavior\WriteHtmlCache [ RunTime:0.000000s ]
INFO: [ view_filter ] --END-- [ RunTime:0.000000s ]
INFO: [ app_end ] --START--
INFO: Run Behavior\ShowPageTrace [ RunTime:0.001000s ]
INFO: [ app_end ] --END-- [ RunTime:0.001000s ]

[ 2017-02-25T16:46:51+08:00 ] ::1 /0610/shop/index.php/Admin/Index/left
INFO: [ app_begin ] --START--
INFO: Run Behavior\ReadHtmlCache [ RunTime:0.001000s ]
INFO: [ app_begin ] --END-- [ RunTime:0.002000s ]
NOTIC: [8192] mysql_connect(): The mysql extension is deprecated and will be removed in the future: use mysqli or PDO instead D:\SERVER\AppServ\www\0610\ThinkPHP\Library\Think\Db\Driver\Mysql.class.php 第 52 行.
SQL: SHOW COLUMNS FROM `sw_manager` [ RunTime:0.003001s ]
SQL: SELECT * FROM `sw_manager` WHERE ( `mg_id` = 1 ) LIMIT 1   [ RunTime:0.000000s ]
SQL: SHOW COLUMNS FROM `sw_role` [ RunTime:0.002000s ]
SQL: SELECT * FROM `sw_role` WHERE ( `role_id` = 0 ) LIMIT 1   [ RunTime:0.000000s ]
NOTIC: [8] Undefined variable: admin_name D:\SERVER\AppServ\www\0610\shop\Admin\Controller\IndexController.class.php 第 24 行.
SQL: SHOW COLUMNS FROM `sw_auth` [ RunTime:0.002000s ]
SQL: SELECT * FROM `sw_auth` WHERE ( auth_level=0 and auth_id in() )  [ RunTime:0.001000s ]
ERR: 1064:You have an error in your SQL syntax; check the manual that corresponds to your MySQL server version for the right syntax to use near ') )' at line 1
 [ SQL语句 ] : SELECT * FROM `sw_auth` WHERE ( auth_level=0 and auth_id in() ) 
SQL: SELECT * FROM `sw_auth` WHERE ( auth_level=1 and auth_id in() )  [ RunTime:0.000000s ]
ERR: 1064:You have an error in your SQL syntax; check the manual that corresponds to your MySQL server version for the right syntax to use near ') )' at line 1
 [ SQL语句 ] : SELECT * FROM `sw_auth` WHERE ( auth_level=1 and auth_id in() ) 
SQL: SELECT * FROM `sw_auth` WHERE ( auth_level=0 )  [ RunTime:0.001000s ]
INFO: [ view_parse ] --START--
INFO: Run Behavior\ParseTemplate [ RunTime:0.013001s ]
INFO: [ view_parse ] --END-- [ RunTime:0.013001s ]
INFO: [ view_filter ] --START--
INFO: Run Behavior\WriteHtmlCache [ RunTime:0.000000s ]
INFO: [ view_filter ] --END-- [ RunTime:0.000000s ]
INFO: [ app_end ] --START--
INFO: Run Behavior\ShowPageTrace [ RunTime:0.000000s ]
INFO: [ app_end ] --END-- [ RunTime:0.001000s ]

[ 2017-02-25T16:48:14+08:00 ] ::1 /0610/shop/index.php/Admin/index/index
INFO: [ app_begin ] --START--
INFO: Run Behavior\ReadHtmlCache [ RunTime:0.001000s ]
INFO: [ app_begin ] --END-- [ RunTime:0.002000s ]
INFO: [ view_parse ] --START--
INFO: Run Behavior\ParseTemplate [ RunTime:0.012001s ]
INFO: [ view_parse ] --END-- [ RunTime:0.012001s ]
INFO: [ view_filter ] --START--
INFO: Run Behavior\WriteHtmlCache [ RunTime:0.000000s ]
INFO: [ view_filter ] --END-- [ RunTime:0.000000s ]
INFO: [ app_end ] --START--
INFO: Run Behavior\ShowPageTrace [ RunTime:0.001000s ]
INFO: [ app_end ] --END-- [ RunTime:0.001000s ]

[ 2017-02-25T16:48:14+08:00 ] ::1 /0610/shop/index.php/Admin/Index/head
INFO: [ app_begin ] --START--
INFO: Run Behavior\ReadHtmlCache [ RunTime:0.003000s ]
INFO: [ app_begin ] --END-- [ RunTime:0.004000s ]
INFO: [ view_parse ] --START--
INFO: Run Behavior\ParseTemplate [ RunTime:0.013001s ]
INFO: [ view_parse ] --END-- [ RunTime:0.013001s ]
INFO: [ view_filter ] --START--
INFO: Run Behavior\WriteHtmlCache [ RunTime:0.001000s ]
INFO: [ view_filter ] --END-- [ RunTime:0.001000s ]
INFO: [ app_end ] --START--
INFO: Run Behavior\ShowPageTrace [ RunTime:0.000000s ]
INFO: [ app_end ] --END-- [ RunTime:0.001000s ]

[ 2017-02-25T16:48:14+08:00 ] ::1 /0610/shop/index.php/Admin/Index/right
INFO: [ app_begin ] --START--
INFO: Run Behavior\ReadHtmlCache [ RunTime:0.001000s ]
INFO: [ app_begin ] --END-- [ RunTime:0.001000s ]
INFO: [ view_parse ] --START--
INFO: Run Behavior\ParseTemplate [ RunTime:0.024001s ]
INFO: [ view_parse ] --END-- [ RunTime:0.024001s ]
INFO: [ view_filter ] --START--
INFO: Run Behavior\WriteHtmlCache [ RunTime:0.001001s ]
INFO: [ view_filter ] --END-- [ RunTime:0.001001s ]
INFO: [ app_end ] --START--
INFO: Run Behavior\ShowPageTrace [ RunTime:0.001000s ]
INFO: [ app_end ] --END-- [ RunTime:0.001000s ]

[ 2017-02-25T16:48:14+08:00 ] ::1 /0610/shop/index.php/Admin/Index/left
INFO: [ app_begin ] --START--
INFO: Run Behavior\ReadHtmlCache [ RunTime:0.001001s ]
INFO: [ app_begin ] --END-- [ RunTime:0.002001s ]
NOTIC: [8192] mysql_connect(): The mysql extension is deprecated and will be removed in the future: use mysqli or PDO instead D:\SERVER\AppServ\www\0610\ThinkPHP\Library\Think\Db\Driver\Mysql.class.php 第 52 行.
SQL: SHOW COLUMNS FROM `sw_manager` [ RunTime:0.006000s ]
SQL: SELECT * FROM `sw_manager` WHERE ( `mg_id` = 1 ) LIMIT 1   [ RunTime:0.000000s ]
SQL: SHOW COLUMNS FROM `sw_role` [ RunTime:0.003000s ]
SQL: SELECT * FROM `sw_role` WHERE ( `role_id` = 0 ) LIMIT 1   [ RunTime:0.054003s ]
NOTIC: [8] Undefined variable: admin_name D:\SERVER\AppServ\www\0610\shop\Admin\Controller\IndexController.class.php 第 24 行.
SQL: SHOW COLUMNS FROM `sw_auth` [ RunTime:0.003001s ]
SQL: SELECT * FROM `sw_auth` WHERE ( auth_level=0 and auth_id in() )  [ RunTime:0.000000s ]
ERR: 1064:You have an error in your SQL syntax; check the manual that corresponds to your MySQL server version for the right syntax to use near ') )' at line 1
 [ SQL语句 ] : SELECT * FROM `sw_auth` WHERE ( auth_level=0 and auth_id in() ) 
SQL: SELECT * FROM `sw_auth` WHERE ( auth_level=1 and auth_id in() )  [ RunTime:0.001000s ]
ERR: 1064:You have an error in your SQL syntax; check the manual that corresponds to your MySQL server version for the right syntax to use near ') )' at line 1
 [ SQL语句 ] : SELECT * FROM `sw_auth` WHERE ( auth_level=1 and auth_id in() ) 
SQL: SELECT * FROM `sw_auth` WHERE ( auth_level=0 )  [ RunTime:0.000000s ]
INFO: [ view_parse ] --START--
INFO: Run Behavior\ParseTemplate [ RunTime:0.013000s ]
INFO: [ view_parse ] --END-- [ RunTime:0.013000s ]
INFO: [ view_filter ] --START--
INFO: Run Behavior\WriteHtmlCache [ RunTime:0.001000s ]
INFO: [ view_filter ] --END-- [ RunTime:0.001000s ]
INFO: [ app_end ] --START--
INFO: Run Behavior\ShowPageTrace [ RunTime:0.001000s ]
INFO: [ app_end ] --END-- [ RunTime:0.001000s ]

[ 2017-02-25T16:49:35+08:00 ] ::1 /0610/shop/index.php/Admin/index/index
INFO: [ app_begin ] --START--
INFO: Run Behavior\ReadHtmlCache [ RunTime:0.001000s ]
INFO: [ app_begin ] --END-- [ RunTime:0.002000s ]
INFO: [ view_parse ] --START--
INFO: Run Behavior\ParseTemplate [ RunTime:0.014001s ]
INFO: [ view_parse ] --END-- [ RunTime:0.014001s ]
INFO: [ view_filter ] --START--
INFO: Run Behavior\WriteHtmlCache [ RunTime:0.000000s ]
INFO: [ view_filter ] --END-- [ RunTime:0.000000s ]
INFO: [ app_end ] --START--
INFO: Run Behavior\ShowPageTrace [ RunTime:0.001000s ]
INFO: [ app_end ] --END-- [ RunTime:0.001000s ]

[ 2017-02-25T16:49:35+08:00 ] ::1 /0610/shop/index.php/Admin/Index/head
INFO: [ app_begin ] --START--
INFO: Run Behavior\ReadHtmlCache [ RunTime:0.000000s ]
INFO: [ app_begin ] --END-- [ RunTime:0.002000s ]
INFO: [ view_parse ] --START--
NOTIC: [8] Undefined index: admin_name D:\SERVER\AppServ\www\0610\shop\Runtime\Cache\71be5df2cddb1caee729179a47e4cab0579a9010.file.head.html.php 第 38 行.
INFO: Run Behavior\ParseTemplate [ RunTime:0.012001s ]
INFO: [ view_parse ] --END-- [ RunTime:0.012001s ]
INFO: [ view_filter ] --START--
INFO: Run Behavior\WriteHtmlCache [ RunTime:0.001000s ]
INFO: [ view_filter ] --END-- [ RunTime:0.001000s ]
INFO: [ app_end ] --START--
INFO: Run Behavior\ShowPageTrace [ RunTime:0.001000s ]
INFO: [ app_end ] --END-- [ RunTime:0.001000s ]

[ 2017-02-25T16:49:35+08:00 ] ::1 /0610/shop/index.php/Admin/Index/left
INFO: [ app_begin ] --START--
INFO: Run Behavior\ReadHtmlCache [ RunTime:0.001000s ]
INFO: [ app_begin ] --END-- [ RunTime:0.002001s ]
NOTIC: [8192] mysql_connect(): The mysql extension is deprecated and will be removed in the future: use mysqli or PDO instead D:\SERVER\AppServ\www\0610\ThinkPHP\Library\Think\Db\Driver\Mysql.class.php 第 52 行.
SQL: SHOW COLUMNS FROM `sw_manager` [ RunTime:0.088005s ]
SQL: SELECT * FROM `sw_manager` LIMIT 1   [ RunTime:0.000000s ]
SQL: SHOW COLUMNS FROM `sw_role` [ RunTime:0.022002s ]
SQL: SELECT * FROM `sw_role` WHERE ( `role_id` = 0 ) LIMIT 1   [ RunTime:0.000000s ]
NOTIC: [8] Undefined variable: admin_name D:\SERVER\AppServ\www\0610\shop\Admin\Controller\IndexController.class.php 第 24 行.
SQL: SHOW COLUMNS FROM `sw_auth` [ RunTime:0.017001s ]
SQL: SELECT * FROM `sw_auth` WHERE ( auth_level=0 and auth_id in() )  [ RunTime:0.000000s ]
ERR: 1064:You have an error in your SQL syntax; check the manual that corresponds to your MySQL server version for the right syntax to use near ') )' at line 1
 [ SQL语句 ] : SELECT * FROM `sw_auth` WHERE ( auth_level=0 and auth_id in() ) 
SQL: SELECT * FROM `sw_auth` WHERE ( auth_level=1 and auth_id in() )  [ RunTime:0.000000s ]
ERR: 1064:You have an error in your SQL syntax; check the manual that corresponds to your MySQL server version for the right syntax to use near ') )' at line 1
 [ SQL语句 ] : SELECT * FROM `sw_auth` WHERE ( auth_level=1 and auth_id in() ) 
SQL: SELECT * FROM `sw_auth` WHERE ( auth_level=0 )  [ RunTime:0.001000s ]
INFO: [ view_parse ] --START--
INFO: Run Behavior\ParseTemplate [ RunTime:0.016001s ]
INFO: [ view_parse ] --END-- [ RunTime:0.016001s ]
INFO: [ view_filter ] --START--
INFO: Run Behavior\WriteHtmlCache [ RunTime:0.001000s ]
INFO: [ view_filter ] --END-- [ RunTime:0.001000s ]
INFO: [ app_end ] --START--
INFO: Run Behavior\ShowPageTrace [ RunTime:0.001000s ]
INFO: [ app_end ] --END-- [ RunTime:0.001000s ]

[ 2017-02-25T16:49:35+08:00 ] ::1 /0610/shop/index.php/Admin/Index/right
INFO: [ app_begin ] --START--
INFO: Run Behavior\ReadHtmlCache [ RunTime:0.001000s ]
INFO: [ app_begin ] --END-- [ RunTime:0.001000s ]
INFO: [ view_parse ] --START--
INFO: Run Behavior\ParseTemplate [ RunTime:0.014001s ]
INFO: [ view_parse ] --END-- [ RunTime:0.015001s ]
INFO: [ view_filter ] --START--
INFO: Run Behavior\WriteHtmlCache [ RunTime:0.000000s ]
INFO: [ view_filter ] --END-- [ RunTime:0.000000s ]
INFO: [ app_end ] --START--
INFO: Run Behavior\ShowPageTrace [ RunTime:0.001000s ]
INFO: [ app_end ] --END-- [ RunTime:0.001000s ]

[ 2017-02-25T17:36:54+08:00 ] ::1 /0610/shop/index.php/Admin/login
ERR: 无法加载控制器:Login

[ 2017-02-25T18:19:17+08:00 ] ::1 /0610/shop/index.php/Admin/Index/left
ERR: SQLSTATE[HY000] [2019] Unknown character set

[ 2017-02-25T18:19:32+08:00 ] ::1 /0610/shop/index.php/Admin/Index/left
ERR: SQLSTATE[HY000] [2019] Unknown character set

[ 2017-02-25T18:32:33+08:00 ] ::1 /0610/shop/index.php/Admin/Index/left
ERR: Access denied for user ''@'localhost' (using password: NO)

[ 2017-02-25T18:32:35+08:00 ] ::1 /0610/shop/index.php/Admin/Index/left
ERR: Access denied for user ''@'localhost' (using password: NO)

[ 2017-02-25T18:32:41+08:00 ] ::1 /0610/shop/index.php/Admin/Index/left
ERR: Access denied for user ''@'localhost' (using password: NO)

[ 2017-02-25T18:33:19+08:00 ] ::1 /0610/shop/index.php/Admin/Index/left
ERR: invalid data source name

[ 2017-02-25T20:20:18+08:00 ] ::1 /0610/shop/index.php/Admin/Index/left
ERR: Syntax Error in template "D:/SERVER/AppServ/www/0610/shop/Admin/View\Index\left.html"  on line 33 "&lt;tr&gt; &lt;td&gt;{var_dump($k);}&lt;/td&gt;"  - Unexpected ";", expected one of: "}" , " "

[ 2017-02-25T20:20:39+08:00 ] ::1 /0610/shop/index.php/Admin/Index/left
ERR: Syntax Error in template "D:/SERVER/AppServ/www/0610/shop/Admin/View\Index\left.html"  on line 34 "&lt;td&gt;{php echo var_dump($arr)}&gt;&lt;/td&gt;" unknown tag "php"

[ 2017-02-25T20:32:18+08:00 ] ::1 /0610/shop/index.php/Admin/Index/left
ERR: Syntax Error in template "D:/SERVER/AppServ/www/0610/shop/Admin/View\Index\left.html"  on line 34 "{/$arr.id}"  - Unexpected "$", expected one of: "identifier"

