[ 2017-02-15T20:44:07+08:00 ] ::1 /0610/shop/index.php/Admin/Goods/showlist
INFO: [ app_begin ] --START--
INFO: Run Behavior\ReadHtmlCache [ RunTime:0.050003s ]
INFO: [ app_begin ] --END-- [ RunTime:0.210012s ]
NOTIC: [8192] mysql_connect(): The mysql extension is deprecated and will be removed in the future: use mysqli or PDO instead D:\SERVER\AppServ\www\0610\ThinkPHP\Library\Think\Db\Driver\Mysql.class.php 第 52 行.
SQL: SHOW COLUMNS FROM `sw_goods` [ RunTime:3.541203s ]
SQL: SELECT * FROM `sw_goods`  [ RunTime:0.003000s ]
INFO: [ view_parse ] --START--
NOTIC: [8] Undefined index: pagelist D:\SERVER\AppServ\www\0610\shop\Runtime\Cache\3f46dc1d74985643bd933e23fa5e6a8781260b5c.file.showlist.html.php 第 113 行.
NOTIC: [8] Trying to get property of non-object D:\SERVER\AppServ\www\0610\shop\Runtime\Cache\3f46dc1d74985643bd933e23fa5e6a8781260b5c.file.showlist.html.php 第 113 行.
INFO: Run Behavior\ParseTemplate [ RunTime:1.013058s ]
INFO: [ view_parse ] --END-- [ RunTime:1.013058s ]
INFO: [ view_filter ] --START--
INFO: Run Behavior\WriteHtmlCache [ RunTime:0.182010s ]
INFO: [ view_filter ] --END-- [ RunTime:0.182010s ]
INFO: [ app_end ] --START--
INFO: Run Behavior\ShowPageTrace [ RunTime:0.025001s ]
INFO: [ app_end ] --END-- [ RunTime:0.025001s ]

[ 2017-02-15T20:44:18+08:00 ] ::1 /0610/shop/index.php/Admin/index/index
INFO: [ app_begin ] --START--
INFO: Run Behavior\ReadHtmlCache [ RunTime:0.001000s ]
INFO: [ app_begin ] --END-- [ RunTime:0.002000s ]
INFO: [ view_parse ] --START--
INFO: Run Behavior\ParseTemplate [ RunTime:0.037002s ]
INFO: [ view_parse ] --END-- [ RunTime:0.037002s ]
INFO: [ view_filter ] --START--
INFO: Run Behavior\WriteHtmlCache [ RunTime:0.001000s ]
INFO: [ view_filter ] --END-- [ RunTime:0.001000s ]
INFO: [ app_end ] --START--
INFO: Run Behavior\ShowPageTrace [ RunTime:0.001000s ]
INFO: [ app_end ] --END-- [ RunTime:0.001000s ]

[ 2017-02-15T20:44:18+08:00 ] ::1 /0610/shop/index.php/Admin/Index/head
INFO: [ app_begin ] --START--
INFO: Run Behavior\ReadHtmlCache [ RunTime:0.001001s ]
INFO: [ app_begin ] --END-- [ RunTime:0.002001s ]
INFO: [ view_parse ] --START--
NOTIC: [8] Undefined index: Think D:\SERVER\AppServ\www\0610\shop\Runtime\Cache\71be5df2cddb1caee729179a47e4cab0579a9010.file.head.html.php 第 42 行.
NOTIC: [8] Trying to get property of non-object D:\SERVER\AppServ\www\0610\shop\Runtime\Cache\71be5df2cddb1caee729179a47e4cab0579a9010.file.head.html.php 第 42 行.
INFO: Run Behavior\ParseTemplate [ RunTime:0.039002s ]
INFO: [ view_parse ] --END-- [ RunTime:0.039002s ]
INFO: [ view_filter ] --START--
INFO: Run Behavior\WriteHtmlCache [ RunTime:0.001000s ]
INFO: [ view_filter ] --END-- [ RunTime:0.001000s ]
INFO: [ app_end ] --START--
INFO: Run Behavior\ShowPageTrace [ RunTime:0.001000s ]
INFO: [ app_end ] --END-- [ RunTime:0.001000s ]

[ 2017-02-15T20:44:18+08:00 ] ::1 /0610/shop/index.php/Admin/Index/right
INFO: [ app_begin ] --START--
INFO: Run Behavior\ReadHtmlCache [ RunTime:0.001000s ]
INFO: [ app_begin ] --END-- [ RunTime:0.001000s ]
INFO: [ view_parse ] --START--
INFO: Run Behavior\ParseTemplate [ RunTime:0.066004s ]
INFO: [ view_parse ] --END-- [ RunTime:0.066004s ]
INFO: [ view_filter ] --START--
INFO: Run Behavior\WriteHtmlCache [ RunTime:0.001000s ]
INFO: [ view_filter ] --END-- [ RunTime:0.001000s ]
INFO: [ app_end ] --START--
INFO: Run Behavior\ShowPageTrace [ RunTime:0.001000s ]
INFO: [ app_end ] --END-- [ RunTime:0.001000s ]

[ 2017-02-15T20:44:19+08:00 ] ::1 /0610/shop/index.php/Admin/Index/left
INFO: [ app_begin ] --START--
INFO: Run Behavior\ReadHtmlCache [ RunTime:0.002000s ]
INFO: [ app_begin ] --END-- [ RunTime:0.002000s ]
NOTIC: [8192] mysql_connect(): The mysql extension is deprecated and will be removed in the future: use mysqli or PDO instead D:\SERVER\AppServ\www\0610\ThinkPHP\Library\Think\Db\Driver\Mysql.class.php 第 52 行.
SQL: SHOW COLUMNS FROM `sw_manager` [ RunTime:0.295017s ]
SQL: SELECT * FROM `sw_manager` LIMIT 1   [ RunTime:0.001000s ]
SQL: SHOW COLUMNS FROM `sw_role` [ RunTime:0.134008s ]
SQL: SELECT * FROM `sw_role` WHERE ( `role_id` = 0 ) LIMIT 1   [ RunTime:0.000000s ]
NOTIC: [8] Undefined variable: admin_name D:\SERVER\AppServ\www\0610\shop\Admin\Controller\IndexController.class.php 第 22 行.
SQL: SHOW COLUMNS FROM `sw_auth` [ RunTime:0.236014s ]
SQL: SELECT * FROM `sw_auth` WHERE ( auth_level=0 and auth_id in() )  [ RunTime:0.073004s ]
ERR: 1064:You have an error in your SQL syntax; check the manual that corresponds to your MySQL server version for the right syntax to use near ') )' at line 1
 [ SQL语句 ] : SELECT * FROM `sw_auth` WHERE ( auth_level=0 and auth_id in() ) 
SQL: SELECT * FROM `sw_auth` WHERE ( auth_level=1 and auth_id in() )  [ RunTime:0.001000s ]
ERR: 1064:You have an error in your SQL syntax; check the manual that corresponds to your MySQL server version for the right syntax to use near ') )' at line 1
 [ SQL语句 ] : SELECT * FROM `sw_auth` WHERE ( auth_level=1 and auth_id in() ) 
INFO: [ view_parse ] --START--
INFO: Run Behavior\ParseTemplate [ RunTime:0.050003s ]
INFO: [ view_parse ] --END-- [ RunTime:0.050003s ]
INFO: [ view_filter ] --START--
INFO: Run Behavior\WriteHtmlCache [ RunTime:0.001000s ]
INFO: [ view_filter ] --END-- [ RunTime:0.001000s ]
INFO: [ app_end ] --START--
INFO: Run Behavior\ShowPageTrace [ RunTime:0.001000s ]
INFO: [ app_end ] --END-- [ RunTime:0.001000s ]

[ 2017-02-15T20:44:44+08:00 ] ::1 /0610/shop/index.php/Admin/Goods/showlist?s_product_mark=0
INFO: [ app_begin ] --START--
INFO: Run Behavior\ReadHtmlCache [ RunTime:0.001000s ]
INFO: [ app_begin ] --END-- [ RunTime:0.002000s ]
NOTIC: [8192] mysql_connect(): The mysql extension is deprecated and will be removed in the future: use mysqli or PDO instead D:\SERVER\AppServ\www\0610\ThinkPHP\Library\Think\Db\Driver\Mysql.class.php 第 52 行.
SQL: SHOW COLUMNS FROM `sw_goods` [ RunTime:0.003000s ]
SQL: SELECT * FROM `sw_goods`  [ RunTime:0.002001s ]
INFO: [ view_parse ] --START--
NOTIC: [8] Undefined index: pagelist D:\SERVER\AppServ\www\0610\shop\Runtime\Cache\3f46dc1d74985643bd933e23fa5e6a8781260b5c.file.showlist.html.php 第 113 行.
NOTIC: [8] Trying to get property of non-object D:\SERVER\AppServ\www\0610\shop\Runtime\Cache\3f46dc1d74985643bd933e23fa5e6a8781260b5c.file.showlist.html.php 第 113 行.
INFO: Run Behavior\ParseTemplate [ RunTime:0.016001s ]
INFO: [ view_parse ] --END-- [ RunTime:0.016001s ]
INFO: [ view_filter ] --START--
INFO: Run Behavior\WriteHtmlCache [ RunTime:0.001000s ]
INFO: [ view_filter ] --END-- [ RunTime:0.001000s ]
INFO: [ app_end ] --START--
INFO: Run Behavior\ShowPageTrace [ RunTime:0.001000s ]
INFO: [ app_end ] --END-- [ RunTime:0.001000s ]

[ 2017-02-15T20:44:52+08:00 ] ::1 /0610/shop/index.php/Admin/Goods/showlist
INFO: [ app_begin ] --START--
INFO: Run Behavior\ReadHtmlCache [ RunTime:0.001000s ]
INFO: [ app_begin ] --END-- [ RunTime:0.002000s ]
NOTIC: [8192] mysql_connect(): The mysql extension is deprecated and will be removed in the future: use mysqli or PDO instead D:\SERVER\AppServ\www\0610\ThinkPHP\Library\Think\Db\Driver\Mysql.class.php 第 52 行.
SQL: SHOW COLUMNS FROM `sw_goods` [ RunTime:0.002000s ]
SQL: SELECT * FROM `sw_goods`  [ RunTime:0.001000s ]
INFO: [ view_parse ] --START--
NOTIC: [8] Undefined index: pagelist D:\SERVER\AppServ\www\0610\shop\Runtime\Cache\3f46dc1d74985643bd933e23fa5e6a8781260b5c.file.showlist.html.php 第 113 行.
NOTIC: [8] Trying to get property of non-object D:\SERVER\AppServ\www\0610\shop\Runtime\Cache\3f46dc1d74985643bd933e23fa5e6a8781260b5c.file.showlist.html.php 第 113 行.
INFO: Run Behavior\ParseTemplate [ RunTime:0.014001s ]
INFO: [ view_parse ] --END-- [ RunTime:0.014001s ]
INFO: [ view_filter ] --START--
INFO: Run Behavior\WriteHtmlCache [ RunTime:0.001000s ]
INFO: [ view_filter ] --END-- [ RunTime:0.001000s ]
INFO: [ app_end ] --START--
INFO: Run Behavior\ShowPageTrace [ RunTime:0.001000s ]
INFO: [ app_end ] --END-- [ RunTime:0.001000s ]

[ 2017-02-15T20:45:51+08:00 ] ::1 /0610/shop/index.php/Admin/Manager/login
INFO: [ app_begin ] --START--
INFO: Run Behavior\ReadHtmlCache [ RunTime:0.001000s ]
INFO: [ app_begin ] --END-- [ RunTime:0.001000s ]
INFO: [ view_parse ] --START--
INFO: Run Behavior\ParseTemplate [ RunTime:0.024001s ]
INFO: [ view_parse ] --END-- [ RunTime:0.024001s ]
INFO: [ view_filter ] --START--
INFO: Run Behavior\WriteHtmlCache [ RunTime:0.000000s ]
INFO: [ view_filter ] --END-- [ RunTime:0.000000s ]
INFO: [ app_end ] --START--
INFO: Run Behavior\ShowPageTrace [ RunTime:0.001000s ]
INFO: [ app_end ] --END-- [ RunTime:0.001000s ]

[ 2017-02-15T20:45:51+08:00 ] ::1 /0610/shop/index.php/Admin/Manager/verifyImg
INFO: [ app_begin ] --START--
INFO: Run Behavior\ReadHtmlCache [ RunTime:0.001000s ]
INFO: [ app_begin ] --END-- [ RunTime:0.002000s ]
INFO: [ app_end ] --START--
INFO: Run Behavior\ShowPageTrace [ RunTime:0.001000s ]
INFO: [ app_end ] --END-- [ RunTime:0.001000s ]

[ 2017-02-15T20:45:53+08:00 ] ::1 /0610/shop/index.php/Admin/Manager/verifyImg/0.8045767817731317
INFO: [ app_begin ] --START--
INFO: Run Behavior\ReadHtmlCache [ RunTime:0.015600s ]
INFO: [ app_begin ] --END-- [ RunTime:0.015600s ]
INFO: [ app_end ] --START--
INFO: Run Behavior\ShowPageTrace [ RunTime:0.001000s ]
INFO: [ app_end ] --END-- [ RunTime:0.001000s ]

[ 2017-02-15T20:45:58+08:00 ] ::1 /0610/shop/index.php/Admin/Manager/login
INFO: [ app_begin ] --START--
INFO: Run Behavior\ReadHtmlCache [ RunTime:0.001000s ]
INFO: [ app_begin ] --END-- [ RunTime:0.002000s ]
INFO: [ view_parse ] --START--
INFO: Run Behavior\ParseTemplate [ RunTime:0.015001s ]
INFO: [ view_parse ] --END-- [ RunTime:0.015001s ]
INFO: [ view_filter ] --START--
INFO: Run Behavior\WriteHtmlCache [ RunTime:0.001000s ]
INFO: [ view_filter ] --END-- [ RunTime:0.001000s ]
INFO: [ app_end ] --START--
INFO: Run Behavior\ShowPageTrace [ RunTime:0.001000s ]
INFO: [ app_end ] --END-- [ RunTime:0.001000s ]

[ 2017-02-15T20:45:58+08:00 ] ::1 /0610/shop/index.php/Admin/Manager/verifyImg
INFO: [ app_begin ] --START--
INFO: Run Behavior\ReadHtmlCache [ RunTime:0.001000s ]
INFO: [ app_begin ] --END-- [ RunTime:0.001000s ]
INFO: [ app_end ] --START--
INFO: Run Behavior\ShowPageTrace [ RunTime:0.000000s ]
INFO: [ app_end ] --END-- [ RunTime:0.001000s ]

[ 2017-02-15T20:46:59+08:00 ] ::1 /0610/shop/index.php/Admin/Goods/tianjia
INFO: [ app_begin ] --START--
INFO: Run Behavior\ReadHtmlCache [ RunTime:0.001000s ]
INFO: [ app_begin ] --END-- [ RunTime:0.002000s ]
NOTIC: [8192] mysql_connect(): The mysql extension is deprecated and will be removed in the future: use mysqli or PDO instead D:\SERVER\AppServ\www\0610\ThinkPHP\Library\Think\Db\Driver\Mysql.class.php 第 52 行.
SQL: SHOW COLUMNS FROM `sw_goods` [ RunTime:0.003000s ]
INFO: [ view_parse ] --START--
INFO: Run Behavior\ParseTemplate [ RunTime:0.031002s ]
INFO: [ view_parse ] --END-- [ RunTime:0.031002s ]
INFO: [ view_filter ] --START--
INFO: Run Behavior\WriteHtmlCache [ RunTime:0.000000s ]
INFO: [ view_filter ] --END-- [ RunTime:0.001000s ]
INFO: [ app_end ] --START--
INFO: Run Behavior\ShowPageTrace [ RunTime:0.001000s ]
INFO: [ app_end ] --END-- [ RunTime:0.001000s ]

[ 2017-02-15T20:47:55+08:00 ] ::1 /0610/shop/index.php/Admin/index/index
INFO: [ app_begin ] --START--
INFO: Run Behavior\ReadHtmlCache [ RunTime:0.001000s ]
INFO: [ app_begin ] --END-- [ RunTime:0.002000s ]
INFO: [ view_parse ] --START--
INFO: Run Behavior\ParseTemplate [ RunTime:0.015000s ]
INFO: [ view_parse ] --END-- [ RunTime:0.015000s ]
INFO: [ view_filter ] --START--
INFO: Run Behavior\WriteHtmlCache [ RunTime:0.000000s ]
INFO: [ view_filter ] --END-- [ RunTime:0.000000s ]
INFO: [ app_end ] --START--
INFO: Run Behavior\ShowPageTrace [ RunTime:0.001000s ]
INFO: [ app_end ] --END-- [ RunTime:0.001000s ]

[ 2017-02-15T20:47:55+08:00 ] ::1 /0610/shop/index.php/Admin/Index/head
INFO: [ app_begin ] --START--
INFO: Run Behavior\ReadHtmlCache [ RunTime:0.001000s ]
INFO: [ app_begin ] --END-- [ RunTime:0.002000s ]
INFO: [ view_parse ] --START--
NOTIC: [8] Undefined index: Think D:\SERVER\AppServ\www\0610\shop\Runtime\Cache\71be5df2cddb1caee729179a47e4cab0579a9010.file.head.html.php 第 42 行.
NOTIC: [8] Trying to get property of non-object D:\SERVER\AppServ\www\0610\shop\Runtime\Cache\71be5df2cddb1caee729179a47e4cab0579a9010.file.head.html.php 第 42 行.
INFO: Run Behavior\ParseTemplate [ RunTime:0.013000s ]
INFO: [ view_parse ] --END-- [ RunTime:0.014000s ]
INFO: [ view_filter ] --START--
INFO: Run Behavior\WriteHtmlCache [ RunTime:0.000000s ]
INFO: [ view_filter ] --END-- [ RunTime:0.001000s ]
INFO: [ app_end ] --START--
INFO: Run Behavior\ShowPageTrace [ RunTime:0.000000s ]
INFO: [ app_end ] --END-- [ RunTime:0.000000s ]

[ 2017-02-15T20:47:55+08:00 ] ::1 /0610/shop/index.php/Admin/Index/right
INFO: [ app_begin ] --START--
INFO: Run Behavior\ReadHtmlCache [ RunTime:0.001000s ]
INFO: [ app_begin ] --END-- [ RunTime:0.001000s ]
INFO: [ view_parse ] --START--
INFO: Run Behavior\ParseTemplate [ RunTime:0.024001s ]
INFO: [ view_parse ] --END-- [ RunTime:0.024001s ]
INFO: [ view_filter ] --START--
INFO: Run Behavior\WriteHtmlCache [ RunTime:0.000000s ]
INFO: [ view_filter ] --END-- [ RunTime:0.001000s ]
INFO: [ app_end ] --START--
INFO: Run Behavior\ShowPageTrace [ RunTime:0.001000s ]
INFO: [ app_end ] --END-- [ RunTime:0.001000s ]

[ 2017-02-15T20:47:55+08:00 ] ::1 /0610/shop/index.php/Admin/Index/left
INFO: [ app_begin ] --START--
INFO: Run Behavior\ReadHtmlCache [ RunTime:0.001000s ]
INFO: [ app_begin ] --END-- [ RunTime:0.003000s ]
NOTIC: [8192] mysql_connect(): The mysql extension is deprecated and will be removed in the future: use mysqli or PDO instead D:\SERVER\AppServ\www\0610\ThinkPHP\Library\Think\Db\Driver\Mysql.class.php 第 52 行.
SQL: SHOW COLUMNS FROM `sw_manager` [ RunTime:0.003000s ]
SQL: SELECT * FROM `sw_manager` LIMIT 1   [ RunTime:0.000000s ]
SQL: SHOW COLUMNS FROM `sw_role` [ RunTime:0.002000s ]
SQL: SELECT * FROM `sw_role` WHERE ( `role_id` = 0 ) LIMIT 1   [ RunTime:0.000000s ]
NOTIC: [8] Undefined variable: admin_name D:\SERVER\AppServ\www\0610\shop\Admin\Controller\IndexController.class.php 第 22 行.
SQL: SHOW COLUMNS FROM `sw_auth` [ RunTime:0.002000s ]
SQL: SELECT * FROM `sw_auth` WHERE ( auth_level=0 and auth_id in() )  [ RunTime:0.000000s ]
ERR: 1064:You have an error in your SQL syntax; check the manual that corresponds to your MySQL server version for the right syntax to use near ') )' at line 1
 [ SQL语句 ] : SELECT * FROM `sw_auth` WHERE ( auth_level=0 and auth_id in() ) 
SQL: SELECT * FROM `sw_auth` WHERE ( auth_level=1 and auth_id in() )  [ RunTime:0.000000s ]
ERR: 1064:You have an error in your SQL syntax; check the manual that corresponds to your MySQL server version for the right syntax to use near ') )' at line 1
 [ SQL语句 ] : SELECT * FROM `sw_auth` WHERE ( auth_level=1 and auth_id in() ) 
INFO: [ view_parse ] --START--
INFO: Run Behavior\ParseTemplate [ RunTime:0.015001s ]
INFO: [ view_parse ] --END-- [ RunTime:0.015001s ]
INFO: [ view_filter ] --START--
INFO: Run Behavior\WriteHtmlCache [ RunTime:0.000000s ]
INFO: [ view_filter ] --END-- [ RunTime:0.000000s ]
INFO: [ app_end ] --START--
INFO: Run Behavior\ShowPageTrace [ RunTime:0.000000s ]
INFO: [ app_end ] --END-- [ RunTime:0.001000s ]

[ 2017-02-15T22:27:24+08:00 ] ::1 /0610/shop/index.php/Admin/index/left
INFO: [ app_begin ] --START--
INFO: Run Behavior\ReadHtmlCache [ RunTime:0.001000s ]
INFO: [ app_begin ] --END-- [ RunTime:0.001000s ]
NOTIC: [8192] mysql_connect(): The mysql extension is deprecated and will be removed in the future: use mysqli or PDO instead D:\SERVER\AppServ\www\0610\ThinkPHP\Library\Think\Db\Driver\Mysql.class.php 第 52 行.
SQL: SHOW COLUMNS FROM `sw_manager` [ RunTime:0.003001s ]
SQL: SELECT * FROM `sw_manager` LIMIT 1   [ RunTime:0.001000s ]
SQL: SHOW COLUMNS FROM `sw_role` [ RunTime:0.015001s ]
SQL: SELECT * FROM `sw_role` WHERE ( `role_id` = 0 ) LIMIT 1   [ RunTime:0.000000s ]
NOTIC: [8] Undefined variable: admin_name D:\SERVER\AppServ\www\0610\shop\Admin\Controller\IndexController.class.php 第 22 行.
SQL: SHOW COLUMNS FROM `sw_auth` [ RunTime:0.003000s ]
SQL: SELECT * FROM `sw_auth` WHERE ( auth_level=0 and auth_id in() )  [ RunTime:0.001000s ]
ERR: 1064:You have an error in your SQL syntax; check the manual that corresponds to your MySQL server version for the right syntax to use near ') )' at line 1
 [ SQL语句 ] : SELECT * FROM `sw_auth` WHERE ( auth_level=0 and auth_id in() ) 
SQL: SELECT * FROM `sw_auth` WHERE ( auth_level=1 and auth_id in() )  [ RunTime:0.000000s ]
ERR: 1064:You have an error in your SQL syntax; check the manual that corresponds to your MySQL server version for the right syntax to use near ') )' at line 1
 [ SQL语句 ] : SELECT * FROM `sw_auth` WHERE ( auth_level=1 and auth_id in() ) 
INFO: [ view_parse ] --START--
INFO: Run Behavior\ParseTemplate [ RunTime:0.318018s ]
INFO: [ view_parse ] --END-- [ RunTime:0.319018s ]
INFO: [ view_filter ] --START--
INFO: Run Behavior\WriteHtmlCache [ RunTime:0.001000s ]
INFO: [ view_filter ] --END-- [ RunTime:0.001000s ]
INFO: [ app_end ] --START--
INFO: Run Behavior\ShowPageTrace [ RunTime:0.001000s ]
INFO: [ app_end ] --END-- [ RunTime:0.001000s ]

