[ 2017-03-06T21:40:28+08:00 ] ::1 /0610/shop/index.php/Admin/Auth/xiugai/goods_id/
ERR: 非法操作:xiugai

[ 2017-03-06T21:40:32+08:00 ] ::1 /0610/shop/index.php/Admin/Manager/showlist
ERR: 非法操作:showlist

[ 2017-03-06T21:40:39+08:00 ] ::1 /0610/shop/index.php/Admin/Manager/showlist
ERR: 非法操作:showlist

[ 2017-03-06T21:40:49+08:00 ] ::1 /0610/shop/index.php/Admin/Order/showlist
ERR: 无法加载控制器:Order

[ 2017-03-06T21:40:50+08:00 ] ::1 /0610/shop/index.php/Admin/Order/look
ERR: 无法加载控制器:Order

[ 2017-03-06T21:40:51+08:00 ] ::1 /0610/shop/index.php/Admin/Order/dayin
ERR: 无法加载控制器:Order

[ 2017-03-06T21:40:57+08:00 ] ::1 /0610/shop/index.php/Admin/Goods/category
ERR: 非法操作:category

[ 2017-03-06T21:40:59+08:00 ] ::1 /0610/shop/index.php/Admin/Order/showlist
ERR: 无法加载控制器:Order

[ 2017-03-06T21:41:00+08:00 ] ::1 /0610/shop/index.php/Admin/Order/look
ERR: 无法加载控制器:Order

[ 2017-03-06T21:41:00+08:00 ] ::1 /0610/shop/index.php/Admin/Order/dayin
ERR: 无法加载控制器:Order

[ 2017-03-06T21:41:02+08:00 ] ::1 /0610/shop/index.php/Admin/Manager/showlist
ERR: 非法操作:showlist

[ 2017-03-06T21:41:05+08:00 ] ::1 /0610/shop/index.php/Admin/User/showlist
ERR: 无法加载控制器:User

[ 2017-03-06T21:41:08+08:00 ] ::1 /0610/shop/index.php/Admin/Manager/showlist
ERR: 非法操作:showlist

[ 2017-03-06T21:41:09+08:00 ] ::1 /0610/shop/index.php/Admin/Order/dayin
ERR: 无法加载控制器:Order

[ 2017-03-06T21:41:11+08:00 ] ::1 /0610/shop/index.php/Admin/Order/look
ERR: 无法加载控制器:Order

[ 2017-03-06T21:41:12+08:00 ] ::1 /0610/shop/index.php/Admin/Order/showlist
ERR: 无法加载控制器:Order

[ 2017-03-06T21:41:13+08:00 ] ::1 /0610/shop/index.php/Admin/Goods/category
ERR: 非法操作:category

[ 2017-03-06T21:41:18+08:00 ] ::1 /0610/shop/index.php/Admin/Order/look
ERR: 无法加载控制器:Order

[ 2017-03-06T21:41:19+08:00 ] ::1 /0610/shop/index.php/Admin/Order/dayin
ERR: 无法加载控制器:Order

[ 2017-03-06T21:41:20+08:00 ] ::1 /0610/shop/index.php/Admin/Order/showlist
ERR: 无法加载控制器:Order

[ 2017-03-06T21:41:24+08:00 ] ::1 /0610/shop/index.php/Admin/Manager/showlist
ERR: 非法操作:showlist

[ 2017-03-06T21:41:43+08:00 ] ::1 /0610/shop/index.php/Admin/Auth/xiugai/goods_id/
ERR: 非法操作:xiugai

[ 2017-03-06T21:42:02+08:00 ] ::1 /0610/shop/index.php/Admin/User/showlist
ERR: 无法加载控制器:User

[ 2017-03-06T21:42:30+08:00 ] ::1 /0610/shop/index.php/Admin/Manager/showlist
ERR: 非法操作:showlist

