[ 2017-03-05T13:20:39+08:00 ] ::1 /0610/shop/index.php/Admin/Auth/showlist
ERR: Syntax Error in template "D:/SERVER/AppServ/www/0610/shop/Admin/View\Auth\showlist.html"  on line 12 ".tr_color{background-color: #9F88FF}"  - Unexpected ": ", expected one of: "}" , " "

[ 2017-03-05T13:21:11+08:00 ] ::1 /0610/shop/index.php/Admin/Auth/showlist
ERR: Syntax Error in template "D:/SERVER/AppServ/www/0610/shop/Admin/View\Auth\showlist.html"  on line 12 ".tr_color{background-color:#9F88FF}"  - Unexpected ":", expected one of: "}" , " "

[ 2017-03-05T13:21:12+08:00 ] ::1 /0610/shop/index.php/Admin/Auth/showlist
ERR: Syntax Error in template "D:/SERVER/AppServ/www/0610/shop/Admin/View\Auth\showlist.html"  on line 12 ".tr_color{background-color:#9F88FF}"  - Unexpected ":", expected one of: "}" , " "

[ 2017-03-05T13:21:14+08:00 ] ::1 /0610/shop/index.php/Admin/Auth/showlist
ERR: Syntax Error in template "D:/SERVER/AppServ/www/0610/shop/Admin/View\Auth\showlist.html"  on line 12 ".tr_color{background-color:#9F88FF}"  - Unexpected ":", expected one of: "}" , " "

[ 2017-03-05T13:21:33+08:00 ] ::1 /0610/shop/index.php/Admin/Auth/showlist
ERR: Syntax Error in template "D:/SERVER/AppServ/www/0610/shop/Admin/View\Auth\showlist.html"  on line 12 ".tr_color {background-color:#9F88FF}"  - Unexpected ":", expected one of: "}" , " "

[ 2017-03-05T13:21:49+08:00 ] ::1 /0610/shop/index.php/Admin/Auth/%3C?php%20echo%20ADMIN_CSS_URL?%3Emine.css
ERR: 非法操作:

[ 2017-03-05T13:21:51+08:00 ] ::1 /0610/shop/index.php/Admin/Auth/%3C?php%20echo%20ADMIN_CSS_URL?%3Emine.css
ERR: 非法操作:

[ 2017-03-05T13:21:54+08:00 ] ::1 /0610/shop/index.php/Admin/Auth/%3C?php%20echo%20ADMIN_CSS_URL?%3Emine.css
ERR: 非法操作:

[ 2017-03-05T13:22:16+08:00 ] ::1 /0610/shop/index.php/Admin/Auth/%3C?php%20echo%20ADMIN_CSS_URL?%3Emine.css
ERR: 非法操作:

[ 2017-03-05T13:22:17+08:00 ] ::1 /0610/shop/index.php/Admin/Auth/%3C?php%20echo%20ADMIN_CSS_URL?%3Emine.css
ERR: 非法操作:

[ 2017-03-05T13:22:23+08:00 ] ::1 /0610/shop/index.php/Admin/Auth/%3C?php%20echo%20ADMIN_CSS_URL?%3Emine.css
ERR: 非法操作:

[ 2017-03-05T13:22:24+08:00 ] ::1 /0610/shop/index.php/Admin/Auth/%3C?php%20echo%20ADMIN_CSS_URL?%3Emine.css
ERR: 非法操作:

[ 2017-03-05T13:22:25+08:00 ] ::1 /0610/shop/index.php/Admin/Auth/%3C?php%20echo%20ADMIN_CSS_URL?%3Emine.css
ERR: 非法操作:

[ 2017-03-05T13:22:26+08:00 ] ::1 /0610/shop/index.php/Admin/Auth/%3C?php%20echo%20ADMIN_CSS_URL?%3Emine.css
ERR: 非法操作:

[ 2017-03-05T13:22:27+08:00 ] ::1 /0610/shop/index.php/Admin/Auth/%3C?php%20echo%20ADMIN_CSS_URL?%3Emine.css
ERR: 非法操作:

[ 2017-03-05T13:24:35+08:00 ] ::1 /0610/shop/index.php/Admin/Auth/%3C?php%20echo%20ADMIN_CSS_URL?%3Emine.css
ERR: 非法操作:

[ 2017-03-05T13:46:05+08:00 ] ::1 /0610/shop/index.php/Admin/Manager/showlist
ERR: 非法操作:showlist

[ 2017-03-05T14:08:22+08:00 ] ::1 /0610/shop/index.php/Admin/Manager/showlist
ERR: 非法操作:showlist

[ 2017-03-05T14:08:24+08:00 ] ::1 /0610/shop/index.php/Admin/Manager/showlist
ERR: 非法操作:showlist

[ 2017-03-05T14:08:33+08:00 ] ::1 /0610/shop/index.php/Admin/Manager/showlist
ERR: 非法操作:showlist

[ 2017-03-05T16:06:27+08:00 ] ::1 /0610/shop/index.php/Admin/Manager/showlist
ERR: 非法操作:showlist

[ 2017-03-05T16:14:36+08:00 ] ::1 /0610/shop/index.php/Admin/Manager/showlist
ERR: 非法操作:showlist

[ 2017-03-05T16:19:53+08:00 ] ::1 /0610/shop/index.php/Admin/Order/showlist
ERR: 无法加载控制器:Order

[ 2017-03-05T16:19:54+08:00 ] ::1 /0610/shop/index.php/Admin/Order/look
ERR: 无法加载控制器:Order

[ 2017-03-05T16:19:55+08:00 ] ::1 /0610/shop/index.php/Admin/Order/dayin
ERR: 无法加载控制器:Order

