[ 2017-02-26T14:14:59+08:00 ] ::1 /0610/shop/index.php/Admin/Goods/
ERR: 非法操作:index

[ 2017-02-26T15:29:04+08:00 ] ::1 /0610/shop/index.php/Admin/%7B%20$arr1.auth_c%7D/showlist
ERR: 无法加载控制器:{ $arr1.auth_c}

[ 2017-02-26T15:29:20+08:00 ] ::1 /0610/shop/index.php/Admin/%7B%20$arr1.auth_c%7D/showlist
ERR: 无法加载控制器:{ $arr1.auth_c}

[ 2017-02-26T15:29:21+08:00 ] ::1 /0610/shop/index.php/Admin/%7B%20$arr1.auth_c%7D/showlist
ERR: 无法加载控制器:{ $arr1.auth_c}

[ 2017-02-26T15:29:22+08:00 ] ::1 /0610/shop/index.php/Admin/%7B%20$arr1.auth_c%7D/showlist
ERR: 无法加载控制器:{ $arr1.auth_c}

[ 2017-02-26T15:31:37+08:00 ] ::1 /0610/shop/index.php/Admin/Role/showlist
ERR: Syntax Error in template "D:/SERVER/AppServ/www/0610/shop/Admin/View\Role\showlist.html"  on line 12 ".tr_color{background-color: #9F88FF}"  - Unexpected ": ", expected one of: "}" , " "

[ 2017-02-26T15:31:42+08:00 ] ::1 /0610/shop/index.php/Admin/Auth/showlist
ERR: Syntax Error in template "D:/SERVER/AppServ/www/0610/shop/Admin/View\Auth\showlist.html"  on line 12 ".tr_color{background-color: #9F88FF}"  - Unexpected ": ", expected one of: "}" , " "

[ 2017-02-26T15:31:43+08:00 ] ::1 /0610/shop/index.php/Admin/Role/showlist
ERR: Syntax Error in template "D:/SERVER/AppServ/www/0610/shop/Admin/View\Role\showlist.html"  on line 12 ".tr_color{background-color: #9F88FF}"  - Unexpected ": ", expected one of: "}" , " "

[ 2017-02-26T15:32:53+08:00 ] ::1 /0610/shop/index.php/Admin/Auth/showlist
ERR: Syntax Error in template "D:/SERVER/AppServ/www/0610/shop/Admin/View\Auth\showlist.html"  on line 12 ".tr_color{background-color: #9F88FF}"  - Unexpected ": ", expected one of: "}" , " "

[ 2017-02-26T15:32:54+08:00 ] ::1 /0610/shop/index.php/Admin/Role/showlist
ERR: Syntax Error in template "D:/SERVER/AppServ/www/0610/shop/Admin/View\Role\showlist.html"  on line 12 ".tr_color{background-color:#9F88FF}"  - Unexpected ":", expected one of: "}" , " "

[ 2017-02-26T15:33:37+08:00 ] ::1 /0610/shop/index.php/Admin/Auth/showlist
ERR: Syntax Error in template "D:/SERVER/AppServ/www/0610/shop/Admin/View\Auth\showlist.html"  on line 12 ".tr_color{background-color: #9F88FF}"  - Unexpected ": ", expected one of: "}" , " "

[ 2017-02-26T15:33:39+08:00 ] ::1 /0610/shop/index.php/Admin/Role/showlist
ERR: Syntax Error in template "D:/SERVER/AppServ/www/0610/shop/Admin/View\Role\showlist.html"  on line 12 ".tr_color{background-color:#9F88FF}"  - Unexpected ":", expected one of: "}" , " "

[ 2017-02-26T15:33:40+08:00 ] ::1 /0610/shop/index.php/Admin/Manager/showlist
ERR: 非法操作:showlist

[ 2017-02-26T15:33:42+08:00 ] ::1 /0610/shop/index.php/Admin/Role/showlist
ERR: Syntax Error in template "D:/SERVER/AppServ/www/0610/shop/Admin/View\Role\showlist.html"  on line 12 ".tr_color{background-color:#9F88FF}"  - Unexpected ":", expected one of: "}" , " "

[ 2017-02-26T15:36:53+08:00 ] ::1 /0610/shop/index.php/Admin/Auth/showlist
ERR: Syntax Error in template "D:/SERVER/AppServ/www/0610/shop/Admin/View\Auth\showlist.html"  on line 12 ".tr_color{background-color: #9F88FF}"  - Unexpected ": ", expected one of: "}" , " "

[ 2017-02-26T15:36:56+08:00 ] ::1 /0610/shop/index.php/Admin/Manager/showlist
ERR: 非法操作:showlist

[ 2017-02-26T15:37:57+08:00 ] ::1 /0610/shop/index.php/Admin/Role/showlist
ERR: Syntax Error in template "D:/SERVER/AppServ/www/0610/shop/Admin/View\Role\showlist.html"  on line 12 ".tr_color{background-color:#9F88FF}"  - Unexpected ":", expected one of: "}" , " "

[ 2017-02-26T15:39:09+08:00 ] ::1 /0610/shop/index.php/Admin/Manager/showlist
ERR: 非法操作:showlist

[ 2017-02-26T15:39:13+08:00 ] ::1 /0610/shop/index.php/Admin/Auth/showlist
ERR: Syntax Error in template "D:/SERVER/AppServ/www/0610/shop/Admin/View\Auth\showlist.html"  on line 12 ".tr_color{background-color: #9F88FF}"  - Unexpected ": ", expected one of: "}" , " "

