[ 2017-01-02T00:01:36+08:00 ] ::1 /0610/shop/index.php/Admin/index/left
INFO: [ app_begin ] --START--
INFO: Run Behavior\ReadHtmlCache [ RunTime:0.001000s ]
INFO: [ app_begin ] --END-- [ RunTime:0.001000s ]
NOTIC: [8192] mysql_connect(): The mysql extension is deprecated and will be removed in the future: use mysqli or PDO instead D:\SERVER\AppServ\www\0610\ThinkPHP\Library\Think\Db\Driver\Mysql.class.php 第 52 行.
SQL: SHOW COLUMNS FROM `sw_manager` [ RunTime:0.001000s ]
SQL: SELECT * FROM `sw_manager` LIMIT 1   [ RunTime:0.001000s ]
SQL: SHOW COLUMNS FROM `sw_role` [ RunTime:0.001000s ]
SQL: SELECT * FROM `sw_role` WHERE ( `role_id` = 0 ) LIMIT 1   [ RunTime:0.000000s ]
SQL: SHOW COLUMNS FROM `sw_auth` [ RunTime:0.001000s ]
SQL: SELECT * FROM `sw_auth` WHERE ( auth_level=0 and auth_id in() )  [ RunTime:0.000000s ]
ERR: 1064:You have an error in your SQL syntax; check the manual that corresponds to your MySQL server version for the right syntax to use near ') )' at line 1
 [ SQL语句 ] : SELECT * FROM `sw_auth` WHERE ( auth_level=0 and auth_id in() ) 
SQL: SELECT * FROM `sw_auth` WHERE ( auth_level=1 and auth_id in() )  [ RunTime:0.001000s ]
ERR: 1064:You have an error in your SQL syntax; check the manual that corresponds to your MySQL server version for the right syntax to use near ') )' at line 1
 [ SQL语句 ] : SELECT * FROM `sw_auth` WHERE ( auth_level=1 and auth_id in() ) 
INFO: [ view_parse ] --START--
NOTIC: [8] Undefined index: arr D:\SERVER\AppServ\www\0610\shop\Runtime\Cache\920718c8608b372f806d07c2318b9a63fb16e45c.file.left.html.php 第 65 行.
NOTIC: [8] Trying to get property of non-object D:\SERVER\AppServ\www\0610\shop\Runtime\Cache\920718c8608b372f806d07c2318b9a63fb16e45c.file.left.html.php 第 65 行.
NOTIC: [8] Undefined index: arr D:\SERVER\AppServ\www\0610\shop\Runtime\Cache\920718c8608b372f806d07c2318b9a63fb16e45c.file.left.html.php 第 67 行.
NOTIC: [8] Trying to get property of non-object D:\SERVER\AppServ\www\0610\shop\Runtime\Cache\920718c8608b372f806d07c2318b9a63fb16e45c.file.left.html.php 第 67 行.
NOTIC: [8] Undefined index: arr D:\SERVER\AppServ\www\0610\shop\Runtime\Cache\920718c8608b372f806d07c2318b9a63fb16e45c.file.left.html.php 第 71 行.
NOTIC: [8] Trying to get property of non-object D:\SERVER\AppServ\www\0610\shop\Runtime\Cache\920718c8608b372f806d07c2318b9a63fb16e45c.file.left.html.php 第 71 行.
NOTIC: [8] Undefined index: arr1 D:\SERVER\AppServ\www\0610\shop\Runtime\Cache\920718c8608b372f806d07c2318b9a63fb16e45c.file.left.html.php 第 80 行.
NOTIC: [8] Trying to get property of non-object D:\SERVER\AppServ\www\0610\shop\Runtime\Cache\920718c8608b372f806d07c2318b9a63fb16e45c.file.left.html.php 第 80 行.
NOTIC: [8] Undefined index: arr1 D:\SERVER\AppServ\www\0610\shop\Runtime\Cache\920718c8608b372f806d07c2318b9a63fb16e45c.file.left.html.php 第 81 行.
NOTIC: [8] Trying to get property of non-object D:\SERVER\AppServ\www\0610\shop\Runtime\Cache\920718c8608b372f806d07c2318b9a63fb16e45c.file.left.html.php 第 81 行.
NOTIC: [8] Undefined index: arr1 D:\SERVER\AppServ\www\0610\shop\Runtime\Cache\920718c8608b372f806d07c2318b9a63fb16e45c.file.left.html.php 第 82 行.
NOTIC: [8] Trying to get property of non-object D:\SERVER\AppServ\www\0610\shop\Runtime\Cache\920718c8608b372f806d07c2318b9a63fb16e45c.file.left.html.php 第 82 行.
INFO: Run Behavior\ParseTemplate [ RunTime:0.167009s ]
INFO: [ view_parse ] --END-- [ RunTime:0.167009s ]
INFO: [ view_filter ] --START--
INFO: Run Behavior\WriteHtmlCache [ RunTime:0.001000s ]
INFO: [ view_filter ] --END-- [ RunTime:0.001000s ]
INFO: [ app_end ] --START--
INFO: Run Behavior\ShowPageTrace [ RunTime:0.001000s ]
INFO: [ app_end ] --END-- [ RunTime:0.001000s ]

[ 2017-01-02T00:01:42+08:00 ] ::1 /0610/shop/index.php/Admin/index/index
INFO: [ app_begin ] --START--
INFO: Run Behavior\ReadHtmlCache [ RunTime:0.001000s ]
INFO: [ app_begin ] --END-- [ RunTime:0.002000s ]
INFO: [ view_parse ] --START--
INFO: Run Behavior\ParseTemplate [ RunTime:0.015001s ]
INFO: [ view_parse ] --END-- [ RunTime:0.015001s ]
INFO: [ view_filter ] --START--
INFO: Run Behavior\WriteHtmlCache [ RunTime:0.001000s ]
INFO: [ view_filter ] --END-- [ RunTime:0.001000s ]
INFO: [ app_end ] --START--
INFO: Run Behavior\ShowPageTrace [ RunTime:0.001000s ]
INFO: [ app_end ] --END-- [ RunTime:0.001000s ]

[ 2017-01-02T00:01:42+08:00 ] ::1 /0610/shop/index.php/Admin/Index/head
INFO: [ app_begin ] --START--
INFO: Run Behavior\ReadHtmlCache [ RunTime:0.001001s ]
INFO: [ app_begin ] --END-- [ RunTime:0.001001s ]
INFO: [ view_parse ] --START--
NOTIC: [8] Undefined index: Think D:\SERVER\AppServ\www\0610\shop\Runtime\Cache\71be5df2cddb1caee729179a47e4cab0579a9010.file.head.html.php 第 42 行.
NOTIC: [8] Trying to get property of non-object D:\SERVER\AppServ\www\0610\shop\Runtime\Cache\71be5df2cddb1caee729179a47e4cab0579a9010.file.head.html.php 第 42 行.
INFO: Run Behavior\ParseTemplate [ RunTime:0.013000s ]
INFO: [ view_parse ] --END-- [ RunTime:0.013000s ]
INFO: [ view_filter ] --START--
INFO: Run Behavior\WriteHtmlCache [ RunTime:0.001000s ]
INFO: [ view_filter ] --END-- [ RunTime:0.001000s ]
INFO: [ app_end ] --START--
INFO: Run Behavior\ShowPageTrace [ RunTime:0.000000s ]
INFO: [ app_end ] --END-- [ RunTime:0.000000s ]

[ 2017-01-02T00:01:42+08:00 ] ::1 /0610/shop/index.php/Admin/Index/left
INFO: [ app_begin ] --START--
INFO: Run Behavior\ReadHtmlCache [ RunTime:0.001000s ]
INFO: [ app_begin ] --END-- [ RunTime:0.003000s ]
NOTIC: [8192] mysql_connect(): The mysql extension is deprecated and will be removed in the future: use mysqli or PDO instead D:\SERVER\AppServ\www\0610\ThinkPHP\Library\Think\Db\Driver\Mysql.class.php 第 52 行.
SQL: SHOW COLUMNS FROM `sw_manager` [ RunTime:0.080004s ]
SQL: SELECT * FROM `sw_manager` LIMIT 1   [ RunTime:0.000000s ]
SQL: SHOW COLUMNS FROM `sw_role` [ RunTime:0.003001s ]
SQL: SELECT * FROM `sw_role` WHERE ( `role_id` = 0 ) LIMIT 1   [ RunTime:0.000000s ]
SQL: SHOW COLUMNS FROM `sw_auth` [ RunTime:0.066003s ]
SQL: SELECT * FROM `sw_auth` WHERE ( auth_level=0 and auth_id in() )  [ RunTime:0.001000s ]
ERR: 1064:You have an error in your SQL syntax; check the manual that corresponds to your MySQL server version for the right syntax to use near ') )' at line 1
 [ SQL语句 ] : SELECT * FROM `sw_auth` WHERE ( auth_level=0 and auth_id in() ) 
SQL: SELECT * FROM `sw_auth` WHERE ( auth_level=1 and auth_id in() )  [ RunTime:0.000000s ]
ERR: 1064:You have an error in your SQL syntax; check the manual that corresponds to your MySQL server version for the right syntax to use near ') )' at line 1
 [ SQL语句 ] : SELECT * FROM `sw_auth` WHERE ( auth_level=1 and auth_id in() ) 
INFO: [ view_parse ] --START--
NOTIC: [8] Undefined index: arr D:\SERVER\AppServ\www\0610\shop\Runtime\Cache\920718c8608b372f806d07c2318b9a63fb16e45c.file.left.html.php 第 65 行.
NOTIC: [8] Trying to get property of non-object D:\SERVER\AppServ\www\0610\shop\Runtime\Cache\920718c8608b372f806d07c2318b9a63fb16e45c.file.left.html.php 第 65 行.
NOTIC: [8] Undefined index: arr D:\SERVER\AppServ\www\0610\shop\Runtime\Cache\920718c8608b372f806d07c2318b9a63fb16e45c.file.left.html.php 第 67 行.
NOTIC: [8] Trying to get property of non-object D:\SERVER\AppServ\www\0610\shop\Runtime\Cache\920718c8608b372f806d07c2318b9a63fb16e45c.file.left.html.php 第 67 行.
NOTIC: [8] Undefined index: arr D:\SERVER\AppServ\www\0610\shop\Runtime\Cache\920718c8608b372f806d07c2318b9a63fb16e45c.file.left.html.php 第 71 行.
NOTIC: [8] Trying to get property of non-object D:\SERVER\AppServ\www\0610\shop\Runtime\Cache\920718c8608b372f806d07c2318b9a63fb16e45c.file.left.html.php 第 71 行.
NOTIC: [8] Undefined index: arr1 D:\SERVER\AppServ\www\0610\shop\Runtime\Cache\920718c8608b372f806d07c2318b9a63fb16e45c.file.left.html.php 第 80 行.
NOTIC: [8] Trying to get property of non-object D:\SERVER\AppServ\www\0610\shop\Runtime\Cache\920718c8608b372f806d07c2318b9a63fb16e45c.file.left.html.php 第 80 行.
NOTIC: [8] Undefined index: arr1 D:\SERVER\AppServ\www\0610\shop\Runtime\Cache\920718c8608b372f806d07c2318b9a63fb16e45c.file.left.html.php 第 81 行.
NOTIC: [8] Trying to get property of non-object D:\SERVER\AppServ\www\0610\shop\Runtime\Cache\920718c8608b372f806d07c2318b9a63fb16e45c.file.left.html.php 第 81 行.
NOTIC: [8] Undefined index: arr1 D:\SERVER\AppServ\www\0610\shop\Runtime\Cache\920718c8608b372f806d07c2318b9a63fb16e45c.file.left.html.php 第 82 行.
NOTIC: [8] Trying to get property of non-object D:\SERVER\AppServ\www\0610\shop\Runtime\Cache\920718c8608b372f806d07c2318b9a63fb16e45c.file.left.html.php 第 82 行.
INFO: Run Behavior\ParseTemplate [ RunTime:0.014000s ]
INFO: [ view_parse ] --END-- [ RunTime:0.015000s ]
INFO: [ view_filter ] --START--
INFO: Run Behavior\WriteHtmlCache [ RunTime:0.000000s ]
INFO: [ view_filter ] --END-- [ RunTime:0.000000s ]
INFO: [ app_end ] --START--
INFO: Run Behavior\ShowPageTrace [ RunTime:0.001000s ]
INFO: [ app_end ] --END-- [ RunTime:0.001000s ]

[ 2017-01-02T00:01:42+08:00 ] ::1 /0610/shop/index.php/Admin/Index/right
INFO: [ app_begin ] --START--
INFO: Run Behavior\ReadHtmlCache [ RunTime:0.001000s ]
INFO: [ app_begin ] --END-- [ RunTime:0.002000s ]
INFO: [ view_parse ] --START--
INFO: Run Behavior\ParseTemplate [ RunTime:0.025001s ]
INFO: [ view_parse ] --END-- [ RunTime:0.025001s ]
INFO: [ view_filter ] --START--
INFO: Run Behavior\WriteHtmlCache [ RunTime:0.001000s ]
INFO: [ view_filter ] --END-- [ RunTime:0.001000s ]
INFO: [ app_end ] --START--
INFO: Run Behavior\ShowPageTrace [ RunTime:0.001000s ]
INFO: [ app_end ] --END-- [ RunTime:0.001000s ]

[ 2017-01-02T00:09:12+08:00 ] ::1 /0610/shop/index.php/Admin/index/left
INFO: [ app_begin ] --START--
INFO: Run Behavior\ReadHtmlCache [ RunTime:0.001000s ]
INFO: [ app_begin ] --END-- [ RunTime:0.002000s ]
NOTIC: [8192] mysql_connect(): The mysql extension is deprecated and will be removed in the future: use mysqli or PDO instead D:\SERVER\AppServ\www\0610\ThinkPHP\Library\Think\Db\Driver\Mysql.class.php 第 52 行.
SQL: SHOW COLUMNS FROM `sw_manager` [ RunTime:0.001000s ]
SQL: SELECT * FROM `sw_manager` LIMIT 1   [ RunTime:0.001000s ]
SQL: SHOW COLUMNS FROM `sw_role` [ RunTime:0.007000s ]
SQL: SELECT * FROM `sw_role` WHERE ( `role_id` = 0 ) LIMIT 1   [ RunTime:0.001001s ]
SQL: SHOW COLUMNS FROM `sw_auth` [ RunTime:0.013000s ]
SQL: SELECT * FROM `sw_auth` WHERE ( auth_level=0 and auth_id in() )  [ RunTime:0.000000s ]
ERR: 1064:You have an error in your SQL syntax; check the manual that corresponds to your MySQL server version for the right syntax to use near ') )' at line 1
 [ SQL语句 ] : SELECT * FROM `sw_auth` WHERE ( auth_level=0 and auth_id in() ) 
SQL: SELECT * FROM `sw_auth` WHERE ( auth_level=1 and auth_id in() )  [ RunTime:0.000000s ]
ERR: 1064:You have an error in your SQL syntax; check the manual that corresponds to your MySQL server version for the right syntax to use near ') )' at line 1
 [ SQL语句 ] : SELECT * FROM `sw_auth` WHERE ( auth_level=1 and auth_id in() ) 
INFO: [ view_parse ] --START--
NOTIC: [8] Undefined index: auth_infob D:\SERVER\AppServ\www\0610\shop\Runtime\Cache\920718c8608b372f806d07c2318b9a63fb16e45c.file.left.html.php 第 84 行.
NOTIC: [8] Trying to get property of non-object D:\SERVER\AppServ\www\0610\shop\Runtime\Cache\920718c8608b372f806d07c2318b9a63fb16e45c.file.left.html.php 第 84 行.
INFO: Run Behavior\ParseTemplate [ RunTime:0.138008s ]
INFO: [ view_parse ] --END-- [ RunTime:0.138008s ]
INFO: [ view_filter ] --START--
INFO: Run Behavior\WriteHtmlCache [ RunTime:0.002000s ]
INFO: [ view_filter ] --END-- [ RunTime:0.002000s ]
INFO: [ app_end ] --START--
INFO: Run Behavior\ShowPageTrace [ RunTime:0.001000s ]
INFO: [ app_end ] --END-- [ RunTime:0.001000s ]

[ 2017-01-02T00:09:15+08:00 ] ::1 /0610/shop/index.php/Admin/index/left
INFO: [ app_begin ] --START--
INFO: Run Behavior\ReadHtmlCache [ RunTime:0.001000s ]
INFO: [ app_begin ] --END-- [ RunTime:0.002000s ]
NOTIC: [8192] mysql_connect(): The mysql extension is deprecated and will be removed in the future: use mysqli or PDO instead D:\SERVER\AppServ\www\0610\ThinkPHP\Library\Think\Db\Driver\Mysql.class.php 第 52 行.
SQL: SHOW COLUMNS FROM `sw_manager` [ RunTime:0.002000s ]
SQL: SELECT * FROM `sw_manager` LIMIT 1   [ RunTime:0.001000s ]
SQL: SHOW COLUMNS FROM `sw_role` [ RunTime:0.001000s ]
SQL: SELECT * FROM `sw_role` WHERE ( `role_id` = 0 ) LIMIT 1   [ RunTime:0.000000s ]
SQL: SHOW COLUMNS FROM `sw_auth` [ RunTime:0.000000s ]
SQL: SELECT * FROM `sw_auth` WHERE ( auth_level=0 and auth_id in() )  [ RunTime:0.000000s ]
ERR: 1064:You have an error in your SQL syntax; check the manual that corresponds to your MySQL server version for the right syntax to use near ') )' at line 1
 [ SQL语句 ] : SELECT * FROM `sw_auth` WHERE ( auth_level=0 and auth_id in() ) 
SQL: SELECT * FROM `sw_auth` WHERE ( auth_level=1 and auth_id in() )  [ RunTime:0.000000s ]
ERR: 1064:You have an error in your SQL syntax; check the manual that corresponds to your MySQL server version for the right syntax to use near ') )' at line 1
 [ SQL语句 ] : SELECT * FROM `sw_auth` WHERE ( auth_level=1 and auth_id in() ) 
INFO: [ view_parse ] --START--
NOTIC: [8] Undefined index: auth_infob D:\SERVER\AppServ\www\0610\shop\Runtime\Cache\920718c8608b372f806d07c2318b9a63fb16e45c.file.left.html.php 第 84 行.
NOTIC: [8] Trying to get property of non-object D:\SERVER\AppServ\www\0610\shop\Runtime\Cache\920718c8608b372f806d07c2318b9a63fb16e45c.file.left.html.php 第 84 行.
INFO: Run Behavior\ParseTemplate [ RunTime:0.015001s ]
INFO: [ view_parse ] --END-- [ RunTime:0.015001s ]
INFO: [ view_filter ] --START--
INFO: Run Behavior\WriteHtmlCache [ RunTime:0.000000s ]
INFO: [ view_filter ] --END-- [ RunTime:0.001000s ]
INFO: [ app_end ] --START--
INFO: Run Behavior\ShowPageTrace [ RunTime:0.001000s ]
INFO: [ app_end ] --END-- [ RunTime:0.001000s ]

[ 2017-01-02T00:09:18+08:00 ] ::1 /0610/shop/index.php/Admin/index/index
INFO: [ app_begin ] --START--
INFO: Run Behavior\ReadHtmlCache [ RunTime:0.001000s ]
INFO: [ app_begin ] --END-- [ RunTime:0.002000s ]
INFO: [ view_parse ] --START--
INFO: Run Behavior\ParseTemplate [ RunTime:0.019001s ]
INFO: [ view_parse ] --END-- [ RunTime:0.019001s ]
INFO: [ view_filter ] --START--
INFO: Run Behavior\WriteHtmlCache [ RunTime:0.000000s ]
INFO: [ view_filter ] --END-- [ RunTime:0.001000s ]
INFO: [ app_end ] --START--
INFO: Run Behavior\ShowPageTrace [ RunTime:0.001001s ]
INFO: [ app_end ] --END-- [ RunTime:0.001001s ]

[ 2017-01-02T00:09:18+08:00 ] ::1 /0610/shop/index.php/Admin/Index/head
INFO: [ app_begin ] --START--
INFO: Run Behavior\ReadHtmlCache [ RunTime:0.000000s ]
INFO: [ app_begin ] --END-- [ RunTime:0.001000s ]
INFO: [ view_parse ] --START--
NOTIC: [8] Undefined index: Think D:\SERVER\AppServ\www\0610\shop\Runtime\Cache\71be5df2cddb1caee729179a47e4cab0579a9010.file.head.html.php 第 42 行.
NOTIC: [8] Trying to get property of non-object D:\SERVER\AppServ\www\0610\shop\Runtime\Cache\71be5df2cddb1caee729179a47e4cab0579a9010.file.head.html.php 第 42 行.
INFO: Run Behavior\ParseTemplate [ RunTime:0.013001s ]
INFO: [ view_parse ] --END-- [ RunTime:0.013001s ]
INFO: [ view_filter ] --START--
INFO: Run Behavior\WriteHtmlCache [ RunTime:0.000000s ]
INFO: [ view_filter ] --END-- [ RunTime:0.000000s ]
INFO: [ app_end ] --START--
INFO: Run Behavior\ShowPageTrace [ RunTime:0.001000s ]
INFO: [ app_end ] --END-- [ RunTime:0.001000s ]

[ 2017-01-02T00:09:19+08:00 ] ::1 /0610/shop/index.php/Admin/Index/left
INFO: [ app_begin ] --START--
INFO: Run Behavior\ReadHtmlCache [ RunTime:0.001000s ]
INFO: [ app_begin ] --END-- [ RunTime:0.002000s ]
NOTIC: [8192] mysql_connect(): The mysql extension is deprecated and will be removed in the future: use mysqli or PDO instead D:\SERVER\AppServ\www\0610\ThinkPHP\Library\Think\Db\Driver\Mysql.class.php 第 52 行.
SQL: SHOW COLUMNS FROM `sw_manager` [ RunTime:0.001001s ]
SQL: SELECT * FROM `sw_manager` LIMIT 1   [ RunTime:0.000000s ]
SQL: SHOW COLUMNS FROM `sw_role` [ RunTime:0.002000s ]
SQL: SELECT * FROM `sw_role` WHERE ( `role_id` = 0 ) LIMIT 1   [ RunTime:0.030001s ]
SQL: SHOW COLUMNS FROM `sw_auth` [ RunTime:0.001001s ]
SQL: SELECT * FROM `sw_auth` WHERE ( auth_level=0 and auth_id in() )  [ RunTime:0.000000s ]
ERR: 1064:You have an error in your SQL syntax; check the manual that corresponds to your MySQL server version for the right syntax to use near ') )' at line 1
 [ SQL语句 ] : SELECT * FROM `sw_auth` WHERE ( auth_level=0 and auth_id in() ) 
SQL: SELECT * FROM `sw_auth` WHERE ( auth_level=1 and auth_id in() )  [ RunTime:0.000000s ]
ERR: 1064:You have an error in your SQL syntax; check the manual that corresponds to your MySQL server version for the right syntax to use near ') )' at line 1
 [ SQL语句 ] : SELECT * FROM `sw_auth` WHERE ( auth_level=1 and auth_id in() ) 
INFO: [ view_parse ] --START--
NOTIC: [8] Undefined index: auth_infob D:\SERVER\AppServ\www\0610\shop\Runtime\Cache\920718c8608b372f806d07c2318b9a63fb16e45c.file.left.html.php 第 84 行.
NOTIC: [8] Trying to get property of non-object D:\SERVER\AppServ\www\0610\shop\Runtime\Cache\920718c8608b372f806d07c2318b9a63fb16e45c.file.left.html.php 第 84 行.
INFO: Run Behavior\ParseTemplate [ RunTime:0.013000s ]
INFO: [ view_parse ] --END-- [ RunTime:0.013000s ]
INFO: [ view_filter ] --START--
INFO: Run Behavior\WriteHtmlCache [ RunTime:0.001000s ]
INFO: [ view_filter ] --END-- [ RunTime:0.001000s ]
INFO: [ app_end ] --START--
INFO: Run Behavior\ShowPageTrace [ RunTime:0.000000s ]
INFO: [ app_end ] --END-- [ RunTime:0.001000s ]

[ 2017-01-02T00:09:19+08:00 ] ::1 /0610/shop/index.php/Admin/Index/right
INFO: [ app_begin ] --START--
INFO: Run Behavior\ReadHtmlCache [ RunTime:0.001000s ]
INFO: [ app_begin ] --END-- [ RunTime:0.002000s ]
INFO: [ view_parse ] --START--
INFO: Run Behavior\ParseTemplate [ RunTime:0.017001s ]
INFO: [ view_parse ] --END-- [ RunTime:0.017001s ]
INFO: [ view_filter ] --START--
INFO: Run Behavior\WriteHtmlCache [ RunTime:0.001000s ]
INFO: [ view_filter ] --END-- [ RunTime:0.001000s ]
INFO: [ app_end ] --START--
INFO: Run Behavior\ShowPageTrace [ RunTime:0.001000s ]
INFO: [ app_end ] --END-- [ RunTime:0.001000s ]

[ 2017-01-02T09:30:02+08:00 ] ::1 /0610/shop/index.php/Admin/Goods/showlist
INFO: [ app_begin ] --START--
INFO: Run Behavior\ReadHtmlCache [ RunTime:0.001000s ]
INFO: [ app_begin ] --END-- [ RunTime:0.002000s ]
NOTIC: [8192] mysql_connect(): The mysql extension is deprecated and will be removed in the future: use mysqli or PDO instead D:\SERVER\AppServ\www\0610\ThinkPHP\Library\Think\Db\Driver\Mysql.class.php 第 52 行.
SQL: SHOW COLUMNS FROM `sw_goods` [ RunTime:0.241014s ]
SQL: SELECT * FROM `sw_goods`  [ RunTime:0.057003s ]
INFO: [ view_parse ] --START--
NOTIC: [8] Undefined index: pagelist D:\SERVER\AppServ\www\0610\shop\Runtime\Cache\3f46dc1d74985643bd933e23fa5e6a8781260b5c.file.showlist.html.php 第 113 行.
NOTIC: [8] Trying to get property of non-object D:\SERVER\AppServ\www\0610\shop\Runtime\Cache\3f46dc1d74985643bd933e23fa5e6a8781260b5c.file.showlist.html.php 第 113 行.
INFO: Run Behavior\ParseTemplate [ RunTime:0.048003s ]
INFO: [ view_parse ] --END-- [ RunTime:0.048003s ]
INFO: [ view_filter ] --START--
INFO: Run Behavior\WriteHtmlCache [ RunTime:0.001000s ]
INFO: [ view_filter ] --END-- [ RunTime:0.001000s ]
INFO: [ app_end ] --START--
INFO: Run Behavior\ShowPageTrace [ RunTime:0.001000s ]
INFO: [ app_end ] --END-- [ RunTime:0.001000s ]

[ 2017-01-02T09:30:11+08:00 ] ::1 /0610/shop/index.php/Admin/index/index
INFO: [ app_begin ] --START--
INFO: Run Behavior\ReadHtmlCache [ RunTime:0.001000s ]
INFO: [ app_begin ] --END-- [ RunTime:0.001000s ]
INFO: [ view_parse ] --START--
INFO: Run Behavior\ParseTemplate [ RunTime:0.029001s ]
INFO: [ view_parse ] --END-- [ RunTime:0.029001s ]
INFO: [ view_filter ] --START--
INFO: Run Behavior\WriteHtmlCache [ RunTime:0.001000s ]
INFO: [ view_filter ] --END-- [ RunTime:0.001000s ]
INFO: [ app_end ] --START--
INFO: Run Behavior\ShowPageTrace [ RunTime:0.001000s ]
INFO: [ app_end ] --END-- [ RunTime:0.001000s ]

[ 2017-01-02T09:30:11+08:00 ] ::1 /0610/shop/index.php/Admin/Index/head
INFO: [ app_begin ] --START--
INFO: Run Behavior\ReadHtmlCache [ RunTime:0.001000s ]
INFO: [ app_begin ] --END-- [ RunTime:0.001000s ]
INFO: [ view_parse ] --START--
NOTIC: [8] Undefined index: Think D:\SERVER\AppServ\www\0610\shop\Runtime\Cache\71be5df2cddb1caee729179a47e4cab0579a9010.file.head.html.php 第 42 行.
NOTIC: [8] Trying to get property of non-object D:\SERVER\AppServ\www\0610\shop\Runtime\Cache\71be5df2cddb1caee729179a47e4cab0579a9010.file.head.html.php 第 42 行.
INFO: Run Behavior\ParseTemplate [ RunTime:0.073004s ]
INFO: [ view_parse ] --END-- [ RunTime:0.073004s ]
INFO: [ view_filter ] --START--
INFO: Run Behavior\WriteHtmlCache [ RunTime:0.000000s ]
INFO: [ view_filter ] --END-- [ RunTime:0.000000s ]
INFO: [ app_end ] --START--
INFO: Run Behavior\ShowPageTrace [ RunTime:0.001000s ]
INFO: [ app_end ] --END-- [ RunTime:0.001000s ]

[ 2017-01-02T09:30:15+08:00 ] ::1 /0610/shop/index.php/Admin/Index/left
INFO: [ app_begin ] --START--
INFO: Run Behavior\ReadHtmlCache [ RunTime:0.001000s ]
INFO: [ app_begin ] --END-- [ RunTime:0.002000s ]
NOTIC: [8192] mysql_connect(): The mysql extension is deprecated and will be removed in the future: use mysqli or PDO instead D:\SERVER\AppServ\www\0610\ThinkPHP\Library\Think\Db\Driver\Mysql.class.php 第 52 行.
SQL: SHOW COLUMNS FROM `sw_manager` [ RunTime:0.604035s ]
SQL: SELECT * FROM `sw_manager` LIMIT 1   [ RunTime:0.001000s ]
SQL: SHOW COLUMNS FROM `sw_role` [ RunTime:0.152009s ]
SQL: SELECT * FROM `sw_role` WHERE ( `role_id` = 0 ) LIMIT 1   [ RunTime:0.294016s ]
SQL: SHOW COLUMNS FROM `sw_auth` [ RunTime:0.256015s ]
SQL: SELECT * FROM `sw_auth` WHERE ( auth_level=0 and auth_id in() )  [ RunTime:0.069004s ]
ERR: 1064:You have an error in your SQL syntax; check the manual that corresponds to your MySQL server version for the right syntax to use near ') )' at line 1
 [ SQL语句 ] : SELECT * FROM `sw_auth` WHERE ( auth_level=0 and auth_id in() ) 
SQL: SELECT * FROM `sw_auth` WHERE ( auth_level=1 and auth_id in() )  [ RunTime:0.001000s ]
ERR: 1064:You have an error in your SQL syntax; check the manual that corresponds to your MySQL server version for the right syntax to use near ') )' at line 1
 [ SQL语句 ] : SELECT * FROM `sw_auth` WHERE ( auth_level=1 and auth_id in() ) 
INFO: [ view_parse ] --START--
INFO: Run Behavior\ParseTemplate [ RunTime:0.144008s ]
INFO: [ view_parse ] --END-- [ RunTime:0.144008s ]
INFO: [ view_filter ] --START--
INFO: Run Behavior\WriteHtmlCache [ RunTime:0.004001s ]
INFO: [ view_filter ] --END-- [ RunTime:0.004001s ]
INFO: [ app_end ] --START--
INFO: Run Behavior\ShowPageTrace [ RunTime:0.001000s ]
INFO: [ app_end ] --END-- [ RunTime:0.001000s ]

[ 2017-01-02T09:30:15+08:00 ] ::1 /0610/shop/index.php/Admin/Index/right
INFO: [ app_begin ] --START--
INFO: Run Behavior\ReadHtmlCache [ RunTime:0.001000s ]
INFO: [ app_begin ] --END-- [ RunTime:0.002000s ]
INFO: [ view_parse ] --START--
INFO: Run Behavior\ParseTemplate [ RunTime:0.092005s ]
INFO: [ view_parse ] --END-- [ RunTime:0.093005s ]
INFO: [ view_filter ] --START--
INFO: Run Behavior\WriteHtmlCache [ RunTime:0.000000s ]
INFO: [ view_filter ] --END-- [ RunTime:0.000000s ]
INFO: [ app_end ] --START--
INFO: Run Behavior\ShowPageTrace [ RunTime:0.002000s ]
INFO: [ app_end ] --END-- [ RunTime:0.002000s ]

[ 2017-01-02T09:30:25+08:00 ] ::1 /0610/shop/index.php/Admin/index/left
INFO: [ app_begin ] --START--
INFO: Run Behavior\ReadHtmlCache [ RunTime:0.001000s ]
INFO: [ app_begin ] --END-- [ RunTime:0.002000s ]
NOTIC: [8192] mysql_connect(): The mysql extension is deprecated and will be removed in the future: use mysqli or PDO instead D:\SERVER\AppServ\www\0610\ThinkPHP\Library\Think\Db\Driver\Mysql.class.php 第 52 行.
SQL: SHOW COLUMNS FROM `sw_manager` [ RunTime:0.002000s ]
SQL: SELECT * FROM `sw_manager` LIMIT 1   [ RunTime:0.000000s ]
SQL: SHOW COLUMNS FROM `sw_role` [ RunTime:0.002000s ]
SQL: SELECT * FROM `sw_role` WHERE ( `role_id` = 0 ) LIMIT 1   [ RunTime:0.000000s ]
SQL: SHOW COLUMNS FROM `sw_auth` [ RunTime:0.002001s ]
SQL: SELECT * FROM `sw_auth` WHERE ( auth_level=0 and auth_id in() )  [ RunTime:0.000000s ]
ERR: 1064:You have an error in your SQL syntax; check the manual that corresponds to your MySQL server version for the right syntax to use near ') )' at line 1
 [ SQL语句 ] : SELECT * FROM `sw_auth` WHERE ( auth_level=0 and auth_id in() ) 
SQL: SELECT * FROM `sw_auth` WHERE ( auth_level=1 and auth_id in() )  [ RunTime:0.000000s ]
ERR: 1064:You have an error in your SQL syntax; check the manual that corresponds to your MySQL server version for the right syntax to use near ') )' at line 1
 [ SQL语句 ] : SELECT * FROM `sw_auth` WHERE ( auth_level=1 and auth_id in() ) 
INFO: [ view_parse ] --START--
INFO: Run Behavior\ParseTemplate [ RunTime:0.013000s ]
INFO: [ view_parse ] --END-- [ RunTime:0.013000s ]
INFO: [ view_filter ] --START--
INFO: Run Behavior\WriteHtmlCache [ RunTime:0.000000s ]
INFO: [ view_filter ] --END-- [ RunTime:0.000000s ]
INFO: [ app_end ] --START--
INFO: Run Behavior\ShowPageTrace [ RunTime:0.001000s ]
INFO: [ app_end ] --END-- [ RunTime:0.001000s ]

[ 2017-01-02T09:33:23+08:00 ] ::1 /0610/shop/index.php/Admin/index/left
INFO: [ app_begin ] --START--
INFO: Run Behavior\ReadHtmlCache [ RunTime:0.001000s ]
INFO: [ app_begin ] --END-- [ RunTime:0.002000s ]
NOTIC: [8192] mysql_connect(): The mysql extension is deprecated and will be removed in the future: use mysqli or PDO instead D:\SERVER\AppServ\www\0610\ThinkPHP\Library\Think\Db\Driver\Mysql.class.php 第 52 行.
SQL: SHOW COLUMNS FROM `sw_manager` [ RunTime:0.003000s ]
SQL: SELECT * FROM `sw_manager` LIMIT 1   [ RunTime:0.001000s ]
SQL: SHOW COLUMNS FROM `sw_role` [ RunTime:0.003000s ]
SQL: SELECT * FROM `sw_role` WHERE ( `role_id` = 0 ) LIMIT 1   [ RunTime:0.001000s ]
SQL: SHOW COLUMNS FROM `sw_auth` [ RunTime:0.003000s ]
SQL: SELECT * FROM `sw_auth` WHERE ( auth_level=0 and auth_id in() )  [ RunTime:0.000000s ]
ERR: 1064:You have an error in your SQL syntax; check the manual that corresponds to your MySQL server version for the right syntax to use near ') )' at line 1
 [ SQL语句 ] : SELECT * FROM `sw_auth` WHERE ( auth_level=0 and auth_id in() ) 
SQL: SELECT * FROM `sw_auth` WHERE ( auth_level=1 and auth_id in() )  [ RunTime:0.000000s ]
ERR: 1064:You have an error in your SQL syntax; check the manual that corresponds to your MySQL server version for the right syntax to use near ') )' at line 1
 [ SQL语句 ] : SELECT * FROM `sw_auth` WHERE ( auth_level=1 and auth_id in() ) 
INFO: [ view_parse ] --START--
INFO: Run Behavior\ParseTemplate [ RunTime:0.066004s ]
INFO: [ view_parse ] --END-- [ RunTime:0.066004s ]
INFO: [ view_filter ] --START--
INFO: Run Behavior\WriteHtmlCache [ RunTime:0.001000s ]
INFO: [ view_filter ] --END-- [ RunTime:0.001000s ]
INFO: [ app_end ] --START--
INFO: Run Behavior\ShowPageTrace [ RunTime:0.001000s ]
INFO: [ app_end ] --END-- [ RunTime:0.001000s ]

[ 2017-01-02T09:33:57+08:00 ] ::1 /0610/shop/index.php/Admin/index/left
INFO: [ app_begin ] --START--
INFO: Run Behavior\ReadHtmlCache [ RunTime:0.001000s ]
INFO: [ app_begin ] --END-- [ RunTime:0.002000s ]
NOTIC: [8192] mysql_connect(): The mysql extension is deprecated and will be removed in the future: use mysqli or PDO instead D:\SERVER\AppServ\www\0610\ThinkPHP\Library\Think\Db\Driver\Mysql.class.php 第 52 行.
SQL: SHOW COLUMNS FROM `sw_manager` [ RunTime:0.003000s ]
SQL: SELECT * FROM `sw_manager` LIMIT 1   [ RunTime:0.000000s ]
SQL: SHOW COLUMNS FROM `sw_role` [ RunTime:0.002000s ]
SQL: SELECT * FROM `sw_role` WHERE ( `role_id` = 0 ) LIMIT 1   [ RunTime:0.000000s ]
SQL: SHOW COLUMNS FROM `sw_auth` [ RunTime:0.002001s ]
SQL: SELECT * FROM `sw_auth` WHERE ( auth_level=0 and auth_id in() )  [ RunTime:0.000000s ]
ERR: 1064:You have an error in your SQL syntax; check the manual that corresponds to your MySQL server version for the right syntax to use near ') )' at line 1
 [ SQL语句 ] : SELECT * FROM `sw_auth` WHERE ( auth_level=0 and auth_id in() ) 
SQL: SELECT * FROM `sw_auth` WHERE ( auth_level=1 and auth_id in() )  [ RunTime:0.000000s ]
ERR: 1064:You have an error in your SQL syntax; check the manual that corresponds to your MySQL server version for the right syntax to use near ') )' at line 1
 [ SQL语句 ] : SELECT * FROM `sw_auth` WHERE ( auth_level=1 and auth_id in() ) 
INFO: [ view_parse ] --START--
INFO: Run Behavior\ParseTemplate [ RunTime:0.014000s ]
INFO: [ view_parse ] --END-- [ RunTime:0.014000s ]
INFO: [ view_filter ] --START--
INFO: Run Behavior\WriteHtmlCache [ RunTime:0.000000s ]
INFO: [ view_filter ] --END-- [ RunTime:0.000000s ]
INFO: [ app_end ] --START--
INFO: Run Behavior\ShowPageTrace [ RunTime:0.001001s ]
INFO: [ app_end ] --END-- [ RunTime:0.001001s ]

[ 2017-01-02T09:45:15+08:00 ] ::1 /0610/shop/index.php/Admin/index/left
INFO: [ app_begin ] --START--
INFO: Run Behavior\ReadHtmlCache [ RunTime:0.001000s ]
INFO: [ app_begin ] --END-- [ RunTime:0.001000s ]
NOTIC: [8192] mysql_connect(): The mysql extension is deprecated and will be removed in the future: use mysqli or PDO instead D:\SERVER\AppServ\www\0610\ThinkPHP\Library\Think\Db\Driver\Mysql.class.php 第 52 行.
SQL: SHOW COLUMNS FROM `sw_manager` [ RunTime:0.009001s ]
SQL: SELECT * FROM `sw_manager` LIMIT 1   [ RunTime:0.001000s ]
SQL: SHOW COLUMNS FROM `sw_role` [ RunTime:0.003000s ]
SQL: SELECT * FROM `sw_role` WHERE ( `role_id` = 0 ) LIMIT 1   [ RunTime:0.001000s ]
SQL: SHOW COLUMNS FROM `sw_auth` [ RunTime:0.002000s ]
SQL: SELECT * FROM `sw_auth` WHERE ( auth_level=0 and auth_id in() )  [ RunTime:0.000000s ]
ERR: 1064:You have an error in your SQL syntax; check the manual that corresponds to your MySQL server version for the right syntax to use near ') )' at line 1
 [ SQL语句 ] : SELECT * FROM `sw_auth` WHERE ( auth_level=0 and auth_id in() ) 
SQL: SELECT * FROM `sw_auth` WHERE ( auth_level=1 and auth_id in() )  [ RunTime:0.001000s ]
ERR: 1064:You have an error in your SQL syntax; check the manual that corresponds to your MySQL server version for the right syntax to use near ') )' at line 1
 [ SQL语句 ] : SELECT * FROM `sw_auth` WHERE ( auth_level=1 and auth_id in() ) 
INFO: [ view_parse ] --START--
INFO: Run Behavior\ParseTemplate [ RunTime:0.071004s ]
INFO: [ view_parse ] --END-- [ RunTime:0.071004s ]
INFO: [ view_filter ] --START--
INFO: Run Behavior\WriteHtmlCache [ RunTime:0.001000s ]
INFO: [ view_filter ] --END-- [ RunTime:0.001000s ]
INFO: [ app_end ] --START--
INFO: Run Behavior\ShowPageTrace [ RunTime:0.001001s ]
INFO: [ app_end ] --END-- [ RunTime:0.001001s ]

[ 2017-01-02T09:45:15+08:00 ] ::1 /0610/shop/index.php/Admin/index/left
INFO: [ app_begin ] --START--
INFO: Run Behavior\ReadHtmlCache [ RunTime:0.001000s ]
INFO: [ app_begin ] --END-- [ RunTime:0.001000s ]
NOTIC: [8192] mysql_connect(): The mysql extension is deprecated and will be removed in the future: use mysqli or PDO instead D:\SERVER\AppServ\www\0610\ThinkPHP\Library\Think\Db\Driver\Mysql.class.php 第 52 行.
SQL: SHOW COLUMNS FROM `sw_manager` [ RunTime:0.003000s ]
SQL: SELECT * FROM `sw_manager` LIMIT 1   [ RunTime:0.001000s ]
SQL: SHOW COLUMNS FROM `sw_role` [ RunTime:0.005000s ]
SQL: SELECT * FROM `sw_role` WHERE ( `role_id` = 0 ) LIMIT 1   [ RunTime:0.001000s ]
SQL: SHOW COLUMNS FROM `sw_auth` [ RunTime:0.003001s ]
SQL: SELECT * FROM `sw_auth` WHERE ( auth_level=0 and auth_id in() )  [ RunTime:0.001000s ]
ERR: 1064:You have an error in your SQL syntax; check the manual that corresponds to your MySQL server version for the right syntax to use near ') )' at line 1
 [ SQL语句 ] : SELECT * FROM `sw_auth` WHERE ( auth_level=0 and auth_id in() ) 
SQL: SELECT * FROM `sw_auth` WHERE ( auth_level=1 and auth_id in() )  [ RunTime:0.000000s ]
ERR: 1064:You have an error in your SQL syntax; check the manual that corresponds to your MySQL server version for the right syntax to use near ') )' at line 1
 [ SQL语句 ] : SELECT * FROM `sw_auth` WHERE ( auth_level=1 and auth_id in() ) 
INFO: [ view_parse ] --START--
INFO: Run Behavior\ParseTemplate [ RunTime:0.014000s ]
INFO: [ view_parse ] --END-- [ RunTime:0.014000s ]
INFO: [ view_filter ] --START--
INFO: Run Behavior\WriteHtmlCache [ RunTime:0.000000s ]
INFO: [ view_filter ] --END-- [ RunTime:0.000000s ]
INFO: [ app_end ] --START--
INFO: Run Behavior\ShowPageTrace [ RunTime:0.001000s ]
INFO: [ app_end ] --END-- [ RunTime:0.001000s ]

[ 2017-01-02T09:45:15+08:00 ] ::1 /0610/shop/index.php/Admin/index/left
INFO: [ app_begin ] --START--
INFO: Run Behavior\ReadHtmlCache [ RunTime:0.001000s ]
INFO: [ app_begin ] --END-- [ RunTime:0.002000s ]
NOTIC: [8192] mysql_connect(): The mysql extension is deprecated and will be removed in the future: use mysqli or PDO instead D:\SERVER\AppServ\www\0610\ThinkPHP\Library\Think\Db\Driver\Mysql.class.php 第 52 行.
SQL: SHOW COLUMNS FROM `sw_manager` [ RunTime:0.000000s ]
SQL: SELECT * FROM `sw_manager` LIMIT 1   [ RunTime:0.000000s ]
SQL: SHOW COLUMNS FROM `sw_role` [ RunTime:0.000000s ]
SQL: SELECT * FROM `sw_role` WHERE ( `role_id` = 0 ) LIMIT 1   [ RunTime:0.000000s ]
SQL: SHOW COLUMNS FROM `sw_auth` [ RunTime:0.015600s ]
SQL: SELECT * FROM `sw_auth` WHERE ( auth_level=0 and auth_id in() )  [ RunTime:0.000000s ]
ERR: 1064:You have an error in your SQL syntax; check the manual that corresponds to your MySQL server version for the right syntax to use near ') )' at line 1
 [ SQL语句 ] : SELECT * FROM `sw_auth` WHERE ( auth_level=0 and auth_id in() ) 
SQL: SELECT * FROM `sw_auth` WHERE ( auth_level=1 and auth_id in() )  [ RunTime:0.000000s ]
ERR: 1064:You have an error in your SQL syntax; check the manual that corresponds to your MySQL server version for the right syntax to use near ') )' at line 1
 [ SQL语句 ] : SELECT * FROM `sw_auth` WHERE ( auth_level=1 and auth_id in() ) 
INFO: [ view_parse ] --START--
INFO: Run Behavior\ParseTemplate [ RunTime:0.015600s ]
INFO: [ view_parse ] --END-- [ RunTime:0.015600s ]
INFO: [ view_filter ] --START--
INFO: Run Behavior\WriteHtmlCache [ RunTime:0.000000s ]
INFO: [ view_filter ] --END-- [ RunTime:0.000000s ]
INFO: [ app_end ] --START--
INFO: Run Behavior\ShowPageTrace [ RunTime:0.000000s ]
INFO: [ app_end ] --END-- [ RunTime:0.000000s ]

[ 2017-01-02T09:45:34+08:00 ] ::1 /0610/shop/index.php/Admin/index/left
INFO: [ app_begin ] --START--
INFO: Run Behavior\ReadHtmlCache [ RunTime:0.001000s ]
INFO: [ app_begin ] --END-- [ RunTime:0.001000s ]
NOTIC: [8192] mysql_connect(): The mysql extension is deprecated and will be removed in the future: use mysqli or PDO instead D:\SERVER\AppServ\www\0610\ThinkPHP\Library\Think\Db\Driver\Mysql.class.php 第 52 行.
SQL: SHOW COLUMNS FROM `sw_manager` [ RunTime:0.003001s ]
SQL: SELECT * FROM `sw_manager` LIMIT 1   [ RunTime:0.001000s ]
SQL: SHOW COLUMNS FROM `sw_role` [ RunTime:0.002000s ]
SQL: SELECT * FROM `sw_role` WHERE ( `role_id` = 0 ) LIMIT 1   [ RunTime:0.000000s ]
SQL: SHOW COLUMNS FROM `sw_auth` [ RunTime:0.002000s ]
SQL: SELECT * FROM `sw_auth` WHERE ( auth_level=0 and auth_id in() )  [ RunTime:0.001000s ]
ERR: 1064:You have an error in your SQL syntax; check the manual that corresponds to your MySQL server version for the right syntax to use near ') )' at line 1
 [ SQL语句 ] : SELECT * FROM `sw_auth` WHERE ( auth_level=0 and auth_id in() ) 
SQL: SELECT * FROM `sw_auth` WHERE ( auth_level=1 and auth_id in() )  [ RunTime:0.000000s ]
ERR: 1064:You have an error in your SQL syntax; check the manual that corresponds to your MySQL server version for the right syntax to use near ') )' at line 1
 [ SQL语句 ] : SELECT * FROM `sw_auth` WHERE ( auth_level=1 and auth_id in() ) 
INFO: [ view_parse ] --START--
INFO: Run Behavior\ParseTemplate [ RunTime:0.013001s ]
INFO: [ view_parse ] --END-- [ RunTime:0.014001s ]
INFO: [ view_filter ] --START--
INFO: Run Behavior\WriteHtmlCache [ RunTime:0.000000s ]
INFO: [ view_filter ] --END-- [ RunTime:0.000000s ]
INFO: [ app_end ] --START--
INFO: Run Behavior\ShowPageTrace [ RunTime:0.001000s ]
INFO: [ app_end ] --END-- [ RunTime:0.001000s ]

[ 2017-01-02T09:45:34+08:00 ] ::1 /0610/shop/index.php/Admin/index/left
INFO: [ app_begin ] --START--
INFO: Run Behavior\ReadHtmlCache [ RunTime:0.001000s ]
INFO: [ app_begin ] --END-- [ RunTime:0.001000s ]
NOTIC: [8192] mysql_connect(): The mysql extension is deprecated and will be removed in the future: use mysqli or PDO instead D:\SERVER\AppServ\www\0610\ThinkPHP\Library\Think\Db\Driver\Mysql.class.php 第 52 行.
SQL: SHOW COLUMNS FROM `sw_manager` [ RunTime:0.003001s ]
SQL: SELECT * FROM `sw_manager` LIMIT 1   [ RunTime:0.016000s ]
SQL: SHOW COLUMNS FROM `sw_role` [ RunTime:0.002000s ]
SQL: SELECT * FROM `sw_role` WHERE ( `role_id` = 0 ) LIMIT 1   [ RunTime:0.015000s ]
SQL: SHOW COLUMNS FROM `sw_auth` [ RunTime:0.014000s ]
SQL: SELECT * FROM `sw_auth` WHERE ( auth_level=0 and auth_id in() )  [ RunTime:0.000000s ]
ERR: 1064:You have an error in your SQL syntax; check the manual that corresponds to your MySQL server version for the right syntax to use near ') )' at line 1
 [ SQL语句 ] : SELECT * FROM `sw_auth` WHERE ( auth_level=0 and auth_id in() ) 
SQL: SELECT * FROM `sw_auth` WHERE ( auth_level=1 and auth_id in() )  [ RunTime:0.000000s ]
ERR: 1064:You have an error in your SQL syntax; check the manual that corresponds to your MySQL server version for the right syntax to use near ') )' at line 1
 [ SQL语句 ] : SELECT * FROM `sw_auth` WHERE ( auth_level=1 and auth_id in() ) 
INFO: [ view_parse ] --START--
INFO: Run Behavior\ParseTemplate [ RunTime:0.012001s ]
INFO: [ view_parse ] --END-- [ RunTime:0.013001s ]
INFO: [ view_filter ] --START--
INFO: Run Behavior\WriteHtmlCache [ RunTime:0.000000s ]
INFO: [ view_filter ] --END-- [ RunTime:0.001000s ]
INFO: [ app_end ] --START--
INFO: Run Behavior\ShowPageTrace [ RunTime:0.001000s ]
INFO: [ app_end ] --END-- [ RunTime:0.001000s ]

[ 2017-01-02T09:45:43+08:00 ] ::1 /0610/shop/index.php/Admin/index/index
INFO: [ app_begin ] --START--
INFO: Run Behavior\ReadHtmlCache [ RunTime:0.000000s ]
INFO: [ app_begin ] --END-- [ RunTime:0.000000s ]
INFO: [ view_parse ] --START--
INFO: Run Behavior\ParseTemplate [ RunTime:0.024601s ]
INFO: [ view_parse ] --END-- [ RunTime:0.024601s ]
INFO: [ view_filter ] --START--
INFO: Run Behavior\WriteHtmlCache [ RunTime:0.000000s ]
INFO: [ view_filter ] --END-- [ RunTime:0.000000s ]
INFO: [ app_end ] --START--
INFO: Run Behavior\ShowPageTrace [ RunTime:0.001000s ]
INFO: [ app_end ] --END-- [ RunTime:0.001000s ]

[ 2017-01-02T09:45:43+08:00 ] ::1 /0610/shop/index.php/Admin/Index/head
INFO: [ app_begin ] --START--
INFO: Run Behavior\ReadHtmlCache [ RunTime:0.001000s ]
INFO: [ app_begin ] --END-- [ RunTime:0.001000s ]
INFO: [ view_parse ] --START--
NOTIC: [8] Undefined index: Think D:\SERVER\AppServ\www\0610\shop\Runtime\Cache\71be5df2cddb1caee729179a47e4cab0579a9010.file.head.html.php 第 42 行.
NOTIC: [8] Trying to get property of non-object D:\SERVER\AppServ\www\0610\shop\Runtime\Cache\71be5df2cddb1caee729179a47e4cab0579a9010.file.head.html.php 第 42 行.
INFO: Run Behavior\ParseTemplate [ RunTime:0.013001s ]
INFO: [ view_parse ] --END-- [ RunTime:0.013001s ]
INFO: [ view_filter ] --START--
INFO: Run Behavior\WriteHtmlCache [ RunTime:0.001000s ]
INFO: [ view_filter ] --END-- [ RunTime:0.001000s ]
INFO: [ app_end ] --START--
INFO: Run Behavior\ShowPageTrace [ RunTime:0.001000s ]
INFO: [ app_end ] --END-- [ RunTime:0.001000s ]

[ 2017-01-02T09:45:43+08:00 ] ::1 /0610/shop/index.php/Admin/Index/left
INFO: [ app_begin ] --START--
INFO: Run Behavior\ReadHtmlCache [ RunTime:0.001000s ]
INFO: [ app_begin ] --END-- [ RunTime:0.001000s ]
NOTIC: [8192] mysql_connect(): The mysql extension is deprecated and will be removed in the future: use mysqli or PDO instead D:\SERVER\AppServ\www\0610\ThinkPHP\Library\Think\Db\Driver\Mysql.class.php 第 52 行.
SQL: SHOW COLUMNS FROM `sw_manager` [ RunTime:0.002000s ]
SQL: SELECT * FROM `sw_manager` LIMIT 1   [ RunTime:0.000000s ]
SQL: SHOW COLUMNS FROM `sw_role` [ RunTime:0.003001s ]
SQL: SELECT * FROM `sw_role` WHERE ( `role_id` = 0 ) LIMIT 1   [ RunTime:0.031001s ]
SQL: SHOW COLUMNS FROM `sw_auth` [ RunTime:0.003000s ]
SQL: SELECT * FROM `sw_auth` WHERE ( auth_level=0 and auth_id in() )  [ RunTime:0.000000s ]
ERR: 1064:You have an error in your SQL syntax; check the manual that corresponds to your MySQL server version for the right syntax to use near ') )' at line 1
 [ SQL语句 ] : SELECT * FROM `sw_auth` WHERE ( auth_level=0 and auth_id in() ) 
SQL: SELECT * FROM `sw_auth` WHERE ( auth_level=1 and auth_id in() )  [ RunTime:0.000000s ]
ERR: 1064:You have an error in your SQL syntax; check the manual that corresponds to your MySQL server version for the right syntax to use near ') )' at line 1
 [ SQL语句 ] : SELECT * FROM `sw_auth` WHERE ( auth_level=1 and auth_id in() ) 
INFO: [ view_parse ] --START--
INFO: Run Behavior\ParseTemplate [ RunTime:0.012000s ]
INFO: [ view_parse ] --END-- [ RunTime:0.012000s ]
INFO: [ view_filter ] --START--
INFO: Run Behavior\WriteHtmlCache [ RunTime:0.001000s ]
INFO: [ view_filter ] --END-- [ RunTime:0.001000s ]
INFO: [ app_end ] --START--
INFO: Run Behavior\ShowPageTrace [ RunTime:0.001000s ]
INFO: [ app_end ] --END-- [ RunTime:0.001000s ]

[ 2017-01-02T09:45:43+08:00 ] ::1 /0610/shop/index.php/Admin/Index/right
INFO: [ app_begin ] --START--
INFO: Run Behavior\ReadHtmlCache [ RunTime:0.001000s ]
INFO: [ app_begin ] --END-- [ RunTime:0.004000s ]
INFO: [ view_parse ] --START--
INFO: Run Behavior\ParseTemplate [ RunTime:0.015000s ]
INFO: [ view_parse ] --END-- [ RunTime:0.015000s ]
INFO: [ view_filter ] --START--
INFO: Run Behavior\WriteHtmlCache [ RunTime:0.001000s ]
INFO: [ view_filter ] --END-- [ RunTime:0.001000s ]
INFO: [ app_end ] --START--
INFO: Run Behavior\ShowPageTrace [ RunTime:0.001001s ]
INFO: [ app_end ] --END-- [ RunTime:0.001001s ]

[ 2017-01-02T11:22:09+08:00 ] ::1 /0610/shop/index.php/Admin/index/index
INFO: [ app_begin ] --START--
INFO: Run Behavior\ReadHtmlCache [ RunTime:0.001000s ]
INFO: [ app_begin ] --END-- [ RunTime:0.002000s ]
INFO: [ view_parse ] --START--
INFO: Run Behavior\ParseTemplate [ RunTime:0.015001s ]
INFO: [ view_parse ] --END-- [ RunTime:0.015001s ]
INFO: [ view_filter ] --START--
INFO: Run Behavior\WriteHtmlCache [ RunTime:0.001000s ]
INFO: [ view_filter ] --END-- [ RunTime:0.001000s ]
INFO: [ app_end ] --START--
INFO: Run Behavior\ShowPageTrace [ RunTime:0.001000s ]
INFO: [ app_end ] --END-- [ RunTime:0.001000s ]

[ 2017-01-02T11:22:09+08:00 ] ::1 /0610/shop/index.php/Admin/Index/head
INFO: [ app_begin ] --START--
INFO: Run Behavior\ReadHtmlCache [ RunTime:0.000000s ]
INFO: [ app_begin ] --END-- [ RunTime:0.001000s ]
INFO: [ view_parse ] --START--
NOTIC: [8] Undefined index: Think D:\SERVER\AppServ\www\0610\shop\Runtime\Cache\71be5df2cddb1caee729179a47e4cab0579a9010.file.head.html.php 第 42 行.
NOTIC: [8] Trying to get property of non-object D:\SERVER\AppServ\www\0610\shop\Runtime\Cache\71be5df2cddb1caee729179a47e4cab0579a9010.file.head.html.php 第 42 行.
INFO: Run Behavior\ParseTemplate [ RunTime:0.013001s ]
INFO: [ view_parse ] --END-- [ RunTime:0.013001s ]
INFO: [ view_filter ] --START--
INFO: Run Behavior\WriteHtmlCache [ RunTime:0.000000s ]
INFO: [ view_filter ] --END-- [ RunTime:0.000000s ]
INFO: [ app_end ] --START--
INFO: Run Behavior\ShowPageTrace [ RunTime:0.001000s ]
INFO: [ app_end ] --END-- [ RunTime:0.001000s ]

[ 2017-01-02T11:22:10+08:00 ] ::1 /0610/shop/index.php/Admin/Index/left
INFO: [ app_begin ] --START--
INFO: Run Behavior\ReadHtmlCache [ RunTime:0.001000s ]
INFO: [ app_begin ] --END-- [ RunTime:0.001000s ]
NOTIC: [8192] mysql_connect(): The mysql extension is deprecated and will be removed in the future: use mysqli or PDO instead D:\SERVER\AppServ\www\0610\ThinkPHP\Library\Think\Db\Driver\Mysql.class.php 第 52 行.
SQL: SHOW COLUMNS FROM `sw_manager` [ RunTime:0.003000s ]
SQL: SELECT * FROM `sw_manager` LIMIT 1   [ RunTime:0.000000s ]
SQL: SHOW COLUMNS FROM `sw_role` [ RunTime:0.003000s ]
SQL: SELECT * FROM `sw_role` WHERE ( `role_id` = 0 ) LIMIT 1   [ RunTime:0.001000s ]
NOTIC: [8] Undefined variable: admin_name D:\SERVER\AppServ\www\0610\shop\Admin\Controller\IndexController.class.php 第 22 行.
SQL: SHOW COLUMNS FROM `sw_auth` [ RunTime:0.003000s ]
SQL: SELECT * FROM `sw_auth` WHERE ( auth_level=0 and auth_id in() )  [ RunTime:0.001000s ]
ERR: 1064:You have an error in your SQL syntax; check the manual that corresponds to your MySQL server version for the right syntax to use near ') )' at line 1
 [ SQL语句 ] : SELECT * FROM `sw_auth` WHERE ( auth_level=0 and auth_id in() ) 
SQL: SELECT * FROM `sw_auth` WHERE ( auth_level=1 and auth_id in() )  [ RunTime:0.000000s ]
ERR: 1064:You have an error in your SQL syntax; check the manual that corresponds to your MySQL server version for the right syntax to use near ') )' at line 1
 [ SQL语句 ] : SELECT * FROM `sw_auth` WHERE ( auth_level=1 and auth_id in() ) 
INFO: [ view_parse ] --START--
INFO: Run Behavior\ParseTemplate [ RunTime:0.014001s ]
INFO: [ view_parse ] --END-- [ RunTime:0.014001s ]
INFO: [ view_filter ] --START--
INFO: Run Behavior\WriteHtmlCache [ RunTime:0.001000s ]
INFO: [ view_filter ] --END-- [ RunTime:0.001000s ]
INFO: [ app_end ] --START--
INFO: Run Behavior\ShowPageTrace [ RunTime:0.001000s ]
INFO: [ app_end ] --END-- [ RunTime:0.001000s ]

[ 2017-01-02T11:22:10+08:00 ] ::1 /0610/shop/index.php/Admin/Index/right
INFO: [ app_begin ] --START--
INFO: Run Behavior\ReadHtmlCache [ RunTime:0.001000s ]
INFO: [ app_begin ] --END-- [ RunTime:0.002001s ]
INFO: [ view_parse ] --START--
INFO: Run Behavior\ParseTemplate [ RunTime:0.014000s ]
INFO: [ view_parse ] --END-- [ RunTime:0.014000s ]
INFO: [ view_filter ] --START--
INFO: Run Behavior\WriteHtmlCache [ RunTime:0.000000s ]
INFO: [ view_filter ] --END-- [ RunTime:0.000000s ]
INFO: [ app_end ] --START--
INFO: Run Behavior\ShowPageTrace [ RunTime:0.000000s ]
INFO: [ app_end ] --END-- [ RunTime:0.000000s ]

[ 2017-01-02T18:56:30+08:00 ] ::1 /0610/shop/index.php/Admin/index/showlist
INFO: [ app_begin ] --START--
INFO: Run Behavior\ReadHtmlCache [ RunTime:0.012001s ]
INFO: [ app_begin ] --END-- [ RunTime:0.013001s ]
ERR: 非法操作:showlist

[ 2017-01-02T18:56:45+08:00 ] ::1 /0610/shop/index.php/Admin/Goods/showlist
INFO: [ app_begin ] --START--
INFO: Run Behavior\ReadHtmlCache [ RunTime:0.001000s ]
INFO: [ app_begin ] --END-- [ RunTime:0.002000s ]
NOTIC: [8192] mysql_connect(): The mysql extension is deprecated and will be removed in the future: use mysqli or PDO instead D:\SERVER\AppServ\www\0610\ThinkPHP\Library\Think\Db\Driver\Mysql.class.php 第 52 行.
SQL: SHOW COLUMNS FROM `sw_goods` [ RunTime:0.175010s ]
SQL: SELECT * FROM `sw_goods`  [ RunTime:0.070004s ]
INFO: [ view_parse ] --START--
NOTIC: [8] Undefined index: pagelist D:\SERVER\AppServ\www\0610\shop\Runtime\Cache\3f46dc1d74985643bd933e23fa5e6a8781260b5c.file.showlist.html.php 第 113 行.
NOTIC: [8] Trying to get property of non-object D:\SERVER\AppServ\www\0610\shop\Runtime\Cache\3f46dc1d74985643bd933e23fa5e6a8781260b5c.file.showlist.html.php 第 113 行.
INFO: Run Behavior\ParseTemplate [ RunTime:0.258015s ]
INFO: [ view_parse ] --END-- [ RunTime:0.258015s ]
INFO: [ view_filter ] --START--
INFO: Run Behavior\WriteHtmlCache [ RunTime:0.037002s ]
INFO: [ view_filter ] --END-- [ RunTime:0.037002s ]
INFO: [ app_end ] --START--
INFO: Run Behavior\ShowPageTrace [ RunTime:0.027001s ]
INFO: [ app_end ] --END-- [ RunTime:0.027001s ]

