[ 2017-03-07T20:53:41+08:00 ] ::1 /0610/shop/index.php/Admin/Goods/category
ERR: 非法操作:category

[ 2017-03-07T20:55:49+08:00 ] ::1 /0610/shop/index.php/Admin/Goods/category
ERR: 非法操作:category

[ 2017-03-07T20:57:50+08:00 ] ::1 /0610/shop/index.php/Admin/Goods/category
ERR: 非法操作:category

[ 2017-03-07T20:58:00+08:00 ] ::1 /0610/shop/index.php/Admin/Goods/category
ERR: 非法操作:category

[ 2017-03-07T20:58:48+08:00 ] ::1 /0610/shop/index.php/Admin/Goods/category
ERR: 非法操作:category

[ 2017-03-07T21:00:07+08:00 ] ::1 /0610/shop/index.php/Admin/Goods/category
ERR: 非法操作:category

[ 2017-03-07T21:06:26+08:00 ] ::1 /0610/shop/index.php/Admin/Order/showlist
ERR: 无法加载控制器:Order

[ 2017-03-07T21:06:27+08:00 ] ::1 /0610/shop/index.php/Admin/Order/look
ERR: 无法加载控制器:Order

[ 2017-03-07T21:06:28+08:00 ] ::1 /0610/shop/index.php/Admin/Order/showlist
ERR: 无法加载控制器:Order

[ 2017-03-07T21:06:53+08:00 ] ::1 /0610/shop/index.php/Admin/Order/look
ERR: 无法加载控制器:Order

[ 2017-03-07T21:06:54+08:00 ] ::1 /0610/shop/index.php/Admin/Order/dayin
ERR: 无法加载控制器:Order

[ 2017-03-07T21:06:55+08:00 ] ::1 /0610/shop/index.php/Admin/Order/showlist
ERR: 无法加载控制器:Order

[ 2017-03-07T21:06:58+08:00 ] ::1 /0610/shop/index.php/Admin/Manager/showlist
ERR: 非法操作:showlist

[ 2017-03-07T21:07:00+08:00 ] ::1 /0610/shop/index.php/Admin/Manager/showlist
ERR: 非法操作:showlist

[ 2017-03-07T21:07:03+08:00 ] ::1 /0610/shop/index.php/Admin/Manager/showlist
ERR: 非法操作:showlist

[ 2017-03-07T21:07:06+08:00 ] ::1 /0610/shop/index.php/Admin/Manager/showlist
ERR: 非法操作:showlist

[ 2017-03-07T21:08:08+08:00 ] ::1 /0610/shop/index.php/Admin/Manager/showlist
ERR: 非法操作:showlist

[ 2017-03-07T21:08:16+08:00 ] ::1 /0610/shop/index.php/Admin/Manager/showlist
ERR: 非法操作:showlist

[ 2017-03-07T21:09:58+08:00 ] ::1 /0610/shop/index.php/Admin/Manager/showlist
ERR: 非法操作:showlist

[ 2017-03-07T21:10:02+08:00 ] ::1 /0610/shop/index.php/Admin/Manager/showlist
ERR: 非法操作:showlist

[ 2017-03-07T21:10:03+08:00 ] ::1 /0610/shop/index.php/Admin/Manager/showlist
ERR: 非法操作:showlist

[ 2017-03-07T21:10:05+08:00 ] ::1 /0610/shop/index.php/Admin/Manager/showlist
ERR: 非法操作:showlist

[ 2017-03-07T21:10:21+08:00 ] ::1 /0610/shop/index.php/Admin/Manager/showlist
ERR: 非法操作:showlist

[ 2017-03-07T21:12:21+08:00 ] ::1 /0610/shop/index.php/Admin/Manager/showlist
ERR: 非法操作:showlist

[ 2017-03-07T21:12:22+08:00 ] ::1 /0610/shop/index.php/Admin/Manager/showlist
ERR: 非法操作:showlist

[ 2017-03-07T21:12:35+08:00 ] ::1 /0610/shop/index.php/Admin/Order/look
ERR: 无法加载控制器:Order

[ 2017-03-07T21:12:36+08:00 ] ::1 /0610/shop/index.php/Admin/Order/dayin
ERR: 无法加载控制器:Order

[ 2017-03-07T21:13:23+08:00 ] ::1 /0610/shop/index.php/Admin/Manager/showlist
ERR: 非法操作:showlist

