[ 2017-03-13T20:29:41+08:00 ] ::1 /0610/shop/index.php/Admin/User/showlist
ERR: 无法加载控制器:User

[ 2017-03-13T20:29:43+08:00 ] ::1 /0610/shop/index.php/Admin/Manager/showlist
ERR: 非法操作:showlist

[ 2017-03-13T20:29:48+08:00 ] ::1 /0610/shop/index.php/Admin/Order/showlist
ERR: 无法加载控制器:Order

[ 2017-03-13T20:29:49+08:00 ] ::1 /0610/shop/index.php/Admin/Order/look
ERR: 无法加载控制器:Order

[ 2017-03-13T20:29:50+08:00 ] ::1 /0610/shop/index.php/Admin/Order/dayin
ERR: 无法加载控制器:Order

[ 2017-03-13T20:30:10+08:00 ] ::1 /0610/shop/index.php/Admin/Manager/showlist
ERR: 非法操作:showlist

[ 2017-03-13T20:30:15+08:00 ] ::1 /0610/shop/index.php/Admin/Order/look
ERR: 无法加载控制器:Order

[ 2017-03-13T20:30:16+08:00 ] ::1 /0610/shop/index.php/Admin/Order/showlist
ERR: 无法加载控制器:Order

[ 2017-03-13T20:30:27+08:00 ] ::1 /0610/shop/index.php/Admin/Manager/showlist
ERR: 非法操作:showlist

[ 2017-03-13T20:30:30+08:00 ] ::1 /0610/shop/index.php/Admin/Manager/showlist
ERR: 非法操作:showlist

[ 2017-03-13T20:30:45+08:00 ] ::1 /0610/shop/index.php/Admin/User/showlist
ERR: 无法加载控制器:User

[ 2017-03-13T20:32:06+08:00 ] ::1 /0610/shop/index.php/Admin/Order/showlist
ERR: 无法加载控制器:Order

[ 2017-03-13T20:32:07+08:00 ] ::1 /0610/shop/index.php/Admin/Order/look
ERR: 无法加载控制器:Order

[ 2017-03-13T20:32:08+08:00 ] ::1 /0610/shop/index.php/Admin/Order/dayin
ERR: 无法加载控制器:Order

[ 2017-03-13T20:32:11+08:00 ] ::1 /0610/shop/index.php/Admin/Order/showlist
ERR: 无法加载控制器:Order

[ 2017-03-13T20:32:22+08:00 ] ::1 /0610/shop/index.php/Admin/Order/showlist
ERR: 无法加载控制器:Order

[ 2017-03-13T20:32:23+08:00 ] ::1 /0610/shop/index.php/Admin/Order/look
ERR: 无法加载控制器:Order

[ 2017-03-13T20:32:24+08:00 ] ::1 /0610/shop/index.php/Admin/Order/dayin
ERR: 无法加载控制器:Order

[ 2017-03-13T20:32:25+08:00 ] ::1 /0610/shop/index.php/Admin/Manager/showlist
ERR: 非法操作:showlist

[ 2017-03-13T20:32:27+08:00 ] ::1 /0610/shop/index.php/Admin/Manager/showlist
ERR: 非法操作:showlist

[ 2017-03-13T20:34:22+08:00 ] ::1 /0610/shop/index.php/Admin/User/showlist
ERR: 无法加载控制器:User

[ 2017-03-13T20:35:58+08:00 ] ::1 /0610/shop/index.php/Admin/Manager/showlist
ERR: 非法操作:showlist

[ 2017-03-13T20:36:37+08:00 ] ::1 /0610/shop/index.php/Admin/Manager/showlist
ERR: 非法操作:showlist

[ 2017-03-13T20:37:12+08:00 ] ::1 /0610/shop/index.php/Admin/Manager/showlist
ERR: 非法操作:showlist

[ 2017-03-13T20:37:38+08:00 ] ::1 /0610/shop/index.php/Admin/Manager/showlist
ERR: 非法操作:showlist

[ 2017-03-13T20:37:58+08:00 ] ::1 /0610/shop/index.php/Admin/Manager/showlist
ERR: 非法操作:showlist

[ 2017-03-13T20:38:00+08:00 ] ::1 /0610/shop/index.php/Admin/Manager/showlist
ERR: 非法操作:showlist

[ 2017-03-13T20:41:29+08:00 ] ::1 /0610/shop/index.php/Admin/Manager/showlist
ERR: 非法操作:showlist

[ 2017-03-13T20:41:33+08:00 ] ::1 /0610/shop/index.php/Admin/Manager/showlist
ERR: 非法操作:showlist

[ 2017-03-13T20:42:42+08:00 ] ::1 /0610/shop/index.php/Admin/Manager/showlist
ERR: 非法操作:showlist

[ 2017-03-13T20:44:32+08:00 ] ::1 /0610/shop/index.php/Admin/Manager/showlist
ERR: 非法操作:showlist

[ 2017-03-13T20:44:35+08:00 ] ::1 /0610/shop/index.php/Admin/Manager/showlist
ERR: 非法操作:showlist

[ 2017-03-13T20:53:53+08:00 ] ::1 /0610/shop/index.php/Admin/Manager/showlist
ERR: 非法操作:showlist

[ 2017-03-13T20:53:56+08:00 ] ::1 /0610/shop/index.php/Admin/Manager/showlist
ERR: 非法操作:showlist

[ 2017-03-13T20:54:48+08:00 ] ::1 /0610/shop/index.php/Admin/Manager/showlist
ERR: 非法操作:showlist

[ 2017-03-13T20:54:51+08:00 ] ::1 /0610/shop/index.php/Admin/Manager/showlist
ERR: 非法操作:showlist

[ 2017-03-13T20:54:58+08:00 ] ::1 /0610/shop/index.php/Admin/Manager/showlist
ERR: 非法操作:showlist

[ 2017-03-13T20:55:47+08:00 ] ::1 /0610/shop/index.php/Admin/Manager/showlist
ERR: 非法操作:showlist

[ 2017-03-13T20:55:49+08:00 ] ::1 /0610/shop/index.php/Admin/Manager/showlist
ERR: 非法操作:showlist

[ 2017-03-13T20:59:39+08:00 ] ::1 /0610/shop/index.php/Admin/Manager/showlist
ERR: 非法操作:showlist

[ 2017-03-13T20:59:58+08:00 ] ::1 /0610/shop/index.php/Admin/Manager/showlist
ERR: 非法操作:showlist

[ 2017-03-13T21:00:00+08:00 ] ::1 /0610/shop/index.php/Admin/Order/showlist
ERR: 无法加载控制器:Order

[ 2017-03-13T21:00:01+08:00 ] ::1 /0610/shop/index.php/Admin/Order/look
ERR: 无法加载控制器:Order

[ 2017-03-13T21:00:03+08:00 ] ::1 /0610/shop/index.php/Admin/Manager/showlist
ERR: 非法操作:showlist

[ 2017-03-13T21:01:04+08:00 ] ::1 /0610/shop/index.php/Admin/Manager/showlist
ERR: 非法操作:showlist

[ 2017-03-13T21:04:12+08:00 ] ::1 /0610/shop/index.php/Admin/Manager/showlist
ERR: 非法操作:showlist

[ 2017-03-13T21:04:16+08:00 ] ::1 /0610/shop/index.php/Admin/Manager/showlist
ERR: 非法操作:showlist

[ 2017-03-13T21:06:08+08:00 ] ::1 /0610/shop/index.php/Admin/Manager/showlist
ERR: 非法操作:showlist

[ 2017-03-13T21:07:32+08:00 ] ::1 /0610/shop/index.php/Admin/Manager/showlist
ERR: 非法操作:showlist

[ 2017-03-13T21:07:43+08:00 ] ::1 /0610/shop/index.php/Admin/Manager/showlist
ERR: 非法操作:showlist

[ 2017-03-13T21:10:34+08:00 ] ::1 /0610/shop/index.php/Admin/Manager/showlist
ERR: 非法操作:showlist

[ 2017-03-13T21:13:20+08:00 ] ::1 /0610/shop/index.php/Admin/Manager/showlist
ERR: 非法操作:showlist

[ 2017-03-13T21:13:33+08:00 ] ::1 /0610/shop/index.php/Admin/Manager/showlist
ERR: 非法操作:showlist

[ 2017-03-13T21:14:17+08:00 ] ::1 /0610/shop/index.php/Admin/Manager/showlist
ERR: 非法操作:showlist

[ 2017-03-13T21:15:27+08:00 ] ::1 /0610/shop/index.php/Admin/Manager/showlist
ERR: 非法操作:showlist

[ 2017-03-13T21:15:29+08:00 ] ::1 /0610/shop/index.php/Admin/Manager/showlist
ERR: 非法操作:showlist

[ 2017-03-13T21:16:01+08:00 ] ::1 /0610/shop/index.php/Admin/Manager/showlist
ERR: 非法操作:showlist

[ 2017-03-13T21:16:05+08:00 ] ::1 /0610/shop/index.php/Admin/Manager/showlist
ERR: 非法操作:showlist

[ 2017-03-13T21:17:23+08:00 ] ::1 /0610/shop/index.php/Admin/Manager/showlist
ERR: 非法操作:showlist

[ 2017-03-13T21:17:59+08:00 ] ::1 /0610/shop/index.php/Admin/Manager/showlist
ERR: 非法操作:showlist

[ 2017-03-13T21:19:28+08:00 ] ::1 /0610/shop/index.php/Admin/Manager/showlist
ERR: 非法操作:showlist

[ 2017-03-13T21:19:31+08:00 ] ::1 /0610/shop/index.php/Admin/Manager/showlist
ERR: 非法操作:showlist

[ 2017-03-13T21:23:36+08:00 ] ::1 /0610/shop/index.php/Admin/Manager/distribute/role_id/
ERR: 非法操作:distribute

[ 2017-03-13T21:23:58+08:00 ] ::1 /0610/shop/index.php/Admin/Order/dayin
ERR: 无法加载控制器:Order

[ 2017-03-13T21:23:58+08:00 ] ::1 /0610/shop/index.php/Admin/Order/look
ERR: 无法加载控制器:Order

[ 2017-03-13T21:23:59+08:00 ] ::1 /0610/shop/index.php/Admin/Order/showlist
ERR: 无法加载控制器:Order

[ 2017-03-13T21:37:49+08:00 ] ::1 /0610/shop/index.php/Admin/Manager/tianjia
ERR: 非法操作:tianjia

[ 2017-03-13T22:06:44+08:00 ] ::1 /0610/shop/index.php/Admin/Order/dayin
ERR: 无法加载控制器:Order

[ 2017-03-13T22:07:09+08:00 ] ::1 /0610/shop/index.php/Admin/Role/distribute/role_id/10
ERR: Syntax Error in template "D:/SERVER/AppServ/www/0610/shop/Admin/View\Role\distribute.html"  on line 36 "{/if}" unknown tag "ifclose"

[ 2017-03-13T22:07:30+08:00 ] ::1 /0610/shop/index.php/Admin/Manager/distribute/role_id/
ERR: 非法操作:distribute

[ 2017-03-13T22:20:16+08:00 ] ::1 /0610/shop/index.php/Admin/Role/distribute/role_id/10
ERR: Syntax Error in template "D:/SERVER/AppServ/www/0610/shop/Admin/View\Role\distribute.html"  on line 25 "td {border:1px solid gray; }"  - Unexpected ":", expected one of: "}" , " "

[ 2017-03-13T22:52:58+08:00 ] ::1 /0610/shop/index.php/Admin/Order/dayin
ERR: 无法加载控制器:Order

[ 2017-03-13T22:53:04+08:00 ] ::1 /0610/shop/index.php/Admin/Order/showlist
ERR: 无法加载控制器:Order

[ 2017-03-13T23:02:12+08:00 ] ::1 /0610/shop/index.php/Admin/User/showlist
ERR: 无法加载控制器:User

[ 2017-03-13T23:02:15+08:00 ] ::1 /0610/shop/index.php/Admin/Order/dayin
ERR: 无法加载控制器:Order

[ 2017-03-13T23:02:16+08:00 ] ::1 /0610/shop/index.php/Admin/Order/look
ERR: 无法加载控制器:Order

[ 2017-03-13T23:02:16+08:00 ] ::1 /0610/shop/index.php/Admin/Order/showlist
ERR: 无法加载控制器:Order

[ 2017-03-13T23:02:17+08:00 ] ::1 /0610/shop/index.php/Admin/Order/showlist
ERR: 无法加载控制器:Order

