[ 2016-12-11T09:44:01+08:00 ] ::1 /0610/shop/index.php
INFO: [ app_init ] --START--
INFO: Run Behavior\BuildLiteBehavior [ RunTime:0.000000s ]
INFO: [ app_init ] --END-- [ RunTime:0.027002s ]
INFO: [ app_begin ] --START--
INFO: Run Behavior\ReadHtmlCacheBehavior [ RunTime:0.012001s ]
INFO: [ app_begin ] --END-- [ RunTime:0.012001s ]
INFO: [ view_parse ] --START--
INFO: [ template_filter ] --START--
INFO: Run Behavior\ContentReplaceBehavior [ RunTime:0.041002s ]
INFO: [ template_filter ] --END-- [ RunTime:0.041002s ]
INFO: Run Behavior\ParseTemplateBehavior [ RunTime:0.093005s ]
INFO: [ view_parse ] --END-- [ RunTime:0.093005s ]
INFO: [ view_filter ] --START--
INFO: Run Behavior\WriteHtmlCacheBehavior [ RunTime:0.003000s ]
INFO: [ view_filter ] --END-- [ RunTime:0.003000s ]
INFO: [ app_end ] --START--
INFO: Run Behavior\ShowPageTraceBehavior [ RunTime:0.005001s ]
INFO: [ app_end ] --END-- [ RunTime:0.005001s ]

[ 2016-12-11T15:49:18+08:00 ] ::1 /0610/shop/index.php/index/index
ERR: Syntax Error in template "D:/SERVER/AppServ/www/0610/shop/Home/View\Index\index.html"  on line 406 ".boxCenterList form{display:inline;}"  - Unexpected ":", expected one of: "}" , " "

[ 2016-12-11T15:55:06+08:00 ] ::1 /0610/shop/index.php/index/%3C?%20php%20echo%20CSS_URL%20?%3E
ERR: 非法操作:

